OPT1: 3; OPT2: 3; 
Parameter orbit period OF mean OF apollo8cm: +3.64307227890746e  +0 hours 
System:((Sun  ,Earth,Moon ,Ap8CM),Apollo 8,-3.23537e7,)
Initial position:
  S:("Sun  ","☉",( 1.9891e30,( 0.00000e0, 0.00000e0),( 0.00000e0, 0.00000e0)))
  E:("Earth","⊕",( 9.7220e23,( 1.4960e11, 0.00000e0),( 0.00000e0, 2.97866e4)))
  M:("Moon ","☾",( 1.00000e4,( 1.4981e11, 0.00000e0),( 0.00000e0, 3.03435e4)))
  8:("Ap8CM","8",( 5.80900e3,( 1.4961e11, 0.00000e0),( 0.00000e0, 3.29307e4)))
Parameter: step size = .0333; hours
Parameter: report period =  1.00000e0; days
Parameter: mission stop time =  2.73217e1; days
IVP Order-2: solar system:
  t interval: [ 0.00000e0 …  2.36059e6]
  y₀ = ( 0.00000e0, 0.00000e0, 1.4960e11, 0.00000e0, 1.4981e11, 0.00000e0, 1.4961e11, 0.00000e0)
  dy₀/dt = ( 0.00000e0, 0.00000e0, 0.00000e0, 2.97866e4, 0.00000e0, 3.03435e4, 0.00000e0, 3.29307e4)
  d²y₀/dt² = ( 2.8987e-9, 0.00000e0,-5.9307e-3, 0.00000e0,-7.3963e-3, 0.00000e0,-1.51221e0, 0.00000e0)


Reference point: Earth
Initial momentum:( 0.00000e0, 2.8959e28), Initial energy: 4.3129e32
IVP order-1: runga kutta 4th order
  t interval: [ 0.00000e0 …  2.36059e6]
  y₀ = ( 0.00000e0, 0.00000e0, 1.4960e11, 0.00000e0, 1.4981e11, 0.00000e0, 1.4961e11, 0.00000e0, 0.00000e0, 0.00000e0, 0.00000e0, 2.97866e4, 0.00000e0, 3.03435e4, 0.00000e0, 3.29307e4)
  dy₀/dt = ( 0.00000e0, 0.00000e0, 0.00000e0, 2.97866e4, 0.00000e0, 3.03435e4, 0.00000e0, 3.29307e4, 2.8987e-9, 0.00000e0,-5.9307e-3, 0.00000e0,-7.3963e-3, 0.00000e0,-1.51221e0, 0.00000e0)


Time:    0.00days, Distance to sun:149601.5Mm, Energy:    0.00YJ, Momentum( 0.00000e0, 0.00000e0)Pgm/s
Sun  loc:(-1.49601e5, 0.00000e0)Mm;  rv:( 0.00000e0, 0.00000e0)kph; av:( 0.00000e0,-3.86034e5)kph;  os: 0.00000e0kph; or: 0.00000e0Mm; 
Earthloc:( 0.00000e0, 0.00000e0)Mm;  rv:( 0.00000e0, 1.07232e5)kph; av:( 0.00000e0, 0.00000e0)kph;  os: 1.07232e5kph; or: 1.49601e5Mm; 
Moon loc:( 2.09212e2, 0.00000e0)Mm;  rv:( 0.00000e0, 2.00469e3)kph; av:( 0.00000e0, 7.21689e3)kph;  os: 2.00469e3kph; or: 2.09212e2Mm; 
Ap8CMloc:( 6.56275e0, 0.00000e0)Mm;  rv:( 0.00000e0, 1.13187e4)kph; av:( 0.00000e0, 4.07475e4)kph;  os: 1.13187e4kph; or: 6.56275e0Mm; 
Time:    1.01days, Distance to sun:149601.5Mm, Energy:  712.92YJ, Momentum(-4.1233e-1, 4.39805e0)Pgm/s
Sun  loc:(-1.49579e5,-2.58768e3)Mm;  rv:( 0.00000e0, 0.00000e0)kph; av:( 6.67730e3,-3.85977e5)kph;  os: 0.00000e0kph; or: 0.00000e0Mm; 
Earthloc:( 0.00000e0, 0.00000e0)Mm;  rv:(-1.85480e3, 1.07216e5)kph; av:( 0.00000e0, 0.00000e0)kph;  os: 1.07232e5kph; or: 1.49601e5Mm; 
Moon loc:( 2.03677e2, 4.81381e1)Mm;  rv:(-4.58312e2, 1.96664e3)kph; av:(-1.64992e3, 7.07989e3)kph;  os: 2.01933e3kph; or: 2.09289e2Mm; 
Ap8CMloc:(-1.41956e2, 1.16727e2)Mm;  rv:(-5.19608e3, 3.79268e3)kph; av:(-1.87059e4, 1.36536e4)kph;  os: 6.43301e3kph; or: 1.83784e2Mm; 
Time:    2.01days, Distance to sun:149601.5Mm, Energy: 1421.48YJ, Momentum(-1.09954e0, 2.19902e1)Pgm/s
Sun  loc:(-1.49512e5,-5.16030e3)Mm;  rv:( 0.00000e0, 0.00000e0)kph; av:( 1.33157e4,-3.85805e5)kph;  os: 0.00000e0kph; or: 0.00000e0Mm; 
Earthloc:( 0.00000e0, 0.00000e0)Mm;  rv:(-3.69881e3, 1.07168e5)kph; av:( 0.00000e0, 0.00000e0)kph;  os: 1.07232e5kph; or: 1.49601e5Mm; 
Moon loc:( 1.87334e2, 9.38010e1)Mm;  rv:(-8.98946e2, 1.82094e3)kph; av:(-3.23621e3, 6.55537e3)kph;  os: 2.03074e3kph; or: 2.09506e2Mm; 
Ap8CMloc:(-2.62800e2, 2.04735e2)Mm;  rv:(-4.92886e3, 3.58321e3)kph; av:(-1.77439e4, 1.28995e4)kph;  os: 6.09369e3kph; or: 3.33136e2Mm; 
Time:    3.01days, Distance to sun:149601.5Mm, Energy: 2129.20YJ, Momentum(-2.74881e0, 2.19902e1)Pgm/s
Sun  loc:(-1.49402e5,-7.73139e3)Mm;  rv:( 0.00000e0, 0.00000e0)kph; av:( 1.99502e4,-3.85520e5)kph;  os: 0.00000e0kph; or: 0.00000e0Mm; 
Earthloc:( 0.00000e0, 0.00000e0)Mm;  rv:(-5.54173e3, 1.07089e5)kph; av:( 0.00000e0, 0.00000e0)kph;  os: 1.07232e5kph; or: 1.49601e5Mm; 
Moon loc:( 1.60859e2, 1.34714e2)Mm;  rv:(-1.29846e3, 1.57215e3)kph; av:(-4.67444e3, 5.65975e3)kph;  os: 2.03903e3kph; or: 2.09818e2Mm; 
Ap8CMloc:(-3.79776e2, 2.89642e2)Mm;  rv:(-4.83235e3, 3.50179e3)kph; av:(-1.73965e4, 1.26064e4)kph;  os: 5.96776e3kph; or: 4.77622e2Mm; 
Time:    4.01days, Distance to sun:149601.5Mm, Energy: 2835.67YJ, Momentum(-3.57346e0, 8.79609e0)Pgm/s
Sun  loc:(-1.49246e5,-1.03002e4)Mm;  rv:( 0.00000e0, 0.00000e0)kph; av:( 2.65788e4,-3.85120e5)kph;  os: 0.00000e0kph; or: 0.00000e0Mm; 
Earthloc:( 0.00000e0, 0.00000e0)Mm;  rv:(-7.38301e3, 1.06978e5)kph; av:( 0.00000e0, 0.00000e0)kph;  os: 1.07232e5kph; or: 1.49601e5Mm; 
Moon loc:( 1.25538e2, 1.68528e2)Mm;  rv:(-1.63213e3, 1.23173e3)kph; av:(-5.87568e3, 4.43423e3)kph;  os: 2.04475e3kph; or: 2.10147e2Mm; 
Ap8CMloc:(-4.95139e2, 3.73085e2)Mm;  rv:(-4.78663e3, 3.45538e3)kph; av:(-1.72319e4, 1.24394e4)kph;  os: 5.90351e3kph; or: 6.19964e2Mm; 
Time:    5.01days, Distance to sun:149601.5Mm, Energy: 3540.46YJ, Momentum(-6.04737e0, 1.75922e1)Pgm/s
Sun  loc:(-1.49047e5,-1.28660e4)Mm;  rv:( 0.00000e0, 0.00000e0)kph; av:( 3.31996e4,-3.84606e5)kph;  os: 0.00000e0kph; or: 0.00000e0Mm; 
Earthloc:( 0.00000e0, 0.00000e0)Mm;  rv:(-9.22210e3, 1.06835e5)kph; av:( 0.00000e0, 0.00000e0)kph;  os: 1.07232e5kph; or: 1.49601e5Mm; 
Moon loc:( 8.32183e1, 1.93245e2)Mm;  rv:(-1.87858e3, 8.17563e2)kph; av:(-6.76291e3, 2.94323e3)kph;  os: 2.04878e3kph; or: 2.10402e2Mm; 
Ap8CMloc:(-6.09711e2, 4.55605e2)Mm;  rv:(-4.76406e3, 3.42295e3)kph; av:(-1.71506e4, 1.23226e4)kph;  os: 5.86624e3kph; or: 7.61133e2Mm; 
Time:    6.01days, Distance to sun:149601.5Mm, Energy: 4243.15YJ, Momentum(-3.29860e0, 4.39805e1)Pgm/s
Sun  loc:(-1.48804e5,-1.54279e4)Mm;  rv:( 0.00000e0, 0.00000e0)kph; av:( 3.98105e4,-3.83978e5)kph;  os: 0.00000e0kph; or: 0.00000e0Mm; 
Earthloc:( 0.00000e0, 0.00000e0)Mm;  rv:(-1.10585e4, 1.06661e5)kph; av:( 0.00000e0, 0.00000e0)kph;  os: 1.07232e5kph; or: 1.49601e5Mm; 
Moon loc:( 3.61993e1, 2.07366e2)Mm;  rv:(-2.02147e3, 3.52813e2)kph; av:(-7.27729e3, 1.27013e3)kph;  os: 2.05203e3kph; or: 2.10501e2Mm; 
Ap8CMloc:(-7.23912e2, 5.37434e2)Mm;  rv:(-4.75459e3, 3.39695e3)kph; av:(-1.71165e4, 1.22290e4)kph;  os: 5.84341e3kph; or: 9.01601e2Mm; 
Time:    7.01days, Distance to sun:149601.5Mm, Energy: 4943.34YJ, Momentum(-4.94787e0, 5.27766e1)Pgm/s
Sun  loc:(-1.48516e5,-1.79853e4)Mm;  rv:( 0.00000e0, 0.00000e0)kph; av:( 4.64096e4,-3.83237e5)kph;  os: 0.00000e0kph; or: 0.00000e0Mm; 
Earthloc:( 0.00000e0, 0.00000e0)Mm;  rv:(-1.28916e4, 1.06455e5)kph; av:( 0.00000e0, 0.00000e0)kph;  os: 1.07232e5kph; or: 1.49601e5Mm; 
Moon loc:(-1.28986e1, 2.09991e2)Mm;  rv:(-2.05070e3,-1.35632e2)kph; av:(-7.38252e3,-4.88276e2)kph;  os: 2.05518e3kph; or: 2.10387e2Mm; 
Ap8CMloc:(-8.37995e2, 6.18679e2)Mm;  rv:(-4.75364e3, 3.37393e3)kph; av:(-1.71131e4, 1.21461e4)kph;  os: 5.82928e3kph; or: 1.04163e3Mm; 
Time:    8.01days, Distance to sun:149601.5Mm, Energy: 5640.59YJ, Momentum(-4.94788e0, 4.39805e1)Pgm/s
Sun  loc:(-1.48185e5,-2.05374e4)Mm;  rv:( 0.00000e0, 0.00000e0)kph; av:( 5.29951e4,-3.82382e5)kph;  os: 0.00000e0kph; or: 0.00000e0Mm; 
Earthloc:( 0.00000e0, 0.00000e0)Mm;  rv:(-1.47208e4, 1.06217e5)kph; av:( 0.00000e0, 0.00000e0)kph;  os: 1.07232e5kph; or: 1.49601e5Mm; 
Moon loc:(-6.12966e1, 2.00898e2)Mm;  rv:(-1.96322e3,-6.18881e2)kph; av:(-7.06758e3,-2.22797e3)kph;  os: 2.05845e3kph; or: 2.10041e2Mm; 
Ap8CMloc:(-9.52130e2, 6.99388e2)Mm;  rv:(-4.75873e3, 3.35206e3)kph; av:(-1.71314e4, 1.20674e4)kph;  os: 5.82081e3kph; or: 1.18140e3Mm; 
Time:    9.01days, Distance to sun:149601.5Mm, Energy: 6334.50YJ, Momentum(-3.84838e0, 5.27766e1)Pgm/s
Sun  loc:(-1.47810e5,-2.30834e4)Mm;  rv:( 0.00000e0, 0.00000e0)kph; av:( 5.95648e4,-3.81414e5)kph;  os: 0.00000e0kph; or: 0.00000e0Mm; 
Earthloc:( 0.00000e0, 0.00000e0)Mm;  rv:(-1.65458e4, 1.05948e5)kph; av:( 0.00000e0, 0.00000e0)kph;  os: 1.07233e5kph; or: 1.49601e5Mm; 
Moon loc:(-1.06231e2, 1.80562e2)Mm;  rv:(-1.76336e3,-1.06786e3)kph; av:(-6.34808e3,-3.84428e3)kph;  os: 2.06149e3kph; or: 2.09493e2Mm; 
Ap8CMloc:(-1.06645e3, 7.79575e2)Mm;  rv:(-4.76838e3, 3.33026e3)kph; av:(-1.71662e4, 1.19890e4)kph;  os: 5.81620e3kph; or: 1.32100e3Mm; 
Time:   10.01days, Distance to sun:149601.5Mm, Energy: 7024.66YJ, Momentum(-1.09952e1, 4.39805e1)Pgm/s
Sun  loc:(-1.47391e5,-2.56226e4)Mm;  rv:( 0.00000e0, 0.00000e0)kph; av:( 6.61169e4,-3.80333e5)kph;  os: 0.00000e0kph; or: 0.00000e0Mm; 
Earthloc:( 0.00000e0, 0.00000e0)Mm;  rv:(-1.83658e4, 1.05648e5)kph; av:( 0.00000e0, 0.00000e0)kph;  os: 1.07233e5kph; or: 1.49601e5Mm; 
Moon loc:(-1.45130e2, 1.50137e2)Mm;  rv:(-1.46286e3,-1.45523e3)kph; av:(-5.26630e3,-5.23883e3)kph;  os: 2.06341e3kph; or: 2.08815e2Mm; 
Ap8CMloc:(-1.18104e3, 8.59232e2)Mm;  rv:(-4.78165e3, 3.30785e3)kph; av:(-1.72139e4, 1.19083e4)kph;  os: 5.81430e3kph; or: 1.46052e3Mm; 
Time:   11.01days, Distance to sun:149601.5Mm, Energy: 7710.63YJ, Momentum(-1.09952e1, 4.39805e1)Pgm/s
Sun  loc:(-1.46928e5,-2.81541e4)Mm;  rv:( 0.00000e0, 0.00000e0)kph; av:( 7.26495e4,-3.79140e5)kph;  os: 0.00000e0kph; or: 0.00000e0Mm; 
Earthloc:( 0.00000e0, 0.00000e0)Mm;  rv:(-2.01804e4, 1.05317e5)kph; av:( 0.00000e0, 0.00000e0)kph;  os: 1.07233e5kph; or: 1.49601e5Mm; 
Moon loc:(-1.75790e2, 1.11395e2)Mm;  rv:(-1.08038e3,-1.75748e3)kph; av:(-3.88936e3,-6.32693e3)kph;  os: 2.06300e3kph; or: 2.08113e2Mm; 
Ap8CMloc:(-1.29598e3, 9.38340e2)Mm;  rv:(-4.79783e3, 3.28435e3)kph; av:(-1.72722e4, 1.18237e4)kph;  os: 5.81431e3kph; or: 1.60002e3Mm; 
Time:   12.01days, Distance to sun:149601.5Mm, Energy: 8392.02YJ, Momentum(-1.31942e1, 2.63883e1)Pgm/s
Sun  loc:(-1.46422e5,-3.06774e4)Mm;  rv:( 0.00000e0, 0.00000e0)kph; av:( 7.91605e4,-3.77835e5)kph;  os: 0.00000e0kph; or: 0.00000e0Mm; 
Earthloc:( 0.00000e0, 0.00000e0)Mm;  rv:(-2.19890e4, 1.04954e5)kph; av:( 0.00000e0, 0.00000e0)kph;  os: 1.07233e5kph; or: 1.49601e5Mm; 
Moon loc:(-1.96526e2, 6.66042e1)Mm;  rv:(-6.40284e2,-1.95694e3)kph; av:(-2.30502e3,-7.04497e3)kph;  os: 2.05902e3kph; or: 2.07506e2Mm; 
Ap8CMloc:(-1.41135e3, 1.01687e3)Mm;  rv:(-4.81642e3, 3.25942e3)kph; av:(-1.73391e4, 1.17339e4)kph;  os: 5.81565e3kph; or: 1.73952e3Mm; 
Time:   13.01days, Distance to sun:149601.5Mm, Energy: 9068.41YJ, Momentum(-1.64928e1, 5.27766e1)Pgm/s
Sun  loc:(-1.45873e5,-3.31916e4)Mm;  rv:( 0.00000e0, 0.00000e0)kph; av:( 8.56482e4,-3.76417e5)kph;  os: 0.00000e0kph; or: 0.00000e0Mm; 
Earthloc:( 0.00000e0, 0.00000e0)Mm;  rv:(-2.37912e4, 1.04560e5)kph; av:( 0.00000e0, 0.00000e0)kph;  os: 1.07233e5kph; or: 1.49601e5Mm; 
Moon loc:(-2.06288e2, 1.83697e1)Mm;  rv:(-1.70699e2,-2.04342e3)kph; av:(-6.14517e2,-7.35633e3)kph;  os: 2.05054e3kph; or: 2.07104e2Mm; 
Ap8CMloc:(-1.52718e3, 1.09478e3)Mm;  rv:(-4.83701e3, 3.23281e3)kph; av:(-1.74133e4, 1.16381e4)kph;  os: 5.81789e3kph; or: 1.87905e3Mm; 
Time:   14.01days, Distance to sun:149601.5Mm, Energy: 9739.40YJ, Momentum(-2.41894e1, 7.03687e1)Pgm/s
Sun  loc:(-1.45280e5,-3.56960e4)Mm;  rv:( 0.00000e0, 0.00000e0)kph; av:( 9.21105e4,-3.74889e5)kph;  os: 0.00000e0kph; or: 0.00000e0Mm; 
Earthloc:( 0.00000e0, 0.00000e0)Mm;  rv:(-2.55862e4, 1.04136e5)kph; av:( 0.00000e0, 0.00000e0)kph;  os: 1.07233e5kph; or: 1.49602e5Mm; 
Moon loc:(-2.04719e2,-3.05583e1)Mm;  rv:( 2.99121e2,-2.01512e3)kph; av:( 1.07683e3,-7.25444e3)kph;  os: 2.03720e3kph; or: 2.06987e2Mm; 
Ap8CMloc:(-1.64353e3, 1.17202e3)Mm;  rv:(-4.85926e3, 3.20433e3)kph; av:(-1.74933e4, 1.15356e4)kph;  os: 5.82067e3kph; or: 2.01862e3Mm; 
Time:   15.01days, Distance to sun:149601.5Mm, Energy:10404.57YJ, Momentum(-1.64928e1, 7.47668e1)Pgm/s
Sun  loc:(-1.44645e5,-3.81898e4)Mm;  rv:( 0.00000e0, 0.00000e0)kph; av:( 9.85455e4,-3.73249e5)kph;  os: 0.00000e0kph; or: 0.00000e0Mm; 
Earthloc:( 0.00000e0, 0.00000e0)Mm;  rv:(-2.73738e4, 1.03680e5)kph; av:( 0.00000e0, 0.00000e0)kph;  os: 1.07233e5kph; or: 1.49602e5Mm; 
Moon loc:(-1.92150e2,-7.74847e1)Mm;  rv:( 7.41583e2,-1.87828e3)kph; av:( 2.66970e3,-6.76180e3)kph;  os: 2.01938e3kph; or: 2.07185e2Mm; 
Ap8CMloc:(-1.76043e3, 1.24856e3)Mm;  rv:(-4.88286e3, 3.17383e3)kph; av:(-1.75783e4, 1.14258e4)kph;  os: 5.82370e3kph; or: 2.15825e3Mm; 
Time:   16.01days, Distance to sun:149601.5Mm, Energy:11063.51YJ, Momentum(-1.64928e1, 8.79609e1)Pgm/s
Sun  loc:(-1.43967e5,-4.06723e4)Mm;  rv:( 0.00000e0, 0.00000e0)kph; av:( 1.04951e5,-3.71499e5)kph;  os: 0.00000e0kph; or: 0.00000e0Mm; 
Earthloc:( 0.00000e0, 0.00000e0)Mm;  rv:(-2.91532e4, 1.03194e5)kph; av:( 0.00000e0, 0.00000e0)kph;  os: 1.07233e5kph; or: 1.49602e5Mm; 
Moon loc:(-1.69532e2,-1.19948e2)Mm;  rv:( 1.13312e3,-1.64581e3)kph; av:( 4.07924e3,-5.92490e3)kph;  os: 1.99816e3kph; or: 2.07674e2Mm; 
Ap8CMloc:(-1.87791e3, 1.32435e3)Mm;  rv:(-4.90755e3, 3.14120e3)kph; av:(-1.76672e4, 1.13083e4)kph;  os: 5.82676e3kph; or: 2.29792e3Mm; 
Time:   17.01days, Distance to sun:149601.5Mm, Energy:11715.82YJ, Momentum(-1.75923e1, 8.79609e1)Pgm/s
Sun  loc:(-1.43246e5,-4.31427e4)Mm;  rv:( 0.00000e0, 0.00000e0)kph; av:( 1.11326e5,-3.69639e5)kph;  os: 0.00000e0kph; or: 0.00000e0Mm; 
Earthloc:( 0.00000e0, 0.00000e0)Mm;  rv:(-3.09240e4, 1.02678e5)kph; av:( 0.00000e0, 0.00000e0)kph;  os: 1.07233e5kph; or: 1.49602e5Mm; 
Moon loc:(-1.38314e2,-1.55856e2)Mm;  rv:( 1.45565e3,-1.33518e3)kph; av:( 5.24033e3,-4.80664e3)kph;  os: 1.97525e3kph; or: 2.08380e2Mm; 
Ap8CMloc:(-1.99600e3, 1.39932e3)Mm;  rv:(-4.93308e3, 3.10633e3)kph; av:(-1.77591e4, 1.11828e4)kph;  os: 5.82963e3kph; or: 2.43764e3Mm; 
Time:   18.01days, Distance to sun:149601.5Mm, Energy:12361.11YJ, Momentum(-1.64928e1, 7.91648e1)Pgm/s
Sun  loc:(-1.42482e5,-4.56004e4)Mm;  rv:( 0.00000e0, 0.00000e0)kph; av:( 1.17668e5,-3.67670e5)kph;  os: 0.00000e0kph; or: 0.00000e0Mm; 
Earthloc:( 0.00000e0, 0.00000e0)Mm;  rv:(-3.26856e4, 1.02130e5)kph; av:( 0.00000e0, 0.00000e0)kph;  os: 1.07233e5kph; or: 1.49602e5Mm; 
Moon loc:(-1.00313e2,-1.83568e2)Mm;  rv:( 1.69692e3,-9.66167e2)kph; av:( 6.10893e3,-3.47820e3)kph;  os: 1.95270e3kph; or: 2.09189e2Mm; 
Ap8CMloc:(-2.11470e3, 1.47343e3)Mm;  rv:(-4.95922e3, 3.06917e3)kph; av:(-1.78532e4, 1.10490e4)kph;  os: 5.83213e3kph; or: 2.57739e3Mm; 
Time:   19.01days, Distance to sun:149601.6Mm, Energy:12998.96YJ, Momentum(-1.64928e1, 1.01155e2)Pgm/s
Sun  loc:(-1.41677e5,-4.80447e4)Mm;  rv:( 0.00000e0, 0.00000e0)kph; av:( 1.23975e5,-3.65592e5)kph;  os: 0.00000e0kph; or: 0.00000e0Mm; 
Earthloc:( 0.00000e0, 0.00000e0)Mm;  rv:(-3.44376e4, 1.01553e5)kph; av:( 0.00000e0, 0.00000e0)kph;  os: 1.07233e5kph; or: 1.49602e5Mm; 
Moon loc:(-5.75693e1,-2.01925e2)Mm;  rv:( 1.85005e3,-5.58973e2)kph; av:( 6.66020e3,-2.01230e3)kph;  os: 1.93265e3kph; or: 2.09972e2Mm; 
Ap8CMloc:(-2.23404e3, 1.54662e3)Mm;  rv:(-4.98576e3, 3.02965e3)kph; av:(-1.79488e4, 1.09067e4)kph;  os: 5.83409e3kph; or: 2.71716e3Mm; 
Time:   20.01days, Distance to sun:149601.6Mm, Energy:13628.98YJ, Momentum(-1.97914e1, 1.18747e2)Pgm/s
Sun  loc:(-1.40829e5,-5.04747e4)Mm;  rv:( 0.00000e0, 0.00000e0)kph; av:( 1.30246e5,-3.63405e5)kph;  os: 0.00000e0kph; or: 0.00000e0Mm; 
Earthloc:( 0.00000e0, 0.00000e0)Mm;  rv:(-3.61794e4, 1.00946e5)kph; av:( 0.00000e0, 0.00000e0)kph;  os: 1.07233e5kph; or: 1.49602e5Mm; 
Moon loc:(-1.22379e1,-2.10247e2)Mm;  rv:( 1.91247e3,-1.33001e2)kph; av:( 6.88489e3,-4.78805e2)kph;  os: 1.91709e3kph; or: 2.10603e2Mm; 
Ap8CMloc:(-2.35401e3, 1.61883e3)Mm;  rv:(-5.01249e3, 2.98775e3)kph; av:(-1.80450e4, 1.07559e4)kph;  os: 5.83538e3kph; or: 2.85692e3Mm; 
Time:   21.01days, Distance to sun:149601.6Mm, Energy:14250.77YJ, Momentum(-1.6937e-4, 1.58330e2)Pgm/s
Sun  loc:(-1.39940e5,-5.28897e4)Mm;  rv:( 0.00000e0, 0.00000e0)kph; av:( 1.36478e5,-3.61111e5)kph;  os: 0.00000e0kph; or: 0.00000e0Mm; 
Earthloc:( 0.00000e0, 0.00000e0)Mm;  rv:(-3.79104e4, 1.00309e5)kph; av:( 0.00000e0, 0.00000e0)kph;  os: 1.07234e5kph; or: 1.49602e5Mm; 
Moon loc:( 3.35067e1,-2.08303e2)Mm;  rv:( 1.88484e3, 2.93650e2)kph; av:( 6.78542e3, 1.05714e3)kph;  os: 1.90758e3kph; or: 2.10981e2Mm; 
Ap8CMloc:(-2.47463e3, 1.69001e3)Mm;  rv:(-5.03920e3, 2.94342e3)kph; av:(-1.81411e4, 1.05963e4)kph;  os: 5.83586e3kph; or: 2.99665e3Mm; 
Time:   22.01days, Distance to sun:149601.6Mm, Energy:14863.95YJ, Momentum(-1.09953e1, 1.62728e2)Pgm/s
Sun  loc:(-1.39010e5,-5.52891e4)Mm;  rv:( 0.00000e0, 0.00000e0)kph; av:( 1.42669e5,-3.58711e5)kph;  os: 0.00000e0kph; or: 0.00000e0Mm; 
Earthloc:( 0.00000e0, 0.00000e0)Mm;  rv:(-3.96303e4, 9.96418e4)kph; av:( 0.00000e0, 0.00000e0)kph;  os: 1.07234e5kph; or: 1.49602e5Mm; 
Moon loc:( 7.75358e1,-1.96280e2)Mm;  rv:( 1.77019e3, 7.04179e2)kph; av:( 6.37270e3, 2.53505e3)kph;  os: 1.90511e3kph; or: 2.11040e2Mm; 
Ap8CMloc:(-2.59589e3, 1.76009e3)Mm;  rv:(-5.06570e3, 2.89668e3)kph; av:(-1.82365e4, 1.04280e4)kph;  os: 5.83541e3kph; or: 3.13633e3Mm; 
Time:   23.01days, Distance to sun:149601.6Mm, Energy:15468.11YJ, Momentum(-1.53933e1, 1.53932e2)Pgm/s
Sun  loc:(-1.38038e5,-5.76722e4)Mm;  rv:( 0.00000e0, 0.00000e0)kph; av:( 1.48818e5,-3.56204e5)kph;  os: 0.00000e0kph; or: 0.00000e0Mm; 
Earthloc:( 0.00000e0, 0.00000e0)Mm;  rv:(-4.13384e4, 9.89455e4)kph; av:( 0.00000e0, 0.00000e0)kph;  os: 1.07234e5kph; or: 1.49602e5Mm; 
Moon loc:( 1.17817e2,-1.74758e2)Mm;  rv:( 1.57345e3, 1.08276e3)kph; av:( 5.66444e3, 3.89793e3)kph;  os: 1.91001e3kph; or: 2.10763e2Mm; 
Ap8CMloc:(-2.71778e3, 1.82903e3)Mm;  rv:(-5.09180e3, 2.84751e3)kph; av:(-1.83305e4, 1.02510e4)kph;  os: 5.83393e3kph; or: 3.27592e3Mm; 
Time:   24.01days, Distance to sun:149601.6Mm, Energy:16062.87YJ, Momentum(-1.97914e1, 1.45136e2)Pgm/s
Sun  loc:(-1.37026e5,-6.00382e4)Mm;  rv:( 0.00000e0, 0.00000e0)kph; av:( 1.54924e5,-3.53591e5)kph;  os: 0.00000e0kph; or: 0.00000e0Mm; 
Earthloc:( 0.00000e0, 0.00000e0)Mm;  rv:(-4.30343e4, 9.82198e4)kph; av:( 0.00000e0, 0.00000e0)kph;  os: 1.07234e5kph; or: 1.49602e5Mm; 
Moon loc:( 1.52456e2,-1.44686e2)Mm;  rv:( 1.30140e3, 1.41415e3)kph; av:( 4.68504e3, 5.09095e3)kph;  os: 1.92184e3kph; or: 2.10183e2Mm; 
Ap8CMloc:(-2.84029e3, 1.89675e3)Mm;  rv:(-5.11730e3, 2.79592e3)kph; av:(-1.84223e4, 1.00653e4)kph;  os: 5.83129e3kph; or: 3.41539e3Mm; 
Time:   25.01days, Distance to sun:149601.7Mm, Energy:16647.85YJ, Momentum(-1.53934e1, 1.40737e2)Pgm/s
Sun  loc:(-1.35973e5,-6.23864e4)Mm;  rv:( 0.00000e0, 0.00000e0)kph; av:( 1.60983e5,-3.50874e5)kph;  os: 0.00000e0kph; or: 0.00000e0Mm; 
Earthloc:( 0.00000e0, 0.00000e0)Mm;  rv:(-4.47175e4, 9.74651e4)kph; av:( 0.00000e0, 0.00000e0)kph;  os: 1.07234e5kph; or: 1.49602e5Mm; 
Moon loc:( 1.79750e2,-1.07376e2)Mm;  rv:( 9.63041e2, 1.68352e3)kph; av:( 3.46695e3, 6.06066e3)kph;  os: 1.93950e3kph; or: 2.09379e2Mm; 
Ap8CMloc:(-2.96340e3, 1.96321e3)Mm;  rv:(-5.14204e3, 2.74195e3)kph; av:(-1.85114e4, 9.87102e3)kph;  os: 5.82743e3kph; or: 3.55470e3Mm; 
Time:   26.01days, Distance to sun:149601.7Mm, Energy:17222.65YJ, Momentum(-3.51846e1, 1.31941e2)Pgm/s
Sun  loc:(-1.34879e5,-6.47162e4)Mm;  rv:( 0.00000e0, 0.00000e0)kph; av:( 1.66995e5,-3.48054e5)kph;  os: 0.00000e0kph; or: 0.00000e0Mm; 
Earthloc:( 0.00000e0, 0.00000e0)Mm;  rv:(-4.63874e4, 9.66816e4)kph; av:( 0.00000e0, 0.00000e0)kph;  os: 1.07234e5kph; or: 1.49602e5Mm; 
Moon loc:( 1.98244e2,-6.44891e1)Mm;  rv:( 5.70264e2, 1.87657e3)kph; av:( 2.05295e3, 6.75567e3)kph;  os: 1.96131e3kph; or: 2.08469e2Mm; 
Ap8CMloc:(-3.08709e3, 2.02834e3)Mm;  rv:(-5.16583e3, 2.68562e3)kph; av:(-1.85970e4, 9.66821e3)kph;  os: 5.82223e3kph; or: 3.69382e3Mm; 
Time:   27.01days, Distance to sun:149601.7Mm, Energy:17786.91YJ, Momentum(-3.95826e1, 1.05553e2)Pgm/s
Sun  loc:(-1.33746e5,-6.70268e4)Mm;  rv:( 0.00000e0, 0.00000e0)kph; av:( 1.72957e5,-3.45130e5)kph;  os: 0.00000e0kph; or: 0.00000e0Mm; 
Earthloc:( 0.00000e0, 0.00000e0)Mm;  rv:(-4.80436e4, 9.58694e4)kph; av:( 0.00000e0, 0.00000e0)kph;  os: 1.07234e5kph; or: 1.49602e5Mm; 
Moon loc:( 2.06809e2,-1.80173e1)Mm;  rv:( 1.38537e2, 1.98031e3)kph; av:( 4.98734e2, 7.12913e3)kph;  os: 1.98515e3kph; or: 2.07592e2Mm; 
Ap8CMloc:(-3.21134e3, 2.09210e3)Mm;  rv:(-5.18850e3, 2.62696e3)kph; av:(-1.86786e4, 9.45707e3)kph;  os: 5.81563e3kph; or: 3.83270e3Mm; 
Final position:
Time:   27.30days, Distance to sun:149601.7Mm, Energy:17954.07YJ, Momentum(-3.73836e1, 9.23590e1)Pgm/s
Sun  loc:(-1.33399e5,-6.77162e4)Mm;  rv:( 0.00000e0, 0.00000e0)kph; av:( 1.74736e5,-3.44233e5)kph;  os: 0.00000e0kph; or: 0.00000e0Mm; 
Earthloc:( 0.00000e0, 0.00000e0)Mm;  rv:(-4.85377e4, 9.56202e4)kph; av:( 0.00000e0, 0.00000e0)kph;  os: 1.07234e5kph; or: 1.49602e5Mm; 
Moon loc:( 2.07323e2,-3.71055e0)Mm;  rv:( 4.23236e0, 1.99236e3)kph; av:( 1.52365e1, 7.17249e3)kph;  os: 1.99236e3kph; or: 2.07357e2Mm; 
Ap8CMloc:(-3.24872e3, 2.11095e3)Mm;  rv:(-5.19506e3, 2.60892e3)kph; av:(-1.87022e4, 9.39212e3)kph;  os: 5.81336e3kph; or: 3.87431e3Mm; 
Final position:
  S:("Sun  ","☉",( 1.9891e30,( 7.91936e3, 1.24878e3),( 6.5899e-3, 1.5765e-3)))
  E:("Earth","⊕",( 9.7220e23,( 1.3340e11, 6.7716e10),(-1.34827e4, 2.65612e4)))
  M:("Moon ","☾",( 1.00000e4,( 1.3361e11, 6.7712e10),(-1.34815e4, 2.71146e4)))
  8:("Ap8CM","8",( 5.80900e3,( 1.3015e11, 6.9827e10),(-1.49258e4, 2.72859e4)))
4.77user 0.91system 0:05.72elapsed 99%CPU (0avgtext+0avgdata 2805760maxresident)k
0inputs+0outputs (0major+175928minor)pagefaults 0swaps
