OPT1: 3; OPT2: 7; 
Parameter orbit period OF mean OF apollo8cm: +3.64307227890746e  +0 hours 
System:((Sun  ,Earth,Moon ,Ap8CM),Apollo 8,-3.23537e7,)
Initial position:
  S:("Sun  ","☉",( 1.9891e30,( 0.00000e0, 0.00000e0),( 0.00000e0, 0.00000e0)))
  E:("Earth","⊕",( 9.7220e23,( 1.4960e11, 0.00000e0),( 0.00000e0, 2.97866e4)))
  M:("Moon ","☾",( 1.00000e4,( 1.4981e11, 0.00000e0),( 0.00000e0, 3.03435e4)))
  8:("Ap8CM","8",( 5.80900e3,( 1.4961e11, 0.00000e0),( 0.00000e0, 3.29307e4)))
Parameter: step size = .0003; hours
Parameter: report period =  1.00000e0; hours
Parameter: mission stop time =  1.45723e1; hours
IVP Order-2: solar system:
  t interval: [ 0.00000e0 …  5.24602e4]
  y₀ = ( 0.00000e0, 0.00000e0, 1.4960e11, 0.00000e0, 1.4981e11, 0.00000e0, 1.4961e11, 0.00000e0)
  dy₀/dt = ( 0.00000e0, 0.00000e0, 0.00000e0, 2.97866e4, 0.00000e0, 3.03435e4, 0.00000e0, 3.29307e4)
  d²y₀/dt² = ( 2.8987e-9, 0.00000e0,-5.9307e-3, 0.00000e0,-7.3963e-3, 0.00000e0,-1.51221e0, 0.00000e0)


Reference point: Earth
Initial momentum:( 0.00000e0, 2.8959e28), Initial energy: 4.3129e32
IVP order-1: runga kutta 4th order
  t interval: [ 0.00000e0 …  5.24602e4]
  y₀ = ( 0.00000e0, 0.00000e0, 1.4960e11, 0.00000e0, 1.4981e11, 0.00000e0, 1.4961e11, 0.00000e0, 0.00000e0, 0.00000e0, 0.00000e0, 2.97866e4, 0.00000e0, 3.03435e4, 0.00000e0, 3.29307e4)
  dy₀/dt = ( 0.00000e0, 0.00000e0, 0.00000e0, 2.97866e4, 0.00000e0, 3.03435e4, 0.00000e0, 3.29307e4, 2.8987e-9, 0.00000e0,-5.9307e-3, 0.00000e0,-7.3963e-3, 0.00000e0,-1.51221e0, 0.00000e0)


Time:    0.00hours, Distance to sun:149601.5Mm, Energy:    0.00YJ, Momentum( 0.00000e0, 0.00000e0)Pgm/s
Sun  loc:(-1.49601e5, 0.00000e0)Mm;  rv:( 0.00000e0, 0.00000e0)kph; av:( 0.00000e0,-3.86034e5)kph;  os: 0.00000e0kph; or: 0.00000e0Mm; 
Earthloc:( 0.00000e0, 0.00000e0)Mm;  rv:( 0.00000e0, 1.07232e5)kph; av:( 0.00000e0, 0.00000e0)kph;  os: 1.07232e5kph; or: 1.49601e5Mm; 
Moon loc:( 2.09212e2, 0.00000e0)Mm;  rv:( 0.00000e0, 2.00469e3)kph; av:( 0.00000e0, 7.21689e3)kph;  os: 2.00469e3kph; or: 2.09212e2Mm; 
Ap8CMloc:( 6.56275e0, 0.00000e0)Mm;  rv:( 0.00000e0, 1.13187e4)kph; av:( 0.00000e0, 4.07475e4)kph;  os: 1.13187e4kph; or: 6.56275e0Mm; 
Time:    1.00hours, Distance to sun:149601.5Mm, Energy:    0.25YJ, Momentum( 1.7161e-2, 0.00000e0)Pgm/s
Sun  loc:(-1.49601e5,-1.07232e2)Mm;  rv:( 0.00000e0, 0.00000e0)kph; av:( 2.76704e2,-3.86034e5)kph;  os: 0.00000e0kph; or: 0.00000e0Mm; 
Earthloc:( 0.00000e0, 0.00000e0)Mm;  rv:(-7.68623e1, 1.07232e5)kph; av:( 0.00000e0, 0.00000e0)kph;  os: 1.07232e5kph; or: 1.49601e5Mm; 
Moon loc:( 2.09202e2, 2.00467e0)Mm;  rv:(-1.89945e1, 2.00461e3)kph; av:(-6.83803e1, 7.21658e3)kph;  os: 2.00470e3kph; or: 2.09212e2Mm; 
Ap8CMloc:(-1.07588e0, 6.48451e0)Mm;  rv:(-1.12728e4,-1.84378e3)kph; av:(-4.05821e4,-6.63759e3)kph;  os: 1.14226e4kph; or: 6.57316e0Mm; 
Time:    2.00hours, Distance to sun:149601.5Mm, Energy:    0.49YJ, Momentum( 4.7736e-6, 8.79609e0)Pgm/s
Sun  loc:(-1.49601e5,-2.14464e2)Mm;  rv:( 0.00000e0, 0.00000e0)kph; av:( 5.53408e2,-3.86034e5)kph;  os: 0.00000e0kph; or: 0.00000e0Mm; 
Earthloc:( 0.00000e0, 0.00000e0)Mm;  rv:(-1.53724e2, 1.07232e5)kph; av:( 0.00000e0, 0.00000e0)kph;  os: 1.07232e5kph; or: 1.49601e5Mm; 
Moon loc:( 2.09174e2, 4.00917e0)Mm;  rv:(-3.79874e1, 2.00433e3)kph; av:(-1.36755e2, 7.21560e3)kph;  os: 2.00469e3kph; or: 2.09212e2Mm; 
Ap8CMloc:(-6.28662e0,-2.04893e0)Mm;  rv:( 3.44209e3,-1.07012e4)kph; av:( 1.23915e4,-3.85243e4)kph;  os: 1.12412e4kph; or: 6.61209e0Mm; 
Time:    3.00hours, Distance to sun:149601.5Mm, Energy:    0.74YJ, Momentum( 1.5195e-5, 4.39805e0)Pgm/s
Sun  loc:(-1.49601e5,-3.21697e2)Mm;  rv:( 0.00000e0, 0.00000e0)kph; av:( 8.30112e2,-3.86034e5)kph;  os: 0.00000e0kph; or: 0.00000e0Mm; 
Earthloc:( 0.00000e0, 0.00000e0)Mm;  rv:(-2.30587e2, 1.07232e5)kph; av:( 0.00000e0, 0.00000e0)kph;  os: 1.07232e5kph; or: 1.49601e5Mm; 
Moon loc:( 2.09126e2, 6.01330e0)Mm;  rv:(-5.69769e1, 2.00388e3)kph; av:(-2.05117e2, 7.21396e3)kph;  os: 2.00469e3kph; or: 2.09213e2Mm; 
Ap8CMloc:( 2.76379e0,-6.03836e0)Mm;  rv:( 1.01424e4, 4.63169e3)kph; av:( 3.65128e4, 1.66741e4)kph;  os: 1.11500e4kph; or: 6.64081e0Mm; 
Time:    4.00hours, Distance to sun:149601.5Mm, Energy:    0.98YJ, Momentum( 1.7169e-2, 8.79609e0)Pgm/s
Sun  loc:(-1.49601e5,-4.28929e2)Mm;  rv:( 0.00000e0, 0.00000e0)kph; av:( 1.10682e3,-3.86033e5)kph;  os: 0.00000e0kph; or: 0.00000e0Mm; 
Earthloc:( 0.00000e0, 0.00000e0)Mm;  rv:(-3.07449e2, 1.07231e5)kph; av:( 0.00000e0, 0.00000e0)kph;  os: 1.07232e5kph; or: 1.49601e5Mm; 
Moon loc:( 2.09060e2, 8.01688e0)Mm;  rv:(-7.59612e1, 2.00324e3)kph; av:(-2.73460e2, 7.21165e3)kph;  os: 2.00468e3kph; or: 2.09214e2Mm; 
Ap8CMloc:( 5.66816e0, 3.46049e0)Mm;  rv:(-5.89242e3, 9.65482e3)kph; av:(-2.12127e4, 3.47574e4)kph;  os: 1.13109e4kph; or: 6.64101e0Mm; 
Time:    5.00hours, Distance to sun:149601.5Mm, Energy:    1.23YJ, Momentum( 1.0306e-1, 4.39805e0)Pgm/s
Sun  loc:(-1.49601e5,-5.36160e2)Mm;  rv:( 0.00000e0, 0.00000e0)kph; av:( 1.38352e3,-3.86032e5)kph;  os: 0.00000e0kph; or: 0.00000e0Mm; 
Earthloc:( 0.00000e0, 0.00000e0)Mm;  rv:(-3.84311e2, 1.07231e5)kph; av:( 0.00000e0, 0.00000e0)kph;  os: 1.07232e5kph; or: 1.49601e5Mm; 
Moon loc:( 2.08974e2, 1.00197e1)Mm;  rv:(-9.49384e1, 2.00241e3)kph; av:(-3.41778e2, 7.20868e3)kph;  os: 2.00466e3kph; or: 2.09215e2Mm; 
Ap8CMloc:(-4.20879e0, 5.16152e0)Mm;  rv:(-8.79953e3,-7.12713e3)kph; av:(-3.16783e4,-2.56577e4)kph;  os: 1.13238e4kph; or: 6.65997e0Mm; 
Time:    6.00hours, Distance to sun:149601.5Mm, Energy:    1.48YJ, Momentum( 2.7489e-1, 2.63883e1)Pgm/s
Sun  loc:(-1.49600e5,-6.43392e2)Mm;  rv:( 0.00000e0, 0.00000e0)kph; av:( 1.66022e3,-3.86031e5)kph;  os: 0.00000e0kph; or: 0.00000e0Mm; 
Earthloc:( 0.00000e0, 0.00000e0)Mm;  rv:(-4.61172e2, 1.07231e5)kph; av:( 0.00000e0, 0.00000e0)kph;  os: 1.07232e5kph; or: 1.49601e5Mm; 
Moon loc:( 2.08870e2, 1.20217e1)Mm;  rv:(-1.13907e2, 2.00140e3)kph; av:(-4.10065e2, 7.20504e3)kph;  os: 2.00464e3kph; or: 2.09216e2Mm; 
Ap8CMloc:(-4.70460e0,-4.77523e0)Mm;  rv:( 7.89396e3,-7.83127e3)kph; av:( 2.84183e4,-2.81926e4)kph;  os: 1.11195e4kph; or: 6.70344e0Mm; 
Time:    7.00hours, Distance to sun:149601.5Mm, Energy:    1.72YJ, Momentum( 3.7797e-1, 5.71746e1)Pgm/s
Sun  loc:(-1.49600e5,-7.50623e2)Mm;  rv:( 0.00000e0, 0.00000e0)kph; av:( 1.93692e3,-3.86030e5)kph;  os: 0.00000e0kph; or: 0.00000e0Mm; 
Earthloc:( 0.00000e0, 0.00000e0)Mm;  rv:(-5.38034e2, 1.07230e5)kph; av:( 0.00000e0, 0.00000e0)kph;  os: 1.07232e5kph; or: 1.49601e5Mm; 
Moon loc:( 2.08747e2, 1.40225e1)Mm;  rv:(-1.32865e2, 2.00020e3)kph; av:(-4.78313e2, 7.20073e3)kph;  os: 2.00461e3kph; or: 2.09217e2Mm; 
Ap8CMloc:( 5.15159e0,-4.31742e0)Mm;  rv:( 7.13677e3, 8.51754e3)kph; av:( 2.56924e4, 3.06631e4)kph;  os: 1.11122e4kph; or: 6.72153e0Mm; 
Time:    8.00hours, Distance to sun:149601.5Mm, Energy:    1.97YJ, Momentum( 3.7794e-1, 7.03687e1)Pgm/s
Sun  loc:(-1.49599e5,-8.57854e2)Mm;  rv:( 0.00000e0, 0.00000e0)kph; av:( 2.21362e3,-3.86028e5)kph;  os: 0.00000e0kph; or: 0.00000e0Mm; 
Earthloc:( 0.00000e0, 0.00000e0)Mm;  rv:(-6.14895e2, 1.07230e5)kph; av:( 0.00000e0, 0.00000e0)kph;  os: 1.07232e5kph; or: 1.49601e5Mm; 
Moon loc:( 2.08604e2, 1.60220e1)Mm;  rv:(-1.51810e2, 1.99882e3)kph; av:(-5.46517e2, 7.19577e3)kph;  os: 2.00458e3kph; or: 2.09219e2Mm; 
Ap8CMloc:( 3.80305e0, 5.53920e0)Mm;  rv:(-9.29461e3, 6.39041e3)kph; av:(-3.34606e4, 2.30055e4)kph;  os: 1.12795e4kph; or: 6.71908e0Mm; 
Time:    9.00hours, Distance to sun:149601.5Mm, Energy:    2.22YJ, Momentum(-1.2206e-5, 7.03687e1)Pgm/s
Sun  loc:(-1.49598e5,-9.65084e2)Mm;  rv:( 0.00000e0, 0.00000e0)kph; av:( 2.49032e3,-3.86026e5)kph;  os: 0.00000e0kph; or: 0.00000e0Mm; 
Earthloc:( 0.00000e0, 0.00000e0)Mm;  rv:(-6.91756e2, 1.07230e5)kph; av:( 0.00000e0, 0.00000e0)kph;  os: 1.07232e5kph; or: 1.49601e5Mm; 
Moon loc:( 2.08443e2, 1.80201e1)Mm;  rv:(-1.70742e2, 1.99726e3)kph; av:(-6.14670e2, 7.19014e3)kph;  os: 2.00455e3kph; or: 2.09220e2Mm; 
Ap8CMloc:(-5.93049e0, 3.21686e0)Mm;  rv:(-5.38783e3,-9.83839e3)kph; av:(-1.93962e4,-3.54182e4)kph;  os: 1.12171e4kph; or: 6.74676e0Mm; 
Time:   10.00hours, Distance to sun:149601.5Mm, Energy:    2.46YJ, Momentum( 4.8105e-1, 6.15727e1)Pgm/s
Sun  loc:(-1.49598e5,-1.07231e3)Mm;  rv:( 0.00000e0, 0.00000e0)kph; av:( 2.76702e3,-3.86025e5)kph;  os: 0.00000e0kph; or: 0.00000e0Mm; 
Earthloc:( 0.00000e0, 0.00000e0)Mm;  rv:(-7.68616e2, 1.07229e5)kph; av:( 0.00000e0, 0.00000e0)kph;  os: 1.07232e5kph; or: 1.49601e5Mm; 
Moon loc:( 2.08263e2, 2.00165e1)Mm;  rv:(-1.89657e2, 1.99551e3)kph; av:(-6.82766e2, 7.18384e3)kph;  os: 2.00450e3kph; or: 2.09223e2Mm; 
Ap8CMloc:(-2.80804e0,-6.18267e0)Mm;  rv:( 1.00264e4,-4.58771e3)kph; av:( 3.60949e4,-1.65158e4)kph;  os: 1.10261e4kph; or: 6.79047e0Mm; 
Time:   11.00hours, Distance to sun:149601.5Mm, Energy:    2.71YJ, Momentum( 6.8720e-1, 7.03687e1)Pgm/s
Sun  loc:(-1.49597e5,-1.17954e3)Mm;  rv:( 0.00000e0, 0.00000e0)kph; av:( 3.04371e3,-3.86022e5)kph;  os: 0.00000e0kph; or: 0.00000e0Mm; 
Earthloc:( 0.00000e0, 0.00000e0)Mm;  rv:(-8.45476e2, 1.07228e5)kph; av:( 0.00000e0, 0.00000e0)kph;  os: 1.07232e5kph; or: 1.49601e5Mm; 
Moon loc:( 2.08064e2, 2.20111e1)Mm;  rv:(-2.08555e2, 1.99358e3)kph; av:(-7.50798e2, 7.17689e3)kph;  os: 2.00446e3kph; or: 2.09225e2Mm; 
Ap8CMloc:( 6.32718e0,-2.48933e0)Mm;  rv:( 4.04900e3, 1.03126e4)kph; av:( 1.45764e4, 3.71253e4)kph;  os: 1.10790e4kph; or: 6.79927e0Mm; 
Time:   12.00hours, Distance to sun:149601.5Mm, Energy:    2.95YJ, Momentum( 2.0614e-1, 7.91648e1)Pgm/s
Sun  loc:(-1.49596e5,-1.28677e3)Mm;  rv:( 0.00000e0, 0.00000e0)kph; av:( 3.32041e3,-3.86020e5)kph;  os: 0.00000e0kph; or: 0.00000e0Mm; 
Earthloc:( 0.00000e0, 0.00000e0)Mm;  rv:(-9.22336e2, 1.07228e5)kph; av:( 0.00000e0, 0.00000e0)kph;  os: 1.07232e5kph; or: 1.49601e5Mm; 
Moon loc:( 2.07846e2, 2.40036e1)Mm;  rv:(-2.27433e2, 1.99146e3)kph; av:(-8.18760e2, 7.16927e3)kph;  os: 2.00441e3kph; or: 2.09227e2Mm; 
Ap8CMloc:( 2.02661e0, 6.48800e0)Mm;  rv:(-1.07146e4, 3.36113e3)kph; av:(-3.85726e4, 1.21001e4)kph;  os: 1.12294e4kph; or: 6.79715e0Mm; 
Time:   13.00hours, Distance to sun:149601.5Mm, Energy:    3.20YJ, Momentum( 2.7487e-1, 7.03687e1)Pgm/s
Sun  loc:(-1.49595e5,-1.39400e3)Mm;  rv:( 0.00000e0, 0.00000e0)kph; av:( 3.59710e3,-3.86018e5)kph;  os: 0.00000e0kph; or: 0.00000e0Mm; 
Earthloc:( 0.00000e0, 0.00000e0)Mm;  rv:(-9.99195e2, 1.07227e5)kph; av:( 0.00000e0, 0.00000e0)kph;  os: 1.07232e5kph; or: 1.49601e5Mm; 
Moon loc:( 2.07609e2, 2.59940e1)Mm;  rv:(-2.46291e2, 1.98917e3)kph; av:(-8.86646e2, 7.16099e3)kph;  os: 2.00435e3kph; or: 2.09230e2Mm; 
Ap8CMloc:(-6.65241e0, 1.55484e0)Mm;  rv:(-2.57876e3,-1.08162e4)kph; av:(-9.28355e3,-3.89383e4)kph;  os: 1.11193e4kph; or: 6.83169e0Mm; 
Time:   14.00hours, Distance to sun:149601.5Mm, Energy:    3.45YJ, Momentum( 1.0309e-1, 7.03687e1)Pgm/s
Sun  loc:(-1.49594e5,-1.50123e3)Mm;  rv:( 0.00000e0, 0.00000e0)kph; av:( 3.87379e3,-3.86015e5)kph;  os: 0.00000e0kph; or: 0.00000e0Mm; 
Earthloc:( 0.00000e0, 0.00000e0)Mm;  rv:(-1.07605e3, 1.07226e5)kph; av:( 0.00000e0, 0.00000e0)kph;  os: 1.07232e5kph; or: 1.49601e5Mm; 
Moon loc:( 2.07353e2, 2.79819e1)Mm;  rv:(-2.65125e2, 1.98668e3)kph; av:(-9.54449e2, 7.15206e3)kph;  os: 2.00429e3kph; or: 2.09233e2Mm; 
Ap8CMloc:(-1.31611e0,-6.74656e0)Mm;  rv:( 1.07440e4,-2.12036e3)kph; av:( 3.86783e4,-7.63328e3)kph;  os: 1.09512e4kph; or: 6.87373e0Mm; 
Final position:
Time:   14.57hours, Distance to sun:149601.5Mm, Energy:    3.59YJ, Momentum( 6.1848e-1, 7.91648e1)Pgm/s
Sun  loc:(-1.49593e5,-1.56223e3)Mm;  rv:( 0.00000e0, 0.00000e0)kph; av:( 4.03120e3,-3.86013e5)kph;  os: 0.00000e0kph; or: 0.00000e0Mm; 
Earthloc:( 0.00000e0, 0.00000e0)Mm;  rv:(-1.11978e3, 1.07226e5)kph; av:( 0.00000e0, 0.00000e0)kph;  os: 1.07232e5kph; or: 1.49601e5Mm; 
Moon loc:( 2.07199e2, 2.91117e1)Mm;  rv:(-2.75828e2, 1.98519e3)kph; av:(-9.92981e2, 7.14668e3)kph;  os: 2.00426e3kph; or: 2.09234e2Mm; 
Ap8CMloc:( 4.50144e0,-5.20218e0)Mm;  rv:( 8.29468e3, 7.18091e3)kph; av:( 2.98608e4, 2.58513e4)kph;  os: 1.09712e4kph; or: 6.87936e0Mm; 
Final position:
  S:("Sun  ","☉",( 1.9891e30,( 3.98688e0, 1.3876e-2),( 1.5203e-4, 7.9375e-7)))
  E:("Earth","⊕",( 9.7220e23,( 1.4959e11, 1.56223e9),(-3.11049e2, 2.97850e4)))
  M:("Moon ","☾",( 1.00000e4,( 1.4980e11, 1.59134e9),(-3.87668e2, 3.03364e4)))
  8:("Ap8CM","8",( 5.80900e3,( 1.4960e11, 1.55702e9),( 1.99303e3, 3.17797e4)))
7.90user 1.32system 0:09.27elapsed 99%CPU (0avgtext+0avgdata 3969024maxresident)k
0inputs+0outputs (0major+248456minor)pagefaults 0swaps
