OPT1: 2; OPT2: 1; 
System:((Sun  ,Earth,Moon ,Ap8CM),Apollo 8,-3.23537400000e7,)
Initial position:
  S:("Sun  ","☉",( 1.9891000000e30,( 0.00000000000e0, 0.00000000000e0),( 0.00000000000e0, 0.00000000000e0)))
  E:("Earth","⊕",( 9.7220000000e23,( 1.5000000000e11, 0.00000000000e0),( 0.00000000000e0, 2.97866078294e4)))
  M:("Moon ","☾",( 7.3476730900e22,( 1.5038500000e11, 0.00000000000e0),( 0.00000000000e0, 3.03571562823e4)))
  8:("Ap8CM","8",( 5.80900000000e3,( 1.5000656275e11, 0.00000000000e0),( 0.00000000000e0, 3.29307012406e4)))
Parameter: step size =  3.050e-3; ~months
Parameter: report period =  3.0000e0; ~months
Parameter: mission stop time =  2.5400e2; ~months
IVP Order-2: solar system:
  t interval: [ 0.0000e0 …  5.9958e8]
  y₀ = ( 0.0000e0, 0.0000e0, 1.500e11, 0.0000e0, 1.504e11, 0.0000e0, 1.500e11, 0.0000e0)
  dy₀/dt = ( 0.0000e0, 0.0000e0, 0.0000e0, 2.9787e4, 0.0000e0, 3.0357e4, 0.0000e0, 3.2931e4)
  d²y₀/dt² = ( 3.100e-9, 0.0000e0,-5.866e-3, 0.0000e0,-6.307e-3, 0.0000e0,-1.5121e0, 0.0000e0)


Reference point: Earth
Initial momentum:( 0.0000e0, 3.119e28), Initial energy: 4.651e32
Time:    0.00~months, Distance to sun:150000.0Mm, Energy:    0.00YJ, Momentum( 0.0000e0, 0.0000e0)Pgm/s
Sun  loc:(-1.5000e5, 0.0000e0)Mm; rv:( 0.0000e0, 0.0000e0)kph; av:( 0.0000e0,-3.8603e5)kph; os: 0.0000e0kph; or: 0.0000e0Mm; 
Earthloc:( 0.0000e0, 0.0000e0)Mm; rv:( 0.0000e0, 1.0723e5)kph; av:( 0.0000e0, 0.0000e0)kph; os: 1.0723e5kph; or: 1.5000e5Mm; 
Moon loc:( 3.8500e2, 0.0000e0)Mm; rv:( 0.0000e0, 2.0540e3)kph; av:( 0.0000e0, 7.3943e3)kph; os: 2.0540e3kph; or: 3.8500e2Mm; 
Ap8CMloc:( 6.5627e0, 0.0000e0)Mm; rv:( 0.0000e0, 1.1319e4)kph; av:( 0.0000e0, 4.0747e4)kph; os: 1.1319e4kph; or: 6.5627e0Mm; 
Time:    3.00~months, Distance to sun:150956.8Mm, Energy:-4146326YJ, Momentum(-2.5564e1,-1.3194e1)Pgm/s
Sun  loc:(-2.5219e4,-1.4884e5)Mm; rv:( 0.0000e0, 0.0000e0)kph; av:( 3.7907e5,-6.7005e4)kph; os: 0.0000e0kph; or: 0.0000e0Mm; 
Earthloc:( 0.0000e0, 0.0000e0)Mm; rv:(-1.0530e5, 1.8613e4)kph; av:( 0.0000e0, 0.0000e0)kph; os: 1.0693e5kph; or: 1.5096e5Mm; 
Moon loc:(-5.4513e2, 7.6395e2)Mm; rv:( 3.8311e2,-3.5152e2)kph; av:( 1.3792e3,-1.2655e3)kph; os: 5.1994e2kph; or: 9.3850e2Mm; 
Ap8CMloc:(-8.6171e4,-2.6624e4)Mm; rv:(-2.3114e4,-4.6356e4)kph; av:(-8.3210e4,-1.6688e5)kph; os: 5.1799e4kph; or: 9.0190e4Mm; 
Time:    6.00~months, Distance to sun:152544.0Mm, Energy:********YJ, Momentum( 1.7867e1, 2.6388e1)Pgm/s
Sun  loc:( 1.4275e5,-5.3774e4)Mm; rv:( 0.0000e0, 0.0000e0)kph; av:( 1.3579e5, 3.5624e5)kph; os: 0.0000e0kph; or: 0.0000e0Mm; 
Earthloc:( 0.0000e0, 0.0000e0)Mm; rv:(-3.7719e4,-9.8955e4)kph; av:( 0.0000e0, 0.0000e0)kph; os: 1.0590e5kph; or: 1.5254e5Mm; 
Moon loc:(-2.6924e3, 4.8859e2)Mm; rv:(-2.7013e3, 1.1698e3)kph; av:(-9.7246e3, 4.2113e3)kph; os: 2.9437e3kph; or: 2.7364e3Mm; 
Ap8CMloc:(-7.3767e4,-6.6578e4)Mm; rv:( 3.6278e3, 1.6538e4)kph; av:( 1.3060e4, 5.9537e4)kph; os: 1.6931e4kph; or: 9.9369e4Mm; 
Time:    9.00~months, Distance to sun:152729.9Mm, Energy:********YJ, Momentum( 5.5525e1, 8.7961e1)Pgm/s
Sun  loc:( 8.2260e4, 1.2868e5)Mm; rv:( 0.0000e0, 0.0000e0)kph; av:(-3.2204e5, 2.0453e5)kph; os: 0.0000e0kph; or: 0.0000e0Mm; 
Earthloc:( 0.0000e0, 0.0000e0)Mm; rv:( 8.9455e4,-5.6813e4)kph; av:( 0.0000e0, 0.0000e0)kph; os: 1.0597e5kph; or: 1.5273e5Mm; 
Moon loc:(-1.5265e4,-4.9496e2)Mm; rv:(-9.6303e3,-6.0758e3)kph; av:(-3.4669e4,-2.1873e4)kph; os: 1.1387e4kph; or: 1.5273e4Mm; 
Ap8CMloc:(-1.4523e5,-3.1788e4)Mm; rv:(-7.2412e4,-7.7230e3)kph; av:(-2.6068e5,-2.7803e4)kph; os: 7.2823e4kph; or: 1.4867e5Mm; 
Time:   12.00~months, Distance to sun:152200.5Mm, Energy:********YJ, Momentum( 6.5146e1, 7.9165e1)Pgm/s
Sun  loc:(-1.0951e5, 1.0570e5)Mm; rv:( 0.0000e0, 0.0000e0)kph; av:(-2.6586e5,-2.7646e5)kph; os: 0.0000e0kph; or: 0.0000e0Mm; 
Earthloc:( 0.0000e0, 0.0000e0)Mm; rv:( 7.3851e4, 7.6795e4)kph; av:( 0.0000e0, 0.0000e0)kph; os: 1.0654e5kph; or: 1.5220e5Mm; 
Moon loc:(-2.1003e4,-3.0053e4)Mm; rv:( 1.0208e4,-1.9622e4)kph; av:( 3.6748e4,-7.0640e4)kph; os: 2.2119e4kph; or: 3.6665e4Mm; 
Ap8CMloc:(-2.7469e5,-1.5516e5)Mm; rv:(-3.0289e4,-1.1347e5)kph; av:(-1.0904e5,-4.0848e5)kph; os: 1.1744e5kph; or: 3.1548e5Mm; 
Time:   15.00~months, Distance to sun:152732.6Mm, Energy:-9107859YJ, Momentum( 8.3288e1, 1.1435e2)Pgm/s
Sun  loc:(-1.2541e5,-8.7180e4)Mm; rv:( 0.0000e0, 0.0000e0)kph; av:( 2.1684e5,-3.1565e5)kph; os: 0.0000e0kph; or: 0.0000e0Mm; 
Earthloc:( 0.0000e0, 0.0000e0)Mm; rv:(-6.0233e4, 8.7681e4)kph; av:( 0.0000e0, 0.0000e0)kph; os: 1.0638e5kph; or: 1.5273e5Mm; 
Moon loc:( 2.4693e4,-4.3490e4)Mm; rv:( 2.7757e4, 1.2786e4)kph; av:( 9.9926e4, 4.6031e4)kph; os: 3.0561e4kph; or: 5.0011e4Mm; 
Ap8CMloc:(-1.9017e5,-3.8934e5)Mm; rv:( 1.1693e5,-9.2227e4)kph; av:( 4.2093e5,-3.3202e5)kph; os: 1.4892e5kph; or: 4.3330e5Mm; 
Time:   18.00~months, Distance to sun:154400.9Mm, Energy:********YJ, Momentum( 7.8065e1, 1.0555e2)Pgm/s
Sun  loc:( 5.9325e4,-1.4255e5)Mm; rv:( 0.0000e0, 0.0000e0)kph; av:( 3.5147e5, 1.4323e5)kph; os: 0.0000e0kph; or: 0.0000e0Mm; 
Earthloc:( 0.0000e0, 0.0000e0)Mm; rv:(-9.7630e4,-3.9786e4)kph; av:( 0.0000e0, 0.0000e0)kph; os: 1.0543e5kph; or: 1.5440e5Mm; 
Moon loc:( 4.7495e4, 1.0648e4)Mm; rv:(-9.6882e3, 3.2287e4)kph; av:(-3.4878e4, 1.1623e5)kph; os: 3.3709e4kph; or: 4.8674e4Mm; 
Ap8CMloc:( 1.0918e5,-4.1731e5)Mm; rv:( 1.5494e5, 7.3546e4)kph; av:( 5.5777e5, 2.6477e5)kph; os: 1.7151e5kph; or: 4.3136e5Mm; 
Time:   21.00~months, Distance to sun:155480.5Mm, Energy:********YJ, Momentum( 6.8720e1, 2.0231e2)Pgm/s
Sun  loc:( 1.5360e5, 2.4131e4)Mm; rv:( 0.0000e0, 0.0000e0)kph; av:(-5.8257e4, 3.7305e5)kph; os: 0.0000e0kph; or: 0.0000e0Mm; 
Earthloc:( 0.0000e0, 0.0000e0)Mm; rv:( 1.6183e4,-1.0362e5)kph; av:( 0.0000e0, 0.0000e0)kph; os: 1.0488e5kph; or: 1.5548e5Mm; 
Moon loc:(-3.5485e3, 4.8529e4)Mm; rv:(-3.5867e4, 1.3054e3)kph; av:(-1.2912e5, 4.6995e3)kph; os: 3.5891e4kph; or: 4.8658e4Mm; 
Ap8CMloc:( 2.9927e5,-1.3873e5)Mm; rv:( 1.7600e4, 1.8555e5)kph; av:( 6.3362e4, 6.6798e5)kph; os: 1.8638e5kph; or: 3.2986e5Mm; 
Time:   24.00~months, Distance to sun:155185.5Mm, Energy:********YJ, Momentum( 1.3332e2, 2.5069e2)Pgm/s
Sun  loc:( 1.3201e4, 1.5462e5)Mm; rv:( 0.0000e0, 0.0000e0)kph; av:(-3.7772e5, 3.0779e4)kph; os: 0.0000e0kph; or: 0.0000e0Mm; 
Earthloc:( 0.0000e0, 0.0000e0)Mm; rv:( 1.0492e5,-8.5498e3)kph; av:( 0.0000e0, 0.0000e0)kph; os: 1.0527e5kph; or: 1.5519e5Mm; 
Moon loc:(-6.4274e4, 8.8035e3)Mm; rv:(-1.6969e4,-3.9985e4)kph; av:(-6.1090e4,-1.4394e5)kph; os: 4.3437e4kph; or: 6.4874e4Mm; 
Ap8CMloc:( 1.4564e5, 1.9579e5)Mm; rv:(-1.7383e5, 1.1896e5)kph; av:(-6.2577e5, 4.2826e5)kph; os: 2.1063e5kph; or: 2.4402e5Mm; 
Time:   27.00~months, Distance to sun:154826.0Mm, Energy:********YJ, Momentum( 1.0775e2, 2.3310e2)Pgm/s
Sun  loc:(-1.4719e5, 4.8018e4)Mm; rv:( 0.0000e0, 0.0000e0)kph; av:(-1.1817e5,-3.6173e5)kph; os: 0.0000e0kph; or: 0.0000e0Mm; 
Earthloc:( 0.0000e0, 0.0000e0)Mm; rv:( 3.2825e4, 1.0048e5)kph; av:( 0.0000e0, 0.0000e0)kph; os: 1.0571e5kph; or: 1.5483e5Mm; 
Moon loc:(-4.0603e4,-7.7104e4)Mm; rv:( 4.2587e4,-3.3170e4)kph; av:( 1.5331e5,-1.1941e5)kph; os: 5.3981e4kph; or: 8.7142e4Mm; 
Ap8CMloc:(-2.4883e5, 1.5862e5)Mm; rv:(-1.4519e5,-1.5052e5)kph; av:(-5.2267e5,-5.4186e5)kph; os: 2.0913e5kph; or: 2.9509e5Mm; 
Time:   30.00~months, Distance to sun:155817.6Mm, Energy:********YJ, Momentum( 8.4937e1, 2.4629e2)Pgm/s
Sun  loc:(-8.1329e4,-1.3291e5)Mm; rv:( 0.0000e0, 0.0000e0)kph; av:( 3.2169e5,-2.0003e5)kph; os: 0.0000e0kph; or: 0.0000e0Mm; 
Earthloc:( 0.0000e0, 0.0000e0)Mm; rv:(-8.9359e4, 5.5565e4)kph; av:( 0.0000e0, 0.0000e0)kph; os: 1.0523e5kph; or: 1.5582e5Mm; 
Moon loc:( 6.5297e4,-7.2937e4)Mm; rv:( 4.6851e4, 4.0515e4)kph; av:( 1.6866e5, 1.4585e5)kph; os: 6.1939e4kph; or: 9.7895e4Mm; 
Ap8CMloc:(-3.0989e5,-1.6931e5)Mm; rv:( 6.4738e4,-1.3619e5)kph; av:( 2.3306e5,-4.9029e5)kph; os: 1.5079e5kph; or: 3.5313e5Mm; 
Time:   33.00~months, Distance to sun:157496.4Mm, Energy:********YJ, Momentum( 9.0985e1, 1.9351e2)Pgm/s
Sun  loc:( 1.0925e5,-1.1345e5)Mm; rv:( 0.0000e0, 0.0000e0)kph; av:( 2.7203e5, 2.5875e5)kph; os: 0.0000e0kph; or: 0.0000e0Mm; 
Earthloc:( 0.0000e0, 0.0000e0)Mm; rv:(-7.5565e4,-7.1874e4)kph; av:( 0.0000e0, 0.0000e0)kph; os: 1.0429e5kph; or: 1.5750e5Mm; 
Moon loc:( 8.5414e4, 4.0948e4)Mm; rv:(-3.0029e4, 5.6634e4)kph; av:(-1.0810e5, 2.0388e5)kph; os: 6.4103e4kph; or: 9.4722e4Mm; 
Ap8CMloc:(-1.1859e5,-2.9158e5)Mm; rv:( 9.5951e4, 1.0835e4)kph; av:( 3.4542e5, 3.9005e4)kph; os: 9.6561e4kph; or: 3.1477e5Mm; 
Time:   36.00~months, Distance to sun:158176.8Mm, Energy:********YJ, Momentum( 1.1696e2, 3.5184e1)Pgm/s
Sun  loc:( 1.3949e5, 7.4575e4)Mm; rv:( 0.0000e0, 0.0000e0)kph; av:(-1.7688e5, 3.3005e5)kph; os: 0.0000e0kph; or: 0.0000e0Mm; 
Earthloc:( 0.0000e0, 0.0000e0)Mm; rv:( 4.9133e4,-9.1679e4)kph; av:( 0.0000e0, 0.0000e0)kph; os: 1.0402e5kph; or: 1.5818e5Mm; 
Moon loc:(-2.1334e4, 9.2873e4)Mm; rv:(-6.4536e4,-1.0374e4)kph; av:(-2.3233e5,-3.7346e4)kph; os: 6.5365e4kph; or: 9.5291e4Mm; 
Ap8CMloc:(-2.2446e4,-1.9758e5)Mm; rv:(-4.8641e3, 5.7750e4)kph; av:(-1.7511e4, 2.0790e5)kph; os: 5.7955e4kph; or: 1.9885e5Mm; 
Time:   39.00~months, Distance to sun:157665.0Mm, Energy:********YJ, Momentum( 9.3733e1, 1.4514e2)Pgm/s
Sun  loc:(-3.4223e4, 1.5391e5)Mm; rv:( 0.0000e0, 0.0000e0)kph; av:(-3.6703e5,-8.3077e4)kph; os: 0.0000e0kph; or: 0.0000e0Mm; 
Earthloc:( 0.0000e0, 0.0000e0)Mm; rv:( 1.0195e5, 2.3077e4)kph; av:( 0.0000e0, 0.0000e0)kph; os: 1.0453e5kph; or: 1.5766e5Mm; 
Moon loc:(-1.1170e5, 4.9553e3)Mm; rv:(-1.4329e4,-7.0420e4)kph; av:(-5.1585e4,-2.5351e5)kph; os: 7.1863e4kph; or: 1.1181e5Mm; 
Ap8CMloc:(-9.5602e4,-1.5523e5)Mm; rv:(-4.5768e4,-2.5966e4)kph; av:(-1.6477e5,-9.3478e4)kph; os: 5.2621e4kph; or: 1.8231e5Mm; 
Time:   42.00~months, Distance to sun:157506.5Mm, Energy:********YJ, Momentum( 9.5932e1, 9.2359e1)Pgm/s
Sun  loc:(-1.5735e5, 6.9931e3)Mm; rv:( 0.0000e0, 0.0000e0)kph; av:(-1.7479e4,-3.7694e5)kph; os: 0.0000e0kph; or: 0.0000e0Mm; 
Earthloc:( 0.0000e0, 0.0000e0)Mm; rv:( 4.8554e3, 1.0471e5)kph; av:( 0.0000e0, 0.0000e0)kph; os: 1.0482e5kph; or: 1.5751e5Mm; 
Moon loc:(-5.1797e4,-1.2262e5)Mm; rv:( 7.1364e4,-3.9676e4)kph; av:( 2.5691e5,-1.4283e5)kph; os: 8.1651e4kph; or: 1.3312e5Mm; 
Ap8CMloc:(-1.0573e5,-2.7287e5)Mm; rv:( 5.1588e4,-7.0727e4)kph; av:( 1.8572e5,-2.5462e5)kph; os: 8.7542e4kph; or: 2.9264e5Mm; 
Time:   45.00~months, Distance to sun:158735.0Mm, Energy:********YJ, Momentum( 1.1050e2, 1.0995e2)Pgm/s
Sun  loc:(-4.8857e4,-1.5103e5)Mm; rv:( 0.0000e0, 0.0000e0)kph; av:( 3.5597e5,-1.1820e5)kph; os: 0.0000e0kph; or: 0.0000e0Mm; 
Earthloc:( 0.0000e0, 0.0000e0)Mm; rv:(-9.8880e4, 3.2834e4)kph; av:( 0.0000e0, 0.0000e0)kph; os: 1.0419e5kph; or: 1.5874e5Mm; 
Moon loc:( 1.0339e5,-9.8098e4)Mm; rv:( 6.1811e4, 6.4426e4)kph; av:( 2.2252e5, 2.3193e5)kph; os: 8.9282e4kph; or: 1.4252e5Mm; 
Ap8CMloc:( 9.7746e4,-3.2012e5)Mm; rv:( 1.3302e5, 4.7558e4)kph; av:( 4.7886e5, 1.7121e5)kph; os: 1.4126e5kph; or: 3.3471e5Mm; 
Time:   48.00~months, Distance to sun:160340.6Mm, Energy:********YJ, Momentum( 1.2507e2, 7.4767e1)Pgm/s
Sun  loc:( 1.3192e5,-9.1137e4)Mm; rv:( 0.0000e0, 0.0000e0)kph; av:( 2.1300e5, 3.0491e5)kph; os: 0.0000e0kph; or: 0.0000e0Mm; 
Earthloc:( 0.0000e0, 0.0000e0)Mm; rv:(-5.9167e4,-8.4697e4)kph; av:( 0.0000e0, 0.0000e0)kph; os: 1.0332e5kph; or: 1.6034e5Mm; 
Moon loc:( 1.2133e5, 6.7048e4)Mm; rv:(-4.6597e4, 7.8356e4)kph; av:(-1.6775e5, 2.8208e5)kph; os: 9.1165e4kph; or: 1.3862e5Mm; 
Ap8CMloc:( 2.7148e5,-5.8961e4)Mm; rv:(-2.6180e3, 1.9642e5)kph; av:(-9.4246e3, 7.0710e5)kph; os: 1.9643e5kph; or: 2.7781e5Mm; 
Time:   51.00~months, Distance to sun:160793.7Mm, Energy:********YJ, Momentum( 1.2205e2,-6.1573e1)Pgm/s
Sun  loc:( 1.2725e5, 9.8298e4)Mm; rv:( 0.0000e0, 0.0000e0)kph; av:(-2.2767e5, 2.9355e5)kph; os: 0.0000e0kph; or: 0.0000e0Mm; 
Earthloc:( 0.0000e0, 0.0000e0)Mm; rv:( 6.3242e4,-8.1541e4)kph; av:( 0.0000e0, 0.0000e0)kph; os: 1.0319e5kph; or: 1.6079e5Mm; 
Moon loc:(-3.2467e4, 1.3451e5)Mm; rv:(-8.9609e4,-1.7824e4)kph; av:(-3.2259e5,-6.4165e4)kph; os: 9.1364e4kph; or: 1.3837e5Mm; 
Ap8CMloc:( 3.7897e4, 2.1567e5)Mm; rv:(-1.8103e5, 3.8938e4)kph; av:(-6.5172e5, 1.4018e5)kph; os: 1.8517e5kph; or: 2.1897e5Mm; 
Time:   54.00~months, Distance to sun:160201.7Mm, Energy:********YJ, Momentum( 1.1875e2, 3.0786e1)Pgm/s
Sun  loc:(-5.5710e4, 1.5020e5)Mm; rv:( 0.0000e0, 0.0000e0)kph; av:(-3.4969e5,-1.3115e5)kph; os: 0.0000e0kph; or: 0.0000e0Mm; 
Earthloc:( 0.0000e0, 0.0000e0)Mm; rv:( 9.7136e4, 3.6431e4)kph; av:( 0.0000e0, 0.0000e0)kph; os: 1.0374e5kph; or: 1.6020e5Mm; 
Moon loc:(-1.5312e5, 1.0618e4)Mm; rv:(-1.7095e4,-9.4706e4)kph; av:(-6.1543e4,-3.4094e5)kph; os: 9.6236e4kph; or: 1.5349e5Mm; 
Ap8CMloc:(-2.8376e5, 1.2598e5)Mm; rv:(-1.2703e5,-1.1701e5)kph; av:(-4.5732e5,-4.2123e5)kph; os: 1.7271e5kph; or: 3.1047e5Mm; 
Time:   57.00~months, Distance to sun:160134.9Mm, Energy:********YJ, Momentum( 8.9885e1, 5.7175e1)Pgm/s
Sun  loc:(-1.5984e5,-9.7314e3)Mm; rv:( 0.0000e0, 0.0000e0)kph; av:( 2.1805e4,-3.7361e5)kph; os: 0.0000e0kph; or: 0.0000e0Mm; 
Earthloc:( 0.0000e0, 0.0000e0)Mm; rv:(-6.0571e3, 1.0378e5)kph; av:( 0.0000e0, 0.0000e0)kph; os: 1.0396e5kph; or: 1.6013e5Mm; 
Moon loc:(-7.4440e4,-1.5719e5)Mm; rv:( 9.0799e4,-5.2540e4)kph; av:( 3.2688e5,-1.8914e5)kph; os: 1.0490e5kph; or: 1.7393e5Mm; 
Ap8CMloc:(-3.9629e5,-1.7775e5)Mm; rv:( 2.2325e4,-1.6690e5)kph; av:( 8.0369e4,-6.0084e5)kph; os: 1.6839e5kph; or: 4.3433e5Mm; 
Time:   60.00~months, Distance to sun:161430.3Mm, Energy:********YJ, Momentum( 1.7297e2, 7.9165e1)Pgm/s
Sun  loc:(-3.8394e4,-1.5680e5)Mm; rv:( 0.0000e0, 0.0000e0)kph; av:( 3.6048e5,-9.1281e4)kph; os: 0.0000e0kph; or: 0.0000e0Mm; 
Earthloc:( 0.0000e0, 0.0000e0)Mm; rv:(-1.0013e5, 2.5356e4)kph; av:( 0.0000e0, 0.0000e0)kph; os: 1.0329e5kph; or: 1.6143e5Mm; 
Moon loc:( 1.2481e5,-1.3468e5)Mm; rv:( 8.3069e4, 7.5862e4)kph; av:( 2.9905e5, 2.7310e5)kph; os: 1.1250e5kph; or: 1.8362e5Mm; 
Ap8CMloc:(-2.1613e5,-4.2458e5)Mm; rv:( 1.4114e5,-6.2943e4)kph; av:( 5.0812e5,-2.2660e5)kph; os: 1.5454e5kph; or: 4.7642e5Mm; 
Time:   63.00~months, Distance to sun:163000.3Mm, Energy:********YJ, Momentum( 1.7262e2, 6.5971e1)Pgm/s
Sun  loc:( 1.3768e5,-8.7258e4)Mm; rv:( 0.0000e0, 0.0000e0)kph; av:( 1.9901e5, 3.1056e5)kph; os: 0.0000e0kph; or: 0.0000e0Mm; 
Earthloc:( 0.0000e0, 0.0000e0)Mm; rv:(-5.5281e4,-8.6267e4)kph; av:( 0.0000e0, 0.0000e0)kph; os: 1.0246e5kph; or: 1.6300e5Mm; 
Moon loc:( 1.6529e5, 7.1172e4)Mm; rv:(-4.8408e4, 1.0421e5)kph; av:(-1.7427e5, 3.7517e5)kph; os: 1.1491e5kph; or: 1.7996e5Mm; 
Ap8CMloc:( 5.4975e4,-4.0103e5)Mm; rv:( 1.0933e5, 7.7713e4)kph; av:( 3.9357e5, 2.7977e5)kph; os: 1.3413e5kph; or: 4.0479e5Mm; 
Time:   66.00~months, Distance to sun:163407.7Mm, Energy:********YJ, Momentum( 1.5118e2,-4.3980e0)Pgm/s
Sun  loc:( 1.2827e5, 1.0124e5)Mm; rv:( 0.0000e0, 0.0000e0)kph; av:(-2.2891e5, 2.8878e5)kph; os: 0.0000e0kph; or: 0.0000e0Mm; 
Earthloc:( 0.0000e0, 0.0000e0)Mm; rv:( 6.3587e4,-8.0217e4)kph; av:( 0.0000e0, 0.0000e0)kph; os: 1.0236e5kph; or: 1.6341e5Mm; 
Moon loc:(-1.8198e4, 1.7676e5)Mm; rv:(-1.1385e5,-9.5945e3)kph; av:(-4.0986e5,-3.4540e4)kph; os: 1.1425e5kph; or: 1.7770e5Mm; 
Ap8CMloc:( 1.5656e5,-1.9699e5)Mm; rv:(-6.7558e3, 1.0567e5)kph; av:(-2.4321e4, 3.8042e5)kph; os: 1.0589e5kph; or: 2.5163e5Mm; 
Time:   69.00~months, Distance to sun:162792.2Mm, Energy:********YJ, Momentum( 1.7977e2,-2.1990e1)Pgm/s
Sun  loc:(-5.3577e4, 1.5372e5)Mm; rv:( 0.0000e0, 0.0000e0)kph; av:(-3.4937e5,-1.2326e5)kph; os: 0.0000e0kph; or: 0.0000e0Mm; 
Earthloc:( 0.0000e0, 0.0000e0)Mm; rv:( 9.7048e4, 3.4239e4)kph; av:( 0.0000e0, 0.0000e0)kph; os: 1.0291e5kph; or: 1.6279e5Mm; 
Moon loc:(-1.8486e5, 4.2896e4)Mm; rv:(-3.5401e4,-1.1149e5)kph; av:(-1.2745e5,-4.0136e5)kph; os: 1.1698e5kph; or: 1.8978e5Mm; 
Ap8CMloc:( 7.6624e4,-5.4392e4)Mm; rv:(-5.4586e4, 3.3643e4)kph; av:(-1.9651e5, 1.2112e5)kph; os: 6.4121e4kph; or: 9.3967e4Mm; 
Time:   72.00~months, Distance to sun:162670.4Mm, Energy:********YJ, Momentum( 9.5657e1, 3.0786e1)Pgm/s
Sun  loc:(-1.6266e5,-1.7698e3)Mm; rv:( 0.0000e0, 0.0000e0)kph; av:( 3.2351e3,-3.7132e5)kph; os: 0.0000e0kph; or: 0.0000e0Mm; 
Earthloc:( 0.0000e0, 0.0000e0)Mm; rv:(-8.9864e2, 1.0315e5)kph; av:( 0.0000e0, 0.0000e0)kph; os: 1.0315e5kph; or: 1.6267e5Mm; 
Moon loc:(-1.2123e5,-1.7055e5)Mm; rv:( 9.5644e4,-7.8884e4)kph; av:( 3.4432e5,-2.8398e5)kph; os: 1.2398e5kph; or: 2.0925e5Mm; 
Ap8CMloc:( 8.4812e2,-2.9571e4)Mm; rv:(-2.2759e4, 9.0669e3)kph; av:(-8.1931e4, 3.2641e4)kph; os: 2.4498e4kph; or: 2.9583e4Mm; 
Time:   75.00~months, Distance to sun:163898.0Mm, Energy:********YJ, Momentum( 1.3119e2, 4.8379e1)Pgm/s
Sun  loc:(-5.1390e4,-1.5563e5)Mm; rv:( 0.0000e0, 0.0000e0)kph; av:( 3.4962e5,-1.1846e5)kph; os: 0.0000e0kph; or: 0.0000e0Mm; 
Earthloc:( 0.0000e0, 0.0000e0)Mm; rv:(-9.7115e4, 3.2907e4)kph; av:( 0.0000e0, 0.0000e0)kph; os: 1.0254e5kph; or: 1.6390e5Mm; 
Moon loc:( 1.1441e5,-1.8858e5)Mm; rv:( 1.1340e5, 6.6502e4)kph; av:( 4.0824e5, 2.3941e5)kph; os: 1.3146e5kph; or: 2.2057e5Mm; 
Ap8CMloc:(-6.9668e4,-2.5011e4)Mm; rv:(-3.9124e4,-2.9734e4)kph; av:(-1.4085e5,-1.0704e5)kph; os: 4.9141e4kph; or: 7.4022e4Mm; 
Time:   78.00~months, Distance to sun:165499.2Mm, Energy:********YJ, Momentum( 1.5311e2, 7.4767e1)Pgm/s
Sun  loc:( 1.2958e5,-1.0295e5)Mm; rv:( 0.0000e0, 0.0000e0)kph; av:( 2.2932e5, 2.8540e5)kph; os: 0.0000e0kph; or: 0.0000e0Mm; 
Earthloc:( 0.0000e0, 0.0000e0)Mm; rv:(-6.3700e4,-7.9278e4)kph; av:( 0.0000e0, 0.0000e0)kph; os: 1.0170e5kph; or: 1.6550e5Mm; 
Moon loc:( 2.1536e5, 3.6416e4)Mm; rv:(-2.5749e4, 1.3265e5)kph; av:(-9.2696e4, 4.7753e5)kph; os: 1.3512e5kph; or: 2.1842e5Mm; 
Ap8CMloc:(-7.7703e4,-7.8984e4)Mm; rv:( 1.2254e4,-4.8469e2)kph; av:( 4.4115e4,-1.7449e3)kph; os: 1.2264e4kph; or: 1.1080e5Mm; 
Time:   81.00~months, Distance to sun:166030.9Mm, Energy:********YJ, Momentum( 1.5586e2, 7.0369e1)Pgm/s
Sun  loc:( 1.4298e5, 8.4400e4)Mm; rv:( 0.0000e0, 0.0000e0)kph; av:(-1.8626e5, 3.1446e5)kph; os: 0.0000e0kph; or: 0.0000e0Mm; 
Earthloc:( 0.0000e0, 0.0000e0)Mm; rv:( 5.1739e4,-8.7349e4)kph; av:( 0.0000e0, 0.0000e0)kph; os: 1.0152e5kph; or: 1.6603e5Mm; 
Moon loc:( 3.6472e4, 2.1069e5)Mm; rv:(-1.3249e5, 2.2830e4)kph; av:(-4.7697e5, 8.2189e4)kph; os: 1.3444e5kph; or: 2.1383e5Mm; 
Ap8CMloc:(-1.0479e5,-4.3120e4)Mm; rv:(-4.7752e4, 1.7661e4)kph; av:(-1.7191e5, 6.3580e4)kph; os: 5.0913e4kph; or: 1.1331e5Mm; 
Time:   84.00~months, Distance to sun:165448.0Mm, Energy:********YJ, Momentum( 1.9915e2, 3.0786e1)Pgm/s
Sun  loc:(-2.7837e4, 1.6309e5)Mm; rv:( 0.0000e0, 0.0000e0)kph; av:(-3.6182e5,-6.3328e4)kph; os: 0.0000e0kph; or: 0.0000e0Mm; 
Earthloc:( 0.0000e0, 0.0000e0)Mm; rv:( 1.0050e5, 1.7591e4)kph; av:( 0.0000e0, 0.0000e0)kph; os: 1.0203e5kph; or: 1.6545e5Mm; 
Moon loc:(-1.9180e5, 1.1027e5)Mm; rv:(-7.3416e4,-1.1312e5)kph; av:(-2.6430e5,-4.0723e5)kph; os: 1.3486e5kph; or: 2.2124e5Mm; 
Ap8CMloc:(-2.3638e5,-7.9673e4)Mm; rv:(-6.7390e4,-6.4298e4)kph; av:(-2.4260e5,-2.3147e5)kph; os: 9.3143e4kph; or: 2.4945e5Mm; 
Time:   87.00~months, Distance to sun:165140.6Mm, Energy:********YJ, Momentum( 2.2815e2, 1.1875e2)Pgm/s
Sun  loc:(-1.6237e5, 3.0150e4)Mm; rv:( 0.0000e0, 0.0000e0)kph; av:(-6.7624e4,-3.6229e5)kph; os: 0.0000e0kph; or: 0.0000e0Mm; 
Earthloc:( 0.0000e0, 0.0000e0)Mm; rv:( 1.8784e4, 1.0064e5)kph; av:( 0.0000e0, 0.0000e0)kph; os: 1.0237e5kph; or: 1.6514e5Mm; 
Moon loc:(-1.9039e5,-1.4426e5)Mm; rv:( 7.6814e4,-1.1645e5)kph; av:( 2.7653e5,-4.1920e5)kph; os: 1.3950e5kph; or: 2.3887e5Mm; 
Ap8CMloc:(-2.8815e5,-2.7891e5)Mm; rv:( 3.0558e4,-1.2077e5)kph; av:( 1.1001e5,-4.3478e5)kph; os: 1.2458e5kph; or: 4.0103e5Mm; 
Time:   90.00~months, Distance to sun:166153.6Mm, Energy:********YJ, Momentum( 2.2801e2, 6.1573e1)Pgm/s
Sun  loc:(-8.5329e4,-1.4257e5)Mm; rv:( 0.0000e0, 0.0000e0)kph; av:( 3.1341e5,-1.9069e5)kph; os: 0.0000e0kph; or: 0.0000e0Mm; 
Earthloc:( 0.0000e0, 0.0000e0)Mm; rv:(-8.7058e4, 5.2968e4)kph; av:( 0.0000e0, 0.0000e0)kph; os: 1.0191e5kph; or: 1.6615e5Mm; 
Moon loc:( 5.4193e4,-2.4660e5)Mm; rv:( 1.4359e5, 2.7705e4)kph; av:( 5.1694e5, 9.9740e4)kph; os: 1.4624e5kph; or: 2.5249e5Mm; 
Ap8CMloc:(-1.0566e5,-4.6223e5)Mm; rv:( 1.4335e5,-4.2784e4)kph; av:( 5.1605e5,-1.5402e5)kph; os: 1.4959e5kph; or: 4.7415e5Mm; 
Time:   93.00~months, Distance to sun:167805.0Mm, Energy:********YJ, Momentum( 2.5632e2, 7.9165e1)Pgm/s
Sun  loc:( 1.0226e5,-1.3305e5)Mm; rv:( 0.0000e0, 0.0000e0)kph; av:( 2.8990e5, 2.1975e5)kph; os: 0.0000e0kph; or: 0.0000e0Mm; 
Earthloc:( 0.0000e0, 0.0000e0)Mm; rv:(-8.0527e4,-6.1043e4)kph; av:( 0.0000e0, 0.0000e0)kph; os: 1.0105e5kph; or: 1.6781e5Mm; 
Moon loc:( 2.4834e5,-5.0541e4)Mm; rv:( 2.7778e4, 1.4872e5)kph; av:( 9.9999e4, 5.3539e5)kph; os: 1.5129e5kph; or: 2.5343e5Mm; 
Ap8CMloc:( 1.9046e5,-3.9803e5)Mm; rv:( 1.3207e5, 1.0790e5)kph; av:( 4.7545e5, 3.8845e5)kph; os: 1.7054e5kph; or: 4.4125e5Mm; 
Time:   96.00~months, Distance to sun:168619.9Mm, Energy:********YJ, Momentum( 2.6058e2, 2.1990e1)Pgm/s
Sun  loc:( 1.6282e5, 4.3848e4)Mm; rv:( 0.0000e0, 0.0000e0)kph; av:(-9.4285e4, 3.5005e5)kph; os: 0.0000e0kph; or: 0.0000e0Mm; 
Earthloc:( 0.0000e0, 0.0000e0)Mm; rv:( 2.6190e4,-9.7236e4)kph; av:( 0.0000e0, 0.0000e0)kph; os: 1.0070e5kph; or: 1.6862e5Mm; 
Moon loc:( 1.3519e5, 2.0741e5)Mm; rv:(-1.2853e5, 8.1048e4)kph; av:(-4.6270e5, 2.9177e5)kph; os: 1.5195e5kph; or: 2.4758e5Mm; 
Ap8CMloc:( 3.2822e5,-8.5213e4)Mm; rv:(-6.8779e3, 1.8978e5)kph; av:(-2.4760e4, 6.8320e5)kph; os: 1.8990e5kph; or: 3.3910e5Mm; 
Time:   99.00~months, Distance to sun:168186.6Mm, Energy:********YJ, Momentum( 2.7914e2, 7.9165e1)Pgm/s
Sun  loc:( 2.1937e4, 1.6675e5)Mm; rv:( 0.0000e0, 0.0000e0)kph; av:(-3.6107e5, 4.5872e4)kph; os: 0.0000e0kph; or: 0.0000e0Mm; 
Earthloc:( 0.0000e0, 0.0000e0)Mm; rv:( 1.0030e5,-1.2742e4)kph; av:( 0.0000e0, 0.0000e0)kph; os: 1.0110e5kph; or: 1.6819e5Mm; 
Moon loc:(-1.4579e5, 2.0215e5)Mm; rv:(-1.2472e5,-8.4712e4)kph; av:(-4.4900e5,-3.0496e5)kph; os: 1.5077e5kph; or: 2.4924e5Mm; 
Ap8CMloc:( 1.2941e5, 2.4582e5)Mm; rv:(-1.9758e5, 1.0704e5)kph; av:(-7.1130e5, 3.8533e5)kph; os: 2.2471e5kph; or: 2.7781e5Mm; 
Time:  102.00~months, Distance to sun:167633.7Mm, Energy:********YJ, Momentum( 3.3123e2, 1.2754e2)Pgm/s
Sun  loc:(-1.4606e5, 8.2273e4)Mm; rv:( 0.0000e0, 0.0000e0)kph; av:(-1.7914e5,-3.1881e5)kph; os: 0.0000e0kph; or: 0.0000e0Mm; 
Earthloc:( 0.0000e0, 0.0000e0)Mm; rv:( 4.9761e4, 8.8560e4)kph; av:( 0.0000e0, 0.0000e0)kph; os: 1.0158e5kph; or: 1.6763e5Mm; 
Moon loc:(-2.5682e5,-5.7084e4)Mm; rv:( 2.4667e4,-1.5050e5)kph; av:( 8.8803e4,-5.4178e5)kph; os: 1.5250e5kph; or: 2.6308e5Mm; 
Ap8CMloc:(-2.7927e5, 1.8231e5)Mm; rv:(-1.4800e5,-1.4896e5)kph; av:(-5.3280e5,-5.3627e5)kph; os: 2.0999e5kph; or: 3.3351e5Mm; 
Time:  105.00~months, Distance to sun:168251.3Mm, Energy:********YJ, Momentum( 3.3095e2, 1.1435e2)Pgm/s
Sun  loc:(-1.3120e5,-1.0534e5)Mm; rv:( 0.0000e0, 0.0000e0)kph; av:( 2.2677e5,-2.8586e5)kph; os: 0.0000e0kph; or: 0.0000e0Mm; 
Earthloc:( 0.0000e0, 0.0000e0)Mm; rv:(-6.2990e4, 7.9406e4)kph; av:( 0.0000e0, 0.0000e0)kph; os: 1.0136e5kph; or: 1.6825e5Mm; 
Moon loc:(-6.3860e4,-2.7101e5)Mm; rv:( 1.5181e5,-4.1710e4)kph; av:( 5.4650e5,-1.5015e5)kph; os: 1.5743e5kph; or: 2.7843e5Mm; 
Ap8CMloc:(-3.7446e5,-1.5407e5)Mm; rv:( 4.1432e4,-1.5726e5)kph; av:( 1.4916e5,-5.6613e5)kph; os: 1.6262e5kph; or: 4.0492e5Mm; 
Time:  108.00~months, Distance to sun:169861.7Mm, Energy:********YJ, Momentum( 3.3920e2, 1.2754e2)Pgm/s
Sun  loc:( 4.7147e4,-1.6319e5)Mm; rv:( 0.0000e0, 0.0000e0)kph; av:( 3.4848e5, 9.7749e4)kph; os: 0.0000e0kph; or: 0.0000e0Mm; 
Earthloc:( 0.0000e0, 0.0000e0)Mm; rv:(-9.6801e4,-2.7153e4)kph; av:( 0.0000e0, 0.0000e0)kph; os: 1.0054e5kph; or: 1.6986e5Mm; 
Moon loc:( 2.1989e5,-1.7947e5)Mm; rv:( 1.0270e5, 1.2659e5)kph; av:( 3.6971e5, 4.5573e5)kph; os: 1.6301e5kph; or: 2.8384e5Mm; 
Ap8CMloc:(-1.9552e5,-3.4921e5)Mm; rv:( 1.1487e5,-3.2737e4)kph; av:( 4.1352e5,-1.1785e5)kph; os: 1.1944e5kph; or: 4.0022e5Mm; 
Time:  111.00~months, Distance to sun:171065.9Mm, Energy:********YJ, Momentum( 3.2408e2, 1.0555e2)Pgm/s
Sun  loc:( 1.6952e5,-2.2952e4)Mm; rv:( 0.0000e0, 0.0000e0)kph; av:( 4.9140e4, 3.5650e5)kph; os: 0.0000e0kph; or: 0.0000e0Mm; 
Earthloc:( 0.0000e0, 0.0000e0)Mm; rv:(-1.3650e4,-9.9027e4)kph; av:( 0.0000e0, 0.0000e0)kph; os: 9.9963e4kph; or: 1.7107e5Mm; 
Moon loc:( 2.4961e5, 1.2506e5)Mm; rv:(-7.7355e4, 1.4682e5)kph; av:(-2.7848e5, 5.2855e5)kph; os: 1.6595e5kph; or: 2.7918e5Mm; 
Ap8CMloc:(-1.4034e4,-3.0393e5)Mm; rv:( 5.3716e4, 6.2852e4)kph; av:( 1.9338e5, 2.2627e5)kph; os: 8.2679e4kph; or: 3.0425e5Mm; 
Time:  114.00~months, Distance to sun:170987.1Mm, Energy:********YJ, Momentum( 3.3755e2, 1.3634e2)Pgm/s
Sun  loc:( 9.0165e4, 1.4528e5)Mm; rv:( 0.0000e0, 0.0000e0)kph; av:(-3.0703e5, 1.8896e5)kph; os: 0.0000e0kph; or: 0.0000e0Mm; 
Earthloc:( 0.0000e0, 0.0000e0)Mm; rv:( 8.5287e4,-5.2489e4)kph; av:( 0.0000e0, 0.0000e0)kph; os: 1.0014e5kph; or: 1.7099e5Mm; 
Moon loc:(-1.9907e4, 2.7488e5)Mm; rv:(-1.6472e5,-1.1358e4)kph; av:(-5.9298e5,-4.0888e4)kph; os: 1.6511e5kph; or: 2.7560e5Mm; 
Ap8CMloc:(-1.2693e3,-1.8121e5)Mm; rv:(-3.3129e4, 4.2957e4)kph; av:(-1.1927e5, 1.5465e5)kph; os: 5.4248e4kph; or: 1.8122e5Mm; 
Time:  117.00~months, Distance to sun:170270.6Mm, Energy:********YJ, Momentum( 3.3006e2, 1.4074e2)Pgm/s
Sun  loc:(-9.6551e4, 1.4025e5)Mm; rv:( 0.0000e0, 0.0000e0)kph; av:(-2.9793e5,-2.0656e5)kph; os: 0.0000e0kph; or: 0.0000e0Mm; 
Earthloc:( 0.0000e0, 0.0000e0)Mm; rv:( 8.2758e4, 5.7378e4)kph; av:( 0.0000e0, 0.0000e0)kph; os: 1.0070e5kph; or: 1.7027e5Mm; 
Moon loc:(-2.6736e5, 9.3391e4)Mm; rv:(-6.0308e4,-1.5276e5)kph; av:(-2.1711e5,-5.4993e5)kph; os: 1.6423e5kph; or: 2.8320e5Mm; 
Ap8CMloc:(-8.0392e4,-1.7560e5)Mm; rv:(-2.7161e4,-3.6090e4)kph; av:(-9.7780e4,-1.2993e5)kph; os: 4.5169e4kph; or: 1.9312e5Mm; 
Time:  120.00~months, Distance to sun:170331.1Mm, Energy:********YJ, Momentum( 3.3783e2, 1.0995e2)Pgm/s
Sun  loc:(-1.6704e5,-3.3298e4)Mm; rv:( 0.0000e0, 0.0000e0)kph; av:( 6.9800e4,-3.5612e5)kph; os: 0.0000e0kph; or: 0.0000e0Mm; 
Earthloc:( 0.0000e0, 0.0000e0)Mm; rv:(-1.9389e4, 9.8923e4)kph; av:( 0.0000e0, 0.0000e0)kph; os: 1.0081e5kph; or: 1.7033e5Mm; 
Moon loc:(-2.1196e5,-2.0955e5)Mm; rv:( 1.1172e5,-1.2323e5)kph; av:( 4.0218e5,-4.4364e5)kph; os: 1.6633e5kph; or: 2.9805e5Mm; 
Ap8CMloc:(-4.8235e4,-2.7149e5)Mm; rv:( 6.5021e4,-3.9669e4)kph; av:( 2.3407e5,-1.4281e5)kph; os: 7.6167e4kph; or: 2.7574e5Mm; 
Time:  123.00~months, Distance to sun:171654.6Mm, Energy:********YJ, Momentum( 4.1177e2, 1.7592e2)Pgm/s
Sun  loc:(-3.6865e4,-1.6765e5)Mm; rv:( 0.0000e0, 0.0000e0)kph; av:( 3.5156e5,-8.0260e4)kph; os: 0.0000e0kph; or: 0.0000e0Mm; 
Earthloc:( 0.0000e0, 0.0000e0)Mm; rv:(-9.7654e4, 2.2295e4)kph; av:( 0.0000e0, 0.0000e0)kph; os: 1.0017e5kph; or: 1.7165e5Mm; 
Moon loc:( 9.0799e4,-2.9445e5)Mm; rv:( 1.6387e5, 4.8107e4)kph; av:( 5.8993e5, 1.7318e5)kph; os: 1.7079e5kph; or: 3.0813e5Mm; 
Ap8CMloc:( 1.3613e5,-2.4495e5)Mm; rv:( 9.6567e4, 8.1773e4)kph; av:( 3.4764e5, 2.9438e5)kph; os: 1.2654e5kph; or: 2.8024e5Mm; 
Time:  126.00~months, Distance to sun:173208.2Mm, Energy:********YJ, Momentum( 4.1245e2, 1.9791e2)Pgm/s
Sun  loc:( 1.3787e5,-1.0485e5)Mm; rv:( 0.0000e0, 0.0000e0)kph; av:( 2.1815e5, 2.8365e5)kph; os: 0.0000e0kph; or: 0.0000e0Mm; 
Earthloc:( 0.0000e0, 0.0000e0)Mm; rv:(-6.0596e4,-7.8791e4)kph; av:( 0.0000e0, 0.0000e0)kph; os: 9.9398e4kph; or: 1.7321e5Mm; 
Moon loc:( 3.0316e5,-5.1648e4)Mm; rv:( 2.6843e4, 1.7323e5)kph; av:( 9.6634e4, 6.2363e5)kph; os: 1.7530e5kph; or: 3.0753e5Mm; 
Ap8CMloc:( 1.8814e5, 1.3714e4)Mm; rv:(-6.7930e4, 1.3289e5)kph; av:(-2.4455e5, 4.7839e5)kph; os: 1.4924e5kph; or: 1.8863e5Mm; 
Time:  129.00~months, Distance to sun:173719.9Mm, Energy:********YJ, Momentum( 4.1122e2, 9.2359e1)Pgm/s
Sun  loc:( 1.5448e5, 7.9465e4)Mm; rv:( 0.0000e0, 0.0000e0)kph; av:(-1.6386e5, 3.1744e5)kph; os: 0.0000e0kph; or: 0.0000e0Mm; 
Earthloc:( 0.0000e0, 0.0000e0)Mm; rv:( 4.5517e4,-8.8177e4)kph; av:( 0.0000e0, 0.0000e0)kph; os: 9.9232e4kph; or: 1.7372e5Mm; 
Moon loc:( 1.7022e5, 2.4902e5)Mm; rv:(-1.4741e5, 9.7779e4)kph; av:(-5.3069e5, 3.5201e5)kph; os: 1.7690e5kph; or: 3.0164e5Mm; 
Ap8CMloc:(-2.2034e4, 1.4848e5)Mm; rv:(-1.2091e5, 1.5708e4)kph; av:(-4.3528e5, 5.6549e4)kph; os: 1.2193e5kph; or: 1.5010e5Mm; 
Time:  132.00~months, Distance to sun:173124.2Mm, Energy:********YJ, Momentum( 4.2482e2, 2.3749e2)Pgm/s
Sun  loc:(-5.4032e3, 1.7304e5)Mm; rv:( 0.0000e0, 0.0000e0)kph; av:(-3.5870e5,-1.2876e4)kph; os: 0.0000e0kph; or: 0.0000e0Mm; 
Earthloc:( 0.0000e0, 0.0000e0)Mm; rv:( 9.9639e4, 3.5767e3)kph; av:( 0.0000e0, 0.0000e0)kph; os: 9.9703e4kph; or: 1.7312e5Mm; 
Moon loc:(-1.5837e5, 2.5690e5)Mm; rv:(-1.5081e5,-8.9618e4)kph; av:(-5.4291e5,-3.2263e5)kph; os: 1.7543e5kph; or: 3.0179e5Mm; 
Ap8CMloc:(-2.5977e5, 9.0252e4)Mm; rv:(-1.1064e5,-7.7942e4)kph; av:(-3.9829e5,-2.8059e5)kph; os: 1.3533e5kph; or: 2.7500e5Mm; 
Time:  135.00~months, Distance to sun:172618.7Mm, Energy:********YJ, Momentum( 4.6839e2, 2.4629e2)Pgm/s
Sun  loc:(-1.5891e5, 6.7417e4)Mm; rv:( 0.0000e0, 0.0000e0)kph; av:(-1.4059e5,-3.3190e5)kph; os: 0.0000e0kph; or: 0.0000e0Mm; 
Earthloc:( 0.0000e0, 0.0000e0)Mm; rv:( 3.9053e4, 9.2195e4)kph; av:( 0.0000e0, 0.0000e0)kph; os: 1.0013e5kph; or: 1.7262e5Mm; 
Moon loc:(-3.1065e5,-3.2447e4)Mm; rv:( 1.1295e4,-1.7421e5)kph; av:( 4.0662e4,-6.2716e5)kph; os: 1.7458e5kph; or: 3.1234e5Mm; 
Ap8CMloc:(-3.9860e5,-1.4399e5)Mm; rv:(-1.6416e4,-1.4737e5)kph; av:(-5.9099e4,-5.3053e5)kph; os: 1.4828e5kph; or: 4.2381e5Mm; 
Time:  138.00~months, Distance to sun:173313.0Mm, Energy:********YJ, Momentum( 4.6454e2, 2.0671e2)Pgm/s
Sun  loc:(-1.2823e5,-1.1660e5)Mm; rv:( 0.0000e0, 0.0000e0)kph; av:( 2.4020e5,-2.6746e5)kph; os: 0.0000e0kph; or: 0.0000e0Mm; 
Earthloc:( 0.0000e0, 0.0000e0)Mm; rv:(-6.6722e4, 7.4294e4)kph; av:( 0.0000e0, 0.0000e0)kph; os: 9.9857e4kph; or: 1.7331e5Mm; 
Moon loc:(-1.2256e5,-3.0120e5)Mm; rv:( 1.6138e5,-7.1125e4)kph; av:( 5.8097e5,-2.5605e5)kph; os: 1.7636e5kph; or: 3.2518e5Mm; 
Ap8CMloc:(-3.0279e5,-4.1411e5)Mm; rv:( 1.0856e5,-1.0618e5)kph; av:( 3.9083e5,-3.8223e5)kph; os: 1.5185e5kph; or: 5.1300e5Mm; 
Time:  141.00~months, Distance to sun:174919.4Mm, Energy:********YJ, Momentum( 4.4723e2, 2.6388e2)Pgm/s
Sun  loc:( 5.0107e4,-1.6759e5)Mm; rv:( 0.0000e0, 0.0000e0)kph; av:( 3.4249e5, 9.9488e4)kph; os: 0.0000e0kph; or: 0.0000e0Mm; 
Earthloc:( 0.0000e0, 0.0000e0)Mm; rv:(-9.5136e4,-2.7635e4)kph; av:( 0.0000e0, 0.0000e0)kph; os: 9.9068e4kph; or: 1.7492e5Mm; 
Moon loc:( 2.0755e5,-2.5705e5)Mm; rv:( 1.4016e5, 1.1328e5)kph; av:( 5.0457e5, 4.0780e5)kph; os: 1.8021e5kph; or: 3.3038e5Mm; 
Ap8CMloc:(-3.0652e4,-5.0280e5)Mm; rv:( 1.4745e5, 2.1710e4)kph; av:( 5.3084e5, 7.8157e4)kph; os: 1.4904e5kph; or: 5.0373e5Mm; 
Time:  144.00~months, Distance to sun:176121.1Mm, Energy:********YJ, Momentum( 4.2524e2, 1.1435e2)Pgm/s
Sun  loc:( 1.7347e5,-3.0439e4)Mm; rv:( 0.0000e0, 0.0000e0)kph; av:( 6.2198e4, 3.4915e5)kph; os: 0.0000e0kph; or: 0.0000e0Mm; 
Earthloc:( 0.0000e0, 0.0000e0)Mm; rv:(-1.7277e4,-9.6986e4)kph; av:( 0.0000e0, 0.0000e0)kph; os: 9.8513e4kph; or: 1.7612e5Mm; 
Moon loc:( 3.2015e5, 6.4453e4)Mm; rv:(-3.9526e4, 1.7977e5)kph; av:(-1.4229e5, 6.4716e5)kph; os: 1.8406e5kph; or: 3.2657e5Mm; 
Ap8CMloc:( 1.9950e5,-3.4857e5)Mm; rv:( 7.1939e4, 1.2120e5)kph; av:( 2.5898e5, 4.3633e5)kph; os: 1.4094e5kph; or: 4.0162e5Mm; 
Time:  147.00~months, Distance to sun:176079.1Mm, Energy:********YJ, Momentum( 5.0633e2, 6.1573e1)Pgm/s
Sun  loc:( 1.0588e5, 1.4069e5)Mm; rv:( 0.0000e0, 0.0000e0)kph; av:(-2.8456e5, 2.1254e5)kph; os: 0.0000e0kph; or: 0.0000e0Mm; 
Earthloc:( 0.0000e0, 0.0000e0)Mm; rv:( 7.9043e4,-5.9039e4)kph; av:( 0.0000e0, 0.0000e0)kph; os: 9.8658e4kph; or: 1.7608e5Mm; 
Moon loc:( 7.9394e4, 3.1152e5)Mm; rv:(-1.7955e5, 4.4501e4)kph; av:(-6.4638e5, 1.6020e5)kph; os: 1.8498e5kph; or: 3.2148e5Mm; 
Ap8CMloc:( 2.3176e5,-9.4727e4)Mm; rv:(-3.5332e4, 1.2048e5)kph; av:(-1.2720e5, 4.3373e5)kph; os: 1.2555e5kph; or: 2.5038e5Mm; 
Time:  150.00~months, Distance to sun:175321.8Mm, Energy:********YJ, Momentum( 5.0481e2, 1.0116e2)Pgm/s
Sun  loc:(-7.8288e4, 1.5687e5)Mm; rv:( 0.0000e0, 0.0000e0)kph; av:(-3.1893e5,-1.6075e5)kph; os: 0.0000e0kph; or: 0.0000e0Mm; 
Earthloc:( 0.0000e0, 0.0000e0)Mm; rv:( 8.8591e4, 4.4654e4)kph; av:( 0.0000e0, 0.0000e0)kph; os: 9.9209e4kph; or: 1.7532e5Mm; 
Moon loc:(-2.4913e5, 2.0772e5)Mm; rv:(-1.2032e5,-1.3810e5)kph; av:(-4.3314e5,-4.9714e5)kph; os: 1.8316e5kph; or: 3.2437e5Mm; 
Ap8CMloc:( 9.6772e4, 8.5494e4)Mm; rv:(-9.2960e4, 6.0150e4)kph; av:(-3.3465e5, 2.1654e5)kph; os: 1.1072e5kph; or: 1.2913e5Mm; 
Time:  153.00~months, Distance to sun:175172.6Mm, Energy:********YJ, Momentum( 5.4178e2, 1.5393e2)Pgm/s
Sun  loc:(-1.7517e5,-1.3117e3)Mm; rv:( 0.0000e0, 0.0000e0)kph; av:( 1.9771e3,-3.5790e5)kph; os: 0.0000e0kph; or: 0.0000e0Mm; 
Earthloc:( 0.0000e0, 0.0000e0)Mm; rv:(-5.4919e2, 9.9416e4)kph; av:( 0.0000e0, 0.0000e0)kph; os: 9.9417e4kph; or: 1.7517e5Mm; 
Moon loc:(-3.0992e5,-1.2834e5)Mm; rv:( 6.3838e4,-1.7034e5)kph; av:( 2.2982e5,-6.1323e5)kph; os: 1.8191e5kph; or: 3.3544e5Mm; 
Ap8CMloc:(-1.2901e5, 1.2027e5)Mm; rv:(-1.2891e5,-4.8877e4)kph; av:(-4.6406e5,-1.7596e5)kph; os: 1.3786e5kph; or: 1.7638e5Mm; 
Time:  156.00~months, Distance to sun:176287.9Mm, Energy:********YJ, Momentum( 5.6570e2, 2.0671e2)Pgm/s
Sun  loc:(-7.6930e4,-1.5862e5)Mm; rv:( 0.0000e0, 0.0000e0)kph; av:( 3.1921e5,-1.5783e5)kph; os: 0.0000e0kph; or: 0.0000e0Mm; 
Earthloc:( 0.0000e0, 0.0000e0)Mm; rv:(-8.8668e4, 4.3842e4)kph; av:( 0.0000e0, 0.0000e0)kph; os: 9.8915e4kph; or: 1.7629e5Mm; 
Moon loc:(-4.3666e4,-3.4281e5)Mm; rv:( 1.8114e5,-2.6326e4)kph; av:( 6.5210e5,-9.4775e4)kph; os: 1.8304e5kph; or: 3.4558e5Mm; 
Ap8CMloc:(-2.5609e5,-8.9094e4)Mm; rv:( 1.3594e4,-1.1579e5)kph; av:( 4.8940e4,-4.1683e5)kph; os: 1.1658e5kph; or: 2.7115e5Mm; 
Time:  159.00~months, Distance to sun:177910.8Mm, Energy:********YJ, Momentum( 5.6254e2, 1.4074e2)Pgm/s
Sun  loc:( 1.0668e5,-1.4238e5)Mm; rv:( 0.0000e0, 0.0000e0)kph; av:( 2.8414e5, 2.0992e5)kph; os: 0.0000e0kph; or: 0.0000e0Mm; 
Earthloc:( 0.0000e0, 0.0000e0)Mm; rv:(-7.8928e4,-5.8310e4)kph; av:( 0.0000e0, 0.0000e0)kph; os: 9.8131e4kph; or: 1.7791e5Mm; 
Moon loc:( 2.7623e5,-2.1069e5)Mm; rv:( 1.1187e5, 1.4905e5)kph; av:( 4.0273e5, 5.3656e5)kph; os: 1.8636e5kph; or: 3.4741e5Mm; 
Ap8CMloc:(-1.5149e5,-2.2367e5)Mm; rv:( 6.6752e4,-1.5707e4)kph; av:( 2.4031e5,-5.6545e4)kph; os: 6.8575e4kph; or: 2.7015e5Mm; 
Time:  162.00~months, Distance to sun:178751.4Mm, Energy:********YJ, Momentum( 5.3821e2, 1.3634e2)Pgm/s
Sun  loc:( 1.7672e5, 2.6873e4)Mm; rv:( 0.0000e0, 0.0000e0)kph; av:(-5.2769e4, 3.4804e5)kph; os: 0.0000e0kph; or: 0.0000e0Mm; 
Earthloc:( 0.0000e0, 0.0000e0)Mm; rv:( 1.4658e4,-9.6679e4)kph; av:( 0.0000e0, 0.0000e0)kph; os: 9.7784e4kph; or: 1.7875e5Mm; 
Moon loc:( 3.1242e5, 1.3976e5)Mm; rv:(-8.0507e4, 1.7200e5)kph; av:(-2.8983e5, 6.1920e5)kph; os: 1.8991e5kph; or: 3.4226e5Mm; 
Ap8CMloc:(-6.9785e4,-1.8309e5)Mm; rv:( 6.2174e3, 4.0936e4)kph; av:( 2.2383e4, 1.4737e5)kph; os: 4.1406e4kph; or: 1.9594e5Mm; 
Time:  165.00~months, Distance to sun:178377.1Mm, Energy:********YJ, Momentum( 5.5553e2, 1.3634e2)Pgm/s
Sun  loc:( 5.9724e4, 1.6808e5)Mm; rv:( 0.0000e0, 0.0000e0)kph; av:(-3.3334e5, 1.1672e5)kph; os: 0.0000e0kph; or: 0.0000e0Mm; 
Earthloc:( 0.0000e0, 0.0000e0)Mm; rv:( 9.2594e4,-3.2423e4)kph; av:( 0.0000e0, 0.0000e0)kph; os: 9.8107e4kph; or: 1.7838e5Mm; 
Moon loc:( 1.5606e4, 3.3784e5)Mm; rv:(-1.9048e5, 8.4148e3)kph; av:(-6.8574e5, 3.0293e4)kph; os: 1.9067e5kph; or: 3.3820e5Mm; 
Ap8CMloc:(-1.2527e5,-1.3013e5)Mm; rv:(-5.2605e4,-1.1016e3)kph; av:(-1.8938e5,-3.9656e3)kph; os: 5.2617e4kph; or: 1.8063e5Mm; 
Time:  168.00~months, Distance to sun:177634.0Mm, Energy:********YJ, Momentum( 5.6158e2, 1.8472e2)Pgm/s
Sun  loc:(-1.2048e5, 1.3053e5)Mm; rv:( 0.0000e0, 0.0000e0)kph; av:(-2.6021e5,-2.4161e5)kph; os: 0.0000e0kph; or: 0.0000e0Mm; 
Earthloc:( 0.0000e0, 0.0000e0)Mm; rv:( 7.2281e4, 6.7114e4)kph; av:( 0.0000e0, 0.0000e0)kph; os: 9.8635e4kph; or: 1.7763e5Mm; 
Moon loc:(-2.9740e5, 1.6960e5)Mm; rv:(-9.7059e4,-1.6168e5)kph; av:(-3.4941e5,-5.8204e5)kph; os: 1.8857e5kph; or: 3.4236e5Mm; 
Ap8CMloc:(-2.1508e5,-2.0987e5)Mm; rv:(-2.1498e4,-7.6026e4)kph; av:(-7.7392e4,-2.7369e5)kph; os: 7.9007e4kph; or: 3.0051e5Mm; 
Time:  171.00~months, Distance to sun:177772.8Mm, Energy:********YJ, Momentum( 6.1105e2, 1.9351e2)Pgm/s
Sun  loc:(-1.7140e5,-4.7158e4)Mm; rv:( 0.0000e0, 0.0000e0)kph; av:( 9.2999e4,-3.4285e5)kph; os: 0.0000e0kph; or: 0.0000e0Mm; 
Earthloc:( 0.0000e0, 0.0000e0)Mm; rv:(-2.5833e4, 9.5236e4)kph; av:( 0.0000e0, 0.0000e0)kph; os: 9.8677e4kph; or: 1.7777e5Mm; 
Moon loc:(-3.0195e5,-1.8245e5)Mm; rv:( 9.1930e4,-1.6245e5)kph; av:( 3.3095e5,-5.8482e5)kph; os: 1.8666e5kph; or: 3.5279e5Mm; 
Ap8CMloc:(-1.6137e5,-3.7808e5)Mm; rv:( 8.0041e4,-7.5870e4)kph; av:( 2.8815e5,-2.7313e5)kph; os: 1.1029e5kph; or: 4.1107e5Mm; 
Time:  174.00~months, Distance to sun:179101.0Mm, Energy:********YJ, Momentum( 6.1765e2, 1.4074e2)Pgm/s
Sun  loc:(-3.8665e4,-1.7488e5)Mm; rv:( 0.0000e0, 0.0000e0)kph; av:( 3.4408e5,-7.9004e4)kph; os: 0.0000e0kph; or: 0.0000e0Mm; 
Earthloc:( 0.0000e0, 0.0000e0)Mm; rv:(-9.5578e4, 2.1946e4)kph; av:( 0.0000e0, 0.0000e0)kph; os: 9.8065e4kph; or: 1.7910e5Mm; 
Moon loc:(-3.0627e2,-3.6071e5)Mm; rv:( 1.8693e5,-2.1704e3)kph; av:( 6.7296e5,-7.8136e3)kph; os: 1.8694e5kph; or: 3.6071e5Mm; 
Ap8CMloc:( 7.2969e4,-4.3513e5)Mm; rv:( 1.4216e5, 3.1933e4)kph; av:( 5.1176e5, 1.1496e5)kph; os: 1.4570e5kph; or: 4.4121e5Mm; 
Time:  177.00~months, Distance to sun:180653.8Mm, Energy:********YJ, Momentum( 6.0487e2, 1.6713e2)Pgm/s
Sun  loc:( 1.3582e5,-1.1912e5)Mm; rv:( 0.0000e0, 0.0000e0)kph; av:( 2.3257e5, 2.6209e5)kph; os: 0.0000e0kph; or: 0.0000e0Mm; 
Earthloc:( 0.0000e0, 0.0000e0)Mm; rv:(-6.4602e4,-7.2804e4)kph; av:( 0.0000e0, 0.0000e0)kph; os: 9.7333e4kph; or: 1.8065e5Mm; 
Moon loc:( 3.0798e5,-1.8751e5)Mm; rv:( 9.6848e4, 1.6311e5)kph; av:( 3.4865e5, 5.8720e5)kph; os: 1.8970e5kph; or: 3.6057e5Mm; 
Ap8CMloc:( 3.1168e5,-2.3250e5)Mm; rv:( 7.5444e4, 1.6900e5)kph; av:( 2.7160e5, 6.0839e5)kph; os: 1.8507e5kph; or: 3.8884e5Mm; 
Time:  180.00~months, Distance to sun:181255.6Mm, Energy:********YJ, Momentum( 6.2205e2, 1.8472e2)Pgm/s
Sun  loc:( 1.7111e5, 5.9792e4)Mm; rv:( 0.0000e0, 0.0000e0)kph; av:(-1.1560e5, 3.2997e5)kph; os: 0.0000e0kph; or: 0.0000e0Mm; 
Earthloc:( 0.0000e0, 0.0000e0)Mm; rv:( 3.2110e4,-9.1658e4)kph; av:( 0.0000e0, 0.0000e0)kph; os: 9.7119e4kph; or: 1.8126e5Mm; 
Moon loc:( 3.1043e5, 1.7205e5)Mm; rv:(-9.6386e4, 1.6744e5)kph; av:(-3.4699e5, 6.0277e5)kph; os: 1.9320e5kph; or: 3.5492e5Mm; 
Ap8CMloc:( 2.6949e5, 1.5227e5)Mm; rv:(-1.3745e5, 1.7736e5)kph; av:(-4.9483e5, 6.3851e5)kph; os: 2.2439e5kph; or: 3.0954e5Mm; 
Time:  183.00~months, Distance to sun:180721.2Mm, Energy:********YJ, Momentum( 6.3882e2, 1.8032e2)Pgm/s
Sun  loc:( 3.2048e4, 1.7786e5)Mm; rv:( 0.0000e0, 0.0000e0)kph; av:(-3.4581e5, 6.0553e4)kph; os: 0.0000e0kph; or: 0.0000e0Mm; 
Earthloc:( 0.0000e0, 0.0000e0)Mm; rv:( 9.6057e4,-1.6820e4)kph; av:( 0.0000e0, 0.0000e0)kph; os: 9.7519e4kph; or: 1.8072e5Mm; 
Moon loc:(-5.9351e3, 3.5135e5)Mm; rv:(-1.9420e5,-3.3877e3)kph; av:(-6.9912e5,-1.2196e4)kph; os: 1.9423e5kph; or: 3.5140e5Mm; 
Ap8CMloc:(-1.0930e5, 2.7938e5)Mm; rv:(-1.9197e5,-4.3173e4)kph; av:(-6.9108e5,-1.5542e5)kph; os: 1.9676e5kph; or: 3.0000e5Mm; 
Time:  186.00~months, Distance to sun:180017.2Mm, Energy:********YJ, Momentum( 7.0589e2, 1.2754e2)Pgm/s
Sun  loc:(-1.3976e5, 1.1346e5)Mm; rv:( 0.0000e0, 0.0000e0)kph; av:(-2.2174e5,-2.7447e5)kph; os: 0.0000e0kph; or: 0.0000e0Mm; 
Earthloc:( 0.0000e0, 0.0000e0)Mm; rv:( 6.1593e4, 7.6241e4)kph; av:( 0.0000e0, 0.0000e0)kph; os: 9.8012e4kph; or: 1.8002e5Mm; 
Moon loc:(-3.1616e5, 1.6288e5)Mm; rv:(-9.1469e4,-1.6886e5)kph; av:(-3.2929e5,-6.0791e5)kph; os: 1.9205e5kph; or: 3.5565e5Mm; 
Ap8CMloc:(-3.9271e5, 6.9428e4)Mm; rv:(-8.6232e4,-1.5260e5)kph; av:(-3.1044e5,-5.4937e5)kph; os: 1.7528e5kph; or: 3.9880e5Mm; 
Time:  189.00~months, Distance to sun:180299.8Mm, Energy:********YJ, Momentum( 6.9695e2, 1.3194e2)Pgm/s
Sun  loc:(-1.6684e5,-6.8344e4)Mm; rv:( 0.0000e0, 0.0000e0)kph; av:( 1.3228e5,-3.2696e5)kph; os: 0.0000e0kph; or: 0.0000e0Mm; 
Earthloc:( 0.0000e0, 0.0000e0)Mm; rv:(-3.6745e4, 9.0821e4)kph; av:( 0.0000e0, 0.0000e0)kph; os: 9.7973e4kph; or: 1.8030e5Mm; 
Moon loc:(-3.0848e5,-1.9526e5)Mm; rv:( 9.7329e4,-1.6244e5)kph; av:( 3.5038e5,-5.8479e5)kph; os: 1.8937e5kph; or: 3.6509e5Mm; 
Ap8CMloc:(-4.2764e5,-2.4899e5)Mm; rv:( 4.9661e4,-1.5180e5)kph; av:( 1.7878e5,-5.4647e5)kph; os: 1.5971e5kph; or: 4.9484e5Mm; 
Time:  192.00~months, Distance to sun:181704.5Mm, Energy:********YJ, Momentum( 6.7510e2, 1.0555e2)Pgm/s
Sun  loc:(-2.1673e4,-1.8041e5)Mm; rv:( 0.0000e0, 0.0000e0)kph; av:( 3.4753e5,-4.4652e4)kph; os: 0.0000e0kph; or: 0.0000e0Mm; 
Earthloc:( 0.0000e0, 0.0000e0)Mm; rv:(-9.6535e4, 1.2403e4)kph; av:( 0.0000e0, 0.0000e0)kph; os: 9.7329e4kph; or: 1.8170e5Mm; 
Moon loc:( 1.6445e2,-3.7163e5)Mm; rv:( 1.8862e5,-1.3002e3)kph; av:( 6.7902e5,-4.6805e3)kph; os: 1.8862e5kph; or: 3.7163e5Mm; 
Ap8CMloc:(-2.3408e5,-4.6119e5)Mm; rv:( 1.3097e5,-5.2747e4)kph; av:( 4.7150e5,-1.8989e5)kph; os: 1.4120e5kph; or: 5.1719e5Mm; 
Time:  195.00~months, Distance to sun:183210.0Mm, Energy:********YJ, Momentum( 7.1812e2, 1.1875e2)Pgm/s
Sun  loc:( 1.4630e5,-1.1028e5)Mm; rv:( 0.0000e0, 0.0000e0)kph; av:( 2.1091e5, 2.7666e5)kph; os: 0.0000e0kph; or: 0.0000e0Mm; 
Earthloc:( 0.0000e0, 0.0000e0)Mm; rv:(-5.8585e4,-7.6851e4)kph; av:( 0.0000e0, 0.0000e0)kph; os: 9.6635e4kph; or: 1.8321e5Mm; 
Moon loc:( 3.1227e5,-1.9959e5)Mm; rv:( 1.0065e5, 1.6187e5)kph; av:( 3.6235e5, 5.8274e5)kph; os: 1.9061e5kph; or: 3.7061e5Mm; 
Ap8CMloc:( 1.5262e4,-4.4834e5)Mm; rv:( 1.0575e5, 5.9317e4)kph; av:( 3.8069e5, 2.1354e5)kph; os: 1.2125e5kph; or: 4.4860e5Mm; 
Time:  198.00~months, Distance to sun:183725.3Mm, Energy:********YJ, Momentum( 7.3145e2, 3.5184e1)Pgm/s
Sun  loc:( 1.7003e5, 6.9605e4)Mm; rv:( 0.0000e0, 0.0000e0)kph; av:(-1.3195e5, 3.2124e5)kph; os: 0.0000e0kph; or: 0.0000e0Mm; 
Earthloc:( 0.0000e0, 0.0000e0)Mm; rv:( 3.6652e4,-8.9234e4)kph; av:( 0.0000e0, 0.0000e0)kph; os: 9.6468e4kph; or: 1.8373e5Mm; 
Moon loc:( 3.2673e5, 1.6206e5)Mm; rv:(-8.9075e4, 1.7245e5)kph; av:(-3.2067e5, 6.2083e5)kph; os: 1.9410e5kph; or: 3.6471e5Mm; 
Ap8CMloc:( 1.3881e5,-2.7833e5)Mm; rv:( 1.6511e4, 9.7354e4)kph; av:( 5.9441e4, 3.5047e5)kph; os: 9.8744e4kph; or: 3.1103e5Mm; 
Time:  201.00~months, Distance to sun:183143.2Mm, Energy:********YJ, Momentum( 7.6114e2, 1.5833e2)Pgm/s
Sun  loc:( 2.6602e4, 1.8120e5)Mm; rv:( 0.0000e0, 0.0000e0)kph; av:(-3.4533e5, 4.8914e4)kph; os: 0.0000e0kph; or: 0.0000e0Mm; 
Earthloc:( 0.0000e0, 0.0000e0)Mm; rv:( 9.5924e4,-1.3587e4)kph; av:( 0.0000e0, 0.0000e0)kph; os: 9.6882e4kph; or: 1.8314e5Mm; 
Moon loc:( 1.8095e4, 3.6057e5)Mm; rv:(-1.9557e5, 9.5051e3)kph; av:(-7.0405e5, 3.4218e4)kph; os: 1.9580e5kph; or: 3.6102e5Mm; 
Ap8CMloc:( 9.9531e4,-1.2182e5)Mm; rv:(-4.4996e4, 5.2190e4)kph; av:(-1.6199e5, 1.8788e5)kph; os: 6.8909e4kph; or: 1.5731e5Mm; 
Time:  204.00~months, Distance to sun:182433.2Mm, Energy:********YJ, Momentum( 7.8271e2, 1.5833e2)Pgm/s
Sun  loc:(-1.4283e5, 1.1350e5)Mm; rv:( 0.0000e0, 0.0000e0)kph; av:(-2.1741e5,-2.7494e5)kph; os: 0.0000e0kph; or: 0.0000e0Mm; 
Earthloc:( 0.0000e0, 0.0000e0)Mm; rv:( 6.0393e4, 7.6373e4)kph; av:( 0.0000e0, 0.0000e0)kph; os: 9.7366e4kph; or: 1.8243e5Mm; 
Moon loc:(-3.0852e5, 1.9417e5)Mm; rv:(-1.0622e5,-1.6226e5)kph; av:(-3.8239e5,-5.8414e5)kph; os: 1.9394e5kph; or: 3.6454e5Mm; 
Ap8CMloc:( 1.5756e4,-7.7599e4)Mm; rv:(-2.8558e4, 3.6449e2)kph; av:(-1.0281e5, 1.3122e3)kph; os: 2.8560e4kph; or: 7.9183e4Mm; 
Time:  207.00~months, Distance to sun:182705.0Mm, Energy:********YJ, Momentum( 7.7172e2, 1.2315e2)Pgm/s
Sun  loc:(-1.6973e5,-6.7625e4)Mm; rv:( 0.0000e0, 0.0000e0)kph; av:( 1.2830e5,-3.2605e5)kph; os: 0.0000e0kph; or: 0.0000e0Mm; 
Earthloc:( 0.0000e0, 0.0000e0)Mm; rv:(-3.5639e4, 9.0570e4)kph; av:( 0.0000e0, 0.0000e0)kph; os: 9.7330e4kph; or: 1.8270e5Mm; 
Moon loc:(-3.3349e5,-1.6708e5)Mm; rv:( 8.1582e4,-1.7226e5)kph; av:( 2.9370e5,-6.2013e5)kph; os: 1.9060e5kph; or: 3.7300e5Mm; 
Ap8CMloc:(-4.5067e3,-6.8609e4)Mm; rv:(-4.4119e3, 2.0235e4)kph; av:(-1.5883e4, 7.2847e4)kph; os: 2.0711e4kph; or: 6.8757e4Mm; 
Time:  210.00~months, Distance to sun:184088.1Mm, Energy:********YJ, Momentum( 7.5646e2, 1.5393e2)Pgm/s
Sun  loc:(-2.7675e4,-1.8200e5)Mm; rv:( 0.0000e0, 0.0000e0)kph; av:( 3.4375e5,-5.5173e4)kph; os: 0.0000e0kph; or: 0.0000e0Mm; 
Earthloc:( 0.0000e0, 0.0000e0)Mm; rv:(-9.5485e4, 1.5326e4)kph; av:( 0.0000e0, 0.0000e0)kph; os: 9.6707e4kph; or: 1.8409e5Mm; 
Moon loc:(-4.4368e4,-3.7641e5)Mm; rv:( 1.8719e5,-2.3344e4)kph; av:( 6.7390e5,-8.4038e4)kph; os: 1.8864e5kph; or: 3.7902e5Mm; 
Ap8CMloc:(-6.1535e4,-4.4769e4)Mm; rv:(-3.6569e4,-2.0980e4)kph; av:(-1.3165e5,-7.5529e4)kph; os: 4.2160e4kph; or: 7.6097e4Mm; 
Time:  213.00~months, Distance to sun:185610.5Mm, Energy:********YJ, Momentum( 7.5921e2, 1.7152e2)Pgm/s
Sun  loc:( 1.4241e5,-1.1904e5)Mm; rv:( 0.0000e0, 0.0000e0)kph; av:( 2.2320e5, 2.6393e5)kph; os: 0.0000e0kph; or: 0.0000e0Mm; 
Earthloc:( 0.0000e0, 0.0000e0)Mm; rv:(-6.2001e4,-7.3313e4)kph; av:( 0.0000e0, 0.0000e0)kph; os: 9.6015e4kph; or: 1.8561e5Mm; 
Moon loc:( 2.8715e5,-2.4571e5)Mm; rv:( 1.2142e5, 1.4553e5)kph; av:( 4.3712e5, 5.2392e5)kph; os: 1.8953e5kph; or: 3.7793e5Mm; 
Ap8CMloc:(-7.6402e4,-8.8283e4)Mm; rv:( 7.9894e3,-2.8977e3)kph; av:( 2.8762e4,-1.0432e4)kph; os: 8.4987e3kph; or: 1.1675e5Mm; 
Time:  216.00~months, Distance to sun:186189.3Mm, Energy:********YJ, Momentum( 7.7907e2, 1.5393e2)Pgm/s
Sun  loc:( 1.7692e5, 5.8029e4)Mm; rv:( 0.0000e0, 0.0000e0)kph; av:(-1.0776e5, 3.2767e5)kph; os: 0.0000e0kph; or: 0.0000e0Mm; 
Earthloc:( 0.0000e0, 0.0000e0)Mm; rv:( 2.9934e4,-9.1020e4)kph; av:( 0.0000e0, 0.0000e0)kph; os: 9.5816e4kph; or: 1.8619e5Mm; 
Moon loc:( 3.5599e5, 1.0757e5)Mm; rv:(-5.8972e4, 1.8349e5)kph; av:(-2.1230e5, 6.6058e5)kph; os: 1.9274e5kph; or: 3.7188e5Mm; 
Ap8CMloc:(-9.3501e4,-5.8305e4)Mm; rv:(-3.3806e4, 2.1516e4)kph; av:(-1.2170e5, 7.7459e4)kph; os: 4.0073e4kph; or: 1.1019e5Mm; 
Time:  219.00~months, Distance to sun:185653.9Mm, Energy:********YJ, Momentum( 7.7048e2, 1.6273e2)Pgm/s
Sun  loc:( 4.3838e4, 1.8040e5)Mm; rv:( 0.0000e0, 0.0000e0)kph; av:(-3.3692e5, 8.0068e4)kph; os: 0.0000e0kph; or: 0.0000e0Mm; 
Earthloc:( 0.0000e0, 0.0000e0)Mm; rv:( 9.3588e4,-2.2241e4)kph; av:( 0.0000e0, 0.0000e0)kph; os: 9.6194e4kph; or: 1.8565e5Mm; 
Moon loc:( 8.8070e4, 3.5668e5)Mm; rv:(-1.8985e5, 4.5938e4)kph; av:(-6.8347e5, 1.6538e5)kph; os: 1.9533e5kph; or: 3.6739e5Mm; 
Ap8CMloc:(-2.0473e5,-5.5582e4)Mm; rv:(-6.9948e4,-2.9132e4)kph; av:(-2.5181e5,-1.0488e5)kph; os: 7.5773e4kph; or: 2.1214e5Mm; 
Time:  222.00~months, Distance to sun:184882.9Mm, Energy:********YJ, Momentum( 7.4080e2, 1.5393e2)Pgm/s
Sun  loc:(-1.3073e5, 1.3073e5)Mm; rv:( 0.0000e0, 0.0000e0)kph; av:(-2.4540e5,-2.4690e5)kph; os: 0.0000e0kph; or: 0.0000e0Mm; 
Earthloc:( 0.0000e0, 0.0000e0)Mm; rv:( 6.8167e4, 6.8583e4)kph; av:( 0.0000e0, 0.0000e0)kph; os: 9.6698e4kph; or: 1.8488e5Mm; 
Moon loc:(-2.6537e5, 2.5714e5)Mm; rv:(-1.3725e5,-1.3769e5)kph; av:(-4.9411e5,-4.9570e5)kph; os: 1.9442e5kph; or: 3.6951e5Mm; 
Ap8CMloc:(-3.1532e5,-1.8614e5)Mm; rv:(-2.8065e4,-9.9159e4)kph; av:(-1.0103e5,-3.5697e5)kph; os: 1.0305e5kph; or: 3.6616e5Mm; 
Time:  225.00~months, Distance to sun:184994.1Mm, Energy:********YJ, Momentum( 7.3495e2, 1.4953e2)Pgm/s
Sun  loc:(-1.7947e5,-4.4875e4)Mm; rv:( 0.0000e0, 0.0000e0)kph; av:( 8.3328e4,-3.3816e5)kph; os: 0.0000e0kph; or: 0.0000e0Mm; 
Earthloc:( 0.0000e0, 0.0000e0)Mm; rv:(-2.3147e4, 9.3934e4)kph; av:( 0.0000e0, 0.0000e0)kph; os: 9.6743e4kph; or: 1.8499e5Mm; 
Moon loc:(-3.6553e5,-9.2170e4)Mm; rv:( 4.2779e4,-1.8599e5)kph; av:( 1.5400e5,-6.6956e5)kph; os: 1.9084e5kph; or: 3.7697e5Mm; 
Ap8CMloc:(-2.7475e5,-3.9983e5)Mm; rv:( 7.2787e4,-1.0163e5)kph; av:( 2.6203e5,-3.6587e5)kph; os: 1.2501e5kph; or: 4.8513e5Mm; 
Time:  228.00~months, Distance to sun:186260.2Mm, Energy:********YJ, Momentum( 6.6685e2, 1.6273e2)Pgm/s
Sun  loc:(-5.5442e4,-1.7782e5)Mm; rv:( 0.0000e0, 0.0000e0)kph; av:( 3.2975e5,-1.0574e5)kph; os: 0.0000e0kph; or: 0.0000e0Mm; 
Earthloc:( 0.0000e0, 0.0000e0)Mm; rv:(-9.1596e4, 2.9372e4)kph; av:( 0.0000e0, 0.0000e0)kph; os: 9.6190e4kph; or: 1.8626e5Mm; 
Moon loc:(-1.2983e5,-3.6047e5)Mm; rv:( 1.7599e5,-6.5087e4)kph; av:( 6.3358e5,-2.3431e5)kph; os: 1.8764e5kph; or: 3.8314e5Mm; 
Ap8CMloc:(-4.8754e4,-5.2294e5)Mm; rv:( 1.4443e5,-1.0958e4)kph; av:( 5.1994e5,-3.9448e4)kph; os: 1.4484e5kph; or: 5.2520e5Mm; 
Time:  231.00~months, Distance to sun:187838.6Mm, Energy:********YJ, Momentum( 6.8225e2, 1.0116e2)Pgm/s
Sun  loc:( 1.2169e5,-1.4309e5)Mm; rv:( 0.0000e0, 0.0000e0)kph; av:( 2.6330e5, 2.2096e5)kph; os: 0.0000e0kph; or: 0.0000e0Mm; 
Earthloc:( 0.0000e0, 0.0000e0)Mm; rv:(-7.3139e4,-6.1376e4)kph; av:( 0.0000e0, 0.0000e0)kph; os: 9.5479e4kph; or: 1.8784e5Mm; 
Moon loc:( 2.2026e5,-3.1307e5)Mm; rv:( 1.5177e5, 1.0928e5)kph; av:( 5.4638e5, 3.9341e5)kph; os: 1.8702e5kph; or: 3.8279e5Mm; 
Ap8CMloc:( 2.2829e5,-4.2210e5)Mm; rv:( 1.1982e5, 1.1142e5)kph; av:( 4.3136e5, 4.0110e5)kph; os: 1.6362e5kph; or: 4.7988e5Mm; 
Time:  234.00~months, Distance to sun:188621.8Mm, Energy:********YJ, Momentum( 7.0843e2, 8.7961e1)Pgm/s
Sun  loc:( 1.8704e5, 2.4375e4)Mm; rv:( 0.0000e0, 0.0000e0)kph; av:(-4.4142e4, 3.3978e5)kph; os: 0.0000e0kph; or: 0.0000e0Mm; 
Earthloc:( 0.0000e0, 0.0000e0)Mm; rv:( 1.2262e4,-9.4384e4)kph; av:( 0.0000e0, 0.0000e0)kph; os: 9.5177e4kph; or: 1.8862e5Mm; 
Moon loc:( 3.7679e5, 5.8754e3)Mm; rv:(-6.6072e3, 1.8925e5)kph; av:(-2.3786e4, 6.8130e5)kph; os: 1.8937e5kph; or: 3.7683e5Mm; 
Ap8CMloc:( 3.6346e5,-1.1859e5)Mm; rv:( 5.9131e3, 1.8377e5)kph; av:( 2.1287e4, 6.6156e5)kph; os: 1.8386e5kph; or: 3.8231e5Mm; 
Time:  237.00~months, Distance to sun:188248.0Mm, Energy:********YJ, Momentum( 6.9627e2, 1.0995e2)Pgm/s
Sun  loc:( 8.1468e4, 1.6971e5)Mm; rv:( 0.0000e0, 0.0000e0)kph; av:(-3.1052e5, 1.4726e5)kph; os: 0.0000e0kph; or: 0.0000e0Mm; 
Earthloc:( 0.0000e0, 0.0000e0)Mm; rv:( 8.6256e4,-4.0906e4)kph; av:( 0.0000e0, 0.0000e0)kph; os: 9.5464e4kph; or: 1.8825e5Mm; 
Moon loc:( 1.9396e5, 3.1637e5)Mm; rv:(-1.6519e5, 9.9104e4)kph; av:(-5.9468e5, 3.5677e5)kph; os: 1.9264e5kph; or: 3.7110e5Mm; 
Ap8CMloc:( 2.1442e5, 2.3057e5)Mm; rv:(-1.6593e5, 1.4274e5)kph; av:(-5.9735e5, 5.1387e5)kph; os: 2.1888e5kph; or: 3.1486e5Mm; 
Time:  240.00~months, Distance to sun:187406.8Mm, Energy:********YJ, Momentum( 7.5756e2, 1.4514e2)Pgm/s
Sun  loc:(-9.8837e4, 1.5922e5)Mm; rv:( 0.0000e0, 0.0000e0)kph; av:(-2.9285e5,-1.8345e5)kph; os: 0.0000e0kph; or: 0.0000e0Mm; 
Earthloc:( 0.0000e0, 0.0000e0)Mm; rv:( 8.1346e4, 5.0960e4)kph; av:( 0.0000e0, 0.0000e0)kph; os: 9.5990e4kph; or: 1.8741e5Mm; 
Moon loc:(-1.7031e5, 3.2978e5)Mm; rv:(-1.7256e5,-8.7153e4)kph; av:(-6.2121e5,-3.1375e5)kph; os: 1.9332e5kph; or: 3.7116e5Mm; 
Ap8CMloc:(-2.0097e5, 2.8387e5)Mm; rv:(-1.9457e5,-9.3264e4)kph; av:(-7.0047e5,-3.3575e5)kph; os: 2.1577e5kph; or: 3.4780e5Mm; 
Time:  243.00~months, Distance to sun:187230.0Mm, Energy:********YJ, Momentum( 7.1839e2, 1.3634e2)Pgm/s
Sun  loc:(-1.8723e5, 1.0868e3)Mm; rv:( 0.0000e0, 0.0000e0)kph; av:(-2.6082e3,-3.4624e5)kph; os: 0.0000e0kph; or: 0.0000e0Mm; 
Earthloc:( 0.0000e0, 0.0000e0)Mm; rv:( 7.2451e2, 9.6176e4)kph; av:( 0.0000e0, 0.0000e0)kph; os: 9.6179e4kph; or: 1.8723e5Mm; 
Moon loc:(-3.7594e5, 3.1730e4)Mm; rv:(-1.9757e4,-1.8933e5)kph; av:(-7.1125e4,-6.8158e5)kph; os: 1.9036e5kph; or: 3.7727e5Mm; 
Ap8CMloc:(-4.3255e5,-7.0850e3)Mm; rv:(-3.8686e4,-1.7265e5)kph; av:(-1.3927e5,-6.2152e5)kph; os: 1.7693e5kph; or: 4.3261e5Mm; 
Time:  246.00~months, Distance to sun:188240.5Mm, Energy:********YJ, Momentum( 7.4025e2, 2.1990e2)Pgm/s
Sun  loc:(-1.0152e5,-1.5852e5)Mm; rv:( 0.0000e0, 0.0000e0)kph; av:( 2.8894e5,-1.8806e5)kph; os: 0.0000e0kph; or: 0.0000e0Mm; 
Earthloc:( 0.0000e0, 0.0000e0)Mm; rv:(-8.0261e4, 5.2238e4)kph; av:( 0.0000e0, 0.0000e0)kph; os: 9.5763e4kph; or: 1.8824e5Mm; 
Moon loc:(-2.4213e5,-2.9799e5)Mm; rv:( 1.4309e5,-1.1920e5)kph; av:( 5.1512e5,-4.2913e5)kph; os: 1.8624e5kph; or: 3.8396e5Mm; 
Ap8CMloc:(-3.7656e5,-3.0834e5)Mm; rv:( 8.3803e4,-1.1741e5)kph; av:( 3.0169e5,-4.2267e5)kph; os: 1.4425e5kph; or: 4.8669e5Mm; 
Time:  249.00~months, Distance to sun:189851.3Mm, Energy:********YJ, Momentum( 8.0127e2, 2.9027e2)Pgm/s
Sun  loc:( 7.8038e4,-1.7307e5)Mm; rv:( 0.0000e0, 0.0000e0)kph; av:( 3.1299e5, 1.3825e5)kph; os: 0.0000e0kph; or: 0.0000e0Mm; 
Earthloc:( 0.0000e0, 0.0000e0)Mm; rv:(-8.6943e4,-3.8403e4)kph; av:( 0.0000e0, 0.0000e0)kph; os: 9.5046e4kph; or: 1.8985e5Mm; 
Moon loc:( 9.9735e4,-3.7207e5)Mm; rv:( 1.7723e5, 4.8834e4)kph; av:( 6.3804e5, 1.7580e5)kph; os: 1.8384e5kph; or: 3.8521e5Mm; 
Ap8CMloc:(-1.6487e5,-4.3364e5)Mm; rv:( 1.1408e5,-8.4758e3)kph; av:( 4.1069e5,-3.0513e4)kph; os: 1.1439e5kph; or: 4.6393e5Mm; 
Time:  252.00~months, Distance to sun:190943.2Mm, Energy:********YJ, Momentum( 7.6237e2, 4.1342e2)Pgm/s
Sun  loc:( 1.8822e5,-3.2112e4)Mm; rv:( 0.0000e0, 0.0000e0)kph; av:( 5.8081e4, 3.3554e5)kph; os: 0.0000e0kph; or: 0.0000e0Mm; 
Earthloc:( 0.0000e0, 0.0000e0)Mm; rv:(-1.6134e4,-9.3207e4)kph; av:( 0.0000e0, 0.0000e0)kph; os: 9.4593e4kph; or: 1.9094e5Mm; 
Moon loc:( 3.5500e5,-1.3560e5)Mm; rv:( 6.2341e4, 1.7372e5)kph; av:( 2.2443e5, 6.2539e5)kph; os: 1.8457e5kph; or: 3.8002e5Mm; 
Ap8CMloc:( 1.3967e4,-3.6515e5)Mm; rv:( 5.7680e4, 6.6668e4)kph; av:( 2.0765e5, 2.4000e5)kph; os: 8.8157e4kph; or: 3.6542e5Mm; 
Final position:
Time:  254.00~months, Distance to sun:191031.1Mm, Energy:********YJ, Momentum( 7.6066e2, 2.8587e2)Pgm/s
Sun  loc:( 1.6948e5, 8.8146e4)Mm; rv:( 0.0000e0, 0.0000e0)kph; av:(-1.5774e5, 3.0187e5)kph; os: 0.0000e0kph; or: 0.0000e0Mm; 
Earthloc:( 0.0000e0, 0.0000e0)Mm; rv:( 4.3815e4,-8.3853e4)kph; av:( 0.0000e0, 0.0000e0)kph; os: 9.4610e4kph; or: 1.9103e5Mm; 
Moon loc:( 3.6066e5, 1.0315e5)Mm; rv:(-5.4781e4, 1.7830e5)kph; av:(-1.9721e5, 6.4188e5)kph; os: 1.8653e5kph; or: 3.7512e5Mm; 
Ap8CMloc:( 5.3928e4,-2.7022e5)Mm; rv:( 3.8554e3, 7.1916e4)kph; av:( 1.3880e4, 2.5890e5)kph; os: 7.2019e4kph; or: 2.7555e5Mm; 
Final position:
  S:("Sun  ","☉",( 1.9891000000e30,( 1.54642616879e5, 9.44396168609e6),(-5.8361807657e-3, 2.6095405521e-2)))
  E:("Earth","⊕",( 9.7220000000e23,(-1.6947878912e11,-8.8136755372e10),( 1.21709074414e4,-2.32924915357e4)))
  M:("Moon ","☾",( 7.3476730900e22,( 1.9118226346e11, 1.5012389620e10),(-3.04598545235e3, 2.62351612582e4)))
  8:("Ap8CM","8",( 5.80900000000e3,(-1.1555093247e11,-3.5835304494e11),( 1.32418607255e4,-3.31581883396e3)))
13.35user 1.69system 0:15.05elapsed 99%CPU (0avgtext+0avgdata 5165056maxresident)k
0inputs+0outputs (0major+323342minor)pagefaults 0swaps
