OPT1: 4; OPT2: 5; 
System:((Sun  ,Earth,Moon ,Ap8CM),Apollo 8,-3.23537400000e7,)
Initial position:
  S:("Sun  ","☉",( 1.9891000000e30,( 0.00000000000e0, 0.00000000000e0),( 0.00000000000e0, 0.00000000000e0)))
  E:("Earth","⊕",( 9.7220000000e23,( 1.5000000000e11, 0.00000000000e0),( 0.00000000000e0, 2.97866078294e4)))
  M:("Moon ","☾",( 7.3476730900e22,( 1.5038500000e11, 0.00000000000e0),( 0.00000000000e0, 3.03571562823e4)))
  8:("Ap8CM","8",( 5.80900000000e3,( 1.5000656275e11, 0.00000000000e0),( 0.00000000000e0, 3.29307012406e4)))
Parameter: step size =  8.333e-4; hours
Parameter: report period =  1.0000e0; hours
Parameter: mission stop time =  7.2000e1; hours
IVP Order-2: solar system:
  t interval: [ 0.0000e0 …  2.5920e5]
  y₀ = ( 0.0000e0, 0.0000e0, 1.500e11, 0.0000e0, 1.504e11, 0.0000e0, 1.500e11, 0.0000e0)
  dy₀/dt = ( 0.0000e0, 0.0000e0, 0.0000e0, 2.9787e4, 0.0000e0, 3.0357e4, 0.0000e0, 3.2931e4)
  d²y₀/dt² = ( 3.100e-9, 0.0000e0,-5.866e-3, 0.0000e0,-6.307e-3, 0.0000e0,-1.5121e0, 0.0000e0)


Reference point: Earth
Initial momentum:( 0.0000e0, 3.119e28), Initial energy: 4.651e32
Time:    0.00hours, Distance to sun:150000.0Mm, Energy:    0.00YJ, Momentum( 3.617e-6, 0.0000e0)Pgm/s
Sun  loc:(-1.5000e5,-1.787e-1)Mm; rv:( 0.0000e0, 0.0000e0)kph; av:( 4.562e-1,-3.8603e5)kph; os: 0.0000e0kph; or: 0.0000e0Mm; 
Earthloc:( 0.0000e0, 0.0000e0)Mm; rv:(-1.267e-1, 1.0723e5)kph; av:( 0.0000e0, 0.0000e0)kph; os: 1.0723e5kph; or: 1.5000e5Mm; 
Moon loc:( 3.8500e2, 3.423e-3)Mm; rv:(-9.517e-3, 2.0540e3)kph; av:(-3.426e-2, 7.3943e3)kph; os: 2.0540e3kph; or: 3.8500e2Mm; 
Ap8CMloc:( 6.5627e0, 1.886e-2)Mm; rv:(-3.2536e1, 1.1319e4)kph; av:(-1.1713e2, 4.0747e4)kph; os: 1.1319e4kph; or: 6.5628e0Mm; 
Time:    1.00hours, Distance to sun:150000.0Mm, Energy:   -1.00YJ, Momentum( 5.823e-2, 8.7961e0)Pgm/s
Sun  loc:(-1.5000e5,-1.0723e2)Mm; rv:( 0.0000e0, 0.0000e0)kph; av:( 2.7369e2,-3.8603e5)kph; os: 0.0000e0kph; or: 0.0000e0Mm; 
Earthloc:( 0.0000e0, 0.0000e0)Mm; rv:(-7.6025e1, 1.0723e5)kph; av:( 0.0000e0, 0.0000e0)kph; os: 1.0723e5kph; or: 1.5000e5Mm; 
Moon loc:( 3.8500e2, 2.0540e0)Mm; rv:(-5.7100e0, 2.0540e3)kph; av:(-2.0556e1, 7.3942e3)kph; os: 2.0540e3kph; or: 3.8500e2Mm; 
Ap8CMloc:(-1.0095e0, 6.4987e0)Mm; rv:(-1.1194e4,-1.7012e3)kph; av:(-4.0300e4,-6.1241e3)kph; os: 1.1323e4kph; or: 6.5766e0Mm; 
Time:    2.00hours, Distance to sun:150000.0Mm, Energy:   -4.80YJ, Momentum( 3.812e-2, 1.3194e1)Pgm/s
Sun  loc:(-1.5000e5,-2.1446e2)Mm; rv:( 0.0000e0, 0.0000e0)kph; av:( 5.4738e2,-3.8603e5)kph; os: 0.0000e0kph; or: 0.0000e0Mm; 
Earthloc:( 0.0000e0, 0.0000e0)Mm; rv:(-1.5205e2, 1.0723e5)kph; av:( 0.0000e0, 0.0000e0)kph; os: 1.0723e5kph; or: 1.5000e5Mm; 
Moon loc:( 3.8499e2, 4.1079e0)Mm; rv:(-1.1420e1, 2.0539e3)kph; av:(-4.1111e1, 7.3941e3)kph; os: 2.0539e3kph; or: 3.8501e2Mm; 
Ap8CMloc:(-6.3494e0,-1.9195e0)Mm; rv:( 3.1962e3,-1.0790e4)kph; av:( 1.1506e4,-3.8846e4)kph; os: 1.1254e4kph; or: 6.6332e0Mm; 
Time:    3.00hours, Distance to sun:150000.0Mm, Energy:  -11.40YJ, Momentum(-3.005e-2, 2.6388e1)Pgm/s
Sun  loc:(-1.5000e5,-3.2170e2)Mm; rv:( 0.0000e0, 0.0000e0)kph; av:( 8.2107e2,-3.8603e5)kph; os: 0.0000e0kph; or: 0.0000e0Mm; 
Earthloc:( 0.0000e0, 0.0000e0)Mm; rv:(-2.2808e2, 1.0723e5)kph; av:( 0.0000e0, 0.0000e0)kph; os: 1.0723e5kph; or: 1.5000e5Mm; 
Moon loc:( 3.8497e2, 6.1618e0)Mm; rv:(-1.7129e1, 2.0538e3)kph; av:(-6.1663e1, 7.3938e3)kph; os: 2.0539e3kph; or: 3.8502e2Mm; 
Ap8CMloc:( 2.6509e0,-6.1281e0)Mm; rv:( 1.0293e4, 4.4324e3)kph; av:( 3.7054e4, 1.5957e4)kph; os: 1.1207e4kph; or: 6.6769e0Mm; 
Time:    4.00hours, Distance to sun:150000.0Mm, Energy:  -20.79YJ, Momentum(-1.944e-1, 4.3980e1)Pgm/s
Sun  loc:(-1.5000e5,-4.2893e2)Mm; rv:( 0.0000e0, 0.0000e0)kph; av:( 1.0948e3,-3.8603e5)kph; os: 0.0000e0kph; or: 0.0000e0Mm; 
Earthloc:( 0.0000e0, 0.0000e0)Mm; rv:(-3.0410e2, 1.0723e5)kph; av:( 0.0000e0, 0.0000e0)kph; os: 1.0723e5kph; or: 1.5000e5Mm; 
Moon loc:( 3.8495e2, 8.2155e0)Mm; rv:(-2.2837e1, 2.0537e3)kph; av:(-8.2212e1, 7.3934e3)kph; os: 2.0538e3kph; or: 3.8504e2Mm; 
Ap8CMloc:( 5.8103e0, 3.2975e0)Mm; rv:(-5.5386e3, 9.7650e3)kph; av:(-1.9939e4, 3.5154e4)kph; os: 1.1226e4kph; or: 6.6808e0Mm; 
Time:    5.00hours, Distance to sun:150000.0Mm, Energy:  -32.98YJ, Momentum(-1.718e-1, 5.2777e1)Pgm/s
Sun  loc:(-1.5000e5,-5.3616e2)Mm; rv:( 0.0000e0, 0.0000e0)kph; av:( 1.3685e3,-3.8603e5)kph; os: 0.0000e0kph; or: 0.0000e0Mm; 
Earthloc:( 0.0000e0, 0.0000e0)Mm; rv:(-3.8013e2, 1.0723e5)kph; av:( 0.0000e0, 0.0000e0)kph; os: 1.0723e5kph; or: 1.5000e5Mm; 
Moon loc:( 3.8493e2, 1.0269e1)Mm; rv:(-2.8543e1, 2.0536e3)kph; av:(-1.0276e2, 7.3928e3)kph; os: 2.0538e3kph; or: 3.8507e2Mm; 
Ap8CMloc:(-3.9157e0, 5.4440e0)Mm; rv:(-9.1302e3,-6.5051e3)kph; av:(-3.2869e4,-2.3418e4)kph; os: 1.1211e4kph; or: 6.7059e0Mm; 
Time:    6.00hours, Distance to sun:150000.0Mm, Energy:  -47.96YJ, Momentum( 1.031e-1, 8.7961e1)Pgm/s
Sun  loc:(-1.5000e5,-6.4339e2)Mm; rv:( 0.0000e0, 0.0000e0)kph; av:( 1.6421e3,-3.8603e5)kph; os: 0.0000e0kph; or: 0.0000e0Mm; 
Earthloc:( 0.0000e0, 0.0000e0)Mm; rv:(-4.5615e2, 1.0723e5)kph; av:( 0.0000e0, 0.0000e0)kph; os: 1.0723e5kph; or: 1.5000e5Mm; 
Moon loc:( 3.8490e2, 1.2323e1)Mm; rv:(-3.4248e1, 2.0534e3)kph; av:(-1.2329e2, 7.3922e3)kph; os: 2.0537e3kph; or: 3.8509e2Mm; 
Ap8CMloc:(-5.1229e0,-4.4194e0)Mm; rv:( 7.2326e3,-8.4689e3)kph; av:( 2.6037e4,-3.0488e4)kph; os: 1.1137e4kph; or: 6.7658e0Mm; 
Time:    7.00hours, Distance to sun:150000.0Mm, Energy:  -65.74YJ, Momentum(-1.954e-1, 1.0995e2)Pgm/s
Sun  loc:(-1.5000e5,-7.5062e2)Mm; rv:( 0.0000e0, 0.0000e0)kph; av:( 1.9158e3,-3.8603e5)kph; os: 0.0000e0kph; or: 0.0000e0Mm; 
Earthloc:( 0.0000e0, 0.0000e0)Mm; rv:(-5.3218e2, 1.0723e5)kph; av:( 0.0000e0, 0.0000e0)kph; os: 1.0723e5kph; or: 1.5000e5Mm; 
Moon loc:( 3.8486e2, 1.4376e1)Mm; rv:(-3.9951e1, 2.0532e3)kph; av:(-1.4382e2, 7.3914e3)kph; os: 2.0536e3kph; or: 3.8513e2Mm; 
Ap8CMloc:( 4.7767e0,-4.8360e0)Mm; rv:( 7.9094e3, 7.8023e3)kph; av:( 2.8474e4, 2.8088e4)kph; os: 1.1110e4kph; or: 6.7973e0Mm; 
Time:    8.00hours, Distance to sun:150000.0Mm, Energy:  -86.32YJ, Momentum(-5.261e-1, 5.2777e1)Pgm/s
Sun  loc:(-1.5000e5,-8.5785e2)Mm; rv:( 0.0000e0, 0.0000e0)kph; av:( 2.1895e3,-3.8603e5)kph; os: 0.0000e0kph; or: 0.0000e0Mm; 
Earthloc:( 0.0000e0, 0.0000e0)Mm; rv:(-6.0820e2, 1.0723e5)kph; av:( 0.0000e0, 0.0000e0)kph; os: 1.0723e5kph; or: 1.5000e5Mm; 
Moon loc:( 3.8482e2, 1.6429e1)Mm; rv:(-4.5652e1, 2.0529e3)kph; av:(-1.6435e2, 7.3905e3)kph; os: 2.0534e3kph; or: 3.8517e2Mm; 
Ap8CMloc:( 4.5146e0, 5.0829e0)Mm; rv:(-8.3182e3, 7.3996e3)kph; av:(-2.9945e4, 2.6639e4)kph; os: 1.1133e4kph; or: 6.7984e0Mm; 
Time:    9.00hours, Distance to sun:150000.0Mm, Energy: -109.69YJ, Momentum(-6.829e-1, 4.3980e1)Pgm/s
Sun  loc:(-1.5000e5,-9.6508e2)Mm; rv:( 0.0000e0, 0.0000e0)kph; av:( 2.4632e3,-3.8603e5)kph; os: 0.0000e0kph; or: 0.0000e0Mm; 
Earthloc:( 0.0000e0, 0.0000e0)Mm; rv:(-6.8423e2, 1.0723e5)kph; av:( 0.0000e0, 0.0000e0)kph; os: 1.0723e5kph; or: 1.5000e5Mm; 
Moon loc:( 3.8477e2, 1.8482e1)Mm; rv:(-5.1349e1, 2.0526e3)kph; av:(-1.8486e2, 7.3895e3)kph; os: 2.0533e3kph; or: 3.8521e2Mm; 
Ap8CMloc:(-5.3818e0, 4.2074e0)Mm; rv:(-6.8831e3,-8.7136e3)kph; av:(-2.4779e4,-3.1369e4)kph; os: 1.1104e4kph; or: 6.8313e0Mm; 
Time:   10.00hours, Distance to sun:150000.0Mm, Energy: -135.86YJ, Momentum(-7.795e-1, 4.8379e1)Pgm/s
Sun  loc:(-1.5000e5,-1.0723e3)Mm; rv:( 0.0000e0, 0.0000e0)kph; av:( 2.7369e3,-3.8603e5)kph; os: 0.0000e0kph; or: 0.0000e0Mm; 
Earthloc:( 0.0000e0, 0.0000e0)Mm; rv:(-7.6025e2, 1.0723e5)kph; av:( 0.0000e0, 0.0000e0)kph; os: 1.0723e5kph; or: 1.5000e5Mm; 
Moon loc:( 3.8471e2, 2.0534e1)Mm; rv:(-5.7044e1, 2.0523e3)kph; av:(-2.0536e2, 7.3883e3)kph; os: 2.0531e3kph; or: 3.8526e2Mm; 
Ap8CMloc:(-4.0107e0,-5.6026e0)Mm; rv:( 8.9430e3,-6.4618e3)kph; av:( 3.2195e4,-2.3262e4)kph; os: 1.1033e4kph; or: 6.8902e0Mm; 
Time:   11.00hours, Distance to sun:150000.0Mm, Energy: -164.82YJ, Momentum(-1.2176e0, 4.3980e1)Pgm/s
Sun  loc:(-1.5000e5,-1.1795e3)Mm; rv:( 0.0000e0, 0.0000e0)kph; av:( 3.0106e3,-3.8602e5)kph; os: 0.0000e0kph; or: 0.0000e0Mm; 
Earthloc:( 0.0000e0, 0.0000e0)Mm; rv:(-8.3628e2, 1.0723e5)kph; av:( 0.0000e0, 0.0000e0)kph; os: 1.0723e5kph; or: 1.5000e5Mm; 
Moon loc:( 3.8465e2, 2.2586e1)Mm; rv:(-6.2736e1, 2.0520e3)kph; av:(-2.2585e2, 7.3871e3)kph; os: 2.0529e3kph; or: 3.8532e2Mm; 
Ap8CMloc:( 5.7200e0,-3.8846e0)Mm; rv:( 6.1918e3, 9.1136e3)kph; av:( 2.2290e4, 3.2809e4)kph; os: 1.1018e4kph; or: 6.9143e0Mm; 
Time:   12.00hours, Distance to sun:150000.0Mm, Energy: -196.58YJ, Momentum(-1.2241e0, 8.7961e0)Pgm/s
Sun  loc:(-1.4999e5,-1.2868e3)Mm; rv:( 0.0000e0, 0.0000e0)kph; av:( 3.2843e3,-3.8602e5)kph; os: 0.0000e0kph; or: 0.0000e0Mm; 
Earthloc:( 0.0000e0, 0.0000e0)Mm; rv:(-9.1230e2, 1.0723e5)kph; av:( 0.0000e0, 0.0000e0)kph; os: 1.0723e5kph; or: 1.5000e5Mm; 
Moon loc:( 3.8459e2, 2.4638e1)Mm; rv:(-6.8424e1, 2.0516e3)kph; av:(-2.4632e2, 7.3857e3)kph; os: 2.0527e3kph; or: 3.8538e2Mm; 
Ap8CMloc:( 3.7424e0, 5.8144e0)Mm; rv:(-9.2778e3, 5.9852e3)kph; av:(-3.3400e4, 2.1547e4)kph; os: 1.1041e4kph; or: 6.9147e0Mm; 
Time:   13.00hours, Distance to sun:150000.1Mm, Energy: -231.13YJ, Momentum(-6.657e-1, 3.0786e1)Pgm/s
Sun  loc:(-1.4999e5,-1.3940e3)Mm; rv:( 0.0000e0, 0.0000e0)kph; av:( 3.5580e3,-3.8602e5)kph; os: 0.0000e0kph; or: 0.0000e0Mm; 
Earthloc:( 0.0000e0, 0.0000e0)Mm; rv:(-9.8832e2, 1.0723e5)kph; av:( 0.0000e0, 0.0000e0)kph; os: 1.0723e5kph; or: 1.5000e5Mm; 
Moon loc:( 3.8452e2, 2.6690e1)Mm; rv:(-7.4107e1, 2.0512e3)kph; av:(-2.6679e2, 7.3842e3)kph; os: 2.0525e3kph; or: 3.8544e2Mm; 
Ap8CMloc:(-5.9230e0, 3.6370e0)Mm; rv:(-5.8084e3,-9.3499e3)kph; av:(-2.0910e4,-3.3660e4)kph; os: 1.1007e4kph; or: 6.9505e0Mm; 
Time:   14.00hours, Distance to sun:150000.1Mm, Energy: -268.48YJ, Momentum( 6.228e-1, 6.5971e1)Pgm/s
Sun  loc:(-1.4999e5,-1.5012e3)Mm; rv:( 0.0000e0, 0.0000e0)kph; av:( 3.8317e3,-3.8602e5)kph; os: 0.0000e0kph; or: 0.0000e0Mm; 
Earthloc:( 0.0000e0, 0.0000e0)Mm; rv:(-1.0643e3, 1.0723e5)kph; av:( 0.0000e0, 0.0000e0)kph; os: 1.0723e5kph; or: 1.5000e5Mm; 
Moon loc:( 3.8444e2, 2.8740e1)Mm; rv:(-7.9787e1, 2.0507e3)kph; av:(-2.8723e2, 7.3826e3)kph; os: 2.0523e3kph; or: 3.8551e2Mm; 
Ap8CMloc:(-3.6613e0,-5.9757e0)Mm; rv:( 9.3035e3,-5.7540e3)kph; av:( 3.3493e4,-2.0714e4)kph; os: 1.0939e4kph; or: 7.0082e0Mm; 
Time:   15.00hours, Distance to sun:150000.1Mm, Energy: -308.62YJ, Momentum( 9.621e-1, 7.9165e1)Pgm/s
Sun  loc:(-1.4999e5,-1.6084e3)Mm; rv:( 0.0000e0, 0.0000e0)kph; av:( 4.1053e3,-3.8601e5)kph; os: 0.0000e0kph; or: 0.0000e0Mm; 
Earthloc:( 0.0000e0, 0.0000e0)Mm; rv:(-1.1404e3, 1.0723e5)kph; av:( 0.0000e0, 0.0000e0)kph; os: 1.0723e5kph; or: 1.5000e5Mm; 
Moon loc:( 3.8436e2, 3.0791e1)Mm; rv:(-8.5461e1, 2.0503e3)kph; av:(-3.0766e2, 7.3809e3)kph; os: 2.0520e3kph; or: 3.8559e2Mm; 
Ap8CMloc:( 5.9389e0,-3.7613e0)Mm; rv:( 5.8471e3, 9.2315e3)kph; av:( 2.1050e4, 3.3233e4)kph; os: 1.0927e4kph; or: 7.0298e0Mm; 
Time:   16.00hours, Distance to sun:150000.1Mm, Energy: -351.55YJ, Momentum(-1.890e-1, 1.1875e2)Pgm/s
Sun  loc:(-1.4999e5,-1.7157e3)Mm; rv:( 0.0000e0, 0.0000e0)kph; av:( 4.3790e3,-3.8601e5)kph; os: 0.0000e0kph; or: 0.0000e0Mm; 
Earthloc:( 0.0000e0, 0.0000e0)Mm; rv:(-1.2164e3, 1.0723e5)kph; av:( 0.0000e0, 0.0000e0)kph; os: 1.0723e5kph; or: 1.5000e5Mm; 
Moon loc:( 3.8427e2, 3.2841e1)Mm; rv:(-9.1131e1, 2.0497e3)kph; av:(-3.2807e2, 7.3791e3)kph; os: 2.0518e3kph; or: 3.8567e2Mm; 
Ap8CMloc:( 3.8449e0, 5.8841e0)Mm; rv:(-9.1615e3, 5.9988e3)kph; av:(-3.2982e4, 2.1596e4)kph; os: 1.0951e4kph; or: 7.0290e0Mm; 
Time:   17.00hours, Distance to sun:150000.1Mm, Energy: -397.28YJ, Momentum(-2.878e-1, 1.3194e2)Pgm/s
Sun  loc:(-1.4999e5,-1.8229e3)Mm; rv:( 0.0000e0, 0.0000e0)kph; av:( 4.6527e3,-3.8601e5)kph; os: 0.0000e0kph; or: 0.0000e0Mm; 
Earthloc:( 0.0000e0, 0.0000e0)Mm; rv:(-1.2924e3, 1.0722e5)kph; av:( 0.0000e0, 0.0000e0)kph; os: 1.0723e5kph; or: 1.5000e5Mm; 
Moon loc:( 3.8418e2, 3.4890e1)Mm; rv:(-9.6795e1, 2.0492e3)kph; av:(-3.4846e2, 7.3771e3)kph; os: 2.0515e3kph; or: 3.8576e2Mm; 
Ap8CMloc:(-5.8458e0, 3.9641e0)Mm; rv:(-6.1745e3,-9.0065e3)kph; av:(-2.2228e4,-3.2423e4)kph; os: 1.0920e4kph; or: 7.0632e0Mm; 
Time:   18.00hours, Distance to sun:150000.1Mm, Energy: -445.80YJ, Momentum(-8.933e-1, 1.2754e2)Pgm/s
Sun  loc:(-1.4999e5,-1.9301e3)Mm; rv:( 0.0000e0, 0.0000e0)kph; av:( 4.9264e3,-3.8600e5)kph; os: 0.0000e0kph; or: 0.0000e0Mm; 
Earthloc:( 0.0000e0, 0.0000e0)Mm; rv:(-1.3684e3, 1.0722e5)kph; av:( 0.0000e0, 0.0000e0)kph; os: 1.0723e5kph; or: 1.5000e5Mm; 
Moon loc:( 3.8408e2, 3.6939e1)Mm; rv:(-1.0245e2, 2.0486e3)kph; av:(-3.6883e2, 7.3750e3)kph; os: 2.0512e3kph; or: 3.8585e2Mm; 
Ap8CMloc:(-4.2062e0,-5.7454e0)Mm; rv:( 8.7291e3,-6.4491e3)kph; av:( 3.1425e4,-2.3217e4)kph; os: 1.0853e4kph; or: 7.1206e0Mm; 
Time:   19.00hours, Distance to sun:150000.1Mm, Energy: -497.11YJ, Momentum(-7.344e-1, 8.7961e1)Pgm/s
Sun  loc:(-1.4999e5,-2.0373e3)Mm; rv:( 0.0000e0, 0.0000e0)kph; av:( 5.2001e3,-3.8600e5)kph; os: 0.0000e0kph; or: 0.0000e0Mm; 
Earthloc:( 0.0000e0, 0.0000e0)Mm; rv:(-1.4445e3, 1.0722e5)kph; av:( 0.0000e0, 0.0000e0)kph; os: 1.0723e5kph; or: 1.5000e5Mm; 
Moon loc:( 3.8397e2, 3.8988e1)Mm; rv:(-1.0811e2, 2.0480e3)kph; av:(-3.8918e2, 7.3728e3)kph; os: 2.0509e3kph; or: 3.8595e2Mm; 
Ap8CMloc:( 5.5378e0,-4.5135e0)Mm; rv:( 6.8484e3, 8.3999e3)kph; av:( 2.4654e4, 3.0240e4)kph; os: 1.0838e4kph; or: 7.1442e0Mm; 
Time:   20.00hours, Distance to sun:150000.1Mm, Energy: -551.21YJ, Momentum(-4.252e-1, 8.7961e1)Pgm/s
Sun  loc:(-1.4998e5,-2.1446e3)Mm; rv:( 0.0000e0, 0.0000e0)kph; av:( 5.4737e3,-3.8600e5)kph; os: 0.0000e0kph; or: 0.0000e0Mm; 
Earthloc:( 0.0000e0, 0.0000e0)Mm; rv:(-1.5205e3, 1.0722e5)kph; av:( 0.0000e0, 0.0000e0)kph; os: 1.0723e5kph; or: 1.5000e5Mm; 
Moon loc:( 3.8386e2, 4.1035e1)Mm; rv:(-1.1375e2, 2.0474e3)kph; av:(-4.0951e2, 7.3705e3)kph; os: 2.0505e3kph; or: 3.8605e2Mm; 
Ap8CMloc:( 4.7917e0, 5.2955e0)Mm; rv:(-8.0512e3, 7.2921e3)kph; av:(-2.8984e4, 2.6252e4)kph; os: 1.0863e4kph; or: 7.1416e0Mm; 
Time:   21.00hours, Distance to sun:150000.1Mm, Energy: -608.11YJ, Momentum(-2.534e-1, 8.7961e1)Pgm/s
Sun  loc:(-1.4998e5,-2.2518e3)Mm; rv:( 0.0000e0, 0.0000e0)kph; av:( 5.7474e3,-3.8599e5)kph; os: 0.0000e0kph; or: 0.0000e0Mm; 
Earthloc:( 0.0000e0, 0.0000e0)Mm; rv:(-1.5965e3, 1.0722e5)kph; av:( 0.0000e0, 0.0000e0)kph; os: 1.0723e5kph; or: 1.5000e5Mm; 
Moon loc:( 3.8374e2, 4.3082e1)Mm; rv:(-1.1939e2, 2.0467e3)kph; av:(-4.2981e2, 7.3681e3)kph; os: 2.0502e3kph; or: 3.8615e2Mm; 
Ap8CMloc:(-5.0561e0, 5.0835e0)Mm; rv:(-7.7220e3,-7.6088e3)kph; av:(-2.7799e4,-2.7392e4)kph; os: 1.0841e4kph; or: 7.1698e0Mm; 
Time:   22.00hours, Distance to sun:150000.2Mm, Energy: -667.79YJ, Momentum(-1.632e-1, 8.3563e1)Pgm/s
Sun  loc:(-1.4998e5,-2.3590e3)Mm; rv:( 0.0000e0, 0.0000e0)kph; av:( 6.0211e3,-3.8599e5)kph; os: 0.0000e0kph; or: 0.0000e0Mm; 
Earthloc:( 0.0000e0, 0.0000e0)Mm; rv:(-1.6725e3, 1.0722e5)kph; av:( 0.0000e0, 0.0000e0)kph; os: 1.0723e5kph; or: 1.5000e5Mm; 
Moon loc:( 3.8362e2, 4.5129e1)Mm; rv:(-1.2502e2, 2.0460e3)kph; av:(-4.5009e2, 7.3656e3)kph; os: 2.0498e3kph; or: 3.8627e2Mm; 
Ap8CMloc:(-5.4648e0,-4.7293e0)Mm; rv:( 7.0117e3,-8.1817e3)kph; av:( 2.5242e4,-2.9454e4)kph; os: 1.0775e4kph; or: 7.2271e0Mm; 
Time:   23.00hours, Distance to sun:150000.2Mm, Energy: -730.27YJ, Momentum(-1.417e-1, 1.0995e2)Pgm/s
Sun  loc:(-1.4998e5,-2.4662e3)Mm; rv:( 0.0000e0, 0.0000e0)kph; av:( 6.2948e3,-3.8598e5)kph; os: 0.0000e0kph; or: 0.0000e0Mm; 
Earthloc:( 0.0000e0, 0.0000e0)Mm; rv:(-1.7486e3, 1.0722e5)kph; av:( 0.0000e0, 0.0000e0)kph; os: 1.0723e5kph; or: 1.5000e5Mm; 
Moon loc:( 3.8349e2, 4.7174e1)Mm; rv:(-1.3065e2, 2.0453e3)kph; av:(-4.7034e2, 7.3629e3)kph; os: 2.0494e3kph; or: 3.8638e2Mm; 
Ap8CMloc:( 4.2584e0,-5.8765e0)Mm; rv:( 8.7089e3, 6.3023e3)kph; av:( 3.1352e4, 2.2688e4)kph; os: 1.0750e4kph; or: 7.2572e0Mm; 
Time:   24.00hours, Distance to sun:150000.2Mm, Energy: -795.53YJ, Momentum( 1.0308e0, 1.0995e2)Pgm/s
Sun  loc:(-1.4998e5,-2.5734e3)Mm; rv:( 0.0000e0, 0.0000e0)kph; av:( 6.5685e3,-3.8598e5)kph; os: 0.0000e0kph; or: 0.0000e0Mm; 
Earthloc:( 0.0000e0, 0.0000e0)Mm; rv:(-1.8246e3, 1.0722e5)kph; av:( 0.0000e0, 0.0000e0)kph; os: 1.0723e5kph; or: 1.5000e5Mm; 
Moon loc:( 3.8336e2, 4.9219e1)Mm; rv:(-1.3627e2, 2.0445e3)kph; av:(-4.9056e2, 7.3601e3)kph; os: 2.0490e3kph; or: 3.8651e2Mm; 
Ap8CMloc:( 6.2246e0, 3.7250e0)Mm; rv:(-5.5344e3, 9.2444e3)kph; av:(-1.9924e4, 3.3280e4)kph; os: 1.0774e4kph; or: 7.2540e0Mm; 
Time:   25.00hours, Distance to sun:150000.2Mm, Energy: -863.58YJ, Momentum(-3.436e-1, 1.3194e2)Pgm/s
Sun  loc:(-1.4998e5,-2.6807e3)Mm; rv:( 0.0000e0, 0.0000e0)kph; av:( 6.8421e3,-3.8598e5)kph; os: 0.0000e0kph; or: 0.0000e0Mm; 
Earthloc:( 0.0000e0, 0.0000e0)Mm; rv:(-1.9006e3, 1.0722e5)kph; av:( 0.0000e0, 0.0000e0)kph; os: 1.0723e5kph; or: 1.5000e5Mm; 
Moon loc:( 3.8322e2, 5.1263e1)Mm; rv:(-1.4188e2, 2.0437e3)kph; av:(-5.1076e2, 7.3573e3)kph; os: 2.0486e3kph; or: 3.8663e2Mm; 
Ap8CMloc:(-3.1826e0, 6.5386e0)Mm; rv:(-9.6996e3,-4.6755e3)kph; av:(-3.4919e4,-1.6832e4)kph; os: 1.0768e4kph; or: 7.2720e0Mm; 
Time:   26.00hours, Distance to sun:150000.2Mm, Energy: -934.43YJ, Momentum(-2.7058e0, 1.6273e2)Pgm/s
Sun  loc:(-1.4997e5,-2.7879e3)Mm; rv:( 0.0000e0, 0.0000e0)kph; av:( 7.1158e3,-3.8597e5)kph; os: 0.0000e0kph; or: 0.0000e0Mm; 
Earthloc:( 0.0000e0, 0.0000e0)Mm; rv:(-1.9766e3, 1.0721e5)kph; av:( 0.0000e0, 0.0000e0)kph; os: 1.0723e5kph; or: 1.5000e5Mm; 
Moon loc:( 3.8308e2, 5.3307e1)Mm; rv:(-1.4748e2, 2.0428e3)kph; av:(-5.3093e2, 7.3543e3)kph; os: 2.0482e3kph; or: 3.8677e2Mm; 
Ap8CMloc:(-6.8730e0,-2.5380e0)Mm; rv:( 3.6550e3,-1.0064e4)kph; av:( 1.3158e4,-3.6229e4)kph; os: 1.0707e4kph; or: 7.3266e0Mm; 
Time:   27.00hours, Distance to sun:150000.2Mm, Energy:-1008.06YJ, Momentum(-1.7695e0, 1.3634e2)Pgm/s
Sun  loc:(-1.4997e5,-2.8951e3)Mm; rv:( 0.0000e0, 0.0000e0)kph; av:( 7.3895e3,-3.8597e5)kph; os: 0.0000e0kph; or: 0.0000e0Mm; 
Earthloc:( 0.0000e0, 0.0000e0)Mm; rv:(-2.0526e3, 1.0721e5)kph; av:( 0.0000e0, 0.0000e0)kph; os: 1.0723e5kph; or: 1.5000e5Mm; 
Moon loc:( 3.8293e2, 5.5349e1)Mm; rv:(-1.5307e2, 2.0420e3)kph; av:(-5.5106e2, 7.3511e3)kph; os: 2.0477e3kph; or: 3.8691e2Mm; 
Ap8CMloc:( 1.7240e0,-7.1623e0)Mm; rv:( 1.0375e4, 2.4788e3)kph; av:( 3.7349e4, 8.9237e3)kph; os: 1.0667e4kph; or: 7.3669e0Mm; 
Time:   28.00hours, Distance to sun:150000.2Mm, Energy:-1084.47YJ, Momentum(-1.5118e0, 1.0116e2)Pgm/s
Sun  loc:(-1.4997e5,-3.0023e3)Mm; rv:( 0.0000e0, 0.0000e0)kph; av:( 7.6631e3,-3.8596e5)kph; os: 0.0000e0kph; or: 0.0000e0Mm; 
Earthloc:( 0.0000e0, 0.0000e0)Mm; rv:(-2.1287e3, 1.0721e5)kph; av:( 0.0000e0, 0.0000e0)kph; os: 1.0723e5kph; or: 1.5000e5Mm; 
Moon loc:( 3.8277e2, 5.7391e1)Mm; rv:(-1.5866e2, 2.0411e3)kph; av:(-5.7116e2, 7.3479e3)kph; os: 2.0472e3kph; or: 3.8705e2Mm; 
Ap8CMloc:( 7.3201e0, 8.353e-1)Mm; rv:(-1.2188e3, 1.0615e4)kph; av:(-4.3877e3, 3.8213e4)kph; os: 1.0685e4kph; or: 7.3676e0Mm; 
Time:   29.00hours, Distance to sun:150000.3Mm, Energy:-1163.67YJ, Momentum(-5.068e-1, 1.2754e2)Pgm/s
Sun  loc:(-1.4997e5,-3.1095e3)Mm; rv:( 0.0000e0, 0.0000e0)kph; av:( 7.9368e3,-3.8596e5)kph; os: 0.0000e0kph; or: 0.0000e0Mm; 
Earthloc:( 0.0000e0, 0.0000e0)Mm; rv:(-2.2047e3, 1.0721e5)kph; av:( 0.0000e0, 0.0000e0)kph; os: 1.0723e5kph; or: 1.5000e5Mm; 
Moon loc:( 3.8261e2, 5.9431e1)Mm; rv:(-1.6423e2, 2.0402e3)kph; av:(-5.9123e2, 7.3446e3)kph; os: 2.0468e3kph; or: 3.8720e2Mm; 
Ap8CMloc:( 4.152e-2, 7.3729e0)Mm; rv:(-1.0695e4, 8.5854e1)kph; av:(-3.8502e4, 3.0907e2)kph; os: 1.0695e4kph; or: 7.3730e0Mm; 
Time:   30.00hours, Distance to sun:150000.3Mm, Energy:-1245.66YJ, Momentum(-3.4360e0, 1.0555e2)Pgm/s
Sun  loc:(-1.4997e5,-3.2167e3)Mm; rv:( 0.0000e0, 0.0000e0)kph; av:( 8.2105e3,-3.8595e5)kph; os: 0.0000e0kph; or: 0.0000e0Mm; 
Earthloc:( 0.0000e0, 0.0000e0)Mm; rv:(-2.2807e3, 1.0721e5)kph; av:( 0.0000e0, 0.0000e0)kph; os: 1.0723e5kph; or: 1.5000e5Mm; 
Moon loc:( 3.8244e2, 6.1471e1)Mm; rv:(-1.6980e2, 2.0392e3)kph; av:(-6.1127e2, 7.3411e3)kph; os: 2.0463e3kph; or: 3.8735e2Mm; 
Ap8CMloc:(-7.3539e0, 9.794e-1)Mm; rv:(-1.4638e3,-1.0547e4)kph; av:(-5.2697e3,-3.7969e4)kph; os: 1.0648e4kph; or: 7.4188e0Mm; 
Time:   31.00hours, Distance to sun:150000.3Mm, Energy:-1330.43YJ, Momentum(-3.6335e0, 7.9165e1)Pgm/s
Sun  loc:(-1.4996e5,-3.3239e3)Mm; rv:( 0.0000e0, 0.0000e0)kph; av:( 8.4841e3,-3.8594e5)kph; os: 0.0000e0kph; or: 0.0000e0Mm; 
Earthloc:( 0.0000e0, 0.0000e0)Mm; rv:(-2.3567e3, 1.0721e5)kph; av:( 0.0000e0, 0.0000e0)kph; os: 1.0723e5kph; or: 1.5000e5Mm; 
Moon loc:( 3.8227e2, 6.3510e1)Mm; rv:(-1.7535e2, 2.0382e3)kph; av:(-6.3127e2, 7.3376e3)kph; os: 2.0457e3kph; or: 3.8751e2Mm; 
Ap8CMloc:(-2.0452e0,-7.1844e0)Mm; rv:( 1.0179e4,-2.9334e3)kph; av:( 3.6644e4,-1.0560e4)kph; os: 1.0593e4kph; or: 7.4698e0Mm; 
Time:   32.00hours, Distance to sun:150000.3Mm, Energy:-1417.99YJ, Momentum(-2.3966e0, 1.0116e2)Pgm/s
Sun  loc:(-1.4996e5,-3.4311e3)Mm; rv:( 0.0000e0, 0.0000e0)kph; av:( 8.7578e3,-3.8594e5)kph; os: 0.0000e0kph; or: 0.0000e0Mm; 
Earthloc:( 0.0000e0, 0.0000e0)Mm; rv:(-2.4327e3, 1.0720e5)kph; av:( 0.0000e0, 0.0000e0)kph; os: 1.0723e5kph; or: 1.5000e5Mm; 
Moon loc:( 3.8209e2, 6.5547e1)Mm; rv:(-1.8090e2, 2.0372e3)kph; av:(-6.5124e2, 7.3339e3)kph; os: 2.0452e3kph; or: 3.8767e2Mm; 
Ap8CMloc:( 6.7932e0,-3.1355e0)Mm; rv:( 4.4345e3, 9.6208e3)kph; av:( 1.5964e4, 3.4635e4)kph; os: 1.0594e4kph; or: 7.4819e0Mm; 
Time:   33.00hours, Distance to sun:150000.3Mm, Energy:-1508.33YJ, Momentum(-2.3107e0, 1.0555e2)Pgm/s
Sun  loc:(-1.4996e5,-3.5383e3)Mm; rv:( 0.0000e0, 0.0000e0)kph; av:( 9.0315e3,-3.8593e5)kph; os: 0.0000e0kph; or: 0.0000e0Mm; 
Earthloc:( 0.0000e0, 0.0000e0)Mm; rv:(-2.5087e3, 1.0720e5)kph; av:( 0.0000e0, 0.0000e0)kph; os: 1.0723e5kph; or: 1.5000e5Mm; 
Moon loc:( 3.8191e2, 6.7584e1)Mm; rv:(-1.8643e2, 2.0361e3)kph; av:(-6.7116e2, 7.3301e3)kph; os: 2.0447e3kph; or: 3.8784e2Mm; 
Ap8CMloc:( 4.1281e0, 6.2345e0)Mm; rv:(-8.8495e3, 5.8675e3)kph; av:(-3.1858e4, 2.1123e4)kph; os: 1.0618e4kph; or: 7.4773e0Mm; 
Time:   34.00hours, Distance to sun:150000.4Mm, Energy:-1601.45YJ, Momentum(-1.8469e0, 7.9165e1)Pgm/s
Sun  loc:(-1.4996e5,-3.6455e3)Mm; rv:( 0.0000e0, 0.0000e0)kph; av:( 9.3051e3,-3.8593e5)kph; os: 0.0000e0kph; or: 0.0000e0Mm; 
Earthloc:( 0.0000e0, 0.0000e0)Mm; rv:(-2.5848e3, 1.0720e5)kph; av:( 0.0000e0, 0.0000e0)kph; os: 1.0723e5kph; or: 1.5000e5Mm; 
Moon loc:( 3.8172e2, 6.9620e1)Mm; rv:(-1.9196e2, 2.0351e3)kph; av:(-6.9105e2, 7.3262e3)kph; os: 2.0441e3kph; or: 3.8802e2Mm; 
Ap8CMloc:(-5.5506e0, 5.0530e0)Mm; rv:(-7.1691e3,-7.8011e3)kph; av:(-2.5809e4,-2.8084e4)kph; os: 1.0595e4kph; or: 7.5062e0Mm; 
Time:   35.00hours, Distance to sun:150000.4Mm, Energy:-1697.35YJ, Momentum(-1.7008e0, 7.0369e1)Pgm/s
Sun  loc:(-1.4995e5,-3.7527e3)Mm; rv:( 0.0000e0, 0.0000e0)kph; av:( 9.5788e3,-3.8592e5)kph; os: 0.0000e0kph; or: 0.0000e0Mm; 
Earthloc:( 0.0000e0, 0.0000e0)Mm; rv:(-2.6608e3, 1.0720e5)kph; av:( 0.0000e0, 0.0000e0)kph; os: 1.0723e5kph; or: 1.5000e5Mm; 
Moon loc:( 3.8152e2, 7.1654e1)Mm; rv:(-1.9747e2, 2.0339e3)kph; av:(-7.1090e2, 7.3222e3)kph; os: 2.0435e3kph; or: 3.8819e2Mm; 
Ap8CMloc:(-5.9562e0,-4.6588e0)Mm; rv:( 6.4499e3,-8.3288e3)kph; av:( 2.3220e4,-2.9984e4)kph; os: 1.0534e4kph; or: 7.5618e0Mm; 
Time:   36.00hours, Distance to sun:150000.4Mm, Energy:-1796.04YJ, Momentum(-1.2713e0, 7.9165e1)Pgm/s
Sun  loc:(-1.4995e5,-3.8599e3)Mm; rv:( 0.0000e0, 0.0000e0)kph; av:( 9.8524e3,-3.8591e5)kph; os: 0.0000e0kph; or: 0.0000e0Mm; 
Earthloc:( 0.0000e0, 0.0000e0)Mm; rv:(-2.7368e3, 1.0720e5)kph; av:( 0.0000e0, 0.0000e0)kph; os: 1.0723e5kph; or: 1.5000e5Mm; 
Moon loc:( 3.8132e2, 7.3687e1)Mm; rv:(-2.0297e2, 2.0328e3)kph; av:(-7.3071e2, 7.3181e3)kph; os: 2.0429e3kph; or: 3.8838e2Mm; 
Ap8CMloc:( 3.5072e0,-6.7341e0)Mm; rv:( 9.3239e3, 4.8462e3)kph; av:( 3.3566e4, 1.7446e4)kph; os: 1.0508e4kph; or: 7.5927e0Mm; 
Time:   37.00hours, Distance to sun:150000.4Mm, Energy:-1897.50YJ, Momentum(-8.676e-1, 5.7175e1)Pgm/s
Sun  loc:(-1.4995e5,-3.9671e3)Mm; rv:( 0.0000e0, 0.0000e0)kph; av:( 1.0126e4,-3.8591e5)kph; os: 0.0000e0kph; or: 0.0000e0Mm; 
Earthloc:( 0.0000e0, 0.0000e0)Mm; rv:(-2.8128e3, 1.0720e5)kph; av:( 0.0000e0, 0.0000e0)kph; os: 1.0723e5kph; or: 1.5000e5Mm; 
Moon loc:( 3.8112e2, 7.5720e1)Mm; rv:(-2.0847e2, 2.0316e3)kph; av:(-7.5048e2, 7.3138e3)kph; os: 2.0423e3kph; or: 3.8857e2Mm; 
Ap8CMloc:( 7.2612e0, 2.2042e0)Mm; rv:(-3.0665e3, 1.0075e4)kph; av:(-1.1040e4, 3.6269e4)kph; os: 1.0531e4kph; or: 7.5884e0Mm; 
Time:   38.00hours, Distance to sun:150000.5Mm, Energy:-2001.74YJ, Momentum(-5.927e-1, 6.5971e1)Pgm/s
Sun  loc:(-1.4995e5,-4.0743e3)Mm; rv:( 0.0000e0, 0.0000e0)kph; av:( 1.0400e4,-3.8590e5)kph; os: 0.0000e0kph; or: 0.0000e0Mm; 
Earthloc:( 0.0000e0, 0.0000e0)Mm; rv:(-2.8888e3, 1.0719e5)kph; av:( 0.0000e0, 0.0000e0)kph; os: 1.0723e5kph; or: 1.5000e5Mm; 
Moon loc:( 3.8091e2, 7.7751e1)Mm; rv:(-2.1394e2, 2.0304e3)kph; av:(-7.7020e2, 7.3095e3)kph; os: 2.0417e3kph; or: 3.8876e2Mm; 
Ap8CMloc:(-8.536e-1, 7.5475e0)Mm; rv:(-1.0474e4,-1.1564e3)kph; av:(-3.7707e4,-4.1629e3)kph; os: 1.0538e4kph; or: 7.5956e0Mm; 
Time:   39.00hours, Distance to sun:150000.5Mm, Energy:-2108.76YJ, Momentum( 4.295e-1, 5.7175e1)Pgm/s
Sun  loc:(-1.4994e5,-4.1815e3)Mm; rv:( 0.0000e0, 0.0000e0)kph; av:( 1.0673e4,-3.8589e5)kph; os: 0.0000e0kph; or: 0.0000e0Mm; 
Earthloc:( 0.0000e0, 0.0000e0)Mm; rv:(-2.9648e3, 1.0719e5)kph; av:( 0.0000e0, 0.0000e0)kph; os: 1.0723e5kph; or: 1.5000e5Mm; 
Moon loc:( 3.8069e2, 7.9780e1)Mm; rv:(-2.1941e2, 2.0292e3)kph; av:(-7.8988e2, 7.3050e3)kph; os: 2.0410e3kph; or: 3.8896e2Mm; 
Ap8CMloc:(-7.6194e0, 5.899e-1)Mm; rv:(-8.6726e2,-1.0454e4)kph; av:(-3.1222e3,-3.7636e4)kph; os: 1.0490e4kph; or: 7.6423e0Mm; 
Time:   40.00hours, Distance to sun:150000.5Mm, Energy:-2218.56YJ, Momentum( 1.0909e0, 9.2359e1)Pgm/s
Sun  loc:(-1.4994e5,-4.2887e3)Mm; rv:( 0.0000e0, 0.0000e0)kph; av:( 1.0947e4,-3.8588e5)kph; os: 0.0000e0kph; or: 0.0000e0Mm; 
Earthloc:( 0.0000e0, 0.0000e0)Mm; rv:(-3.0408e3, 1.0719e5)kph; av:( 0.0000e0, 0.0000e0)kph; os: 1.0723e5kph; or: 1.5000e5Mm; 
Moon loc:( 3.8047e2, 8.1809e1)Mm; rv:(-2.2487e2, 2.0279e3)kph; av:(-8.0952e2, 7.3005e3)kph; os: 2.0403e3kph; or: 3.8916e2Mm; 
Ap8CMloc:(-2.1548e0,-7.3838e0)Mm; rv:( 1.0012e4,-2.9561e3)kph; av:( 3.6042e4,-1.0642e4)kph; os: 1.0439e4kph; or: 7.6917e0Mm; 
Time:   41.00hours, Distance to sun:150000.5Mm, Energy:-2331.14YJ, Momentum( 2.3107e0, 7.0369e1)Pgm/s
Sun  loc:(-1.4994e5,-4.3959e3)Mm; rv:( 0.0000e0, 0.0000e0)kph; av:( 1.1221e4,-3.8588e5)kph; os: 0.0000e0kph; or: 0.0000e0Mm; 
Earthloc:( 0.0000e0, 0.0000e0)Mm; rv:(-3.1169e3, 1.0719e5)kph; av:( 0.0000e0, 0.0000e0)kph; os: 1.0723e5kph; or: 1.5000e5Mm; 
Moon loc:( 3.8024e2, 8.3836e1)Mm; rv:(-2.3031e2, 2.0266e3)kph; av:(-8.2911e2, 7.2958e3)kph; os: 2.0397e3kph; or: 3.8937e2Mm; 
Ap8CMloc:( 6.7611e0,-3.6917e0)Mm; rv:( 4.9974e3, 9.1653e3)kph; av:( 1.7991e4, 3.2995e4)kph; os: 1.0439e4kph; or: 7.7033e0Mm; 
Time:   42.00hours, Distance to sun:150000.6Mm, Energy:-2446.48YJ, Momentum( 2.1217e0, 1.7592e1)Pgm/s
Sun  loc:(-1.4993e5,-4.5031e3)Mm; rv:( 0.0000e0, 0.0000e0)kph; av:( 1.1494e4,-3.8587e5)kph; os: 0.0000e0kph; or: 0.0000e0Mm; 
Earthloc:( 0.0000e0, 0.0000e0)Mm; rv:(-3.1929e3, 1.0719e5)kph; av:( 0.0000e0, 0.0000e0)kph; os: 1.0723e5kph; or: 1.5000e5Mm; 
Moon loc:( 3.8001e2, 8.5862e1)Mm; rv:(-2.3574e2, 2.0253e3)kph; av:(-8.4865e2, 7.2911e3)kph; os: 2.0390e3kph; or: 3.8959e2Mm; 
Ap8CMloc:( 5.0335e0, 5.8220e0)Mm; rv:(-7.9155e3, 6.8455e3)kph; av:(-2.8496e4, 2.4644e4)kph; os: 1.0465e4kph; or: 7.6962e0Mm; 
Time:   43.00hours, Distance to sun:150000.6Mm, Energy:-2564.61YJ, Momentum( 3.9771e0, 4.3980e0)Pgm/s
Sun  loc:(-1.4993e5,-4.6103e3)Mm; rv:( 0.0000e0, 0.0000e0)kph; av:( 1.1768e4,-3.8586e5)kph; os: 0.0000e0kph; or: 0.0000e0Mm; 
Earthloc:( 0.0000e0, 0.0000e0)Mm; rv:(-3.2689e3, 1.0718e5)kph; av:( 0.0000e0, 0.0000e0)kph; os: 1.0723e5kph; or: 1.5000e5Mm; 
Moon loc:( 3.7977e2, 8.7887e1)Mm; rv:(-2.4115e2, 2.0239e3)kph; av:(-8.6815e2, 7.2862e3)kph; os: 2.0383e3kph; or: 3.8981e2Mm; 
Ap8CMloc:(-4.6418e0, 6.1671e0)Mm; rv:(-8.3759e3,-6.2494e3)kph; av:(-3.0153e4,-2.2498e4)kph; os: 1.0450e4kph; or: 7.7188e0Mm; 
Time:   44.00hours, Distance to sun:150000.6Mm, Energy:-2685.50YJ, Momentum( 1.0050e0,-1.7592e1)Pgm/s
Sun  loc:(-1.4993e5,-4.7175e3)Mm; rv:( 0.0000e0, 0.0000e0)kph; av:( 1.2042e4,-3.8585e5)kph; os: 0.0000e0kph; or: 0.0000e0Mm; 
Earthloc:( 0.0000e0, 0.0000e0)Mm; rv:(-3.3449e3, 1.0718e5)kph; av:( 0.0000e0, 0.0000e0)kph; os: 1.0723e5kph; or: 1.5000e5Mm; 
Moon loc:( 3.7952e2, 8.9910e1)Mm; rv:(-2.4656e2, 2.0226e3)kph; av:(-8.8760e2, 7.2812e3)kph; os: 2.0375e3kph; or: 3.9003e2Mm; 
Ap8CMloc:(-7.0962e0,-3.1711e0)Mm; rv:( 4.1910e3,-9.5114e3)kph; av:( 1.5088e4,-3.4241e4)kph; os: 1.0394e4kph; or: 7.7725e0Mm; 
Time:   45.00hours, Distance to sun:150000.6Mm, Energy:-2809.17YJ, Momentum( 9.020e-1,-5.7175e1)Pgm/s
Sun  loc:(-1.4992e5,-4.8246e3)Mm; rv:( 0.0000e0, 0.0000e0)kph; av:( 1.2315e4,-3.8584e5)kph; os: 0.0000e0kph; or: 0.0000e0Mm; 
Earthloc:( 0.0000e0, 0.0000e0)Mm; rv:(-3.4209e3, 1.0718e5)kph; av:( 0.0000e0, 0.0000e0)kph; os: 1.0723e5kph; or: 1.5000e5Mm; 
Moon loc:( 3.7928e2, 9.1932e1)Mm; rv:(-2.5194e2, 2.0211e3)kph; av:(-9.0700e2, 7.2761e3)kph; os: 2.0368e3kph; or: 3.9026e2Mm; 
Ap8CMloc:( 1.3991e0,-7.6839e0)Mm; rv:( 1.0194e4, 1.8391e3)kph; av:( 3.6699e4, 6.6207e3)kph; os: 1.0359e4kph; or: 7.8103e0Mm; 
Time:   46.00hours, Distance to sun:150000.7Mm, Energy:-2935.61YJ, Momentum( 4.5097e0,-6.1573e1)Pgm/s
Sun  loc:(-1.4992e5,-4.9318e3)Mm; rv:( 0.0000e0, 0.0000e0)kph; av:( 1.2589e4,-3.8583e5)kph; os: 0.0000e0kph; or: 0.0000e0Mm; 
Earthloc:( 0.0000e0, 0.0000e0)Mm; rv:(-3.4969e3, 1.0718e5)kph; av:( 0.0000e0, 0.0000e0)kph; os: 1.0723e5kph; or: 1.5000e5Mm; 
Moon loc:( 3.7902e2, 9.3952e1)Mm; rv:(-2.5732e2, 2.0197e3)kph; av:(-9.2635e2, 7.2709e3)kph; os: 2.0360e3kph; or: 3.9049e2Mm; 
Ap8CMloc:( 7.7936e0,-5.003e-1)Mm; rv:( 6.5376e2, 1.0354e4)kph; av:( 2.3536e3, 3.7275e4)kph; os: 1.0375e4kph; or: 7.8096e0Mm; 
Time:   47.00hours, Distance to sun:150000.7Mm, Energy:-3064.81YJ, Momentum( 7.8855e0,-5.7175e1)Pgm/s
Sun  loc:(-1.4992e5,-5.0390e3)Mm; rv:( 0.0000e0, 0.0000e0)kph; av:( 1.2862e4,-3.8583e5)kph; os: 0.0000e0kph; or: 0.0000e0Mm; 
Earthloc:( 0.0000e0, 0.0000e0)Mm; rv:(-3.5729e3, 1.0717e5)kph; av:( 0.0000e0, 0.0000e0)kph; os: 1.0723e5kph; or: 1.5000e5Mm; 
Moon loc:( 3.7876e2, 9.5971e1)Mm; rv:(-2.6268e2, 2.0182e3)kph; av:(-9.4564e2, 7.2656e3)kph; os: 2.0353e3kph; or: 3.9073e2Mm; 
Ap8CMloc:( 2.3388e0, 7.4481e0)Mm; rv:(-9.9128e3, 3.1262e3)kph; av:(-3.5686e4, 1.1254e4)kph; os: 1.0394e4kph; or: 7.8067e0Mm; 
Time:   48.00hours, Distance to sun:150000.7Mm, Energy:-3196.79YJ, Momentum( 6.3222e0,-8.7961e1)Pgm/s
Sun  loc:(-1.4991e5,-5.1462e3)Mm; rv:( 0.0000e0, 0.0000e0)kph; av:( 1.3136e4,-3.8582e5)kph; os: 0.0000e0kph; or: 0.0000e0Mm; 
Earthloc:( 0.0000e0, 0.0000e0)Mm; rv:(-3.6489e3, 1.0717e5)kph; av:( 0.0000e0, 0.0000e0)kph; os: 1.0723e5kph; or: 1.5000e5Mm; 
Moon loc:( 3.7850e2, 9.7989e1)Mm; rv:(-2.6802e2, 2.0167e3)kph; av:(-9.6489e2, 7.2603e3)kph; os: 2.0345e3kph; or: 3.9097e2Mm; 
Ap8CMloc:(-6.6955e0, 4.0801e0)Mm; rv:(-5.4375e3,-8.8233e3)kph; av:(-1.9575e4,-3.1764e4)kph; os: 1.0364e4kph; or: 7.8407e0Mm; 
Time:   49.00hours, Distance to sun:150000.8Mm, Energy:-3331.53YJ, Momentum( 4.2263e0,-9.2359e1)Pgm/s
Sun  loc:(-1.4991e5,-5.2533e3)Mm; rv:( 0.0000e0, 0.0000e0)kph; av:( 1.3410e4,-3.8581e5)kph; os: 0.0000e0kph; or: 0.0000e0Mm; 
Earthloc:( 0.0000e0, 0.0000e0)Mm; rv:(-3.7249e3, 1.0717e5)kph; av:( 0.0000e0, 0.0000e0)kph; os: 1.0723e5kph; or: 1.5000e5Mm; 
Moon loc:( 3.7822e2, 1.0000e2)Mm; rv:(-2.7336e2, 2.0152e3)kph; av:(-9.8408e2, 7.2548e3)kph; os: 2.0337e3kph; or: 3.9122e2Mm; 
Ap8CMloc:(-5.6881e0,-5.4748e0)Mm; rv:( 7.1143e3,-7.4593e3)kph; av:( 2.5612e4,-2.6854e4)kph; os: 1.0308e4kph; or: 7.8948e0Mm; 
Time:   50.00hours, Distance to sun:150000.8Mm, Energy:-3469.05YJ, Momentum( 5.3945e0,-1.1875e2)Pgm/s
Sun  loc:(-1.4990e5,-5.3605e3)Mm; rv:( 0.0000e0, 0.0000e0)kph; av:( 1.3683e4,-3.8580e5)kph; os: 0.0000e0kph; or: 0.0000e0Mm; 
Earthloc:( 0.0000e0, 0.0000e0)Mm; rv:(-3.8009e3, 1.0717e5)kph; av:( 0.0000e0, 0.0000e0)kph; os: 1.0723e5kph; or: 1.5000e5Mm; 
Moon loc:( 3.7795e2, 1.0202e2)Mm; rv:(-2.7867e2, 2.0137e3)kph; av:(-1.0032e3, 7.2492e3)kph; os: 2.0328e3kph; or: 3.9148e2Mm; 
Ap8CMloc:( 3.7732e0,-6.9657e0)Mm; rv:( 9.0482e3, 4.8943e3)kph; av:( 3.2573e4, 1.7620e4)kph; os: 1.0287e4kph; or: 7.9220e0Mm; 
Time:   51.00hours, Distance to sun:150000.8Mm, Energy:-3609.32YJ, Momentum( 4.5698e0,-7.9165e1)Pgm/s
Sun  loc:(-1.4990e5,-5.4677e3)Mm; rv:( 0.0000e0, 0.0000e0)kph; av:( 1.3957e4,-3.8579e5)kph; os: 0.0000e0kph; or: 0.0000e0Mm; 
Earthloc:( 0.0000e0, 0.0000e0)Mm; rv:(-3.8769e3, 1.0716e5)kph; av:( 0.0000e0, 0.0000e0)kph; os: 1.0723e5kph; or: 1.5000e5Mm; 
Moon loc:( 3.7767e2, 1.0403e2)Mm; rv:(-2.8397e2, 2.0121e3)kph; av:(-1.0223e3, 7.2435e3)kph; os: 2.0320e3kph; or: 3.9173e2Mm; 
Ap8CMloc:( 7.7146e0, 1.7714e0)Mm; rv:(-2.3179e3, 1.0046e4)kph; av:(-8.3445e3, 3.6167e4)kph; os: 1.0310e4kph; or: 7.9154e0Mm; 
Time:   52.00hours, Distance to sun:150000.8Mm, Energy:-3752.36YJ, Momentum( 8.1261e0,-1.0555e2)Pgm/s
Sun  loc:(-1.4990e5,-5.5748e3)Mm; rv:( 0.0000e0, 0.0000e0)kph; av:( 1.4231e4,-3.8578e5)kph; os: 0.0000e0kph; or: 0.0000e0Mm; 
Earthloc:( 0.0000e0, 0.0000e0)Mm; rv:(-3.9529e3, 1.0716e5)kph; av:( 0.0000e0, 0.0000e0)kph; os: 1.0723e5kph; or: 1.5000e5Mm; 
Moon loc:( 3.7738e2, 1.0604e2)Mm; rv:(-2.8926e2, 2.0105e3)kph; av:(-1.0413e3, 7.2377e3)kph; os: 2.0312e3kph; or: 3.9200e2Mm; 
Ap8CMloc:( 3.251e-1, 7.9109e0)Mm; rv:(-1.0312e4, 4.4486e2)kph; av:(-3.7125e4, 1.6015e3)kph; os: 1.0322e4kph; or: 7.9175e0Mm; 
Time:   53.00hours, Distance to sun:150000.9Mm, Energy:-3898.16YJ, Momentum( 7.0094e0,-6.5971e1)Pgm/s
Sun  loc:(-1.4989e5,-5.6820e3)Mm; rv:( 0.0000e0, 0.0000e0)kph; av:( 1.4504e4,-3.8577e5)kph; os: 0.0000e0kph; or: 0.0000e0Mm; 
Earthloc:( 0.0000e0, 0.0000e0)Mm; rv:(-4.0289e3, 1.0716e5)kph; av:( 0.0000e0, 0.0000e0)kph; os: 1.0723e5kph; or: 1.5000e5Mm; 
Moon loc:( 3.7709e2, 1.0805e2)Mm; rv:(-2.9453e2, 2.0088e3)kph; av:(-1.0603e3, 7.2318e3)kph; os: 2.0303e3kph; or: 3.9226e2Mm; 
Ap8CMloc:(-7.5714e0, 2.4501e0)Mm; rv:(-3.2182e3,-9.7676e3)kph; av:(-1.1585e4,-3.5163e4)kph; os: 1.0284e4kph; or: 7.9580e0Mm; 
Time:   54.00hours, Distance to sun:150000.9Mm, Energy:-4046.73YJ, Momentum( 3.8655e0,-3.9582e1)Pgm/s
Sun  loc:(-1.4989e5,-5.7891e3)Mm; rv:( 0.0000e0, 0.0000e0)kph; av:( 1.4778e4,-3.8576e5)kph; os: 0.0000e0kph; or: 0.0000e0Mm; 
Earthloc:( 0.0000e0, 0.0000e0)Mm; rv:(-4.1049e3, 1.0716e5)kph; av:( 0.0000e0, 0.0000e0)kph; os: 1.0723e5kph; or: 1.5000e5Mm; 
Moon loc:( 3.7679e2, 1.1006e2)Mm; rv:(-2.9978e2, 2.0072e3)kph; av:(-1.0792e3, 7.2258e3)kph; os: 2.0294e3kph; or: 3.9254e2Mm; 
Ap8CMloc:(-4.5188e0,-6.6138e0)Mm; rv:( 8.4245e3,-5.8056e3)kph; av:( 3.0328e4,-2.0900e4)kph; os: 1.0231e4kph; or: 8.0101e0Mm; 
Time:   55.00hours, Distance to sun:150000.9Mm, Energy:-4198.05YJ, Momentum( 4.9478e0,-3.5184e1)Pgm/s
Sun  loc:(-1.4989e5,-5.8963e3)Mm; rv:( 0.0000e0, 0.0000e0)kph; av:( 1.5051e4,-3.8575e5)kph; os: 0.0000e0kph; or: 0.0000e0Mm; 
Earthloc:( 0.0000e0, 0.0000e0)Mm; rv:(-4.1809e3, 1.0715e5)kph; av:( 0.0000e0, 0.0000e0)kph; os: 1.0723e5kph; or: 1.5000e5Mm; 
Moon loc:( 3.7649e2, 1.1207e2)Mm; rv:(-3.0502e2, 2.0055e3)kph; av:(-1.0981e3, 7.2197e3)kph; os: 2.0285e3kph; or: 3.9281e2Mm; 
Ap8CMloc:( 5.0144e0,-6.2727e0)Mm; rv:( 7.9820e3, 6.3805e3)kph; av:( 2.8735e4, 2.2970e4)kph; os: 1.0219e4kph; or: 8.0306e0Mm; 
Time:   56.00hours, Distance to sun:150001.0Mm, Energy:-4352.14YJ, Momentum( 7.0266e0, 1.3194e1)Pgm/s
Sun  loc:(-1.4988e5,-6.0034e3)Mm; rv:( 0.0000e0, 0.0000e0)kph; av:( 1.5325e4,-3.8574e5)kph; os: 0.0000e0kph; or: 0.0000e0Mm; 
Earthloc:( 0.0000e0, 0.0000e0)Mm; rv:(-4.2569e3, 1.0715e5)kph; av:( 0.0000e0, 0.0000e0)kph; os: 1.0723e5kph; or: 1.5000e5Mm; 
Moon loc:( 3.7618e2, 1.1407e2)Mm; rv:(-3.1024e2, 2.0037e3)kph; av:(-1.1169e3, 7.2135e3)kph; os: 2.0276e3kph; or: 3.9310e2Mm; 
Ap8CMloc:( 7.4549e0, 2.9611e0)Mm; rv:(-3.7910e3, 9.5171e3)kph; av:(-1.3648e4, 3.4261e4)kph; os: 1.0244e4kph; or: 8.0215e0Mm; 
Time:   57.00hours, Distance to sun:150001.0Mm, Energy:-4508.98YJ, Momentum( 3.9170e0, 6.1573e1)Pgm/s
Sun  loc:(-1.4988e5,-6.1106e3)Mm; rv:( 0.0000e0, 0.0000e0)kph; av:( 1.5599e4,-3.8573e5)kph; os: 0.0000e0kph; or: 0.0000e0Mm; 
Earthloc:( 0.0000e0, 0.0000e0)Mm; rv:(-4.3329e3, 1.0715e5)kph; av:( 0.0000e0, 0.0000e0)kph; os: 1.0723e5kph; or: 1.5000e5Mm; 
Moon loc:( 3.7587e2, 1.1607e2)Mm; rv:(-3.1544e2, 2.0020e3)kph; av:(-1.1356e3, 7.2072e3)kph; os: 2.0267e3kph; or: 3.9338e2Mm; 
Ap8CMloc:(-6.848e-1, 7.9973e0)Mm; rv:(-1.0217e4,-8.5002e2)kph; av:(-3.6779e4,-3.0601e3)kph; os: 1.0252e4kph; or: 8.0265e0Mm; 
Time:   58.00hours, Distance to sun:150001.1Mm, Energy:-4668.58YJ, Momentum( 1.9413e0, 7.9165e1)Pgm/s
Sun  loc:(-1.4987e5,-6.2177e3)Mm; rv:( 0.0000e0, 0.0000e0)kph; av:( 1.5872e4,-3.8572e5)kph; os: 0.0000e0kph; or: 0.0000e0Mm; 
Earthloc:( 0.0000e0, 0.0000e0)Mm; rv:(-4.4089e3, 1.0714e5)kph; av:( 0.0000e0, 0.0000e0)kph; os: 1.0723e5kph; or: 1.5000e5Mm; 
Moon loc:( 3.7555e2, 1.1808e2)Mm; rv:(-3.2063e2, 2.0002e3)kph; av:(-1.1543e3, 7.2008e3)kph; os: 2.0258e3kph; or: 3.9368e2Mm; 
Ap8CMloc:(-7.8866e0, 1.7077e0)Mm; rv:(-2.2147e3,-9.9682e3)kph; av:(-7.9729e3,-3.5886e4)kph; os: 1.0211e4kph; or: 8.0693e0Mm; 
Time:   59.00hours, Distance to sun:150001.1Mm, Energy:-4830.94YJ, Momentum( 2.1131e0, 5.2777e1)Pgm/s
Sun  loc:(-1.4987e5,-6.3249e3)Mm; rv:( 0.0000e0, 0.0000e0)kph; av:( 1.6146e4,-3.8571e5)kph; os: 0.0000e0kph; or: 0.0000e0Mm; 
Earthloc:( 0.0000e0, 0.0000e0)Mm; rv:(-4.4849e3, 1.0714e5)kph; av:( 0.0000e0, 0.0000e0)kph; os: 1.0723e5kph; or: 1.5000e5Mm; 
Moon loc:( 3.7523e2, 1.2008e2)Mm; rv:(-3.2580e2, 1.9984e3)kph; av:(-1.1729e3, 7.1943e3)kph; os: 2.0248e3kph; or: 3.9397e2Mm; 
Ap8CMloc:(-4.0777e0,-7.0219e0)Mm; rv:( 8.7674e3,-5.1358e3)kph; av:( 3.1562e4,-1.8489e4)kph; os: 1.0161e4kph; or: 8.1200e0Mm; 
Time:   60.00hours, Distance to sun:150001.1Mm, Energy:-4996.05YJ, Momentum( 2.2162e0, 7.0369e1)Pgm/s
Sun  loc:(-1.4986e5,-6.4320e3)Mm; rv:( 0.0000e0, 0.0000e0)kph; av:( 1.6419e4,-3.8569e5)kph; os: 0.0000e0kph; or: 0.0000e0Mm; 
Earthloc:( 0.0000e0, 0.0000e0)Mm; rv:(-4.5609e3, 1.0714e5)kph; av:( 0.0000e0, 0.0000e0)kph; os: 1.0723e5kph; or: 1.5000e5Mm; 
Moon loc:( 3.7490e2, 1.2207e2)Mm; rv:(-3.3095e2, 1.9966e3)kph; av:(-1.1914e3, 7.1878e3)kph; os: 2.0238e3kph; or: 3.9427e2Mm; 
Ap8CMloc:( 5.3795e0,-6.1064e0)Mm; rv:( 7.6162e3, 6.7117e3)kph; av:( 2.7418e4, 2.4162e4)kph; os: 1.0152e4kph; or: 8.1380e0Mm; 
Time:   61.00hours, Distance to sun:150001.2Mm, Energy:-5163.91YJ, Momentum( 3.6593e0, 1.0555e2)Pgm/s
Sun  loc:(-1.4986e5,-6.5392e3)Mm; rv:( 0.0000e0, 0.0000e0)kph; av:( 1.6693e4,-3.8568e5)kph; os: 0.0000e0kph; or: 0.0000e0Mm; 
Earthloc:( 0.0000e0, 0.0000e0)Mm; rv:(-4.6369e3, 1.0713e5)kph; av:( 0.0000e0, 0.0000e0)kph; os: 1.0723e5kph; or: 1.5000e5Mm; 
Moon loc:( 3.7457e2, 1.2407e2)Mm; rv:(-3.3609e2, 1.9948e3)kph; av:(-1.2099e3, 7.1811e3)kph; os: 2.0229e3kph; or: 3.9458e2Mm; 
Ap8CMloc:( 7.4832e0, 3.1724e0)Mm; rv:(-3.9819e3, 9.3662e3)kph; av:(-1.4335e4, 3.3718e4)kph; os: 1.0177e4kph; or: 8.1278e0Mm; 
Time:   62.00hours, Distance to sun:150001.2Mm, Energy:-5334.52YJ, Momentum( 5.7724e0, 1.1435e2)Pgm/s
Sun  loc:(-1.4985e5,-6.6463e3)Mm; rv:( 0.0000e0, 0.0000e0)kph; av:( 1.6966e4,-3.8567e5)kph; os: 0.0000e0kph; or: 0.0000e0Mm; 
Earthloc:( 0.0000e0, 0.0000e0)Mm; rv:(-4.7129e3, 1.0713e5)kph; av:( 0.0000e0, 0.0000e0)kph; os: 1.0723e5kph; or: 1.5000e5Mm; 
Moon loc:( 3.7423e2, 1.2606e2)Mm; rv:(-3.4120e2, 1.9929e3)kph; av:(-1.2283e3, 7.1744e3)kph; os: 2.0219e3kph; or: 3.9489e2Mm; 
Ap8CMloc:(-6.771e-1, 8.1043e0)Mm; rv:(-1.0152e4,-8.2398e2)kph; av:(-3.6546e4,-2.9663e3)kph; os: 1.0185e4kph; or: 8.1325e0Mm; 
Time:   63.00hours, Distance to sun:150001.2Mm, Energy:-5507.89YJ, Momentum( 4.4152e0, 1.4514e2)Pgm/s
Sun  loc:(-1.4985e5,-6.7534e3)Mm; rv:( 0.0000e0, 0.0000e0)kph; av:( 1.7240e4,-3.8566e5)kph; os: 0.0000e0kph; or: 0.0000e0Mm; 
Earthloc:( 0.0000e0, 0.0000e0)Mm; rv:(-4.7889e3, 1.0713e5)kph; av:( 0.0000e0, 0.0000e0)kph; os: 1.0723e5kph; or: 1.5000e5Mm; 
Moon loc:( 3.7388e2, 1.2805e2)Mm; rv:(-3.4630e2, 1.9910e3)kph; av:(-1.2467e3, 7.1675e3)kph; os: 2.0209e3kph; or: 3.9520e2Mm; 
Ap8CMloc:(-7.9404e0, 1.9424e0)Mm; rv:(-2.4635e3,-9.8422e3)kph; av:(-8.8688e3,-3.5432e4)kph; os: 1.0146e4kph; or: 8.1745e0Mm; 
Time:   64.00hours, Distance to sun:150001.3Mm, Energy:-5684.00YJ, Momentum( 6.9750e0, 1.4514e2)Pgm/s
Sun  loc:(-1.4984e5,-6.8605e3)Mm; rv:( 0.0000e0, 0.0000e0)kph; av:( 1.7514e4,-3.8565e5)kph; os: 0.0000e0kph; or: 0.0000e0Mm; 
Earthloc:( 0.0000e0, 0.0000e0)Mm; rv:(-4.8649e3, 1.0712e5)kph; av:( 0.0000e0, 0.0000e0)kph; os: 1.0723e5kph; or: 1.5000e5Mm; 
Moon loc:( 3.7353e2, 1.3004e2)Mm; rv:(-3.5138e2, 1.9890e3)kph; av:(-1.2650e3, 7.1606e3)kph; os: 2.0198e3kph; or: 3.9552e2Mm; 
Ap8CMloc:(-4.4859e0,-6.8944e0)Mm; rv:( 8.4408e3,-5.5391e3)kph; av:( 3.0387e4,-1.9941e4)kph; os: 1.0096e4kph; or: 8.2253e0Mm; 
Time:   65.00hours, Distance to sun:150001.3Mm, Energy:-5862.86YJ, Momentum( 1.0669e1, 1.4074e2)Pgm/s
Sun  loc:(-1.4984e5,-6.9677e3)Mm; rv:( 0.0000e0, 0.0000e0)kph; av:( 1.7787e4,-3.8564e5)kph; os: 0.0000e0kph; or: 0.0000e0Mm; 
Earthloc:( 0.0000e0, 0.0000e0)Mm; rv:(-4.9409e3, 1.0712e5)kph; av:( 0.0000e0, 0.0000e0)kph; os: 1.0723e5kph; or: 1.5000e5Mm; 
Moon loc:( 3.7318e2, 1.3203e2)Mm; rv:(-3.5645e2, 1.9871e3)kph; av:(-1.2832e3, 7.1535e3)kph; os: 2.0188e3kph; or: 3.9585e2Mm; 
Ap8CMloc:( 4.9728e0,-6.5763e0)Mm; rv:( 8.0437e3, 6.0827e3)kph; av:( 2.8957e4, 2.1898e4)kph; os: 1.0085e4kph; or: 8.2448e0Mm; 
Time:   66.00hours, Distance to sun:150001.4Mm, Energy:-6044.47YJ, Momentum( 7.7309e0, 1.5393e2)Pgm/s
Sun  loc:(-1.4983e5,-7.0748e3)Mm; rv:( 0.0000e0, 0.0000e0)kph; av:( 1.8061e4,-3.8562e5)kph; os: 0.0000e0kph; or: 0.0000e0Mm; 
Earthloc:( 0.0000e0, 0.0000e0)Mm; rv:(-5.0169e3, 1.0712e5)kph; av:( 0.0000e0, 0.0000e0)kph; os: 1.0723e5kph; or: 1.5000e5Mm; 
Moon loc:( 3.7282e2, 1.3402e2)Mm; rv:(-3.6149e2, 1.9851e3)kph; av:(-1.3014e3, 7.1464e3)kph; os: 2.0178e3kph; or: 3.9618e2Mm; 
Ap8CMloc:( 7.8625e0, 2.4474e0)Mm; rv:(-3.0163e3, 9.6493e3)kph; av:(-1.0859e4, 3.4737e4)kph; os: 1.0110e4kph; or: 8.2346e0Mm; 
Time:   67.00hours, Distance to sun:150001.4Mm, Energy:-6228.83YJ, Momentum( 9.7753e0, 1.0995e2)Pgm/s
Sun  loc:(-1.4983e5,-7.1819e3)Mm; rv:( 0.0000e0, 0.0000e0)kph; av:( 1.8334e4,-3.8561e5)kph; os: 0.0000e0kph; or: 0.0000e0Mm; 
Earthloc:( 0.0000e0, 0.0000e0)Mm; rv:(-5.0928e3, 1.0711e5)kph; av:( 0.0000e0, 0.0000e0)kph; os: 1.0724e5kph; or: 1.5000e5Mm; 
Moon loc:( 3.7246e2, 1.3600e2)Mm; rv:(-3.6652e2, 1.9831e3)kph; av:(-1.3195e3, 7.1392e3)kph; os: 2.0167e3kph; or: 3.9651e2Mm; 
Ap8CMloc:( 3.285e-1, 8.2291e0)Mm; rv:(-1.0112e4, 4.2307e2)kph; av:(-3.6404e4, 1.5230e3)kph; os: 1.0121e4kph; or: 8.2357e0Mm; 
Time:   68.00hours, Distance to sun:150001.4Mm, Energy:-6415.92YJ, Momentum( 1.1425e1, 1.3634e2)Pgm/s
Sun  loc:(-1.4982e5,-7.2890e3)Mm; rv:( 0.0000e0, 0.0000e0)kph; av:( 1.8608e4,-3.8560e5)kph; os: 0.0000e0kph; or: 0.0000e0Mm; 
Earthloc:( 0.0000e0, 0.0000e0)Mm; rv:(-5.1688e3, 1.0711e5)kph; av:( 0.0000e0, 0.0000e0)kph; os: 1.0724e5kph; or: 1.5000e5Mm; 
Moon loc:( 3.7209e2, 1.3798e2)Mm; rv:(-3.7152e2, 1.9811e3)kph; av:(-1.3375e3, 7.1319e3)kph; os: 2.0156e3kph; or: 3.9685e2Mm; 
Ap8CMloc:(-7.6656e0, 3.1136e0)Mm; rv:(-3.8445e3,-9.3258e3)kph; av:(-1.3840e4,-3.3573e4)kph; os: 1.0087e4kph; or: 8.2738e0Mm; 
Time:   69.00hours, Distance to sun:150001.5Mm, Energy:-6605.76YJ, Momentum( 1.2370e1, 7.9165e1)Pgm/s
Sun  loc:(-1.4982e5,-7.3961e3)Mm; rv:( 0.0000e0, 0.0000e0)kph; av:( 1.8881e4,-3.8558e5)kph; os: 0.0000e0kph; or: 0.0000e0Mm; 
Earthloc:( 0.0000e0, 0.0000e0)Mm; rv:(-5.2448e3, 1.0711e5)kph; av:( 0.0000e0, 0.0000e0)kph; os: 1.0724e5kph; or: 1.5000e5Mm; 
Moon loc:( 3.7171e2, 1.3996e2)Mm; rv:(-3.7651e2, 1.9790e3)kph; av:(-1.3554e3, 7.1245e3)kph; os: 2.0145e3kph; or: 3.9719e2Mm; 
Ap8CMloc:(-5.6419e0,-6.1227e0)Mm; rv:( 7.3511e3,-6.8332e3)kph; av:( 2.6464e4,-2.4599e4)kph; os: 1.0036e4kph; or: 8.3258e0Mm; 
Time:   70.00hours, Distance to sun:150001.5Mm, Energy:-6798.34YJ, Momentum( 1.3967e1, 4.3980e1)Pgm/s
Sun  loc:(-1.4981e5,-7.5032e3)Mm; rv:( 0.0000e0, 0.0000e0)kph; av:( 1.9155e4,-3.8557e5)kph; os: 0.0000e0kph; or: 0.0000e0Mm; 
Earthloc:( 0.0000e0, 0.0000e0)Mm; rv:(-5.3208e3, 1.0710e5)kph; av:( 0.0000e0, 0.0000e0)kph; os: 1.0724e5kph; or: 1.5000e5Mm; 
Moon loc:( 3.7134e2, 1.4194e2)Mm; rv:(-3.8148e2, 1.9770e3)kph; av:(-1.3733e3, 7.1171e3)kph; os: 2.0134e3kph; or: 3.9754e2Mm; 
Ap8CMloc:( 3.6855e0,-7.4932e0)Mm; rv:( 8.9923e3, 4.4174e3)kph; av:( 3.2372e4, 1.5903e4)kph; os: 1.0019e4kph; or: 8.3505e0Mm; 
Time:   71.00hours, Distance to sun:150001.6Mm, Energy:-6993.66YJ, Momentum( 1.3761e1, 4.3980e1)Pgm/s
Sun  loc:(-1.4981e5,-7.6103e3)Mm; rv:( 0.0000e0, 0.0000e0)kph; av:( 1.9428e4,-3.8556e5)kph; os: 0.0000e0kph; or: 0.0000e0Mm; 
Earthloc:( 0.0000e0, 0.0000e0)Mm; rv:(-5.3968e3, 1.0710e5)kph; av:( 0.0000e0, 0.0000e0)kph; os: 1.0724e5kph; or: 1.5000e5Mm; 
Moon loc:( 3.7095e2, 1.4392e2)Mm; rv:(-3.8643e2, 1.9749e3)kph; av:(-1.3911e3, 7.1095e3)kph; os: 2.0123e3kph; or: 3.9789e2Mm; 
Ap8CMloc:( 8.3104e0, 7.291e-1)Mm; rv:(-8.9181e2, 1.0001e4)kph; av:(-3.2105e3, 3.6004e4)kph; os: 1.0041e4kph; or: 8.3423e0Mm; 
Time:   72.00hours, Distance to sun:150001.6Mm, Energy:-7191.72YJ, Momentum( 1.6802e1, 2.6388e1)Pgm/s
Sun  loc:(-1.4980e5,-7.7174e3)Mm; rv:( 0.0000e0, 0.0000e0)kph; av:( 1.9702e4,-3.8554e5)kph; os: 0.0000e0kph; or: 0.0000e0Mm; 
Earthloc:( 0.0000e0, 0.0000e0)Mm; rv:(-5.4728e3, 1.0710e5)kph; av:( 0.0000e0, 0.0000e0)kph; os: 1.0724e5kph; or: 1.5000e5Mm; 
Moon loc:( 3.7056e2, 1.4589e2)Mm; rv:(-3.9136e2, 1.9727e3)kph; av:(-1.4089e3, 7.1019e3)kph; os: 2.0112e3kph; or: 3.9825e2Mm; 
Ap8CMloc:( 2.2852e0, 8.0181e0)Mm; rv:(-9.6706e3, 2.7673e3)kph; av:(-3.4814e4, 9.9624e3)kph; os: 1.0059e4kph; or: 8.3374e0Mm; 
Final position:
  S:("Sun  ","☉",( 1.9891000000e30,( 1.04117277105e2, 1.78850622959e0),( 8.0319429943e-4, 2.0698630739e-5)))
  E:("Earth","⊕",( 9.7220000000e23,( 1.4980296122e11, 7.71742672292e9),(-1.52020798241e3, 2.97488201034e4)))
  M:("Moon ","☾",( 7.3476730900e22,( 1.5017352389e11, 7.86331915443e9),(-1.62891814894e3, 3.02968049413e4)))
  8:("Ap8CM","8",( 5.80900000000e3,( 1.4980524642e11, 7.72544487150e9),(-4.20647653898e3, 3.05175211837e4)))
13.77user 1.66system 0:15.47elapsed 99%CPU (0avgtext+0avgdata 5062656maxresident)k
0inputs+0outputs (0major+316839minor)pagefaults 0swaps
