OPT1: 1; OPT2: 3; 
System:((Sun  ,Earth,Moon ,Ap8CM),Apollo 8,-3.23537400000e7,)
Initial position:
  S:("Sun  ","☉",( 1.9891000000e30,( 0.00000000000e0, 0.00000000000e0),( 0.00000000000e0, 0.00000000000e0)))
  E:("Earth","⊕",( 9.7220000000e23,( 1.5000000000e11, 0.00000000000e0),( 0.00000000000e0, 2.97866078294e4)))
  M:("Moon ","☾",( 7.3476730900e22,( 1.5038500000e11, 0.00000000000e0),( 0.00000000000e0, 3.03571562823e4)))
  8:("Ap8CM","8",( 5.80900000000e3,( 1.5000656275e11, 0.00000000000e0),( 0.00000000000e0, 3.29307012406e4)))
Parameter: step size =  1.389e-3; days
Parameter: report period =  1.0000e0; days
Parameter: mission stop time =  2.7322e1; days
IVP Order-2: solar system:
  t interval: [ 0.0000e0 …  2.3606e6]
  y₀ = ( 0.0000e0, 0.0000e0, 1.500e11, 0.0000e0, 1.504e11, 0.0000e0, 1.500e11, 0.0000e0)
  dy₀/dt = ( 0.0000e0, 0.0000e0, 0.0000e0, 2.9787e4, 0.0000e0, 3.0357e4, 0.0000e0, 3.2931e4)
  d²y₀/dt² = ( 3.100e-9, 0.0000e0,-5.866e-3, 0.0000e0,-6.307e-3, 0.0000e0,-1.5121e0, 0.0000e0)


Reference point: Earth
Initial momentum:( 0.0000e0, 3.119e28), Initial energy: 4.651e32
IVP order-1: runga kutta 4th order
  t interval: [ 0.0000e0 …  2.3606e6]
  y₀ = ( 0.0000e0, 0.0000e0, 1.500e11, 0.0000e0, 1.504e11, 0.0000e0, 1.500e11, 0.0000e0, 0.0000e0, 0.0000e0, 0.0000e0, 2.9787e4, 0.0000e0, 3.0357e4, 0.0000e0, 3.2931e4)
  dy₀/dt = ( 0.0000e0, 0.0000e0, 0.0000e0, 2.9787e4, 0.0000e0, 3.0357e4, 0.0000e0, 3.2931e4, 3.100e-9, 0.0000e0,-5.866e-3, 0.0000e0,-6.307e-3, 0.0000e0,-1.5121e0, 0.0000e0)


Time:    0.00days, Distance to sun:150000.0Mm, Energy:    0.00YJ, Momentum( 0.0000e0, 0.0000e0)Pgm/s
Sun  loc:(-1.5000e5, 0.0000e0)Mm; rv:( 0.0000e0, 0.0000e0)kph; av:( 0.0000e0,-3.8603e5)kph; os: 0.0000e0kph; or: 0.0000e0Mm; 
Earthloc:( 0.0000e0, 0.0000e0)Mm; rv:( 0.0000e0, 1.0723e5)kph; av:( 0.0000e0, 0.0000e0)kph; os: 1.0723e5kph; or: 1.5000e5Mm; 
Moon loc:( 3.8500e2, 0.0000e0)Mm; rv:( 0.0000e0, 2.0540e3)kph; av:( 0.0000e0, 7.3943e3)kph; os: 2.0540e3kph; or: 3.8500e2Mm; 
Ap8CMloc:( 6.5627e0, 0.0000e0)Mm; rv:( 0.0000e0, 1.1319e4)kph; av:( 0.0000e0, 4.0747e4)kph; os: 1.1319e4kph; or: 6.5627e0Mm; 
Time:    1.01days, Distance to sun:150000.2Mm, Energy:  -21.71YJ, Momentum(-5.155e-2, 2.1990e1)Pgm/s
Sun  loc:(-1.4998e5,-2.5877e3)Mm; rv:( 0.0000e0, 0.0000e0)kph; av:( 6.6047e3,-3.8598e5)kph; os: 0.0000e0kph; or: 0.0000e0Mm; 
Earthloc:( 0.0000e0, 0.0000e0)Mm; rv:(-1.8346e3, 1.0722e5)kph; av:( 0.0000e0, 0.0000e0)kph; os: 1.0723e5kph; or: 1.5000e5Mm; 
Moon loc:( 3.8334e2, 4.9524e1)Mm; rv:(-1.3739e2, 2.0471e3)kph; av:(-4.9461e2, 7.3697e3)kph; os: 2.0517e3kph; or: 3.8653e2Mm; 
Ap8CMloc:(-1.4199e2, 1.1671e2)Mm; rv:(-5.1992e3, 3.7915e3)kph; av:(-1.8717e4, 1.3649e4)kph; os: 6.4348e3kph; or: 1.8380e2Mm; 
Time:    2.01days, Distance to sun:150000.7Mm, Energy:-1655.76YJ, Momentum(-8.762e-1, 3.0786e1)Pgm/s
Sun  loc:(-1.4991e5,-5.1603e3)Mm; rv:( 0.0000e0, 0.0000e0)kph; av:( 1.3172e4,-3.8582e5)kph; os: 0.0000e0kph; or: 0.0000e0Mm; 
Earthloc:( 0.0000e0, 0.0000e0)Mm; rv:(-3.6589e3, 1.0717e5)kph; av:( 0.0000e0, 0.0000e0)kph; os: 1.0723e5kph; or: 1.5000e5Mm; 
Moon loc:( 3.7843e2, 9.8385e1)Mm; rv:(-2.7038e2, 2.0217e3)kph; av:(-9.7338e2, 7.2783e3)kph; os: 2.0397e3kph; or: 3.9101e2Mm; 
Ap8CMloc:(-2.6297e2, 2.0467e2)Mm; rv:(-4.9375e3, 3.5799e3)kph; av:(-1.7775e4, 1.2887e4)kph; os: 6.0987e3kph; or: 3.3323e2Mm; 
Time:    3.01days, Distance to sun:150001.6Mm, Energy:-4887.92YJ, Momentum( 9.964e-1, 4.8379e1)Pgm/s
Sun  loc:(-1.4980e5,-7.7315e3)Mm; rv:( 0.0000e0, 0.0000e0)kph; av:( 1.9737e4,-3.8554e5)kph; os: 0.0000e0kph; or: 0.0000e0Mm; 
Earthloc:( 0.0000e0, 0.0000e0)Mm; rv:(-5.4825e3, 1.0710e5)kph; av:( 0.0000e0, 0.0000e0)kph; os: 1.0724e5kph; or: 1.5000e5Mm; 
Moon loc:( 3.7042e2, 1.4643e2)Mm; rv:(-3.9564e2, 1.9796e3)kph; av:(-1.4243e3, 7.1265e3)kph; os: 2.0187e3kph; or: 3.9832e2Mm; 
Ap8CMloc:(-3.8023e2, 2.8946e2)Mm; rv:(-4.8474e3, 3.4952e3)kph; av:(-1.7451e4, 1.2583e4)kph; os: 5.9761e3kph; or: 4.7787e2Mm; 
Time:    4.01days, Distance to sun:150002.9Mm, Energy:-9702.17YJ, Momentum( 9.964e-1, 5.2777e1)Pgm/s
Sun  loc:(-1.4965e5,-1.0301e4)Mm; rv:( 0.0000e0, 0.0000e0)kph; av:( 2.6299e4,-3.8516e5)kph; os: 0.0000e0kph; or: 0.0000e0Mm; 
Earthloc:( 0.0000e0, 0.0000e0)Mm; rv:(-7.3053e3, 1.0699e5)kph; av:( 0.0000e0, 0.0000e0)kph; os: 1.0724e5kph; or: 1.5000e5Mm; 
Moon loc:( 3.5953e2, 1.9329e2)Mm; rv:(-5.1003e2, 1.9235e3)kph; av:(-1.8361e3, 6.9245e3)kph; os: 1.9899e3kph; or: 4.0820e2Mm; 
Ap8CMloc:(-4.9603e2, 3.7269e2)Mm; rv:(-4.8081e3, 3.4446e3)kph; av:(-1.7309e4, 1.2401e4)kph; os: 5.9147e3kph; or: 6.2044e2Mm; 
Time:    5.01days, Distance to sun:150004.4Mm, Energy:-16079.0YJ, Momentum( 2.0272e0, 6.5971e1)Pgm/s
Sun  loc:(-1.4945e5,-1.2867e4)Mm; rv:( 0.0000e0, 0.0000e0)kph; av:( 3.2856e4,-3.8467e5)kph; os: 0.0000e0kph; or: 0.0000e0Mm; 
Earthloc:( 0.0000e0, 0.0000e0)Mm; rv:(-9.1268e3, 1.0685e5)kph; av:( 0.0000e0, 0.0000e0)kph; os: 1.0724e5kph; or: 1.5000e5Mm; 
Moon loc:( 3.4605e2, 2.3867e2)Mm; rv:(-6.1160e2, 1.8566e3)kph; av:(-2.2018e3, 6.6838e3)kph; os: 1.9548e3kph; or: 4.2037e2Mm; 
Ap8CMloc:(-6.1119e2, 4.5490e2)Mm; rv:(-4.7915e3, 3.4074e3)kph; av:(-1.7249e4, 1.2267e4)kph; os: 5.8796e3kph; or: 7.6190e2Mm; 
Time:    6.01days, Distance to sun:150006.3Mm, Energy:-23998.4YJ, Momentum( 2.0272e0, 7.0369e1)Pgm/s
Sun  loc:(-1.4921e5,-1.5429e4)Mm; rv:( 0.0000e0, 0.0000e0)kph; av:( 3.9407e4,-3.8406e5)kph; os: 0.0000e0kph; or: 0.0000e0Mm; 
Earthloc:( 0.0000e0, 0.0000e0)Mm; rv:(-1.0947e4, 1.0668e5)kph; av:( 0.0000e0, 0.0000e0)kph; os: 1.0724e5kph; or: 1.5001e5Mm; 
Moon loc:( 3.3028e2, 2.8235e2)Mm; rv:(-6.9954e2, 1.7824e3)kph; av:(-2.5184e3, 6.4165e3)kph; os: 1.9147e3kph; or: 4.3452e2Mm; 
Ap8CMloc:(-7.2612e2, 5.3629e2)Mm; rv:(-4.7874e3, 3.3762e3)kph; av:(-1.7235e4, 1.2154e4)kph; os: 5.8582e3kph; or: 9.0270e2Mm; 
Time:    7.01days, Distance to sun:150008.5Mm, Energy:-33441.2YJ, Momentum( 3.3329e0, 6.1573e1)Pgm/s
Sun  loc:(-1.4893e5,-1.7987e4)Mm; rv:( 0.0000e0, 0.0000e0)kph; av:( 4.5950e4,-3.8335e5)kph; os: 0.0000e0kph; or: 0.0000e0Mm; 
Earthloc:( 0.0000e0, 0.0000e0)Mm; rv:(-1.2764e4, 1.0648e5)kph; av:( 0.0000e0, 0.0000e0)kph; os: 1.0725e5kph; or: 1.5001e5Mm; 
Moon loc:( 3.1258e2, 3.2419e2)Mm; rv:(-7.7399e2, 1.7037e3)kph; av:(-2.7864e3, 6.1332e3)kph; os: 1.8712e3kph; or: 4.5033e2Mm; 
Ap8CMloc:(-8.4105e2, 6.1698e2)Mm; rv:(-4.7911e3, 3.3477e3)kph; av:(-1.7248e4, 1.2052e4)kph; os: 5.8448e3kph; or: 1.0431e3Mm; 
Time:    8.01days, Distance to sun:150011.0Mm, Energy:-44391.0YJ, Momentum(-1.1683e0, 3.9582e1)Pgm/s
Sun  loc:(-1.4860e5,-2.0540e4)Mm; rv:( 0.0000e0, 0.0000e0)kph; av:( 5.2482e4,-3.8252e5)kph; os: 0.0000e0kph; or: 0.0000e0Mm; 
Earthloc:( 0.0000e0, 0.0000e0)Mm; rv:(-1.4578e4, 1.0625e5)kph; av:( 0.0000e0, 0.0000e0)kph; os: 1.0725e5kph; or: 1.5001e5Mm; 
Moon loc:( 2.9324e2, 3.6411e2)Mm; rv:(-8.3574e2, 1.6230e3)kph; av:(-3.0087e3, 5.8428e3)kph; os: 1.8255e3kph; or: 4.6750e2Mm; 
Ap8CMloc:(-9.5613e2, 6.9699e2)Mm; rv:(-4.8002e3, 3.3203e3)kph; av:(-1.7281e4, 1.1953e4)kph; os: 5.8366e3kph; or: 1.1832e3Mm; 
Time:    9.01days, Distance to sun:150013.7Mm, Energy:-56834.0YJ, Momentum(-4.7417e0, 4.8379e1)Pgm/s
Sun  loc:(-1.4823e5,-2.3087e4)Mm; rv:( 0.0000e0, 0.0000e0)kph; av:( 5.9001e4,-3.8158e5)kph; os: 0.0000e0kph; or: 0.0000e0Mm; 
Earthloc:( 0.0000e0, 0.0000e0)Mm; rv:(-1.6389e4, 1.0599e5)kph; av:( 0.0000e0, 0.0000e0)kph; os: 1.0725e5kph; or: 1.5001e5Mm; 
Moon loc:( 2.7255e2, 4.0209e2)Mm; rv:(-8.8596e2, 1.5423e3)kph; av:(-3.1895e3, 5.5521e3)kph; os: 1.7786e3kph; or: 4.8576e2Mm; 
Ap8CMloc:(-1.0715e3, 7.7635e2)Mm; rv:(-4.8131e3, 3.2930e3)kph; av:(-1.7327e4, 1.1855e4)kph; os: 5.8318e3kph; or: 1.3232e3Mm; 
Time:   10.01days, Distance to sun:150016.6Mm, Energy:-70758.9YJ, Momentum( 1.0308e0, 4.8379e1)Pgm/s
Sun  loc:(-1.4781e5,-2.5627e4)Mm; rv:( 0.0000e0, 0.0000e0)kph; av:( 6.5506e4,-3.8052e5)kph; os: 0.0000e0kph; or: 0.0000e0Mm; 
Earthloc:( 0.0000e0, 0.0000e0)Mm; rv:(-1.8196e4, 1.0570e5)kph; av:( 0.0000e0, 0.0000e0)kph; os: 1.0726e5kph; or: 1.5002e5Mm; 
Moon loc:( 2.5079e2, 4.3814e2)Mm; rv:(-9.2600e2, 1.4628e3)kph; av:(-3.3336e3, 5.2661e3)kph; os: 1.7313e3kph; or: 5.0484e2Mm; 
Ap8CMloc:(-1.1872e3, 8.5505e2)Mm; rv:(-4.8291e3, 3.2653e3)kph; av:(-1.7385e4, 1.1755e4)kph; os: 5.8294e3kph; or: 1.4630e3Mm; 
Time:   11.01days, Distance to sun:150019.8Mm, Energy:-86156.4YJ, Momentum(-8.247e-1, 7.4767e1)Pgm/s
Sun  loc:(-1.4735e5,-2.8160e4)Mm; rv:( 0.0000e0, 0.0000e0)kph; av:( 7.1992e4,-3.7936e5)kph; os: 0.0000e0kph; or: 0.0000e0Mm; 
Earthloc:( 0.0000e0, 0.0000e0)Mm; rv:(-1.9998e4, 1.0538e5)kph; av:( 0.0000e0, 0.0000e0)kph; os: 1.0726e5kph; or: 1.5002e5Mm; 
Moon loc:( 2.2818e2, 4.7232e2)Mm; rv:(-9.5721e2, 1.3856e3)kph; av:(-3.4460e3, 4.9881e3)kph; os: 1.6841e3kph; or: 5.2455e2Mm; 
Ap8CMloc:(-1.3033e3, 9.3307e2)Mm; rv:(-4.8475e3, 3.2366e3)kph; av:(-1.7451e4, 1.1652e4)kph; os: 5.8287e3kph; or: 1.6029e3Mm; 
Time:   12.01days, Distance to sun:150023.3Mm, Energy: -103019YJ, Momentum( 5.497e-1, 7.9165e1)Pgm/s
Sun  loc:(-1.4685e5,-3.0685e4)Mm; rv:( 0.0000e0, 0.0000e0)kph; av:( 7.8460e4,-3.7808e5)kph; os: 0.0000e0kph; or: 0.0000e0Mm; 
Earthloc:( 0.0000e0, 0.0000e0)Mm; rv:(-2.1794e4, 1.0502e5)kph; av:( 0.0000e0, 0.0000e0)kph; os: 1.0726e5kph; or: 1.5002e5Mm; 
Moon loc:( 2.0491e2, 5.0467e2)Mm; rv:(-9.8086e2, 1.3111e3)kph; av:(-3.5311e3, 4.7200e3)kph; os: 1.6374e3kph; or: 5.4468e2Mm; 
Ap8CMloc:(-1.4199e3, 1.0104e3)Mm; rv:(-4.8678e3, 3.2068e3)kph; av:(-1.7524e4, 1.1544e4)kph; os: 5.8292e3kph; or: 1.7427e3Mm; 
Time:   13.01days, Distance to sun:150026.9Mm, Energy: -121340YJ, Momentum( 1.8554e0, 1.0555e2)Pgm/s
Sun  loc:(-1.4631e5,-3.3201e4)Mm; rv:( 0.0000e0, 0.0000e0)kph; av:( 8.4905e4,-3.7669e5)kph; os: 0.0000e0kph; or: 0.0000e0Mm; 
Earthloc:( 0.0000e0, 0.0000e0)Mm; rv:(-2.3585e4, 1.0464e5)kph; av:( 0.0000e0, 0.0000e0)kph; os: 1.0726e5kph; or: 1.5003e5Mm; 
Moon loc:( 1.8115e2, 5.3528e2)Mm; rv:(-9.9811e2, 1.2398e3)kph; av:(-3.5932e3, 4.4631e3)kph; os: 1.5916e3kph; or: 5.6510e2Mm; 
Ap8CMloc:(-1.5370e3, 1.0870e3)Mm; rv:(-4.8898e3, 3.1756e3)kph; av:(-1.7603e4, 1.1432e4)kph; os: 5.8305e3kph; or: 1.8825e3Mm; 
Time:   14.01days, Distance to sun:150030.8Mm, Energy: -141113YJ, Momentum(-1.6493e0, 8.7961e1)Pgm/s
Sun  loc:(-1.4572e5,-3.5707e4)Mm; rv:( 0.0000e0, 0.0000e0)kph; av:( 9.1326e4,-3.7519e5)kph; os: 0.0000e0kph; or: 0.0000e0Mm; 
Earthloc:( 0.0000e0, 0.0000e0)Mm; rv:(-2.5368e4, 1.0422e5)kph; av:( 0.0000e0, 0.0000e0)kph; os: 1.0726e5kph; or: 1.5003e5Mm; 
Moon loc:( 1.5704e2, 5.6421e2)Mm; rv:(-1.0099e3, 1.1716e3)kph; av:(-3.6358e3, 4.2178e3)kph; os: 1.5468e3kph; or: 5.8565e2Mm; 
Ap8CMloc:(-1.6546e3, 1.1628e3)Mm; rv:(-4.9132e3, 3.1427e3)kph; av:(-1.7688e4, 1.1314e4)kph; os: 5.8324e3kph; or: 2.0223e3Mm; 
Time:   15.01days, Distance to sun:150034.8Mm, Energy: -162333YJ, Momentum(-1.1133e1, 7.4767e1)Pgm/s
Sun  loc:(-1.4509e5,-3.8203e4)Mm; rv:( 0.0000e0, 0.0000e0)kph; av:( 9.7722e4,-3.7358e5)kph; os: 0.0000e0kph; or: 0.0000e0Mm; 
Earthloc:( 0.0000e0, 0.0000e0)Mm; rv:(-2.7145e4, 1.0377e5)kph; av:( 0.0000e0, 0.0000e0)kph; os: 1.0726e5kph; or: 1.5003e5Mm; 
Moon loc:( 1.3271e2, 5.9154e2)Mm; rv:(-1.0172e3, 1.1067e3)kph; av:(-3.6620e3, 3.9840e3)kph; os: 1.5031e3kph; or: 6.0624e2Mm; 
Ap8CMloc:(-1.7728e3, 1.2378e3)Mm; rv:(-4.9377e3, 3.1082e3)kph; av:(-1.7776e4, 1.1189e4)kph; os: 5.8345e3kph; or: 2.1622e3Mm; 
Time:   16.01days, Distance to sun:150039.1Mm, Energy: -184994YJ, Momentum(-2.1028e1, 8.7961e1)Pgm/s
Sun  loc:(-1.4442e5,-4.0688e4)Mm; rv:( 0.0000e0, 0.0000e0)kph; av:( 1.0409e5,-3.7186e5)kph; os: 0.0000e0kph; or: 0.0000e0Mm; 
Earthloc:( 0.0000e0, 0.0000e0)Mm; rv:(-2.8914e4, 1.0330e5)kph; av:( 0.0000e0, 0.0000e0)kph; os: 1.0727e5kph; or: 1.5004e5Mm; 
Moon loc:( 1.0825e2, 6.1735e2)Mm; rv:(-1.0207e3, 1.0448e3)kph; av:(-3.6745e3, 3.7614e3)kph; os: 1.4606e3kph; or: 6.2677e2Mm; 
Ap8CMloc:(-1.8916e3, 1.3120e3)Mm; rv:(-4.9631e3, 3.0717e3)kph; av:(-1.7867e4, 1.1058e4)kph; os: 5.8367e3kph; or: 2.3020e3Mm; 
Time:   17.01days, Distance to sun:150043.5Mm, Energy: -209090YJ, Momentum(-3.2298e1, 9.6757e1)Pgm/s
Sun  loc:(-1.4370e5,-4.3161e4)Mm; rv:( 0.0000e0, 0.0000e0)kph; av:( 1.1043e5,-3.7003e5)kph; os: 0.0000e0kph; or: 0.0000e0Mm; 
Earthloc:( 0.0000e0, 0.0000e0)Mm; rv:(-3.0674e4, 1.0279e5)kph; av:( 0.0000e0, 0.0000e0)kph; os: 1.0727e5kph; or: 1.5004e5Mm; 
Moon loc:( 8.3742e1, 6.4171e2)Mm; rv:(-1.0209e3, 9.8597e2)kph; av:(-3.6753e3, 3.5495e3)kph; os: 1.4193e3kph; or: 6.4715e2Mm; 
Ap8CMloc:(-2.0110e3, 1.3852e3)Mm; rv:(-4.9891e3, 3.0332e3)kph; av:(-1.7961e4, 1.0920e4)kph; os: 5.8388e3kph; or: 2.4419e3Mm; 
Time:   18.01days, Distance to sun:150048.2Mm, Energy: -234615YJ, Momentum(-4.5355e1, 8.7961e1)Pgm/s
Sun  loc:(-1.4294e5,-4.5622e4)Mm; rv:( 0.0000e0, 0.0000e0)kph; av:( 1.1673e5,-3.6809e5)kph; os: 0.0000e0kph; or: 0.0000e0Mm; 
Earthloc:( 0.0000e0, 0.0000e0)Mm; rv:(-3.2425e4, 1.0225e5)kph; av:( 0.0000e0, 0.0000e0)kph; os: 1.0727e5kph; or: 1.5005e5Mm; 
Moon loc:( 5.9265e1, 6.6470e2)Mm; rv:(-1.0184e3, 9.2992e2)kph; av:(-3.6664e3, 3.3477e3)kph; os: 1.3791e3kph; or: 6.6733e2Mm; 
Ap8CMloc:(-2.1311e3, 1.4576e3)Mm; rv:(-5.0157e3, 2.9927e3)kph; av:(-1.8057e4, 1.0774e4)kph; os: 5.8407e3kph; or: 2.5819e3Mm; 
Time:   19.01days, Distance to sun:150053.1Mm, Energy: -261562YJ, Momentum(-3.8895e1, 9.6757e1)Pgm/s
Sun  loc:(-1.4215e5,-4.8069e4)Mm; rv:( 0.0000e0, 0.0000e0)kph; av:( 1.2300e5,-3.6604e5)kph; os: 0.0000e0kph; or: 0.0000e0Mm; 
Earthloc:( 0.0000e0, 0.0000e0)Mm; rv:(-3.4167e4, 1.0168e5)kph; av:( 0.0000e0, 0.0000e0)kph; os: 1.0727e5kph; or: 1.5005e5Mm; 
Moon loc:( 3.4876e1, 6.8637e2)Mm; rv:(-1.0137e3, 8.7650e2)kph; av:(-3.6492e3, 3.1554e3)kph; os: 1.3401e3kph; or: 6.8725e2Mm; 
Ap8CMloc:(-2.2518e3, 1.5289e3)Mm; rv:(-5.0426e3, 2.9501e3)kph; av:(-1.8154e4, 1.0620e4)kph; os: 5.8422e3kph; or: 2.7218e3Mm; 
Time:   20.01days, Distance to sun:150058.1Mm, Energy: -289926YJ, Momentum(-3.6971e1, 1.1875e2)Pgm/s
Sun  loc:(-1.4130e5,-5.0502e4)Mm; rv:( 0.0000e0, 0.0000e0)kph; av:( 1.2923e5,-3.6389e5)kph; os: 0.0000e0kph; or: 0.0000e0Mm; 
Earthloc:( 0.0000e0, 0.0000e0)Mm; rv:(-3.5898e4, 1.0108e5)kph; av:( 0.0000e0, 0.0000e0)kph; os: 1.0727e5kph; or: 1.5006e5Mm; 
Moon loc:( 1.0626e1, 7.0679e2)Mm; rv:(-1.0069e3, 8.2553e2)kph; av:(-3.6249e3, 2.9719e3)kph; os: 1.3021e3kph; or: 7.0687e2Mm; 
Ap8CMloc:(-2.3731e3, 1.5991e3)Mm; rv:(-5.0697e3, 2.9052e3)kph; av:(-1.8251e4, 1.0459e4)kph; os: 5.8431e3kph; or: 2.8616e3Mm; 
Time:   21.01days, Distance to sun:150063.3Mm, Energy: -319697YJ, Momentum(-4.0132e1, 1.3194e2)Pgm/s
Sun  loc:(-1.4042e5,-5.2920e4)Mm; rv:( 0.0000e0, 0.0000e0)kph; av:( 1.3543e5,-3.6162e5)kph; os: 0.0000e0kph; or: 0.0000e0Mm; 
Earthloc:( 0.0000e0, 0.0000e0)Mm; rv:(-3.7619e4, 1.0045e5)kph; av:( 0.0000e0, 0.0000e0)kph; os: 1.0726e5kph; or: 1.5006e5Mm; 
Moon loc:(-1.3442e1, 7.2601e2)Mm; rv:(-9.9851e2, 7.7684e2)kph; av:(-3.5946e3, 2.7966e3)kph; os: 1.2651e3kph; or: 7.2614e2Mm; 
Ap8CMloc:(-2.4951e3, 1.6683e3)Mm; rv:(-5.0967e3, 2.8582e3)kph; av:(-1.8348e4, 1.0289e4)kph; os: 5.8434e3kph; or: 3.0015e3Mm; 
Time:   22.01days, Distance to sun:150068.7Mm, Energy: -350869YJ, Momentum(-4.9753e1, 1.1435e2)Pgm/s
Sun  loc:(-1.3950e5,-5.5323e4)Mm; rv:( 0.0000e0, 0.0000e0)kph; av:( 1.4159e5,-3.5925e5)kph; os: 0.0000e0kph; or: 0.0000e0Mm; 
Earthloc:( 0.0000e0, 0.0000e0)Mm; rv:(-3.9329e4, 9.9793e4)kph; av:( 0.0000e0, 0.0000e0)kph; os: 1.0726e5kph; or: 1.5007e5Mm; 
Moon loc:(-3.7290e1, 7.4409e2)Mm; rv:(-9.8866e2, 7.3026e2)kph; av:(-3.5592e3, 2.6289e3)kph; os: 1.2291e3kph; or: 7.4503e2Mm; 
Ap8CMloc:(-2.6178e3, 1.7363e3)Mm; rv:(-5.1235e3, 2.8088e3)kph; av:(-1.8444e4, 1.0112e4)kph; os: 5.8429e3kph; or: 3.1412e3Mm; 
Time:   23.01days, Distance to sun:150074.3Mm, Energy: -383433YJ, Momentum(-4.9341e1, 1.4953e2)Pgm/s
Sun  loc:(-1.3853e5,-5.7710e4)Mm; rv:( 0.0000e0, 0.0000e0)kph; av:( 1.4770e5,-3.5678e5)kph; os: 0.0000e0kph; or: 0.0000e0Mm; 
Earthloc:( 0.0000e0, 0.0000e0)Mm; rv:(-4.1028e4, 9.9105e4)kph; av:( 0.0000e0, 0.0000e0)kph; os: 1.0726e5kph; or: 1.5007e5Mm; 
Moon loc:(-6.0886e1, 7.6108e2)Mm; rv:(-9.7755e2, 6.8563e2)kph; av:(-3.5192e3, 2.4683e3)kph; os: 1.1940e3kph; or: 7.6351e2Mm; 
Ap8CMloc:(-2.7410e3, 1.8031e3)Mm; rv:(-5.1499e3, 2.7572e3)kph; av:(-1.8539e4, 9.9260e3)kph; os: 5.8415e3kph; or: 3.2809e3Mm; 
Time:   24.01days, Distance to sun:150080.1Mm, Energy: -417381YJ, Momentum(-3.7521e1, 1.6273e2)Pgm/s
Sun  loc:(-1.3753e5,-6.0080e4)Mm; rv:( 0.0000e0, 0.0000e0)kph; av:( 1.5377e5,-3.5420e5)kph; os: 0.0000e0kph; or: 0.0000e0Mm; 
Earthloc:( 0.0000e0, 0.0000e0)Mm; rv:(-4.2714e4, 9.8389e4)kph; av:( 0.0000e0, 0.0000e0)kph; os: 1.0726e5kph; or: 1.5008e5Mm; 
Moon loc:(-8.4203e1, 7.7702e2)Mm; rv:(-9.6534e2, 6.4280e2)kph; av:(-3.4752e3, 2.3141e3)kph; os: 1.1598e3kph; or: 7.8156e2Mm; 
Ap8CMloc:(-2.8649e3, 1.8686e3)Mm; rv:(-5.1757e3, 2.7033e3)kph; av:(-1.8632e4, 9.7320e3)kph; os: 5.8391e3kph; or: 3.4205e3Mm; 
Time:   25.01days, Distance to sun:150086.1Mm, Energy: -452702YJ, Momentum(-2.5426e1, 1.4514e2)Pgm/s
Sun  loc:(-1.3648e5,-6.2432e4)Mm; rv:( 0.0000e0, 0.0000e0)kph; av:( 1.5979e5,-3.5151e5)kph; os: 0.0000e0kph; or: 0.0000e0Mm; 
Earthloc:( 0.0000e0, 0.0000e0)Mm; rv:(-4.4387e4, 9.7643e4)kph; av:( 0.0000e0, 0.0000e0)kph; os: 1.0726e5kph; or: 1.5009e5Mm; 
Moon loc:(-1.0721e2, 7.9195e2)Mm; rv:(-9.5217e2, 6.0166e2)kph; av:(-3.4278e3, 2.1660e3)kph; os: 1.1263e3kph; or: 7.9917e2Mm; 
Ap8CMloc:(-2.9895e3, 1.9328e3)Mm; rv:(-5.2007e3, 2.6472e3)kph; av:(-1.8723e4, 9.5298e3)kph; os: 5.8357e3kph; or: 3.5599e3Mm; 
Time:   26.01days, Distance to sun:150092.2Mm, Energy: -489388YJ, Momentum(-2.7488e1, 1.3634e2)Pgm/s
Sun  loc:(-1.3540e5,-6.4766e4)Mm; rv:( 0.0000e0, 0.0000e0)kph; av:( 1.6577e5,-3.4873e5)kph; os: 0.0000e0kph; or: 0.0000e0Mm; 
Earthloc:( 0.0000e0, 0.0000e0)Mm; rv:(-4.6048e4, 9.6869e4)kph; av:( 0.0000e0, 0.0000e0)kph; os: 1.0726e5kph; or: 1.5009e5Mm; 
Moon loc:(-1.2990e2, 8.0591e2)Mm; rv:(-9.3814e2, 5.6206e2)kph; av:(-3.3773e3, 2.0234e3)kph; os: 1.0936e3kph; or: 8.1631e2Mm; 
Ap8CMloc:(-3.1146e3, 1.9957e3)Mm; rv:(-5.2249e3, 2.5888e3)kph; av:(-1.8810e4, 9.3195e3)kph; os: 5.8311e3kph; or: 3.6991e3Mm; 
Time:   27.01days, Distance to sun:150098.5Mm, Energy: -527427YJ, Momentum(-3.6834e1, 1.6273e2)Pgm/s
Sun  loc:(-1.3427e5,-6.7082e4)Mm; rv:( 0.0000e0, 0.0000e0)kph; av:( 1.7170e5,-3.4584e5)kph; os: 0.0000e0kph; or: 0.0000e0Mm; 
Earthloc:( 0.0000e0, 0.0000e0)Mm; rv:(-4.7694e4, 9.6066e4)kph; av:( 0.0000e0, 0.0000e0)kph; os: 1.0725e5kph; or: 1.5010e5Mm; 
Moon loc:(-1.5224e2, 8.1894e2)Mm; rv:(-9.2334e2, 5.2392e2)kph; av:(-3.3240e3, 1.8861e3)kph; os: 1.0616e3kph; or: 8.3297e2Mm; 
Ap8CMloc:(-3.2402e3, 2.0571e3)Mm; rv:(-5.2480e3, 2.5281e3)kph; av:(-1.8893e4, 9.1012e3)kph; os: 5.8252e3kph; or: 3.8381e3Mm; 
Final position:
Time:   27.30days, Distance to sun:150100.5Mm, Energy: -539102YJ, Momentum(-2.6113e1, 1.7592e2)Pgm/s
Sun  loc:(-1.3393e5,-6.7772e4)Mm; rv:( 0.0000e0, 0.0000e0)kph; av:( 1.7347e5,-3.4495e5)kph; os: 0.0000e0kph; or: 0.0000e0Mm; 
Earthloc:( 0.0000e0, 0.0000e0)Mm; rv:(-4.8186e4, 9.5820e4)kph; av:( 0.0000e0, 0.0000e0)kph; os: 1.0725e5kph; or: 1.5010e5Mm; 
Moon loc:(-1.5887e2, 8.2267e2)Mm; rv:(-9.1876e2, 5.1274e2)kph; av:(-3.3075e3, 1.8459e3)kph; os: 1.0522e3kph; or: 8.3787e2Mm; 
Ap8CMloc:(-3.2780e3, 2.0752e3)Mm; rv:(-5.2547e3, 2.5095e3)kph; av:(-1.8917e4, 9.0342e3)kph; os: 5.8232e3kph; or: 3.8797e3Mm; 
Final position:
  S:("Sun  ","☉",( 1.9891000000e30,( 8.46849120418e3, 1.33295454340e3),( 7.0459222541e-3, 1.6822601684e-3)))
  E:("Earth","⊕",( 9.7220000000e23,( 1.3392934104e11, 6.7772331894e10),(-1.33849128462e4, 2.66166732116e4)))
  M:("Moon ","☾",( 7.3476730900e22,( 1.3377047181e11, 6.8594999690e10),(-1.36401235378e4, 2.67591020103e4)))
  8:("Ap8CM","8",( 5.80900000000e3,( 1.3065129531e11, 6.9847547761e10),(-1.48445583684e4, 2.73137561033e4)))
3.69user 0.83system 0:04.57elapsed 99%CPU (0avgtext+0avgdata 2805760maxresident)k
0inputs+0outputs (0major+175858minor)pagefaults 0swaps
