OPT=-O3
OPT1: 2; OPT2: 3; 
System:((Sun  ,Earth,Moon ,Ap8CM),Apollo 8,-3.23537400000e7,)
Initial position::
  S:("Sun  ","☉",( 1.9891000000e30,( 0.00000000000e0, 0.00000000000e0),( 0.00000000000e0, 0.00000000000e0)))
  E:("Earth","⊕",( 9.7220000000e23,( 1.5000000000e11, 0.00000000000e0),( 0.00000000000e0, 2.97866078294e4)))
  M:("Moon ","☾",( 7.3476730900e22,( 1.5038500000e11, 0.00000000000e0),( 0.00000000000e0, 3.03571562823e4)))
  8:("Ap8CM","8",( 5.80900000000e3,( 1.5000656275e11, 0.00000000000e0),( 0.00000000000e0, 3.29307012406e4)))
Parameter: step size =  1.389e-3; days
Parameter: report period =  1.0000e0; days
Parameter: mission stop time =  2.7322e1; days
IVP Order-2: solar system:
  t interval: [ 0.0000e0 …  2.3606e6]
  y₀ = ( 0.0000e0, 0.0000e0, 1.500e11, 0.0000e0, 1.504e11, 0.0000e0, 1.500e11, 0.0000e0)
  dy₀/dt = ( 0.0000e0, 0.0000e0, 0.0000e0, 2.9787e4, 0.0000e0, 3.0357e4, 0.0000e0, 3.2931e4)
  y₀ = ( 0.0000e0, 0.0000e0, 1.500e11, 0.0000e0, 1.504e11, 0.0000e0, 1.500e11, 0.0000e0)
  dy₀/dt = ( 0.0000e0, 0.0000e0, 0.0000e0, 2.9787e4, 0.0000e0, 3.0357e4, 0.0000e0, 3.2931e4)
  d²y₀/dt² = ( 3.100e-9, 0.0000e0,-5.866e-3, 0.0000e0,-6.307e-3, 0.0000e0,-1.5121e0, 0.0000e0)


Reference point: Earth
Initial momentum:( 0.0000e0, 3.119e28), Initial energy: 4.651e32
Time: 0.00000000000e0(days), Distance to sun: 1.00268806633e0(AU), Energy: 0.00000000000e0(PPJ), Momentum( 0.0000e0, 0.0000e0)Pgm/s
Sun  loc:(-1.0027e0, 0.0000e0)AU; rv:( 0.0000e0, 0.0000e0)kph; av:( 0.0000e0,-3.8603e5)kph; os: 0.0000e0kph; or: 0.0000e0AU; 
Earthloc:( 0.0000e0, 0.0000e0)AU; rv:( 0.0000e0, 1.0723e5)kph; av:( 0.0000e0, 0.0000e0)kph; os: 1.0723e5kph; or: 1.0027e0AU; 
Moon loc:( 2.574e-3, 0.0000e0)AU; rv:( 0.0000e0, 2.0540e3)kph; av:( 0.0000e0, 7.3943e3)kph; os: 2.0540e3kph; or: 2.574e-3AU; 
Ap8CMloc:( 4.387e-5, 0.0000e0)AU; rv:( 0.0000e0, 1.1319e4)kph; av:( 0.0000e0, 4.0747e4)kph; os: 1.1319e4kph; or: 4.387e-5AU; 
Time: 1.00136831949e0(days), Distance to sun: 1.00268948897e0(AU), Energy:-6.1729223142e-4(PPJ), Momentum( 6.786e-1,-8.7961e0)Pgm/s
Sun  loc:(-1.0025e0,-1.723e-2)AU; rv:( 0.0000e0, 0.0000e0)kph; av:( 6.5774e3,-3.8598e5)kph; os: 0.0000e0kph; or: 0.0000e0AU; 
Earthloc:( 0.0000e0, 0.0000e0)AU; rv:(-1.8271e3, 1.0722e5)kph; av:( 0.0000e0, 0.0000e0)kph; os: 1.0723e5kph; or: 1.0027e0AU; 
Moon loc:( 2.563e-3, 3.295e-4)AU; rv:(-1.3645e2, 2.0445e3)kph; av:(-4.9123e2, 7.3601e3)kph; os: 2.0490e3kph; or: 2.584e-3AU; 
Ap8CMloc:(-7.411e-5,-1.034e-4)AU; rv:( 4.5989e3,-4.1294e3)kph; av:( 1.6556e4,-1.4866e4)kph; os: 6.1808e3kph; or: 1.272e-4AU; 
Time: 2.00134777862e0(days), Distance to sun: 1.00269332299e0(AU), Energy:-2.8406632543e-3(PPJ), Momentum( 2.4052e0,-3.9582e1)Pgm/s
Sun  loc:(-1.0021e0,-3.442e-2)AU; rv:( 0.0000e0, 0.0000e0)kph; av:( 1.3145e4,-3.8582e5)kph; os: 0.0000e0kph; or: 0.0000e0AU; 
Earthloc:( 0.0000e0, 0.0000e0)AU; rv:(-3.6514e3, 1.0717e5)kph; av:( 0.0000e0, 0.0000e0)kph; os: 1.0723e5kph; or: 1.0027e0AU; 
Moon loc:( 2.530e-3, 6.555e-4)AU; rv:(-2.6820e2, 2.0167e3)kph; av:(-9.6552e2, 7.2602e3)kph; os: 2.0345e3kph; or: 2.614e-3AU; 
Ap8CMloc:( 1.270e-4,-5.889e-5)AU; rv:( 1.6094e3, 6.0461e3)kph; av:( 5.7940e3, 2.1766e4)kph; os: 6.2567e3kph; or: 1.400e-4AU; 
Time: 3.00132723775e0(days), Distance to sun: 1.00269951210e0(AU), Energy:-6.6579506852e-3(PPJ), Momentum( 3.0408e0,-7.0369e1)Pgm/s
Sun  loc:(-1.0014e0,-5.161e-2)AU; rv:( 0.0000e0, 0.0000e0)kph; av:( 1.9711e4,-3.8554e5)kph; os: 0.0000e0kph; or: 0.0000e0AU; 
Earthloc:( 0.0000e0, 0.0000e0)AU; rv:(-5.4752e3, 1.0710e5)kph; av:( 0.0000e0, 0.0000e0)kph; os: 1.0724e5kph; or: 1.0027e0AU; 
Moon loc:( 2.477e-3, 9.757e-4)AU; rv:(-3.9152e2, 1.9727e3)kph; av:(-1.4095e3, 7.1018e3)kph; os: 2.0112e3kph; or: 2.662e-3AU; 
Ap8CMloc:( 1.493e-4,-2.537e-5)AU; rv:(-1.5921e2, 6.1928e3)kph; av:(-5.7316e2, 2.2294e4)kph; os: 6.1948e3kph; or: 1.514e-4AU; 
Time: 4.00130669688e0(days), Distance to sun: 1.00270797026e0(AU), Energy:-1.2051757554e-2(PPJ), Momentum( 6.872e-1,-4.3980e1)Pgm/s
Sun  loc:(-1.0003e0,-6.878e-2)AU; rv:( 0.0000e0, 0.0000e0)kph; av:( 2.6273e4,-3.8516e5)kph; os: 0.0000e0kph; or: 0.0000e0AU; 
Earthloc:( 0.0000e0, 0.0000e0)AU; rv:(-7.2981e3, 1.0699e5)kph; av:( 0.0000e0, 0.0000e0)kph; os: 1.0724e5kph; or: 1.0027e0AU; 
Moon loc:( 2.405e-3, 1.288e-3)AU; rv:(-5.0353e2, 1.9154e3)kph; av:(-1.8127e3, 6.8954e3)kph; os: 1.9805e3kph; or: 2.728e-3AU; 
Ap8CMloc:( 1.228e-4,-1.517e-4)AU; rv:( 3.2714e3, 3.8118e3)kph; av:( 1.1777e4, 1.3723e4)kph; os: 5.0231e3kph; or: 1.952e-4AU; 
Time: 5.00128615601e0(days), Distance to sun: 1.00271859210e0(AU), Energy:-1.9002015836e-2(PPJ), Momentum( 1.4431e0,-3.5184e1)Pgm/s
Sun  loc:(-9.990e-1,-8.594e-2)AU; rv:( 0.0000e0, 0.0000e0)kph; av:( 3.2831e4,-3.8467e5)kph; os: 0.0000e0kph; or: 0.0000e0AU; 
Earthloc:( 0.0000e0, 0.0000e0)AU; rv:(-9.1198e3, 1.0685e5)kph; av:( 0.0000e0, 0.0000e0)kph; os: 1.0724e5kph; or: 1.0027e0AU; 
Moon loc:( 2.316e-3, 1.590e-3)AU; rv:(-6.0253e2, 1.8480e3)kph; av:(-2.1691e3, 6.6529e3)kph; os: 1.9438e3kph; or: 2.809e-3AU; 
Ap8CMloc:(-6.950e-5,-2.244e-4)AU; rv:( 4.0108e3,-1.5014e3)kph; av:( 1.4439e4,-5.4051e3)kph; os: 4.2826e3kph; or: 2.350e-4AU; 
Time: 6.00126561514e0(days), Distance to sun: 1.00273126326e0(AU), Energy:-2.7488540132e-2(PPJ), Momentum( 1.8898e0,-2.6388e1)Pgm/s
Sun  loc:(-9.974e-1,-1.031e-1)AU; rv:( 0.0000e0, 0.0000e0)kph; av:( 3.9383e4,-3.8407e5)kph; os: 0.0000e0kph; or: 0.0000e0AU; 
Earthloc:( 0.0000e0, 0.0000e0)AU; rv:(-1.0940e4, 1.0668e5)kph; av:( 0.0000e0, 0.0000e0)kph; os: 1.0724e5kph; or: 1.0027e0AU; 
Moon loc:( 2.212e-3, 1.880e-3)AU; rv:(-6.8795e2, 1.7739e3)kph; av:(-2.4766e3, 6.3859e3)kph; os: 1.9026e3kph; or: 2.904e-3AU; 
Ap8CMloc:(-1.843e-4, 4.036e-5)AU; rv:(-2.5487e3,-5.0748e3)kph; av:(-9.1753e3,-1.8269e4)kph; os: 5.6788e3kph; or: 1.887e-4AU; 
Time: 7.00124507427e0(days), Distance to sun: 1.00274586920e0(AU), Energy:-3.7492798946e-2(PPJ), Momentum(-4.5699e0, 2.1990e1)Pgm/s
Sun  loc:(-9.955e-1,-1.202e-1)AU; rv:( 0.0000e0, 0.0000e0)kph; av:( 4.5926e4,-3.8335e5)kph; os: 0.0000e0kph; or: 0.0000e0AU; 
Earthloc:( 0.0000e0, 0.0000e0)AU; rv:(-1.2757e4, 1.0649e5)kph; av:( 0.0000e0, 0.0000e0)kph; os: 1.0725e5kph; or: 1.0027e0AU; 
Moon loc:( 2.096e-3, 2.159e-3)AU; rv:(-7.6008e2, 1.6958e3)kph; av:(-2.7363e3, 6.1048e3)kph; os: 1.8583e3kph; or: 3.009e-3AU; 
Ap8CMloc:( 1.955e-4,-7.521e-5)AU; rv:( 6.0218e2, 5.1616e3)kph; av:( 2.1678e3, 1.8582e4)kph; os: 5.1966e3kph; or: 2.094e-4AU; 
Time: 8.00122453340e0(days), Distance to sun: 1.00276230158e0(AU), Energy:-4.8998799932e-2(PPJ), Momentum(-1.0102e1, 3.9582e1)Pgm/s
Sun  loc:(-9.933e-1,-1.372e-1)AU; rv:( 0.0000e0, 0.0000e0)kph; av:( 5.2459e4,-3.8252e5)kph; os: 0.0000e0kph; or: 0.0000e0AU; 
Earthloc:( 0.0000e0, 0.0000e0)AU; rv:(-1.4572e4, 1.0626e5)kph; av:( 0.0000e0, 0.0000e0)kph; os: 1.0725e5kph; or: 1.0028e0AU; 
Moon loc:( 1.969e-3, 2.424e-3)AU; rv:(-8.1979e2, 1.6161e3)kph; av:(-2.9512e3, 5.8179e3)kph; os: 1.8121e3kph; or: 3.123e-3AU; 
Ap8CMloc:(-1.540e-4,-2.289e-4)AU; rv:( 2.9099e3,-2.7158e3)kph; av:( 1.0476e4,-9.7768e3)kph; os: 3.9803e3kph; or: 2.758e-4AU; 
Time: 9.00120399253e0(days), Distance to sun: 1.00278046211e0(AU), Energy:-6.1993260369e-2(PPJ), Momentum( 2.8175e0, 1.3194e1)Pgm/s
Sun  loc:(-9.908e-1,-1.543e-1)AU; rv:( 0.0000e0, 0.0000e0)kph; av:( 5.8978e4,-3.8158e5)kph; os: 0.0000e0kph; or: 0.0000e0AU; 
Earthloc:( 0.0000e0, 0.0000e0)AU; rv:(-1.6383e4, 1.0599e5)kph; av:( 0.0000e0, 0.0000e0)kph; os: 1.0725e5kph; or: 1.0028e0AU; 
Moon loc:( 1.834e-3, 2.677e-3)AU; rv:(-8.6831e2, 1.5366e3)kph; av:(-3.1259e3, 5.5316e3)kph; os: 1.7649e3kph; or: 3.245e-3AU; 
Ap8CMloc:( 1.255e-4, 1.241e-4)AU; rv:(-4.9411e3, 3.8763e3)kph; av:(-1.7788e4, 1.3955e4)kph; os: 6.2802e3kph; or: 1.765e-4AU; 
Time: 1.00011834517e1(days), Distance to sun: 1.00280026430e0(AU), Energy:-7.6465329422e-2(PPJ), Momentum(-3.5734e0, 1.3194e1)Pgm/s
Sun  loc:(-9.881e-1,-1.712e-1)AU; rv:( 0.0000e0, 0.0000e0)kph; av:( 6.5483e4,-3.8053e5)kph; os: 0.0000e0kph; or: 0.0000e0AU; 
Earthloc:( 0.0000e0, 0.0000e0)AU; rv:(-1.8190e4, 1.0570e5)kph; av:( 0.0000e0, 0.0000e0)kph; os: 1.0726e5kph; or: 1.0028e0AU; 
Moon loc:( 1.691e-3, 2.917e-3)AU; rv:(-9.0697e2, 1.4585e3)kph; av:(-3.2651e3, 5.2505e3)kph; os: 1.7175e3kph; or: 3.372e-3AU; 
Ap8CMloc:(-9.393e-5,-2.957e-4)AU; rv:( 3.3694e3,-1.3338e3)kph; av:( 1.2130e4,-4.8016e3)kph; os: 3.6238e3kph; or: 3.103e-4AU; 
Time: 1.10011629108e1(days), Distance to sun: 1.00282163371e0(AU), Energy:-9.2406101377e-2(PPJ), Momentum(-4.5355e0, 0.0000e0)Pgm/s
Sun  loc:(-9.850e-1,-1.882e-1)AU; rv:( 0.0000e0, 0.0000e0)kph; av:( 7.1970e4,-3.7936e5)kph; os: 0.0000e0kph; or: 0.0000e0AU; 
Earthloc:( 0.0000e0, 0.0000e0)AU; rv:(-1.9992e4, 1.0538e5)kph; av:( 0.0000e0, 0.0000e0)kph; os: 1.0726e5kph; or: 1.0028e0AU; 
Moon loc:( 1.543e-3, 3.145e-3)AU; rv:(-9.3709e2, 1.3827e3)kph; av:(-3.3735e3, 4.9776e3)kph; os: 1.6703e3kph; or: 3.503e-3AU; 
Ap8CMloc:( 1.140e-4, 1.441e-4)AU; rv:(-5.2600e3, 3.3157e3)kph; av:(-1.8936e4, 1.1937e4)kph; os: 6.2179e3kph; or: 1.837e-4AU; 
Time: 1.20011423699e1(days), Distance to sun: 1.00284450730e0(AU), Energy:-1.0980808400e-1(PPJ), Momentum( 2.6800e0,-1.7592e1)Pgm/s
Sun  loc:(-9.817e-1,-2.050e-1)AU; rv:( 0.0000e0, 0.0000e0)kph; av:( 7.8438e4,-3.7809e5)kph; os: 0.0000e0kph; or: 0.0000e0AU; 
Earthloc:( 0.0000e0, 0.0000e0)AU; rv:(-2.1788e4, 1.0502e5)kph; av:( 0.0000e0, 0.0000e0)kph; os: 1.0726e5kph; or: 1.0028e0AU; 
Moon loc:( 1.391e-3, 3.361e-3)AU; rv:(-9.5993e2, 1.3096e3)kph; av:(-3.4558e3, 4.7146e3)kph; os: 1.6238e3kph; or: 3.638e-3AU; 
Ap8CMloc:(-1.415e-4,-2.991e-4)AU; rv:( 2.9678e3,-1.8900e3)kph; av:( 1.0684e4,-6.8042e3)kph; os: 3.5186e3kph; or: 3.309e-4AU; 
Time: 1.30011218290e1(days), Distance to sun: 1.00286883227e0(AU), Energy:-1.2866471261e-1(PPJ), Momentum(-3.0237e0,-4.8379e1)Pgm/s
Sun  loc:(-9.780e-1,-2.219e-1)AU; rv:( 0.0000e0, 0.0000e0)kph; av:( 8.4883e4,-3.7670e5)kph; os: 0.0000e0kph; or: 0.0000e0AU; 
Earthloc:( 0.0000e0, 0.0000e0)AU; rv:(-2.3579e4, 1.0464e5)kph; av:( 0.0000e0, 0.0000e0)kph; os: 1.0726e5kph; or: 1.0029e0AU; 
Moon loc:( 1.236e-3, 3.566e-3)AU; rv:(-9.7658e2, 1.2396e3)kph; av:(-3.5157e3, 4.4627e3)kph; os: 1.5781e3kph; or: 3.774e-3AU; 
Ap8CMloc:( 2.262e-4, 1.477e-5)AU; rv:(-1.7069e3, 5.0344e3)kph; av:(-6.1447e3, 1.8124e4)kph; os: 5.3158e3kph; or: 2.267e-4AU; 
Time: 1.40011012882e1(days), Distance to sun: 1.00289456470e0(AU), Energy:-1.4896994735e-1(PPJ), Momentum( 2.6457e1,-4.3980e1)Pgm/s
Sun  loc:(-9.741e-1,-2.386e-1)AU; rv:( 0.0000e0, 0.0000e0)kph; av:( 9.1305e4,-3.7520e5)kph; os: 0.0000e0kph; or: 0.0000e0AU; 
Earthloc:( 0.0000e0, 0.0000e0)AU; rv:(-2.5362e4, 1.0422e5)kph; av:( 0.0000e0, 0.0000e0)kph; os: 1.0726e5kph; or: 1.0029e0AU; 
Moon loc:( 1.078e-3, 3.759e-3)AU; rv:(-9.8801e2, 1.1728e3)kph; av:(-3.5569e3, 4.2221e3)kph; os: 1.5335e3kph; or: 3.911e-3AU; 
Ap8CMloc:(-2.541e-4,-1.970e-4)AU; rv:( 1.4475e3,-3.5444e3)kph; av:( 5.2109e3,-1.2760e4)kph; os: 3.8286e3kph; or: 3.215e-4AU; 
Time: 1.50010807473e1(days), Distance to sun: 1.00292166821e0(AU), Energy:-1.7071795979e-1(PPJ), Momentum( 2.8656e1,-1.7592e1)Pgm/s
Sun  loc:(-9.699e-1,-2.553e-1)AU; rv:( 0.0000e0, 0.0000e0)kph; av:( 9.7700e4,-3.7359e5)kph; os: 0.0000e0kph; or: 0.0000e0AU; 
Earthloc:( 0.0000e0, 0.0000e0)AU; rv:(-2.7139e4, 1.0377e5)kph; av:( 0.0000e0, 0.0000e0)kph; os: 1.0726e5kph; or: 1.0029e0AU; 
Moon loc:( 9.188e-4, 3.942e-3)AU; rv:(-9.9505e2, 1.1091e3)kph; av:(-3.5822e3, 3.9927e3)kph; os: 1.4900e3kph; or: 4.048e-3AU; 
Ap8CMloc:( 1.965e-4,-2.540e-4)AU; rv:( 2.3018e3, 3.0851e3)kph; av:( 8.2866e3, 1.1106e4)kph; os: 3.8492e3kph; or: 3.212e-4AU; 
Time: 1.60010602064e1(days), Distance to sun: 1.00295011265e0(AU), Energy:-1.9390289984e-1(PPJ), Momentum( 5.3739e1,-1.7592e1)Pgm/s
Sun  loc:(-9.654e-1,-2.719e-1)AU; rv:( 0.0000e0, 0.0000e0)kph; av:( 1.0407e5,-3.7187e5)kph; os: 0.0000e0kph; or: 0.0000e0AU; 
Earthloc:( 0.0000e0, 0.0000e0)AU; rv:(-2.8907e4, 1.0330e5)kph; av:( 0.0000e0, 0.0000e0)kph; os: 1.0726e5kph; or: 1.0030e0AU; 
Moon loc:( 7.588e-4, 4.115e-3)AU; rv:(-9.9837e2, 1.0484e3)kph; av:(-3.5941e3, 3.7743e3)kph; os: 1.4477e3kph; or: 4.185e-3AU; 
Ap8CMloc:(-2.152e-4, 1.035e-4)AU; rv:(-3.4925e3,-3.9491e3)kph; av:(-1.2573e4,-1.4217e4)kph; os: 5.2719e3kph; or: 2.388e-4AU; 
Time: 1.70010396656e1(days), Distance to sun: 1.00297987304e0(AU), Energy:-2.1851872827e-1(PPJ), Momentum( 5.6075e1, 3.5184e1)Pgm/s
Sun  loc:(-9.606e-1,-2.884e-1)AU; rv:( 0.0000e0, 0.0000e0)kph; av:( 1.1040e5,-3.7003e5)kph; os: 0.0000e0kph; or: 0.0000e0AU; 
Earthloc:( 0.0000e0, 0.0000e0)AU; rv:(-3.0668e4, 1.0279e5)kph; av:( 0.0000e0, 0.0000e0)kph; os: 1.0726e5kph; or: 1.0030e0AU; 
Moon loc:( 5.986e-4, 4.279e-3)AU; rv:(-9.9858e2, 9.9064e2)kph; av:(-3.5949e3, 3.5663e3)kph; os: 1.4066e3kph; or: 4.320e-3AU; 
Ap8CMloc:(-6.482e-5,-3.834e-4)AU; rv:( 3.0828e3,-5.6843e2)kph; av:( 1.1098e4,-2.0464e3)kph; os: 3.1348e3kph; or: 3.888e-4AU; 
Time: 1.80010191247e1(days), Distance to sun: 1.00301092855e0(AU), Energy:-2.4455910020e-1(PPJ), Momentum( 8.2051e1,-1.3194e1)Pgm/s
Sun  loc:(-9.555e-1,-3.049e-1)AU; rv:( 0.0000e0, 0.0000e0)kph; av:( 1.1671e5,-3.6809e5)kph; os: 0.0000e0kph; or: 0.0000e0AU; 
Earthloc:( 0.0000e0, 0.0000e0)AU; rv:(-3.2419e4, 1.0225e5)kph; av:( 0.0000e0, 0.0000e0)kph; os: 1.0726e5kph; or: 1.0030e0AU; 
Moon loc:( 4.386e-4, 4.433e-3)AU; rv:(-9.9613e2, 9.3558e2)kph; av:(-3.5861e3, 3.3681e3)kph; os: 1.3666e3kph; or: 4.455e-3AU; 
Ap8CMloc:( 2.543e-4, 2.083e-6)AU; rv:(-1.4763e3, 4.8071e3)kph; av:(-5.3146e3, 1.7305e4)kph; os: 5.0287e3kph; or: 2.543e-4AU; 
Time: 1.90009985838e1(days), Distance to sun: 1.00304326174e0(AU), Energy:-2.7201728639e-1(PPJ), Momentum( 6.9819e1,-4.3980e0)Pgm/s
Sun  loc:(-9.502e-1,-3.213e-1)AU; rv:( 0.0000e0, 0.0000e0)kph; av:( 1.2298e5,-3.6605e5)kph; os: 0.0000e0kph; or: 0.0000e0AU; 
Earthloc:( 0.0000e0, 0.0000e0)AU; rv:(-3.4161e4, 1.0168e5)kph; av:( 0.0000e0, 0.0000e0)kph; os: 1.0726e5kph; or: 1.0030e0AU; 
Moon loc:( 2.791e-4, 4.579e-3)AU; rv:(-9.9145e2, 8.8309e2)kph; av:(-3.5692e3, 3.1791e3)kph; os: 1.3277e3kph; or: 4.588e-3AU; 
Ap8CMloc:(-3.072e-4,-1.206e-4)AU; rv:( 1.5546e2,-3.9897e3)kph; av:( 5.5965e2,-1.4363e4)kph; os: 3.9928e3kph; or: 3.300e-4AU; 
Time: 2.00009780430e1(days), Distance to sun: 1.00307685783e0(AU), Energy:-3.0088612219e-1(PPJ), Momentum( 6.9681e1,-1.3194e1)Pgm/s
Sun  loc:(-9.446e-1,-3.375e-1)AU; rv:( 0.0000e0, 0.0000e0)kph; av:( 1.2921e5,-3.6389e5)kph; os: 0.0000e0kph; or: 0.0000e0AU; 
Earthloc:( 0.0000e0, 0.0000e0)AU; rv:(-3.5892e4, 1.0108e5)kph; av:( 0.0000e0, 0.0000e0)kph; os: 1.0726e5kph; or: 1.0031e0AU; 
Moon loc:( 1.206e-4, 4.717e-3)AU; rv:(-9.8484e2, 8.3297e2)kph; av:(-3.5454e3, 2.9987e3)kph; os: 1.2899e3kph; or: 4.718e-3AU; 
Ap8CMloc:( 4.943e-5,-4.052e-4)AU; rv:( 2.9895e3, 7.5025e2)kph; av:( 1.0762e4, 2.7009e3)kph; os: 3.0822e3kph; or: 4.082e-4AU; 
Time: 2.10009575021e1(days), Distance to sun: 1.00311170416e0(AU), Energy:-3.3115797591e-1(PPJ), Momentum( 3.6971e1, 8.7961e0)Pgm/s
Sun  loc:(-9.387e-1,-3.537e-1)AU; rv:( 0.0000e0, 0.0000e0)kph; av:( 1.3541e5,-3.6163e5)kph; os: 0.0000e0kph; or: 0.0000e0AU; 
Earthloc:( 0.0000e0, 0.0000e0)AU; rv:(-3.7613e4, 1.0045e5)kph; av:( 0.0000e0, 0.0000e0)kph; os: 1.0726e5kph; or: 1.0031e0AU; 
Moon loc:(-3.678e-5, 4.846e-3)AU; rv:(-9.7659e2, 7.8507e2)kph; av:(-3.5157e3, 2.8262e3)kph; os: 1.2530e3kph; or: 4.847e-3AU; 
Ap8CMloc:( 2.054e-4, 1.113e-4)AU; rv:(-3.5915e3, 4.1707e3)kph; av:(-1.2929e4, 1.5015e4)kph; os: 5.5040e3kph; or: 2.336e-4AU; 
Time: 2.20009369612e1(days), Distance to sun: 1.00314778975e0(AU), Energy:-3.6282473105e-1(PPJ), Momentum( 6.8857e1,-8.7961e0)Pgm/s
Sun  loc:(-9.325e-1,-3.697e-1)AU; rv:( 0.0000e0, 0.0000e0)kph; av:( 1.4156e5,-3.5926e5)kph; os: 0.0000e0kph; or: 0.0000e0AU; 
Earthloc:( 0.0000e0, 0.0000e0)AU; rv:(-3.9323e4, 9.9794e4)kph; av:( 0.0000e0, 0.0000e0)kph; os: 1.0726e5kph; or: 1.0031e0AU; 
Moon loc:(-1.927e-4, 4.969e-3)AU; rv:(-9.6692e2, 7.3921e2)kph; av:(-3.4809e3, 2.6612e3)kph; os: 1.2171e3kph; or: 4.972e-3AU; 
Ap8CMloc:(-3.179e-4,-1.799e-4)AU; rv:( 6.6421e2,-3.6277e3)kph; av:( 2.3912e3,-1.3060e4)kph; os: 3.6880e3kph; or: 3.653e-4AU; 
Time: 2.30009164203e1(days), Distance to sun: 1.00318510487e0(AU), Energy:-3.9587777791e-1(PPJ), Momentum( 7.4492e1,-8.7961e0)Pgm/s
Sun  loc:(-9.261e-1,-3.857e-1)AU; rv:( 0.0000e0, 0.0000e0)kph; av:( 1.4768e5,-3.5678e5)kph; os: 0.0000e0kph; or: 0.0000e0AU; 
Earthloc:( 0.0000e0, 0.0000e0)AU; rv:(-4.1022e4, 9.9106e4)kph; av:( 0.0000e0, 0.0000e0)kph; os: 1.0726e5kph; or: 1.0032e0AU; 
Moon loc:(-3.470e-4, 5.084e-3)AU; rv:(-9.5601e2, 6.9526e2)kph; av:(-3.4416e3, 2.5029e3)kph; os: 1.1821e3kph; or: 5.096e-3AU; 
Ap8CMloc:( 4.679e-5,-4.317e-4)AU; rv:( 2.8813e3, 6.8413e2)kph; av:( 1.0373e4, 2.4629e3)kph; os: 2.9614e3kph; or: 4.342e-4AU; 
Time: 2.40008958795e1(days), Distance to sun: 1.00322364080e0(AU), Energy:-4.3030801158e-1(PPJ), Momentum( 9.0710e1,-4.3980e1)Pgm/s
Sun  loc:(-9.194e-1,-4.015e-1)AU; rv:( 0.0000e0, 0.0000e0)kph; av:( 1.5375e5,-3.5420e5)kph; os: 0.0000e0kph; or: 0.0000e0AU; 
Earthloc:( 0.0000e0, 0.0000e0)AU; rv:(-4.2708e4, 9.8389e4)kph; av:( 0.0000e0, 0.0000e0)kph; os: 1.0726e5kph; or: 1.0032e0AU; 
Moon loc:(-4.994e-4, 5.192e-3)AU; rv:(-9.4402e2, 6.5307e2)kph; av:(-3.3985e3, 2.3510e3)kph; os: 1.1479e3kph; or: 5.216e-3AU; 
Ap8CMloc:( 2.576e-4, 4.922e-5)AU; rv:(-2.3024e3, 4.5370e3)kph; av:(-8.2888e3, 1.6333e4)kph; os: 5.0878e3kph; or: 2.622e-4AU; 
Time: 2.50008753386e1(days), Distance to sun: 1.00326338953e0(AU), Energy:-4.6610583430e-1(PPJ), Momentum( 7.2155e1,-3.0786e1)Pgm/s
Sun  loc:(-9.124e-1,-4.173e-1)AU; rv:( 0.0000e0, 0.0000e0)kph; av:( 1.5977e5,-3.5152e5)kph; os: 0.0000e0kph; or: 0.0000e0AU; 
Earthloc:( 0.0000e0, 0.0000e0)AU; rv:(-4.4381e4, 9.7644e4)kph; av:( 0.0000e0, 0.0000e0)kph; os: 1.0726e5kph; or: 1.0033e0AU; 
Moon loc:(-6.498e-4, 5.293e-3)AU; rv:(-9.3106e2, 6.1251e2)kph; av:(-3.3518e3, 2.2050e3)kph; os: 1.1145e3kph; or: 5.333e-3AU; 
Ap8CMloc:(-3.379e-4,-9.582e-5)AU; rv:(-3.4807e2,-3.9417e3)kph; av:(-1.2531e3,-1.4190e4)kph; os: 3.9570e3kph; or: 3.512e-4AU; 
Time: 2.60008547977e1(days), Distance to sun: 1.00330434357e0(AU), Energy:-5.0326116057e-1(PPJ), Momentum( 5.6075e1,-3.5184e1)Pgm/s
Sun  loc:(-9.051e-1,-4.329e-1)AU; rv:( 0.0000e0, 0.0000e0)kph; av:( 1.6575e5,-3.4873e5)kph; os: 0.0000e0kph; or: 0.0000e0AU; 
Earthloc:( 0.0000e0, 0.0000e0)AU; rv:(-4.6042e4, 9.6870e4)kph; av:( 0.0000e0, 0.0000e0)kph; os: 1.0725e5kph; or: 1.0033e0AU; 
Moon loc:(-7.981e-4, 5.388e-3)AU; rv:(-9.1725e2, 5.7347e2)kph; av:(-3.3021e3, 2.0645e3)kph; os: 1.0818e3kph; or: 5.447e-3AU; 
Ap8CMloc:(-6.277e-5,-4.632e-4)AU; rv:( 2.7602e3,-3.6607e2)kph; av:( 9.9368e3,-1.3178e3)kph; os: 2.7844e3kph; or: 4.675e-4AU; 
Time: 2.70008342569e1(days), Distance to sun: 1.00334649580e0(AU), Energy:-5.4176342407e-1(PPJ), Momentum( 4.8928e1,-1.3194e1)Pgm/s
Sun  loc:(-8.976e-1,-4.483e-1)AU; rv:( 0.0000e0, 0.0000e0)kph; av:( 1.7168e5,-3.4584e5)kph; os: 0.0000e0kph; or: 0.0000e0AU; 
Earthloc:( 0.0000e0, 0.0000e0)AU; rv:(-4.7688e4, 9.6067e4)kph; av:( 0.0000e0, 0.0000e0)kph; os: 1.0725e5kph; or: 1.0033e0AU; 
Moon loc:(-9.441e-4, 5.477e-3)AU; rv:(-9.0266e2, 5.3585e2)kph; av:(-3.2496e3, 1.9291e3)kph; os: 1.0497e3kph; or: 5.558e-3AU; 
Ap8CMloc:( 3.008e-4,-1.802e-4)AU; rv:( 7.0779e2, 3.9141e3)kph; av:( 2.5480e3, 1.4091e4)kph; os: 3.9775e3kph; or: 3.507e-4AU; 
Final position::
  S:("Sun  ","☉",( 1.9891000000e30,( 8.47814158552e3, 1.33556659464e3),( 7.0498082491e-3, 1.6845044893e-3)))
  E:("Earth","⊕",( 9.7220000000e23,( 1.3391023158e11, 6.7810254548e10),(-1.33927133072e4, 2.66121830430e4)))
  M:("Moon ","☾",( 7.3476730900e22,( 1.3376206984e11, 6.8633751059e10),(-1.36421108928e4, 2.67577568649e4)))
  8:("Ap8CM","8",( 5.80900000000e3,( 1.3395080535e11, 6.7816707632e10),(-1.39966981038e4, 2.78556389909e4)))
18.98user 1.39system 0:20.38elapsed 99%CPU (0avgtext+0avgdata 2838528maxresident)k
224inputs+16296outputs (0major+235716minor)pagefaults 0swaps
