OPT=-O3
OPT1: 3; OPT2: 6; 
System:((Sun  ,Earth,Moon ,Ap8CM),Apollo 8,-3.23537400000e7,)
Initial position::
  S:("Sun  ","☉",( 1.9891000000e30,( 0.00000000000e0, 0.00000000000e0),( 0.00000000000e0, 0.00000000000e0)))
  E:("Earth","⊕",( 9.7220000000e23,( 1.5000000000e11, 0.00000000000e0),( 0.00000000000e0, 2.97866078294e4)))
  M:("Moon ","☾",( 7.3476730900e22,( 1.5038500000e11, 0.00000000000e0),( 0.00000000000e0, 3.03571562823e4)))
  8:("Ap8CM","8",( 5.80900000000e3,( 1.5000656275e11, 0.00000000000e0),( 0.00000000000e0, 3.29307012406e4)))
Parameter: step size =  2.778e-4; hours
Parameter: report period =  1.0000e0; hours
Parameter: mission stop time =  2.4000e1; hours
IVP Order-2: solar system:
  t interval: [ 0.0000e0 …  8.6400e4]
  y₀ = ( 0.0000e0, 0.0000e0, 1.500e11, 0.0000e0, 1.504e11, 0.0000e0, 1.500e11, 0.0000e0)
  dy₀/dt = ( 0.0000e0, 0.0000e0, 0.0000e0, 2.9787e4, 0.0000e0, 3.0357e4, 0.0000e0, 3.2931e4)
  y₀ = ( 0.0000e0, 0.0000e0, 1.500e11, 0.0000e0, 1.504e11, 0.0000e0, 1.500e11, 0.0000e0)
  dy₀/dt = ( 0.0000e0, 0.0000e0, 0.0000e0, 2.9787e4, 0.0000e0, 3.0357e4, 0.0000e0, 3.2931e4)
  d²y₀/dt² = ( 3.100e-9, 0.0000e0,-5.866e-3, 0.0000e0,-6.307e-3, 0.0000e0,-1.5121e0, 0.0000e0)


Reference point: Earth
Initial momentum:( 0.0000e0, 3.119e28), Initial energy: 4.651e32
IVP order-1: adams bashforth
  t interval: [ 0.0000e0 …  8.6400e4]
  y₀ = ( 0.0000e0, 0.0000e0, 1.500e11, 0.0000e0, 1.504e11, 0.0000e0, 1.500e11, 0.0000e0, 0.0000e0, 0.0000e0, 0.0000e0, 2.9787e4, 0.0000e0, 3.0357e4, 0.0000e0, 3.2931e4)
  dy₀/dt = ( 0.0000e0, 0.0000e0, 0.0000e0, 2.9787e4, 0.0000e0, 3.0357e4, 0.0000e0, 3.2931e4, 3.100e-9, 0.0000e0,-5.866e-3, 0.0000e0,-6.307e-3, 0.0000e0,-1.5121e0, 0.0000e0)


Time: 0.00000000000e0(hours), Distance to sun: 1.50000000000e8(km), Energy: 0.00000000000e0(PPJ), Momentum( 0.0000e0, 0.0000e0)Pgm/s
Sun  loc:(-1.5000e8, 0.0000e0)km; rv:( 0.0000e0, 0.0000e0)kph; av:( 0.0000e0,-3.8603e5)kph; os: 0.0000e0kph; or: 0.0000e0km; 
Earthloc:( 0.0000e0, 0.0000e0)km; rv:( 0.0000e0, 1.0723e5)kph; av:( 0.0000e0, 0.0000e0)kph; os: 1.0723e5kph; or: 1.5000e8km; 
Moon loc:( 3.8500e5, 0.0000e0)km; rv:( 0.0000e0, 2.0540e3)kph; av:( 0.0000e0, 7.3943e3)kph; os: 2.0540e3kph; or: 3.8500e5km; 
Ap8CMloc:( 6.5628e3, 0.0000e0)km; rv:( 0.0000e0, 1.1319e4)kph; av:( 0.0000e0, 4.0747e4)kph; os: 1.1319e4kph; or: 6.5628e3km; 
Time: 1.00000000000e0(hours), Distance to sun: 1.50000000316e8(km), Energy:-1.3982180207e-6(PPJ), Momentum(-2.703e-3, 1.7592e1)Pgm/s
Sun  loc:(-1.5000e8,-1.0723e5)km; rv:( 0.0000e0, 0.0000e0)kph; av:( 2.7369e2,-3.8603e5)kph; os: 0.0000e0kph; or: 0.0000e0km; 
Earthloc:( 0.0000e0, 0.0000e0)km; rv:(-7.6025e1, 1.0723e5)kph; av:( 0.0000e0, 0.0000e0)kph; os: 1.0723e5kph; or: 1.5000e8km; 
Moon loc:( 3.8500e5, 2.0540e3)km; rv:(-5.7100e0, 2.0540e3)kph; av:(-2.0556e1, 7.3942e3)kph; os: 2.0540e3kph; or: 3.8500e5km; 
Ap8CMloc:(-1.0060e3, 6.4852e3)km; rv:(-1.1185e4,-1.7351e3)kph; av:(-4.0266e4,-6.2462e3)kph; os: 1.1319e4kph; or: 6.5628e3km; 
Time: 2.00000000000e0(hours), Distance to sun: 1.50000001265e8(km), Energy:-5.5929157496e-6(PPJ), Momentum(-2.083e-1,-1.7592e1)Pgm/s
Sun  loc:(-1.5000e8,-2.1446e5)km; rv:( 0.0000e0, 0.0000e0)kph; av:( 5.4738e2,-3.8603e5)kph; os: 0.0000e0kph; or: 0.0000e0km; 
Earthloc:( 0.0000e0, 0.0000e0)km; rv:(-1.5205e2, 1.0723e5)kph; av:( 0.0000e0, 0.0000e0)kph; os: 1.0723e5kph; or: 1.5000e8km; 
Moon loc:( 3.8499e5, 4.1079e3)km; rv:(-1.1420e1, 2.0539e3)kph; av:(-4.1111e1, 7.3941e3)kph; os: 2.0539e3kph; or: 3.8501e5km; 
Ap8CMloc:(-6.2543e3,-1.9882e3)km; rv:( 3.4291e3,-1.0787e4)kph; av:( 1.2345e4,-3.8833e4)kph; os: 1.1319e4kph; or: 6.5627e3km; 
Time: 3.00000000000e0(hours), Distance to sun: 1.50000002846e8(km), Energy:-1.2584032370e-5(PPJ), Momentum(-6.303e-1,-4.3980e0)Pgm/s
Sun  loc:(-1.5000e8,-3.2170e5)km; rv:( 0.0000e0, 0.0000e0)kph; av:( 8.2107e2,-3.8603e5)kph; os: 0.0000e0kph; or: 0.0000e0km; 
Earthloc:( 0.0000e0, 0.0000e0)km; rv:(-2.2808e2, 1.0723e5)kph; av:( 0.0000e0, 0.0000e0)kph; os: 1.0723e5kph; or: 1.5000e8km; 
Moon loc:( 3.8497e5, 6.1618e3)km; rv:(-1.7129e1, 2.0538e3)kph; av:(-6.1663e1, 7.3938e3)kph; os: 2.0539e3kph; or: 3.8502e5km; 
Ap8CMloc:( 2.9235e3,-5.8756e3)km; rv:( 1.0134e4, 5.0421e3)kph; av:( 3.6481e4, 1.8152e4)kph; os: 1.1319e4kph; or: 6.5628e3km; 
Time: 4.00000000000e0(hours), Distance to sun: 1.50000005059e8(km), Energy:-2.2371500941e-5(PPJ), Momentum(-2.459e-1, 1.7592e1)Pgm/s
Sun  loc:(-1.5000e8,-4.2893e5)km; rv:( 0.0000e0, 0.0000e0)kph; av:( 1.0948e3,-3.8603e5)kph; os: 0.0000e0kph; or: 0.0000e0km; 
Earthloc:( 0.0000e0, 0.0000e0)km; rv:(-3.0410e2, 1.0723e5)kph; av:( 0.0000e0, 0.0000e0)kph; os: 1.0723e5kph; or: 1.5000e8km; 
Moon loc:( 3.8495e5, 8.2155e3)km; rv:(-2.2837e1, 2.0537e3)kph; av:(-8.2212e1, 7.3934e3)kph; os: 2.0538e3kph; or: 3.8504e5km; 
Ap8CMloc:( 5.3580e3, 3.7896e3)km; rv:(-6.5359e3, 9.2410e3)kph; av:(-2.3529e4, 3.3268e4)kph; os: 1.1319e4kph; or: 6.5628e3km; 
Time: 5.00000000000e0(hours), Distance to sun: 1.50000007904e8(km), Energy:-3.4955228507e-5(PPJ), Momentum(-6.228e-1, 2.1990e1)Pgm/s
Sun  loc:(-1.5000e8,-5.3616e5)km; rv:( 0.0000e0, 0.0000e0)kph; av:( 1.3685e3,-3.8603e5)kph; os: 0.0000e0kph; or: 0.0000e0km; 
Earthloc:( 0.0000e0, 0.0000e0)km; rv:(-3.8013e2, 1.0723e5)kph; av:( 0.0000e0, 0.0000e0)kph; os: 1.0723e5kph; or: 1.5000e8km; 
Moon loc:( 3.8493e5, 1.0269e4)km; rv:(-2.8543e1, 2.0536e3)kph; av:(-1.0276e2, 7.3928e3)kph; os: 2.0538e3kph; or: 3.8507e5km; 
Ap8CMloc:(-4.5661e3, 4.7138e3)km; rv:(-8.1299e3,-7.8752e3)kph; av:(-2.9268e4,-2.8351e4)kph; os: 1.1319e4kph; or: 6.5627e3km; 
Time: 6.00000000000e0(hours), Distance to sun: 1.50000011382e8(km), Energy:-5.0335093509e-5(PPJ), Momentum(-2.706e-1, 3.0786e1)Pgm/s
Sun  loc:(-1.5000e8,-6.4339e5)km; rv:( 0.0000e0, 0.0000e0)kph; av:( 1.6421e3,-3.8603e5)kph; os: 0.0000e0kph; or: 0.0000e0km; 
Earthloc:( 0.0000e0, 0.0000e0)km; rv:(-4.5615e2, 1.0723e5)kph; av:( 0.0000e0, 0.0000e0)kph; os: 1.0723e5kph; or: 1.5000e8km; 
Moon loc:( 3.8490e5, 1.2323e4)km; rv:(-3.4248e1, 2.0534e3)kph; av:(-1.2329e2, 7.3922e3)kph; os: 2.0537e3kph; or: 3.8509e5km; 
Ap8CMloc:(-3.9581e3,-5.2348e3)km; rv:( 9.0284e3,-6.8266e3)kph; av:( 3.2502e4,-2.4576e4)kph; os: 1.1319e4kph; or: 6.5627e3km; 
Time: 7.00000000000e0(hours), Distance to sun: 1.50000015491e8(km), Energy:-6.8510947794e-5(PPJ), Momentum(-5.669e-1, 4.3980e1)Pgm/s
Sun  loc:(-1.5000e8,-7.5062e5)km; rv:( 0.0000e0, 0.0000e0)kph; av:( 1.9158e3,-3.8603e5)kph; os: 0.0000e0kph; or: 0.0000e0km; 
Earthloc:( 0.0000e0, 0.0000e0)km; rv:(-5.3218e2, 1.0723e5)kph; av:( 0.0000e0, 0.0000e0)kph; os: 1.0723e5kph; or: 1.5000e8km; 
Moon loc:( 3.8486e5, 1.4376e4)km; rv:(-3.9951e1, 2.0532e3)kph; av:(-1.4382e2, 7.3914e3)kph; os: 2.0536e3kph; or: 3.8513e5km; 
Ap8CMloc:( 5.7797e3,-3.1089e3)km; rv:( 5.3619e3, 9.9681e3)kph; av:( 1.9303e4, 3.5885e4)kph; os: 1.1319e4kph; or: 6.5628e3km; 
Time: 8.00000000000e0(hours), Distance to sun: 1.50000020233e8(km), Energy:-8.9482617273e-5(PPJ), Momentum(-1.3358e0, 5.7175e1)Pgm/s
Sun  loc:(-1.5000e8,-8.5785e5)km; rv:( 0.0000e0, 0.0000e0)kph; av:( 2.1895e3,-3.8603e5)kph; os: 0.0000e0kph; or: 0.0000e0km; 
Earthloc:( 0.0000e0, 0.0000e0)km; rv:(-6.0820e2, 1.0723e5)kph; av:( 0.0000e0, 0.0000e0)kph; os: 1.0723e5kph; or: 1.5000e8km; 
Moon loc:( 3.8482e5, 1.6429e4)km; rv:(-4.5652e1, 2.0529e3)kph; av:(-1.6435e2, 7.3905e3)kph; os: 2.0534e3kph; or: 3.8517e5km; 
Ap8CMloc:( 2.1862e3, 6.1879e3)km; rv:(-1.0672e4, 3.7705e3)kph; av:(-3.8420e4, 1.3574e4)kph; os: 1.1319e4kph; or: 6.5628e3km; 
Time: 9.00000000000e0(hours), Distance to sun: 1.50000025606e8(km), Energy:-1.1324990177e-4(PPJ), Momentum( 3.135e-1, 3.0786e1)Pgm/s
Sun  loc:(-1.5000e8,-9.6508e5)km; rv:( 0.0000e0, 0.0000e0)kph; av:( 2.4632e3,-3.8603e5)kph; os: 0.0000e0kph; or: 0.0000e0km; 
Earthloc:( 0.0000e0, 0.0000e0)km; rv:(-6.8423e2, 1.0723e5)kph; av:( 0.0000e0, 0.0000e0)kph; os: 1.0723e5kph; or: 1.5000e8km; 
Moon loc:( 3.8477e5, 1.8482e4)km; rv:(-5.1349e1, 2.0526e3)kph; av:(-1.8486e2, 7.3895e3)kph; os: 2.0533e3kph; or: 3.8521e5km; 
Ap8CMloc:(-6.4499e3, 1.2118e3)km; rv:(-2.0900e3,-1.1124e4)kph; av:(-7.5240e3,-4.0047e4)kph; os: 1.1319e4kph; or: 6.5627e3km; 
Time: 1.00000000000e1(hours), Distance to sun: 1.50000031611e8(km), Energy:-1.3981257192e-4(PPJ), Momentum( 2.0144e0, 2.6388e1)Pgm/s
Sun  loc:(-1.5000e8,-1.0723e6)km; rv:( 0.0000e0, 0.0000e0)kph; av:( 2.7369e3,-3.8603e5)kph; os: 0.0000e0kph; or: 0.0000e0km; 
Earthloc:( 0.0000e0, 0.0000e0)km; rv:(-7.6025e2, 1.0723e5)kph; av:( 0.0000e0, 0.0000e0)kph; os: 1.0723e5kph; or: 1.5000e8km; 
Moon loc:( 3.8471e5, 2.0534e4)km; rv:(-5.7044e1, 2.0523e3)kph; av:(-2.0536e2, 7.3883e3)kph; os: 2.0531e3kph; or: 3.8526e5km; 
Ap8CMloc:(-2.0876e2,-6.5594e3)km; rv:( 1.1313e4,-3.6005e2)kph; av:( 4.0727e4,-1.2962e3)kph; os: 1.1319e4kph; or: 6.5628e3km; 
Time: 1.10000000000e1(hours), Distance to sun: 1.50000038247e8(km), Energy:-1.6917037351e-4(PPJ), Momentum( 1.6772e0, 3.0786e1)Pgm/s
Sun  loc:(-1.5000e8,-1.1795e6)km; rv:( 0.0000e0, 0.0000e0)kph; av:( 3.0106e3,-3.8602e5)kph; os: 0.0000e0kph; or: 0.0000e0km; 
Earthloc:( 0.0000e0, 0.0000e0)km; rv:(-8.3628e2, 1.0723e5)kph; av:( 0.0000e0, 0.0000e0)kph; os: 1.0723e5kph; or: 1.5000e8km; 
Moon loc:( 3.8465e5, 2.2586e4)km; rv:(-6.2736e1, 2.0520e3)kph; av:(-2.2585e2, 7.3871e3)kph; os: 2.0529e3kph; or: 3.8532e5km; 
Ap8CMloc:( 6.5139e3, 7.9920e2)km; rv:(-1.3784e3, 1.1234e4)kph; av:(-4.9622e3, 4.0444e4)kph; os: 1.1319e4kph; or: 6.5628e3km; 
Time: 1.20000000000e1(hours), Distance to sun: 1.50000045515e8(km), Energy:-2.0132302574e-4(PPJ), Momentum( 3.3973e0, 5.2777e1)Pgm/s
Sun  loc:(-1.4999e8,-1.2868e6)km; rv:( 0.0000e0, 0.0000e0)kph; av:( 3.2843e3,-3.8602e5)kph; os: 0.0000e0kph; or: 0.0000e0km; 
Earthloc:( 0.0000e0, 0.0000e0)km; rv:(-9.1230e2, 1.0723e5)kph; av:( 0.0000e0, 0.0000e0)kph; os: 1.0723e5kph; or: 1.5000e8km; 
Moon loc:( 3.8459e5, 2.4638e4)km; rv:(-6.8423e1, 2.0516e3)kph; av:(-2.4632e2, 7.3857e3)kph; os: 2.0527e3kph; or: 3.8538e5km; 
Ap8CMloc:(-1.7883e3, 6.3144e3)km; rv:(-1.0890e4,-3.0842e3)kph; av:(-3.9205e4,-1.1103e4)kph; os: 1.1319e4kph; or: 6.5628e3km; 
Time: 1.30000000000e1(hours), Distance to sun: 1.50000053413e8(km), Energy:-2.3627022061e-4(PPJ), Momentum( 1.7910e0, 1.2754e2)Pgm/s
Sun  loc:(-1.4999e8,-1.3940e6)km; rv:( 0.0000e0, 0.0000e0)kph; av:( 3.5580e3,-3.8602e5)kph; os: 0.0000e0kph; or: 0.0000e0km; 
Earthloc:( 0.0000e0, 0.0000e0)km; rv:(-9.8832e2, 1.0723e5)kph; av:( 0.0000e0, 0.0000e0)kph; os: 1.0723e5kph; or: 1.5000e8km; 
Moon loc:( 3.8452e5, 2.6690e4)km; rv:(-7.4107e1, 2.0512e3)kph; av:(-2.6679e2, 7.3842e3)kph; os: 2.0525e3kph; or: 3.8544e5km; 
Ap8CMloc:(-5.9656e3,-2.7351e3)km; rv:( 4.7172e3,-1.0289e4)kph; av:( 1.6982e4,-3.7040e4)kph; os: 1.1319e4kph; or: 6.5627e3km; 
Time: 1.40000000000e1(hours), Distance to sun: 1.50000061943e8(km), Energy:-2.7401162935e-4(PPJ), Momentum(-7.387e-1, 1.0995e2)Pgm/s
Sun  loc:(-1.4999e8,-1.5012e6)km; rv:( 0.0000e0, 0.0000e0)kph; av:( 3.8317e3,-3.8602e5)kph; os: 0.0000e0kph; or: 0.0000e0km; 
Earthloc:( 0.0000e0, 0.0000e0)km; rv:(-1.0643e3, 1.0723e5)kph; av:( 0.0000e0, 0.0000e0)kph; os: 1.0723e5kph; or: 1.5000e8km; 
Moon loc:( 3.8444e5, 2.8740e4)km; rv:(-7.9787e1, 2.0507e3)kph; av:(-2.8723e2, 7.3826e3)kph; os: 2.0523e3kph; or: 3.8551e5km; 
Ap8CMloc:( 3.6172e3,-5.4759e3)km; rv:( 9.4442e3, 6.2386e3)kph; av:( 3.3999e4, 2.2459e4)kph; os: 1.1319e4kph; or: 6.5628e3km; 
Time: 1.50000000000e1(hours), Distance to sun: 1.50000071103e8(km), Energy:-3.1454688942e-4(PPJ), Momentum(-1.675e-1, 9.6757e1)Pgm/s
Sun  loc:(-1.4999e8,-1.6084e6)km; rv:( 0.0000e0, 0.0000e0)kph; av:( 4.1053e3,-3.8601e5)kph; os: 0.0000e0kph; or: 0.0000e0km; 
Earthloc:( 0.0000e0, 0.0000e0)km; rv:(-1.1404e3, 1.0723e5)kph; av:( 0.0000e0, 0.0000e0)kph; os: 1.0723e5kph; or: 1.5000e8km; 
Moon loc:( 3.8436e5, 3.0791e4)km; rv:(-8.5461e1, 2.0503e3)kph; av:(-3.0766e2, 7.3809e3)kph; os: 2.0520e3kph; or: 3.8559e5km; 
Ap8CMloc:( 4.8567e3, 4.4139e3)km; rv:(-7.6126e3, 8.3763e3)kph; av:(-2.7405e4, 3.0155e4)kph; os: 1.1319e4kph; or: 6.5628e3km; 
Time: 1.60000000000e1(hours), Distance to sun: 1.50000080893e8(km), Energy:-3.5787561568e-4(PPJ), Momentum( 2.577e-1, 1.0116e2)Pgm/s
Sun  loc:(-1.4999e8,-1.7157e6)km; rv:( 0.0000e0, 0.0000e0)kph; av:( 4.3790e3,-3.8601e5)kph; os: 0.0000e0kph; or: 0.0000e0km; 
Earthloc:( 0.0000e0, 0.0000e0)km; rv:(-1.2164e3, 1.0723e5)kph; av:( 0.0000e0, 0.0000e0)kph; os: 1.0723e5kph; or: 1.5000e8km; 
Moon loc:( 3.8427e5, 3.2841e4)km; rv:(-9.1131e1, 2.0497e3)kph; av:(-3.2807e2, 7.3791e3)kph; os: 2.0518e3kph; or: 3.8567e5km; 
Ap8CMloc:(-5.1062e3, 4.1227e3)km; rv:(-7.1103e3,-8.8067e3)kph; av:(-2.5597e4,-3.1704e4)kph; os: 1.1319e4kph; or: 6.5627e3km; 
Time: 1.70000000000e1(hours), Distance to sun: 1.50000091314e8(km), Energy:-4.0399739725e-4(PPJ), Momentum(-6.871e-2, 9.2359e1)Pgm/s
Sun  loc:(-1.4999e8,-1.8229e6)km; rv:( 0.0000e0, 0.0000e0)kph; av:( 4.6527e3,-3.8601e5)kph; os: 0.0000e0kph; or: 0.0000e0km; 
Earthloc:( 0.0000e0, 0.0000e0)km; rv:(-1.2924e3, 1.0722e5)kph; av:( 0.0000e0, 0.0000e0)kph; os: 1.0723e5kph; or: 1.5000e8km; 
Moon loc:( 3.8418e5, 3.4890e4)km; rv:(-9.6795e1, 2.0492e3)kph; av:(-3.4846e2, 7.3771e3)kph; os: 2.0515e3kph; or: 3.8576e5km; 
Ap8CMloc:(-3.2912e3,-5.6778e3)km; rv:( 9.7925e3,-5.6763e3)kph; av:( 3.5253e4,-2.0435e4)kph; os: 1.1319e4kph; or: 6.5627e3km; 
Time: 1.80000000000e1(hours), Distance to sun: 1.50000102364e8(km), Energy:-4.5291179704e-4(PPJ), Momentum(-1.417e-1, 1.1435e2)Pgm/s
Sun  loc:(-1.4999e8,-1.9301e6)km; rv:( 0.0000e0, 0.0000e0)kph; av:( 4.9264e3,-3.8600e5)kph; os: 0.0000e0kph; or: 0.0000e0km; 
Earthloc:( 0.0000e0, 0.0000e0)km; rv:(-1.3684e3, 1.0722e5)kph; av:( 0.0000e0, 0.0000e0)kph; os: 1.0723e5kph; or: 1.5000e8km; 
Moon loc:( 3.8408e5, 3.6939e4)km; rv:(-1.0245e2, 2.0486e3)kph; av:(-3.6883e2, 7.3750e3)kph; os: 2.0512e3kph; or: 3.8585e5km; 
Ap8CMloc:( 6.1152e3,-2.3819e3)km; rv:( 4.1081e3, 1.0547e4)kph; av:( 1.4789e4, 3.7969e4)kph; os: 1.1319e4kph; or: 6.5628e3km; 
Time: 1.90000000000e1(hours), Distance to sun: 1.50000114043e8(km), Energy:-5.0461835272e-4(PPJ), Momentum(-1.1640e0, 1.5393e2)Pgm/s
Sun  loc:(-1.4999e8,-2.0373e6)km; rv:( 0.0000e0, 0.0000e0)kph; av:( 5.2001e3,-3.8600e5)kph; os: 0.0000e0kph; or: 0.0000e0km; 
Earthloc:( 0.0000e0, 0.0000e0)km; rv:(-1.4445e3, 1.0722e5)kph; av:( 0.0000e0, 0.0000e0)kph; os: 1.0723e5kph; or: 1.5000e8km; 
Moon loc:( 3.8397e5, 3.8988e4)km; rv:(-1.0811e2, 2.0480e3)kph; av:(-3.8918e2, 7.3728e3)kph; os: 2.0509e3kph; or: 3.8595e5km; 
Ap8CMloc:( 1.4164e3, 6.4081e3)km; rv:(-1.1052e4, 2.4428e3)kph; av:(-3.9787e4, 8.7941e3)kph; os: 1.1319e4kph; or: 6.5628e3km; 
Time: 2.00000000000e1(hours), Distance to sun: 1.50000126352e8(km), Energy:-5.5911657899e-4(PPJ), Momentum(-8.594e-3, 1.4074e2)Pgm/s
Sun  loc:(-1.4998e8,-2.1446e6)km; rv:( 0.0000e0, 0.0000e0)kph; av:( 5.4737e3,-3.8600e5)kph; os: 0.0000e0kph; or: 0.0000e0km; 
Earthloc:( 0.0000e0, 0.0000e0)km; rv:(-1.5205e3, 1.0722e5)kph; av:( 0.0000e0, 0.0000e0)kph; os: 1.0723e5kph; or: 1.5000e8km; 
Moon loc:( 3.8386e5, 4.1035e4)km; rv:(-1.1375e2, 2.0474e3)kph; av:(-4.0951e2, 7.3705e3)kph; os: 2.0505e3kph; or: 3.8605e5km; 
Ap8CMloc:(-6.5495e3, 4.1733e2)km; rv:(-7.1976e2,-1.1296e4)kph; av:(-2.5912e3,-4.0665e4)kph; os: 1.1319e4kph; or: 6.5627e3km; 
Time: 2.10000000000e1(hours), Distance to sun: 1.50000139289e8(km), Energy:-6.1640596206e-4(PPJ), Momentum( 1.6665e0, 1.1875e2)Pgm/s
Sun  loc:(-1.4998e8,-2.2518e6)km; rv:( 0.0000e0, 0.0000e0)kph; av:( 5.7474e3,-3.8599e5)kph; os: 0.0000e0kph; or: 0.0000e0km; 
Earthloc:( 0.0000e0, 0.0000e0)km; rv:(-1.5965e3, 1.0722e5)kph; av:( 0.0000e0, 0.0000e0)kph; os: 1.0723e5kph; or: 1.5000e8km; 
Moon loc:( 3.8374e5, 4.3082e4)km; rv:(-1.1939e2, 2.0467e3)kph; av:(-4.2981e2, 7.3681e3)kph; os: 2.0502e3kph; or: 3.8615e5km; 
Ap8CMloc:( 5.9159e2,-6.5360e3)km; rv:( 1.1273e4, 1.0203e3)kph; av:( 4.0582e4, 3.6731e3)kph; os: 1.1319e4kph; or: 6.5628e3km; 
Time: 2.20000000000e1(hours), Distance to sun: 1.50000152855e8(km), Energy:-6.7648596469e-4(PPJ), Momentum( 1.0995e0, 7.9165e1)Pgm/s
Sun  loc:(-1.4998e8,-2.3590e6)km; rv:( 0.0000e0, 0.0000e0)kph; av:( 6.0211e3,-3.8599e5)kph; os: 0.0000e0kph; or: 0.0000e0km; 
Earthloc:( 0.0000e0, 0.0000e0)km; rv:(-1.6725e3, 1.0722e5)kph; av:( 0.0000e0, 0.0000e0)kph; os: 1.0723e5kph; or: 1.5000e8km; 
Moon loc:( 3.8362e5, 4.5129e4)km; rv:(-1.2502e2, 2.0460e3)kph; av:(-4.5009e2, 7.3656e3)kph; os: 2.0498e3kph; or: 3.8627e5km; 
Ap8CMloc:( 6.3681e3, 1.5865e3)km; rv:(-2.7362e3, 1.0983e4)kph; av:(-9.8505e3, 3.9539e4)kph; os: 1.1319e4kph; or: 6.5628e3km; 
Time: 2.30000000000e1(hours), Distance to sun: 1.50000167048e8(km), Energy:-7.3935602267e-4(PPJ), Momentum( 5.7552e0, 8.3563e1)Pgm/s
Sun  loc:(-1.4998e8,-2.4662e6)km; rv:( 0.0000e0, 0.0000e0)kph; av:( 6.2948e3,-3.8598e5)kph; os: 0.0000e0kph; or: 0.0000e0km; 
Earthloc:( 0.0000e0, 0.0000e0)km; rv:(-1.7486e3, 1.0722e5)kph; av:( 0.0000e0, 0.0000e0)kph; os: 1.0723e5kph; or: 1.5000e8km; 
Moon loc:( 3.8349e5, 4.7174e4)km; rv:(-1.3065e2, 2.0453e3)kph; av:(-4.7034e2, 7.3629e3)kph; os: 2.0494e3kph; or: 3.8638e5km; 
Ap8CMloc:(-2.5439e3, 6.0496e3)km; rv:(-1.0434e4,-4.3875e3)kph; av:(-3.7562e4,-1.5795e4)kph; os: 1.1319e4kph; or: 6.5628e3km; 
Time: 2.40000000000e1(hours), Distance to sun: 1.50000181870e8(km), Energy:-8.0501554576e-4(PPJ), Momentum( 4.8447e0, 2.5069e2)Pgm/s
Sun  loc:(-1.4998e8,-2.5734e6)km; rv:( 0.0000e0, 0.0000e0)kph; av:( 6.5685e3,-3.8598e5)kph; os: 0.0000e0kph; or: 0.0000e0km; 
Earthloc:( 0.0000e0, 0.0000e0)km; rv:(-1.8246e3, 1.0722e5)kph; av:( 0.0000e0, 0.0000e0)kph; os: 1.0723e5kph; or: 1.5000e8km; 
Moon loc:( 3.8336e5, 4.9219e4)km; rv:(-1.3627e2, 2.0445e3)kph; av:(-4.9056e2, 7.3601e3)kph; os: 2.0490e3kph; or: 3.8651e5km; 
Ap8CMloc:(-5.5882e3,-3.4412e3)km; rv:( 5.9351e3,-9.6379e3)kph; av:( 2.1366e4,-3.4696e4)kph; os: 1.1319e4kph; or: 6.5627e3km; 
Final position::
  S:("Sun  ","☉",( 1.9891000000e30,( 1.15708873094e1, 6.6251431624e-2),( 2.6783795486e-4, 2.3003733178e-6)))
  E:("Earth","⊕",( 9.7220000000e23,( 1.4997810493e11, 2.57344224106e9),(-5.06825105478e2, 2.97824172730e4)))
  M:("Moon ","☾",( 7.3476730900e22,( 1.5036146509e11, 2.62266150447e9),(-5.44677314442e2, 3.03503294454e4)))
  8:("Ap8CM","8",( 5.80900000000e3,( 1.4997251677e11, 2.57000102188e9),( 1.14180129591e3, 2.71052211292e4)))
27.74user 2.33system 0:30.08elapsed 99%CPU (0avgtext+0avgdata 5795840maxresident)k
0inputs+16296outputs (0major+420367minor)pagefaults 0swaps
