OPT=-O3
OPT1: 3; OPT2: 3; 
System:((Sun  ,Earth,Moon ,Ap8CM),Apollo 8,-3.23537400000e7,)
Initial position::
  S:("Sun  ","☉",( 1.9891000000e30,( 0.00000000000e0, 0.00000000000e0),( 0.00000000000e0, 0.00000000000e0)))
  E:("Earth","⊕",( 9.7220000000e23,( 1.5000000000e11, 0.00000000000e0),( 0.00000000000e0, 2.97866078294e4)))
  M:("Moon ","☾",( 7.3476730900e22,( 1.5038500000e11, 0.00000000000e0),( 0.00000000000e0, 3.03571562823e4)))
  8:("Ap8CM","8",( 5.80900000000e3,( 1.5000656275e11, 0.00000000000e0),( 0.00000000000e0, 3.29307012406e4)))
Parameter: step size =  1.389e-3; days
Parameter: report period =  1.0000e0; days
Parameter: mission stop time =  2.7322e1; days
IVP Order-2: solar system:
  t interval: [ 0.0000e0 …  2.3606e6]
  y₀ = ( 0.0000e0, 0.0000e0, 1.500e11, 0.0000e0, 1.504e11, 0.0000e0, 1.500e11, 0.0000e0)
  dy₀/dt = ( 0.0000e0, 0.0000e0, 0.0000e0, 2.9787e4, 0.0000e0, 3.0357e4, 0.0000e0, 3.2931e4)
  y₀ = ( 0.0000e0, 0.0000e0, 1.500e11, 0.0000e0, 1.504e11, 0.0000e0, 1.500e11, 0.0000e0)
  dy₀/dt = ( 0.0000e0, 0.0000e0, 0.0000e0, 2.9787e4, 0.0000e0, 3.0357e4, 0.0000e0, 3.2931e4)
  d²y₀/dt² = ( 3.100e-9, 0.0000e0,-5.866e-3, 0.0000e0,-6.307e-3, 0.0000e0,-1.5121e0, 0.0000e0)


Reference point: Earth
Initial momentum:( 0.0000e0, 3.119e28), Initial energy: 4.651e32
IVP order-1: adams bashforth
  t interval: [ 0.0000e0 …  2.3606e6]
  y₀ = ( 0.0000e0, 0.0000e0, 1.500e11, 0.0000e0, 1.504e11, 0.0000e0, 1.500e11, 0.0000e0, 0.0000e0, 0.0000e0, 0.0000e0, 2.9787e4, 0.0000e0, 3.0357e4, 0.0000e0, 3.2931e4)
  dy₀/dt = ( 0.0000e0, 0.0000e0, 0.0000e0, 2.9787e4, 0.0000e0, 3.0357e4, 0.0000e0, 3.2931e4, 3.100e-9, 0.0000e0,-5.866e-3, 0.0000e0,-6.307e-3, 0.0000e0,-1.5121e0, 0.0000e0)


Time: 0.00000000000e0(days), Distance to sun: 1.00268806633e0(AU), Energy: 0.00000000000e0(PPJ), Momentum( 0.0000e0, 0.0000e0)Pgm/s
Sun  loc:(-1.0027e0, 0.0000e0)AU; rv:( 0.0000e0, 0.0000e0)kph; av:( 0.0000e0,-3.8603e5)kph; os: 0.0000e0kph; or: 0.0000e0AU; 
Earthloc:( 0.0000e0, 0.0000e0)AU; rv:( 0.0000e0, 1.0723e5)kph; av:( 0.0000e0, 0.0000e0)kph; os: 1.0723e5kph; or: 1.0027e0AU; 
Moon loc:( 2.574e-3, 0.0000e0)AU; rv:( 0.0000e0, 2.0540e3)kph; av:( 0.0000e0, 7.3943e3)kph; os: 2.0540e3kph; or: 2.574e-3AU; 
Ap8CMloc:( 4.387e-5, 0.0000e0)AU; rv:( 0.0000e0, 1.1319e4)kph; av:( 0.0000e0, 4.0747e4)kph; os: 1.1319e4kph; or: 4.387e-5AU; 
Time: 1.00136831949e0(days), Distance to sun: 1.00268928566e0(AU), Energy:-8.0695576911e-4(PPJ), Momentum( 5.240e-1,-2.6388e1)Pgm/s
Sun  loc:(-1.0025e0,-1.723e-2)AU; rv:( 0.0000e0, 0.0000e0)kph; av:( 6.5774e3,-3.8598e5)kph; os: 0.0000e0kph; or: 0.0000e0AU; 
Earthloc:( 0.0000e0, 0.0000e0)AU; rv:(-1.8271e3, 1.0722e5)kph; av:( 0.0000e0, 0.0000e0)kph; os: 1.0723e5kph; or: 1.0027e0AU; 
Moon loc:( 2.563e-3, 3.295e-4)AU; rv:(-1.3645e2, 2.0445e3)kph; av:(-4.9123e2, 7.3600e3)kph; os: 2.0490e3kph; or: 2.584e-3AU; 
Ap8CMloc:(-4.466e-5,-1.533e-6)AU; rv:( 3.9925e2,-1.1180e4)kph; av:( 1.4373e3,-4.0248e4)kph; os: 1.1187e4kph; or: 4.469e-5AU; 
Time: 2.00134777862e0(days), Distance to sun: 1.00269291616e0(AU), Energy:-3.2198173561e-3(PPJ), Momentum(-2.233e-1,-8.7961e0)Pgm/s
Sun  loc:(-1.0021e0,-3.442e-2)AU; rv:( 0.0000e0, 0.0000e0)kph; av:( 1.3145e4,-3.8582e5)kph; os: 0.0000e0kph; or: 0.0000e0AU; 
Earthloc:( 0.0000e0, 0.0000e0)AU; rv:(-3.6514e3, 1.0717e5)kph; av:( 0.0000e0, 0.0000e0)kph; os: 1.0723e5kph; or: 1.0027e0AU; 
Moon loc:( 2.530e-3, 6.555e-4)AU; rv:(-2.6820e2, 2.0167e3)kph; av:(-9.6551e2, 7.2601e3)kph; os: 2.0344e3kph; or: 2.614e-3AU; 
Ap8CMloc:( 4.076e-5,-1.801e-5)AU; rv:( 4.5605e3, 1.0294e4)kph; av:( 1.6418e4, 3.7059e4)kph; os: 1.1259e4kph; or: 4.456e-5AU; 
Time: 3.00132723775e0(days), Distance to sun: 1.00269890133e0(AU), Energy:-7.2262507190e-3(PPJ), Momentum(-4.8276e0,-7.4767e1)Pgm/s
Sun  loc:(-1.0014e0,-5.161e-2)AU; rv:( 0.0000e0, 0.0000e0)kph; av:( 1.9711e4,-3.8554e5)kph; os: 0.0000e0kph; or: 0.0000e0AU; 
Earthloc:( 0.0000e0, 0.0000e0)AU; rv:(-5.4752e3, 1.0710e5)kph; av:( 0.0000e0, 0.0000e0)kph; os: 1.0724e5kph; or: 1.0027e0AU; 
Moon loc:( 2.477e-3, 9.757e-4)AU; rv:(-3.9151e2, 1.9727e3)kph; av:(-1.4094e3, 7.1016e3)kph; os: 2.0112e3kph; or: 2.662e-3AU; 
Ap8CMloc:(-1.292e-5, 4.343e-5)AU; rv:(-1.0656e4,-3.1449e3)kph; av:(-3.8360e4,-1.1322e4)kph; os: 1.1110e4kph; or: 4.531e-5AU; 
Time: 4.00130669688e0(days), Distance to sun: 1.00270715492e0(AU), Energy:-1.2808689508e-2(PPJ), Momentum(-7.6622e0,-1.0995e2)Pgm/s
Sun  loc:(-1.0003e0,-6.878e-2)AU; rv:( 0.0000e0, 0.0000e0)kph; av:( 2.6273e4,-3.8516e5)kph; os: 0.0000e0kph; or: 0.0000e0AU; 
Earthloc:( 0.0000e0, 0.0000e0)AU; rv:(-7.2981e3, 1.0699e5)kph; av:( 0.0000e0, 0.0000e0)kph; os: 1.0724e5kph; or: 1.0027e0AU; 
Moon loc:( 2.405e-3, 1.288e-3)AU; rv:(-5.0352e2, 1.9153e3)kph; av:(-1.8127e3, 6.8952e3)kph; os: 1.9804e3kph; or: 2.728e-3AU; 
Ap8CMloc:(-3.780e-5,-2.502e-5)AU; rv:( 6.1979e3,-9.2576e3)kph; av:( 2.2312e4,-3.3327e4)kph; os: 1.1141e4kph; or: 4.533e-5AU; 
Time: 5.00128615601e0(days), Distance to sun: 1.00271757137e0(AU), Energy:-1.9946898802e-2(PPJ), Momentum(-4.4668e0,-1.5393e2)Pgm/s
Sun  loc:(-9.990e-1,-8.594e-2)AU; rv:( 0.0000e0, 0.0000e0)kph; av:( 3.2831e4,-3.8467e5)kph; os: 0.0000e0kph; or: 0.0000e0AU; 
Earthloc:( 0.0000e0, 0.0000e0)AU; rv:(-9.1198e3, 1.0685e5)kph; av:( 0.0000e0, 0.0000e0)kph; os: 1.0724e5kph; or: 1.0027e0AU; 
Moon loc:( 2.316e-3, 1.590e-3)AU; rv:(-6.0252e2, 1.8480e3)kph; av:(-2.1691e3, 6.6527e3)kph; os: 1.9437e3kph; or: 2.809e-3AU; 
Ap8CMloc:( 2.319e-5,-3.907e-5)AU; rv:( 9.6019e3, 5.6685e3)kph; av:( 3.4567e4, 2.0407e4)kph; os: 1.1150e4kph; or: 4.544e-5AU; 
Time: 6.00126561514e0(days), Distance to sun: 1.00273003615e0(AU), Energy:-2.8620528425e-2(PPJ), Momentum(-8.0402e0,-1.8032e2)Pgm/s
Sun  loc:(-9.974e-1,-1.031e-1)AU; rv:( 0.0000e0, 0.0000e0)kph; av:( 3.9383e4,-3.8406e5)kph; os: 0.0000e0kph; or: 0.0000e0AU; 
Earthloc:( 0.0000e0, 0.0000e0)AU; rv:(-1.0940e4, 1.0668e5)kph; av:( 0.0000e0, 0.0000e0)kph; os: 1.0724e5kph; or: 1.0027e0AU; 
Moon loc:( 2.212e-3, 1.880e-3)AU; rv:(-6.8793e2, 1.7738e3)kph; av:(-2.4766e3, 6.3857e3)kph; os: 1.9025e3kph; or: 2.903e-3AU; 
Ap8CMloc:( 4.568e-5, 5.524e-6)AU; rv:(-1.2648e3, 1.0970e4)kph; av:(-4.5531e3, 3.9493e4)kph; os: 1.1043e4kph; or: 4.601e-5AU; 
Time: 7.00124507427e0(days), Distance to sun: 1.00274443457e0(AU), Energy:-3.8810883599e-2(PPJ), Momentum(-8.0746e0,-1.7592e2)Pgm/s
Sun  loc:(-9.955e-1,-1.202e-1)AU; rv:( 0.0000e0, 0.0000e0)kph; av:( 4.5926e4,-3.8335e5)kph; os: 0.0000e0kph; or: 0.0000e0AU; 
Earthloc:( 0.0000e0, 0.0000e0)AU; rv:(-1.2757e4, 1.0649e5)kph; av:( 0.0000e0, 0.0000e0)kph; os: 1.0725e5kph; or: 1.0027e0AU; 
Moon loc:( 2.096e-3, 2.159e-3)AU; rv:(-7.6006e2, 1.6957e3)kph; av:(-2.7362e3, 6.1045e3)kph; os: 1.8582e3kph; or: 3.009e-3AU; 
Ap8CMloc:( 2.817e-5, 3.695e-5)AU; rv:(-8.7122e3, 6.6605e3)kph; av:(-3.1364e4, 2.3978e4)kph; os: 1.0967e4kph; or: 4.646e-5AU; 
Time: 8.00122453340e0(days), Distance to sun: 1.00276065811e0(AU), Energy:-5.0501809589e-2(PPJ), Momentum(-1.2919e1,-1.3634e2)Pgm/s
Sun  loc:(-9.933e-1,-1.372e-1)AU; rv:( 0.0000e0, 0.0000e0)kph; av:( 5.2459e4,-3.8252e5)kph; os: 0.0000e0kph; or: 0.0000e0AU; 
Earthloc:( 0.0000e0, 0.0000e0)AU; rv:(-1.4572e4, 1.0626e5)kph; av:( 0.0000e0, 0.0000e0)kph; os: 1.0725e5kph; or: 1.0028e0AU; 
Moon loc:( 1.969e-3, 2.424e-3)AU; rv:(-8.1977e2, 1.6160e3)kph; av:(-2.9512e3, 5.8176e3)kph; os: 1.8120e3kph; or: 3.123e-3AU; 
Ap8CMloc:( 8.344e-6, 4.594e-5)AU; rv:(-1.0772e4, 1.9235e3)kph; av:(-3.8780e4, 6.9246e3)kph; os: 1.0943e4kph; or: 4.670e-5AU; 
Time: 9.00120399253e0(days), Distance to sun: 1.00277860832e0(AU), Energy:-6.3679861758e-2(PPJ), Momentum(-1.4362e1,-1.6273e2)Pgm/s
Sun  loc:(-9.908e-1,-1.543e-1)AU; rv:( 0.0000e0, 0.0000e0)kph; av:( 5.8978e4,-3.8158e5)kph; os: 0.0000e0kph; or: 0.0000e0AU; 
Earthloc:( 0.0000e0, 0.0000e0)AU; rv:(-1.6383e4, 1.0599e5)kph; av:( 0.0000e0, 0.0000e0)kph; os: 1.0725e5kph; or: 1.0028e0AU; 
Moon loc:( 1.834e-3, 2.677e-3)AU; rv:(-8.6828e2, 1.5365e3)kph; av:(-3.1258e3, 5.5313e3)kph; os: 1.7648e3kph; or: 3.245e-3AU; 
Ap8CMloc:( 8.111e-7, 4.687e-5)AU; rv:(-1.0930e4, 1.3594e2)kph; av:(-3.9348e4, 4.8939e2)kph; os: 1.0931e4kph; or: 4.687e-5AU; 
Time: 1.00011834517e1(days), Distance to sun: 1.00279819855e0(AU), Energy:-7.8334027592e-2(PPJ), Momentum(-1.6080e1,-1.8472e2)Pgm/s
Sun  loc:(-9.881e-1,-1.712e-1)AU; rv:( 0.0000e0, 0.0000e0)kph; av:( 6.5483e4,-3.8053e5)kph; os: 0.0000e0kph; or: 0.0000e0AU; 
Earthloc:( 0.0000e0, 0.0000e0)AU; rv:(-1.8190e4, 1.0570e5)kph; av:( 0.0000e0, 0.0000e0)kph; os: 1.0726e5kph; or: 1.0028e0AU; 
Moon loc:( 1.691e-3, 2.917e-3)AU; rv:(-9.0694e2, 1.4584e3)kph; av:(-3.2650e3, 5.2502e3)kph; os: 1.7174e3kph; or: 3.372e-3AU; 
Ap8CMloc:( 7.209e-6, 4.654e-5)AU; rv:(-1.0788e4, 1.6122e3)kph; av:(-3.8839e4, 5.8039e3)kph; os: 1.0908e4kph; or: 4.709e-5AU; 
Time: 1.10011629108e1(days), Distance to sun: 1.00281935420e0(AU), Energy:-9.4455239858e-2(PPJ), Momentum(-2.1166e1,-2.2430e2)Pgm/s
Sun  loc:(-9.850e-1,-1.882e-1)AU; rv:( 0.0000e0, 0.0000e0)kph; av:( 7.1970e4,-3.7936e5)kph; os: 0.0000e0kph; or: 0.0000e0AU; 
Earthloc:( 0.0000e0, 0.0000e0)AU; rv:(-1.9992e4, 1.0538e5)kph; av:( 0.0000e0, 0.0000e0)kph; os: 1.0726e5kph; or: 1.0028e0AU; 
Moon loc:( 1.543e-3, 3.145e-3)AU; rv:(-9.3707e2, 1.3826e3)kph; av:(-3.3734e3, 4.9772e3)kph; os: 1.6702e3kph; or: 3.503e-3AU; 
Ap8CMloc:( 2.589e-5, 3.968e-5)AU; rv:(-9.1319e3, 5.8959e3)kph; av:(-3.2875e4, 2.1225e4)kph; os: 1.0870e4kph; or: 4.738e-5AU; 
Time: 1.20011423699e1(days), Distance to sun: 1.00284201207e0(AU), Energy:-1.1203584500e-1(PPJ), Momentum(-2.3571e1,-2.5069e2)Pgm/s
Sun  loc:(-9.817e-1,-2.050e-1)AU; rv:( 0.0000e0, 0.0000e0)kph; av:( 7.8438e4,-3.7808e5)kph; os: 0.0000e0kph; or: 0.0000e0AU; 
Earthloc:( 0.0000e0, 0.0000e0)AU; rv:(-2.1788e4, 1.0502e5)kph; av:( 0.0000e0, 0.0000e0)kph; os: 1.0726e5kph; or: 1.0028e0AU; 
Moon loc:( 1.391e-3, 3.361e-3)AU; rv:(-9.5991e2, 1.3095e3)kph; av:(-3.4557e3, 4.7143e3)kph; os: 1.6237e3kph; or: 3.637e-3AU; 
Ap8CMloc:( 4.568e-5, 1.375e-5)AU; rv:(-3.1461e3, 1.0355e4)kph; av:(-1.1326e4, 3.7279e4)kph; os: 1.0823e4kph; or: 4.770e-5AU; 
Time: 1.30011218290e1(days), Distance to sun: 1.00286611921e0(AU), Energy:-1.3106911731e-1(PPJ), Momentum(-2.0822e1,-2.3310e2)Pgm/s
Sun  loc:(-9.780e-1,-2.219e-1)AU; rv:( 0.0000e0, 0.0000e0)kph; av:( 8.4883e4,-3.7670e5)kph; os: 0.0000e0kph; or: 0.0000e0AU; 
Earthloc:( 0.0000e0, 0.0000e0)AU; rv:(-2.3579e4, 1.0464e5)kph; av:( 0.0000e0, 0.0000e0)kph; os: 1.0726e5kph; or: 1.0029e0AU; 
Moon loc:( 1.235e-3, 3.565e-3)AU; rv:(-9.7656e2, 1.2395e3)kph; av:(-3.5156e3, 4.4623e3)kph; os: 1.5780e3kph; or: 3.773e-3AU; 
Ap8CMloc:( 3.752e-5,-2.987e-5)AU; rv:( 6.7383e3, 8.4294e3)kph; av:( 2.4258e4, 3.0346e4)kph; os: 1.0792e4kph; or: 4.795e-5AU; 
Time: 1.40011012882e1(days), Distance to sun: 1.00289163153e0(AU), Energy:-1.5154885628e-1(PPJ), Momentum(-2.5495e1,-2.2430e2)Pgm/s
Sun  loc:(-9.741e-1,-2.386e-1)AU; rv:( 0.0000e0, 0.0000e0)kph; av:( 9.1305e4,-3.7520e5)kph; os: 0.0000e0kph; or: 0.0000e0AU; 
Earthloc:( 0.0000e0, 0.0000e0)AU; rv:(-2.5362e4, 1.0422e5)kph; av:( 0.0000e0, 0.0000e0)kph; os: 1.0726e5kph; or: 1.0029e0AU; 
Moon loc:( 1.078e-3, 3.759e-3)AU; rv:(-9.8799e2, 1.1727e3)kph; av:(-3.5568e3, 4.2217e3)kph; os: 1.5334e3kph; or: 3.910e-3AU; 
Ap8CMloc:(-1.537e-5,-4.544e-5)AU; rv:( 1.0221e4,-3.5314e3)kph; av:( 3.6796e4,-1.2713e4)kph; os: 1.0814e4kph; or: 4.797e-5AU; 
Time: 1.50010807473e1(days), Distance to sun: 1.00291851247e0(AU), Energy:-1.7346907336e-1(PPJ), Momentum(-2.7419e1,-2.1990e2)Pgm/s
Sun  loc:(-9.699e-1,-2.553e-1)AU; rv:( 0.0000e0, 0.0000e0)kph; av:( 9.7700e4,-3.7358e5)kph; os: 0.0000e0kph; or: 0.0000e0AU; 
Earthloc:( 0.0000e0, 0.0000e0)AU; rv:(-2.7139e4, 1.0377e5)kph; av:( 0.0000e0, 0.0000e0)kph; os: 1.0726e5kph; or: 1.0029e0AU; 
Moon loc:( 9.187e-4, 3.942e-3)AU; rv:(-9.9502e2, 1.1090e3)kph; av:(-3.5821e3, 3.9923e3)kph; os: 1.4899e3kph; or: 4.048e-3AU; 
Ap8CMloc:(-4.640e-5, 1.160e-5)AU; rv:(-2.6761e3,-1.0536e4)kph; av:(-9.6340e3,-3.7929e4)kph; os: 1.0870e4kph; or: 4.783e-5AU; 
Time: 1.60010602064e1(days), Distance to sun: 1.00294673173e0(AU), Energy:-1.9682375890e-1(PPJ), Momentum(-3.4841e1,-1.8912e2)Pgm/s
Sun  loc:(-9.654e-1,-2.719e-1)AU; rv:( 0.0000e0, 0.0000e0)kph; av:( 1.0407e5,-3.7186e5)kph; os: 0.0000e0kph; or: 0.0000e0AU; 
Earthloc:( 0.0000e0, 0.0000e0)AU; rv:(-2.8908e4, 1.0330e5)kph; av:( 0.0000e0, 0.0000e0)kph; os: 1.0726e5kph; or: 1.0029e0AU; 
Moon loc:( 7.588e-4, 4.115e-3)AU; rv:(-9.9835e2, 1.0483e3)kph; av:(-3.5940e3, 3.7739e3)kph; os: 1.4476e3kph; or: 4.184e-3AU; 
Ap8CMloc:( 1.959e-5, 4.394e-5)AU; rv:(-9.9164e3, 4.3559e3)kph; av:(-3.5699e4, 1.5681e4)kph; os: 1.0831e4kph; or: 4.811e-5AU; 
Time: 1.70010396656e1(days), Distance to sun: 1.00297626416e0(AU), Energy:-2.2160671488e-1(PPJ), Momentum(-6.6108e1,-1.4514e2)Pgm/s
Sun  loc:(-9.606e-1,-2.884e-1)AU; rv:( 0.0000e0, 0.0000e0)kph; av:( 1.1040e5,-3.7003e5)kph; os: 0.0000e0kph; or: 0.0000e0AU; 
Earthloc:( 0.0000e0, 0.0000e0)AU; rv:(-3.0668e4, 1.0279e5)kph; av:( 0.0000e0, 0.0000e0)kph; os: 1.0726e5kph; or: 1.0030e0AU; 
Moon loc:( 5.986e-4, 4.278e-3)AU; rv:(-9.9855e2, 9.9051e2)kph; av:(-3.5948e3, 3.5658e3)kph; os: 1.4065e3kph; or: 4.320e-3AU; 
Ap8CMloc:( 3.382e-5,-3.521e-5)AU; rv:( 7.6907e3, 7.4339e3)kph; av:( 2.7687e4, 2.6762e4)kph; os: 1.0696e4kph; or: 4.882e-5AU; 
Time: 1.80010191247e1(days), Distance to sun: 1.00300708877e0(AU), Energy:-2.4781143836e-1(PPJ), Momentum(-3.2298e1,-1.5833e2)Pgm/s
Sun  loc:(-9.555e-1,-3.049e-1)AU; rv:( 0.0000e0, 0.0000e0)kph; av:( 1.1671e5,-3.6809e5)kph; os: 0.0000e0kph; or: 0.0000e0AU; 
Earthloc:( 0.0000e0, 0.0000e0)AU; rv:(-3.2419e4, 1.0225e5)kph; av:( 0.0000e0, 0.0000e0)kph; os: 1.0726e5kph; or: 1.0030e0AU; 
Moon loc:( 4.385e-4, 4.433e-3)AU; rv:(-9.9611e2, 9.3545e2)kph; av:(-3.5860e3, 3.3676e3)kph; os: 1.3665e3kph; or: 4.454e-3AU; 
Ap8CMloc:(-4.807e-5,-8.142e-6)AU; rv:( 1.7167e3,-1.0595e4)kph; av:( 6.1802e3,-3.8143e4)kph; os: 1.0734e4kph; or: 4.875e-5AU; 
Time: 1.90009985838e1(days), Distance to sun: 1.00303918795e0(AU), Energy:-2.7543104298e-1(PPJ), Momentum(-3.0374e1,-1.8032e2)Pgm/s
Sun  loc:(-9.502e-1,-3.212e-1)AU; rv:( 0.0000e0, 0.0000e0)kph; av:( 1.2298e5,-3.6604e5)kph; os: 0.0000e0kph; or: 0.0000e0AU; 
Earthloc:( 0.0000e0, 0.0000e0)AU; rv:(-3.4161e4, 1.0168e5)kph; av:( 0.0000e0, 0.0000e0)kph; os: 1.0726e5kph; or: 1.0030e0AU; 
Moon loc:( 2.791e-4, 4.579e-3)AU; rv:(-9.9142e2, 8.8295e2)kph; av:(-3.5691e3, 3.1786e3)kph; os: 1.3276e3kph; or: 4.587e-3AU; 
Ap8CMloc:( 3.102e-5, 3.744e-5)AU; rv:(-8.3300e3, 6.8492e3)kph; av:(-2.9988e4, 2.4657e4)kph; os: 1.0784e4kph; or: 4.862e-5AU; 
Time: 2.00009780430e1(days), Distance to sun: 1.00307254675e0(AU), Energy:-3.0445820784e-1(PPJ), Momentum(-4.4805e1,-2.2870e2)Pgm/s
Sun  loc:(-9.446e-1,-3.375e-1)AU; rv:( 0.0000e0, 0.0000e0)kph; av:( 1.2921e5,-3.6389e5)kph; os: 0.0000e0kph; or: 0.0000e0AU; 
Earthloc:( 0.0000e0, 0.0000e0)AU; rv:(-3.5892e4, 1.0108e5)kph; av:( 0.0000e0, 0.0000e0)kph; os: 1.0726e5kph; or: 1.0031e0AU; 
Moon loc:( 1.205e-4, 4.716e-3)AU; rv:(-9.8481e2, 8.3282e2)kph; av:(-3.5453e3, 2.9982e3)kph; os: 1.2897e3kph; or: 4.718e-3AU; 
Ap8CMloc:(-8.264e-6,-4.877e-5)AU; rv:( 1.0473e4,-1.7616e3)kph; av:( 3.7703e4,-6.3419e3)kph; os: 1.0620e4kph; or: 4.947e-5AU; 
Time: 2.10009575021e1(days), Distance to sun: 1.00310715236e0(AU), Energy:-3.3488514608e-1(PPJ), Momentum(-5.8274e1,-2.1550e2)Pgm/s
Sun  loc:(-9.387e-1,-3.537e-1)AU; rv:( 0.0000e0, 0.0000e0)kph; av:( 1.3541e5,-3.6162e5)kph; os: 0.0000e0kph; or: 0.0000e0AU; 
Earthloc:( 0.0000e0, 0.0000e0)AU; rv:(-3.7613e4, 1.0045e5)kph; av:( 0.0000e0, 0.0000e0)kph; os: 1.0726e5kph; or: 1.0031e0AU; 
Moon loc:(-3.682e-5, 4.846e-3)AU; rv:(-9.7656e2, 7.8491e2)kph; av:(-3.5156e3, 2.8257e3)kph; os: 1.2529e3kph; or: 4.846e-3AU; 
Ap8CMloc:(-7.613e-6, 4.844e-5)AU; rv:(-1.0615e4,-1.6157e3)kph; av:(-3.8213e4,-5.8167e3)kph; os: 1.0737e4kph; or: 4.903e-5AU; 
Time: 2.20009369612e1(days), Distance to sun: 1.00314299362e0(AU), Energy:-3.6670358706e-1(PPJ), Momentum(-6.1160e1,-2.1990e2)Pgm/s
Sun  loc:(-9.325e-1,-3.697e-1)AU; rv:( 0.0000e0, 0.0000e0)kph; av:( 1.4156e5,-3.5926e5)kph; os: 0.0000e0kph; or: 0.0000e0AU; 
Earthloc:( 0.0000e0, 0.0000e0)AU; rv:(-3.9323e4, 9.9793e4)kph; av:( 0.0000e0, 0.0000e0)kph; os: 1.0726e5kph; or: 1.0031e0AU; 
Moon loc:(-1.927e-4, 4.968e-3)AU; rv:(-9.6689e2, 7.3905e2)kph; av:(-3.4808e3, 2.6606e3)kph; os: 1.2170e3kph; or: 4.972e-3AU; 
Ap8CMloc:( 1.202e-5,-4.822e-5)AU; rv:( 1.0281e4, 2.6305e3)kph; av:( 3.7011e4, 9.4700e3)kph; os: 1.0612e4kph; or: 4.970e-5AU; 
Time: 2.30009164203e1(days), Distance to sun: 1.00318006065e0(AU), Energy:-3.9990476809e-1(PPJ), Momentum(-6.8170e1,-2.3310e2)Pgm/s
Sun  loc:(-9.261e-1,-3.857e-1)AU; rv:( 0.0000e0, 0.0000e0)kph; av:( 1.4768e5,-3.5678e5)kph; os: 0.0000e0kph; or: 0.0000e0AU; 
Earthloc:( 0.0000e0, 0.0000e0)AU; rv:(-4.1022e4, 9.9106e4)kph; av:( 0.0000e0, 0.0000e0)kph; os: 1.0726e5kph; or: 1.0032e0AU; 
Moon loc:(-3.470e-4, 5.083e-3)AU; rv:(-9.5598e2, 6.9509e2)kph; av:(-3.4415e3, 2.5023e3)kph; os: 1.1820e3kph; or: 5.095e-3AU; 
Ap8CMloc:(-9.110e-6, 4.867e-5)AU; rv:(-1.0503e4,-1.8903e3)kph; av:(-3.7810e4,-6.8051e3)kph; os: 1.0671e4kph; or: 4.952e-5AU; 
Time: 2.40008958795e1(days), Distance to sun: 1.00321834456e0(AU), Energy:-4.3447943245e-1(PPJ), Momentum(-7.7378e1,-2.6388e2)Pgm/s
Sun  loc:(-9.194e-1,-4.015e-1)AU; rv:( 0.0000e0, 0.0000e0)kph; av:( 1.5375e5,-3.5420e5)kph; os: 0.0000e0kph; or: 0.0000e0AU; 
Earthloc:( 0.0000e0, 0.0000e0)AU; rv:(-4.2708e4, 9.8389e4)kph; av:( 0.0000e0, 0.0000e0)kph; os: 1.0726e5kph; or: 1.0032e0AU; 
Moon loc:(-4.994e-4, 5.191e-3)AU; rv:(-9.4399e2, 6.5290e2)kph; av:(-3.3984e3, 2.3504e3)kph; os: 1.1478e3kph; or: 5.215e-3AU; 
Ap8CMloc:(-5.868e-6,-4.972e-5)AU; rv:( 1.0509e4,-1.1707e3)kph; av:( 3.7832e4,-4.2146e3)kph; os: 1.0574e4kph; or: 5.006e-5AU; 
Time: 2.50008753386e1(days), Distance to sun: 1.00325783717e0(AU), Energy:-4.7041783181e-1(PPJ), Momentum(-4.0682e1,-2.5509e2)Pgm/s
Sun  loc:(-9.124e-1,-4.173e-1)AU; rv:( 0.0000e0, 0.0000e0)kph; av:( 1.5977e5,-3.5152e5)kph; os: 0.0000e0kph; or: 0.0000e0AU; 
Earthloc:( 0.0000e0, 0.0000e0)AU; rv:(-4.4382e4, 9.7643e4)kph; av:( 0.0000e0, 0.0000e0)kph; os: 1.0726e5kph; or: 1.0033e0AU; 
Moon loc:(-6.498e-4, 5.293e-3)AU; rv:(-9.3103e2, 6.1233e2)kph; av:(-3.3517e3, 2.2044e3)kph; os: 1.1143e3kph; or: 5.333e-3AU; 
Ap8CMloc:( 2.620e-5, 4.230e-5)AU; rv:(-9.0293e3, 5.6624e3)kph; av:(-3.2506e4, 2.0385e4)kph; os: 1.0658e4kph; or: 4.976e-5AU; 
Time: 2.60008547977e1(days), Distance to sun: 1.00329853085e0(AU), Energy:-5.0770973139e-1(PPJ), Momentum(-5.8274e1,-2.8147e2)Pgm/s
Sun  loc:(-9.051e-1,-4.329e-1)AU; rv:( 0.0000e0, 0.0000e0)kph; av:( 1.6575e5,-3.4873e5)kph; os: 0.0000e0kph; or: 0.0000e0AU; 
Earthloc:( 0.0000e0, 0.0000e0)AU; rv:(-4.6042e4, 9.6869e4)kph; av:( 0.0000e0, 0.0000e0)kph; os: 1.0725e5kph; or: 1.0033e0AU; 
Moon loc:(-7.981e-4, 5.388e-3)AU; rv:(-9.1722e2, 5.7329e2)kph; av:(-3.3020e3, 2.0639e3)kph; os: 1.0816e3kph; or: 5.447e-3AU; 
Ap8CMloc:(-4.736e-5,-1.779e-5)AU; rv:( 3.7143e3,-9.8201e3)kph; av:( 1.3371e4,-3.5352e4)kph; os: 1.0499e4kph; or: 5.060e-5AU; 
Time: 2.70008342569e1(days), Distance to sun: 1.00334041830e0(AU), Energy:-5.4634441696e-1(PPJ), Momentum(-6.9132e1,-3.2546e2)Pgm/s
Sun  loc:(-8.976e-1,-4.483e-1)AU; rv:( 0.0000e0, 0.0000e0)kph; av:( 1.7168e5,-3.4584e5)kph; os: 0.0000e0kph; or: 0.0000e0AU; 
Earthloc:( 0.0000e0, 0.0000e0)AU; rv:(-4.7689e4, 9.6067e4)kph; av:( 0.0000e0, 0.0000e0)kph; os: 1.0725e5kph; or: 1.0033e0AU; 
Moon loc:(-9.441e-4, 5.477e-3)AU; rv:(-9.0263e2, 5.3567e2)kph; av:(-3.2495e3, 1.9284e3)kph; os: 1.0496e3kph; or: 5.558e-3AU; 
Ap8CMloc:( 4.485e-5,-2.213e-5)AU; rv:( 4.6845e3, 9.5552e3)kph; av:( 1.6864e4, 3.4399e4)kph; os: 1.0642e4kph; or: 5.001e-5AU; 
Final position::
  S:("Sun  ","☉",( 1.9891000000e30,( 8.47858039321e3, 1.33577651824e3),( 7.0498284048e-3, 1.6846019227e-3)))
  E:("Earth","⊕",( 9.7220000000e23,( 1.3390939687e11, 6.7809861953e10),(-1.33927523302e4, 2.66120013631e4)))
  M:("Moon ","☾",( 7.3476730900e22,( 1.3376123513e11, 6.8633262770e10),(-1.36421402034e4, 2.67575231089e4)))
  8:("Ap8CM","8",( 5.80900000000e3,( 1.3390466719e11, 6.7803945449e10),(-1.10983458456e4, 2.48042969195e4)))
19.22user 1.44system 0:20.67elapsed 99%CPU (0avgtext+0avgdata 2957312maxresident)k
0inputs+16296outputs (0major+242990minor)pagefaults 0swaps
