OPT=-O3
OPT1: 3; OPT2: 5; 
System:((Sun  ,Earth,Moon ,Ap8CM),Apollo 8,-3.23537400000e7,)
Initial position::
  S:("Sun  ","☉",( 1.9891000000e30,( 0.00000000000e0, 0.00000000000e0),( 0.00000000000e0, 0.00000000000e0)))
  E:("Earth","⊕",( 9.7220000000e23,( 1.5000000000e11, 0.00000000000e0),( 0.00000000000e0, 2.97866078294e4)))
  M:("Moon ","☾",( 7.3476730900e22,( 1.5038500000e11, 0.00000000000e0),( 0.00000000000e0, 3.03571562823e4)))
  8:("Ap8CM","8",( 5.80900000000e3,( 1.5000656275e11, 0.00000000000e0),( 0.00000000000e0, 3.29307012406e4)))
Parameter: step size =  8.333e-4; hours
Parameter: report period =  1.0000e0; hours
Parameter: mission stop time =  7.2000e1; hours
IVP Order-2: solar system:
  t interval: [ 0.0000e0 …  2.5920e5]
  y₀ = ( 0.0000e0, 0.0000e0, 1.500e11, 0.0000e0, 1.504e11, 0.0000e0, 1.500e11, 0.0000e0)
  dy₀/dt = ( 0.0000e0, 0.0000e0, 0.0000e0, 2.9787e4, 0.0000e0, 3.0357e4, 0.0000e0, 3.2931e4)
  y₀ = ( 0.0000e0, 0.0000e0, 1.500e11, 0.0000e0, 1.504e11, 0.0000e0, 1.500e11, 0.0000e0)
  dy₀/dt = ( 0.0000e0, 0.0000e0, 0.0000e0, 2.9787e4, 0.0000e0, 3.0357e4, 0.0000e0, 3.2931e4)
  d²y₀/dt² = ( 3.100e-9, 0.0000e0,-5.866e-3, 0.0000e0,-6.307e-3, 0.0000e0,-1.5121e0, 0.0000e0)


Reference point: Earth
Initial momentum:( 0.0000e0, 3.119e28), Initial energy: 4.651e32
IVP order-1: adams bashforth
  t interval: [ 0.0000e0 …  2.5920e5]
  y₀ = ( 0.0000e0, 0.0000e0, 1.500e11, 0.0000e0, 1.504e11, 0.0000e0, 1.500e11, 0.0000e0, 0.0000e0, 0.0000e0, 0.0000e0, 2.9787e4, 0.0000e0, 3.0357e4, 0.0000e0, 3.2931e4)
  dy₀/dt = ( 0.0000e0, 0.0000e0, 0.0000e0, 2.9787e4, 0.0000e0, 3.0357e4, 0.0000e0, 3.2931e4, 3.100e-9, 0.0000e0,-5.866e-3, 0.0000e0,-6.307e-3, 0.0000e0,-1.5121e0, 0.0000e0)


Time: 0.00000000000e0(hours), Distance to sun: 1.00268806633e0(AU), Energy: 0.00000000000e0(PPJ), Momentum( 0.0000e0, 0.0000e0)Pgm/s
Sun  loc:(-1.0027e0, 0.0000e0)AU; rv:( 0.0000e0, 0.0000e0)kph; av:( 0.0000e0,-3.8603e5)kph; os: 0.0000e0kph; or: 0.0000e0AU; 
Earthloc:( 0.0000e0, 0.0000e0)AU; rv:( 0.0000e0, 1.0723e5)kph; av:( 0.0000e0, 0.0000e0)kph; os: 1.0723e5kph; or: 1.0027e0AU; 
Moon loc:( 2.574e-3, 0.0000e0)AU; rv:( 0.0000e0, 2.0540e3)kph; av:( 0.0000e0, 7.3943e3)kph; os: 2.0540e3kph; or: 2.574e-3AU; 
Ap8CMloc:( 4.387e-5, 0.0000e0)AU; rv:( 0.0000e0, 1.1319e4)kph; av:( 0.0000e0, 4.0747e4)kph; os: 1.1319e4kph; or: 4.387e-5AU; 
Time: 1.00000000000e0(hours), Distance to sun: 1.00268806844e0(AU), Energy:-1.3980726085e-6(PPJ), Momentum(-1.881e-2,-2.1990e1)Pgm/s
Sun  loc:(-1.0027e0,-7.168e-4)AU; rv:( 0.0000e0, 0.0000e0)kph; av:( 2.7369e2,-3.8603e5)kph; os: 0.0000e0kph; or: 0.0000e0AU; 
Earthloc:( 0.0000e0, 0.0000e0)AU; rv:(-7.6025e1, 1.0723e5)kph; av:( 0.0000e0, 0.0000e0)kph; os: 1.0723e5kph; or: 1.0027e0AU; 
Moon loc:( 2.574e-3, 1.373e-5)AU; rv:(-5.7100e0, 2.0540e3)kph; av:(-2.0556e1, 7.3942e3)kph; os: 2.0540e3kph; or: 2.574e-3AU; 
Ap8CMloc:(-6.725e-6, 4.335e-5)AU; rv:(-1.1185e4,-1.7350e3)kph; av:(-4.0266e4,-6.2460e3)kph; os: 1.1319e4kph; or: 4.387e-5AU; 
Time: 2.00000000000e0(hours), Distance to sun: 1.00268807478e0(AU), Energy:-5.5927701212e-6(PPJ), Momentum(-1.063e-1,-3.9582e1)Pgm/s
Sun  loc:(-1.0027e0,-1.434e-3)AU; rv:( 0.0000e0, 0.0000e0)kph; av:( 5.4738e2,-3.8603e5)kph; os: 0.0000e0kph; or: 0.0000e0AU; 
Earthloc:( 0.0000e0, 0.0000e0)AU; rv:(-1.5205e2, 1.0723e5)kph; av:( 0.0000e0, 0.0000e0)kph; os: 1.0723e5kph; or: 1.0027e0AU; 
Moon loc:( 2.573e-3, 2.746e-5)AU; rv:(-1.1420e1, 2.0539e3)kph; av:(-4.1111e1, 7.3941e3)kph; os: 2.0539e3kph; or: 2.574e-3AU; 
Ap8CMloc:(-4.181e-5,-1.329e-5)AU; rv:( 3.4289e3,-1.0787e4)kph; av:( 1.2344e4,-3.8833e4)kph; os: 1.1319e4kph; or: 4.387e-5AU; 
Time: 3.00000000000e0(hours), Distance to sun: 1.00268808535e0(AU), Energy:-1.2583887318e-5(PPJ), Momentum(-3.285e-1,-4.3980e1)Pgm/s
Sun  loc:(-1.0027e0,-2.150e-3)AU; rv:( 0.0000e0, 0.0000e0)kph; av:( 8.2107e2,-3.8603e5)kph; os: 0.0000e0kph; or: 0.0000e0AU; 
Earthloc:( 0.0000e0, 0.0000e0)AU; rv:(-2.2808e2, 1.0723e5)kph; av:( 0.0000e0, 0.0000e0)kph; os: 1.0723e5kph; or: 1.0027e0AU; 
Moon loc:( 2.573e-3, 4.119e-5)AU; rv:(-1.7129e1, 2.0538e3)kph; av:(-6.1663e1, 7.3938e3)kph; os: 2.0539e3kph; or: 2.574e-3AU; 
Ap8CMloc:( 1.954e-5,-3.928e-5)AU; rv:( 1.0134e4, 5.0418e3)kph; av:( 3.6482e4, 1.8151e4)kph; os: 1.1319e4kph; or: 4.387e-5AU; 
Time: 4.00000000000e0(hours), Distance to sun: 1.00268810015e0(AU), Energy:-2.2371356610e-5(PPJ), Momentum(-2.695e-1,-5.2777e1)Pgm/s
Sun  loc:(-1.0027e0,-2.867e-3)AU; rv:( 0.0000e0, 0.0000e0)kph; av:( 1.0948e3,-3.8603e5)kph; os: 0.0000e0kph; or: 0.0000e0AU; 
Earthloc:( 0.0000e0, 0.0000e0)AU; rv:(-3.0410e2, 1.0723e5)kph; av:( 0.0000e0, 0.0000e0)kph; os: 1.0723e5kph; or: 1.0027e0AU; 
Moon loc:( 2.573e-3, 5.492e-5)AU; rv:(-2.2837e1, 2.0537e3)kph; av:(-8.2212e1, 7.3934e3)kph; os: 2.0538e3kph; or: 2.574e-3AU; 
Ap8CMloc:( 3.582e-5, 2.533e-5)AU; rv:(-6.5356e3, 9.2412e3)kph; av:(-2.3528e4, 3.3268e4)kph; os: 1.1319e4kph; or: 4.387e-5AU; 
Time: 5.00000000000e0(hours), Distance to sun: 1.00268811917e0(AU), Energy:-3.4955084248e-5(PPJ), Momentum(-2.405e-1,-4.8379e1)Pgm/s
Sun  loc:(-1.0027e0,-3.584e-3)AU; rv:( 0.0000e0, 0.0000e0)kph; av:( 1.3685e3,-3.8603e5)kph; os: 0.0000e0kph; or: 0.0000e0AU; 
Earthloc:( 0.0000e0, 0.0000e0)AU; rv:(-3.8013e2, 1.0723e5)kph; av:( 0.0000e0, 0.0000e0)kph; os: 1.0723e5kph; or: 1.0027e0AU; 
Moon loc:( 2.573e-3, 6.865e-5)AU; rv:(-2.8543e1, 2.0536e3)kph; av:(-1.0276e2, 7.3928e3)kph; os: 2.0538e3kph; or: 2.574e-3AU; 
Ap8CMloc:(-3.052e-5, 3.151e-5)AU; rv:(-8.1301e3,-7.8749e3)kph; av:(-2.9269e4,-2.8350e4)kph; os: 1.1319e4kph; or: 4.387e-5AU; 
Time: 6.00000000000e0(hours), Distance to sun: 1.00268814241e0(AU), Energy:-5.0334954798e-5(PPJ), Momentum(-2.512e-1,-2.2870e2)Pgm/s
Sun  loc:(-1.0027e0,-4.301e-3)AU; rv:( 0.0000e0, 0.0000e0)kph; av:( 1.6421e3,-3.8603e5)kph; os: 0.0000e0kph; or: 0.0000e0AU; 
Earthloc:( 0.0000e0, 0.0000e0)AU; rv:(-4.5615e2, 1.0723e5)kph; av:( 0.0000e0, 0.0000e0)kph; os: 1.0723e5kph; or: 1.0027e0AU; 
Moon loc:( 2.573e-3, 8.237e-5)AU; rv:(-3.4248e1, 2.0534e3)kph; av:(-1.2329e2, 7.3922e3)kph; os: 2.0537e3kph; or: 2.574e-3AU; 
Ap8CMloc:(-2.646e-5,-3.499e-5)AU; rv:( 9.0280e3,-6.8270e3)kph; av:( 3.2501e4,-2.4577e4)kph; os: 1.1319e4kph; or: 4.387e-5AU; 
Time: 7.00000000000e0(hours), Distance to sun: 1.00268816988e0(AU), Energy:-6.8510809155e-5(PPJ), Momentum(-1.245e-1,-2.1990e2)Pgm/s
Sun  loc:(-1.0027e0,-5.018e-3)AU; rv:( 0.0000e0, 0.0000e0)kph; av:( 1.9158e3,-3.8603e5)kph; os: 0.0000e0kph; or: 0.0000e0AU; 
Earthloc:( 0.0000e0, 0.0000e0)AU; rv:(-5.3218e2, 1.0723e5)kph; av:( 0.0000e0, 0.0000e0)kph; os: 1.0723e5kph; or: 1.0027e0AU; 
Moon loc:( 2.573e-3, 9.610e-5)AU; rv:(-3.9951e1, 2.0532e3)kph; av:(-1.4382e2, 7.3914e3)kph; os: 2.0536e3kph; or: 2.574e-3AU; 
Ap8CMloc:( 3.863e-5,-2.078e-5)AU; rv:( 5.3625e3, 9.9678e3)kph; av:( 1.9305e4, 3.5884e4)kph; os: 1.1319e4kph; or: 4.387e-5AU; 
Time: 8.00000000000e0(hours), Distance to sun: 1.00268820158e0(AU), Energy:-8.9482478418e-5(PPJ), Momentum( 1.782e-1,-1.9791e2)Pgm/s
Sun  loc:(-1.0027e0,-5.734e-3)AU; rv:( 0.0000e0, 0.0000e0)kph; av:( 2.1895e3,-3.8603e5)kph; os: 0.0000e0kph; or: 0.0000e0AU; 
Earthloc:( 0.0000e0, 0.0000e0)AU; rv:(-6.0820e2, 1.0723e5)kph; av:( 0.0000e0, 0.0000e0)kph; os: 1.0723e5kph; or: 1.0027e0AU; 
Moon loc:( 2.572e-3, 1.098e-4)AU; rv:(-4.5652e1, 2.0529e3)kph; av:(-1.6435e2, 7.3905e3)kph; os: 2.0534e3kph; or: 2.575e-3AU; 
Ap8CMloc:( 1.462e-5, 4.136e-5)AU; rv:(-1.0672e4, 3.7712e3)kph; av:(-3.8419e4, 1.3576e4)kph; os: 1.1319e4kph; or: 4.387e-5AU; 
Time: 9.00000000000e0(hours), Distance to sun: 1.00268823749e0(AU), Energy:-1.1324976212e-4(PPJ), Momentum( 2.062e-1,-1.9791e2)Pgm/s
Sun  loc:(-1.0027e0,-6.451e-3)AU; rv:( 0.0000e0, 0.0000e0)kph; av:( 2.4632e3,-3.8603e5)kph; os: 0.0000e0kph; or: 0.0000e0AU; 
Earthloc:( 0.0000e0, 0.0000e0)AU; rv:(-6.8423e2, 1.0723e5)kph; av:( 0.0000e0, 0.0000e0)kph; os: 1.0723e5kph; or: 1.0027e0AU; 
Moon loc:( 2.572e-3, 1.235e-4)AU; rv:(-5.1349e1, 2.0526e3)kph; av:(-1.8486e2, 7.3895e3)kph; os: 2.0533e3kph; or: 2.575e-3AU; 
Ap8CMloc:(-4.311e-5, 8.104e-6)AU; rv:(-2.0908e3,-1.1124e4)kph; av:(-7.5269e3,-4.0046e4)kph; os: 1.1319e4kph; or: 4.387e-5AU; 
Time: 1.00000000000e1(hours), Distance to sun: 1.00268827763e0(AU), Energy:-1.3981243170e-4(PPJ), Momentum( 2.856e-1,-1.8032e2)Pgm/s
Sun  loc:(-1.0027e0,-7.168e-3)AU; rv:( 0.0000e0, 0.0000e0)kph; av:( 2.7369e3,-3.8603e5)kph; os: 0.0000e0kph; or: 0.0000e0AU; 
Earthloc:( 0.0000e0, 0.0000e0)AU; rv:(-7.6025e2, 1.0723e5)kph; av:( 0.0000e0, 0.0000e0)kph; os: 1.0723e5kph; or: 1.0027e0AU; 
Moon loc:( 2.572e-3, 1.373e-4)AU; rv:(-5.7044e1, 2.0523e3)kph; av:(-2.0536e2, 7.3883e3)kph; os: 2.0531e3kph; or: 2.575e-3AU; 
Ap8CMloc:(-1.399e-6,-4.385e-5)AU; rv:( 1.1313e4,-3.6102e2)kph; av:( 4.0727e4,-1.2997e3)kph; os: 1.1319e4kph; or: 4.387e-5AU; 
Time: 1.10000000000e1(hours), Distance to sun: 1.00268832200e0(AU), Energy:-1.6917023336e-4(PPJ), Momentum( 6.034e-1,-1.8472e2)Pgm/s
Sun  loc:(-1.0027e0,-7.885e-3)AU; rv:( 0.0000e0, 0.0000e0)kph; av:( 3.0106e3,-3.8602e5)kph; os: 0.0000e0kph; or: 0.0000e0AU; 
Earthloc:( 0.0000e0, 0.0000e0)AU; rv:(-8.3628e2, 1.0723e5)kph; av:( 0.0000e0, 0.0000e0)kph; os: 1.0723e5kph; or: 1.0027e0AU; 
Moon loc:( 2.571e-3, 1.510e-4)AU; rv:(-6.2736e1, 2.0520e3)kph; av:(-2.2585e2, 7.3871e3)kph; os: 2.0529e3kph; or: 2.576e-3AU; 
Ap8CMloc:( 4.354e-5, 5.338e-6)AU; rv:(-1.3774e3, 1.1235e4)kph; av:(-4.9585e3, 4.0445e4)kph; os: 1.1319e4kph; or: 4.387e-5AU; 
Time: 1.20000000000e1(hours), Distance to sun: 1.00268837058e0(AU), Energy:-2.0132288616e-4(PPJ), Momentum(-1.720e-2,-1.7592e2)Pgm/s
Sun  loc:(-1.0027e0,-8.602e-3)AU; rv:( 0.0000e0, 0.0000e0)kph; av:( 3.2843e3,-3.8602e5)kph; os: 0.0000e0kph; or: 0.0000e0AU; 
Earthloc:( 0.0000e0, 0.0000e0)AU; rv:(-9.1230e2, 1.0723e5)kph; av:( 0.0000e0, 0.0000e0)kph; os: 1.0723e5kph; or: 1.0027e0AU; 
Moon loc:( 2.571e-3, 1.647e-4)AU; rv:(-6.8423e1, 2.0516e3)kph; av:(-2.4632e2, 7.3857e3)kph; os: 2.0527e3kph; or: 2.576e-3AU; 
Ap8CMloc:(-1.195e-5, 4.221e-5)AU; rv:(-1.0891e4,-3.0832e3)kph; av:(-3.9206e4,-1.1099e4)kph; os: 1.1319e4kph; or: 4.387e-5AU; 
Time: 1.30000000000e1(hours), Distance to sun: 1.00268842338e0(AU), Energy:-2.3627008176e-4(PPJ), Momentum( 7.774e-1,-1.2315e2)Pgm/s
Sun  loc:(-1.0026e0,-9.318e-3)AU; rv:( 0.0000e0, 0.0000e0)kph; av:( 3.5580e3,-3.8602e5)kph; os: 0.0000e0kph; or: 0.0000e0AU; 
Earthloc:( 0.0000e0, 0.0000e0)AU; rv:(-9.8832e2, 1.0723e5)kph; av:( 0.0000e0, 0.0000e0)kph; os: 1.0723e5kph; or: 1.0027e0AU; 
Moon loc:( 2.570e-3, 1.784e-4)AU; rv:(-7.4107e1, 2.0512e3)kph; av:(-2.6679e2, 7.3842e3)kph; os: 2.0525e3kph; or: 2.577e-3AU; 
Ap8CMloc:(-3.988e-5,-1.828e-5)AU; rv:( 4.7161e3,-1.0289e4)kph; av:( 1.6978e4,-3.7042e4)kph; os: 1.1319e4kph; or: 4.387e-5AU; 
Time: 1.40000000000e1(hours), Distance to sun: 1.00268848039e0(AU), Energy:-2.7401149021e-4(PPJ), Momentum( 1.0652e0,-1.3634e2)Pgm/s
Sun  loc:(-1.0026e0,-1.004e-2)AU; rv:( 0.0000e0, 0.0000e0)kph; av:( 3.8317e3,-3.8602e5)kph; os: 0.0000e0kph; or: 0.0000e0AU; 
Earthloc:( 0.0000e0, 0.0000e0)AU; rv:(-1.0643e3, 1.0723e5)kph; av:( 0.0000e0, 0.0000e0)kph; os: 1.0723e5kph; or: 1.0027e0AU; 
Moon loc:( 2.570e-3, 1.921e-4)AU; rv:(-7.9787e1, 2.0507e3)kph; av:(-2.8723e2, 7.3826e3)kph; os: 2.0523e3kph; or: 2.577e-3AU; 
Ap8CMloc:( 2.418e-5,-3.661e-5)AU; rv:( 9.4449e3, 6.2375e3)kph; av:( 3.4002e4, 2.2455e4)kph; os: 1.1319e4kph; or: 4.387e-5AU; 
Time: 1.50000000000e1(hours), Distance to sun: 1.00268854162e0(AU), Energy:-3.1454675006e-4(PPJ), Momentum( 1.3185e0,-1.4074e2)Pgm/s
Sun  loc:(-1.0026e0,-1.075e-2)AU; rv:( 0.0000e0, 0.0000e0)kph; av:( 4.1053e3,-3.8601e5)kph; os: 0.0000e0kph; or: 0.0000e0AU; 
Earthloc:( 0.0000e0, 0.0000e0)AU; rv:(-1.1404e3, 1.0723e5)kph; av:( 0.0000e0, 0.0000e0)kph; os: 1.0723e5kph; or: 1.0027e0AU; 
Moon loc:( 2.569e-3, 2.058e-4)AU; rv:(-8.5461e1, 2.0503e3)kph; av:(-3.0766e2, 7.3809e3)kph; os: 2.0520e3kph; or: 2.578e-3AU; 
Ap8CMloc:( 3.247e-5, 2.950e-5)AU; rv:(-7.6116e3, 8.3772e3)kph; av:(-2.7402e4, 3.0158e4)kph; os: 1.1319e4kph; or: 4.387e-5AU; 
Time: 1.60000000000e1(hours), Distance to sun: 1.00268860707e0(AU), Energy:-3.5787547466e-4(PPJ), Momentum( 1.0565e0,-8.3563e1)Pgm/s
Sun  loc:(-1.0026e0,-1.147e-2)AU; rv:( 0.0000e0, 0.0000e0)kph; av:( 4.3790e3,-3.8601e5)kph; os: 0.0000e0kph; or: 0.0000e0AU; 
Earthloc:( 0.0000e0, 0.0000e0)AU; rv:(-1.2164e3, 1.0723e5)kph; av:( 0.0000e0, 0.0000e0)kph; os: 1.0723e5kph; or: 1.0027e0AU; 
Moon loc:( 2.569e-3, 2.195e-4)AU; rv:(-9.1131e1, 2.0497e3)kph; av:(-3.2807e2, 7.3791e3)kph; os: 2.0518e3kph; or: 2.578e-3AU; 
Ap8CMloc:(-3.413e-5, 2.756e-5)AU; rv:(-7.1114e3,-8.8057e3)kph; av:(-2.5601e4,-3.1700e4)kph; os: 1.1319e4kph; or: 4.387e-5AU; 
Time: 1.70000000000e1(hours), Distance to sun: 1.00268867672e0(AU), Energy:-4.0399725617e-4(PPJ), Momentum( 1.4045e0,-8.3563e1)Pgm/s
Sun  loc:(-1.0026e0,-1.219e-2)AU; rv:( 0.0000e0, 0.0000e0)kph; av:( 4.6527e3,-3.8601e5)kph; os: 0.0000e0kph; or: 0.0000e0AU; 
Earthloc:( 0.0000e0, 0.0000e0)AU; rv:(-1.2924e3, 1.0722e5)kph; av:( 0.0000e0, 0.0000e0)kph; os: 1.0723e5kph; or: 1.0027e0AU; 
Moon loc:( 2.568e-3, 2.332e-4)AU; rv:(-9.6795e1, 2.0492e3)kph; av:(-3.4846e2, 7.3771e3)kph; os: 2.0515e3kph; or: 2.579e-3AU; 
Ap8CMloc:(-2.201e-5,-3.795e-5)AU; rv:( 9.7917e3,-5.6777e3)kph; av:( 3.5250e4,-2.0440e4)kph; os: 1.1319e4kph; or: 4.387e-5AU; 
Time: 1.80000000000e1(hours), Distance to sun: 1.00268875059e0(AU), Energy:-4.5291165653e-4(PPJ), Momentum( 9.707e-1,-8.3563e1)Pgm/s
Sun  loc:(-1.0026e0,-1.290e-2)AU; rv:( 0.0000e0, 0.0000e0)kph; av:( 4.9264e3,-3.8600e5)kph; os: 0.0000e0kph; or: 0.0000e0AU; 
Earthloc:( 0.0000e0, 0.0000e0)AU; rv:(-1.3684e3, 1.0722e5)kph; av:( 0.0000e0, 0.0000e0)kph; os: 1.0723e5kph; or: 1.0027e0AU; 
Moon loc:( 2.567e-3, 2.469e-4)AU; rv:(-1.0245e2, 2.0486e3)kph; av:(-3.6883e2, 7.3750e3)kph; os: 2.0512e3kph; or: 2.579e-3AU; 
Ap8CMloc:( 4.088e-5,-1.593e-5)AU; rv:( 4.1097e3, 1.0546e4)kph; av:( 1.4795e4, 3.7967e4)kph; os: 1.1319e4kph; or: 4.387e-5AU; 
Time: 1.90000000000e1(hours), Distance to sun: 1.00268882866e0(AU), Energy:-5.0461821264e-4(PPJ), Momentum(-4.596e-1,-5.7175e1)Pgm/s
Sun  loc:(-1.0026e0,-1.362e-2)AU; rv:( 0.0000e0, 0.0000e0)kph; av:( 5.2001e3,-3.8600e5)kph; os: 0.0000e0kph; or: 0.0000e0AU; 
Earthloc:( 0.0000e0, 0.0000e0)AU; rv:(-1.4445e3, 1.0722e5)kph; av:( 0.0000e0, 0.0000e0)kph; os: 1.0723e5kph; or: 1.0027e0AU; 
Moon loc:( 2.567e-3, 2.606e-4)AU; rv:(-1.0811e2, 2.0480e3)kph; av:(-3.8918e2, 7.3728e3)kph; os: 2.0509e3kph; or: 2.580e-3AU; 
Ap8CMloc:( 9.474e-6, 4.283e-5)AU; rv:(-1.1052e4, 2.4445e3)kph; av:(-3.9786e4, 8.8003e3)kph; os: 1.1319e4kph; or: 4.387e-5AU; 
Time: 2.00000000000e1(hours), Distance to sun: 1.00268891094e0(AU), Energy:-5.5911643790e-4(PPJ), Momentum(-7.216e-1,-3.0786e1)Pgm/s
Sun  loc:(-1.0026e0,-1.434e-2)AU; rv:( 0.0000e0, 0.0000e0)kph; av:( 5.4737e3,-3.8600e5)kph; os: 0.0000e0kph; or: 0.0000e0AU; 
Earthloc:( 0.0000e0, 0.0000e0)AU; rv:(-1.5205e3, 1.0722e5)kph; av:( 0.0000e0, 0.0000e0)kph; os: 1.0723e5kph; or: 1.0027e0AU; 
Moon loc:( 2.566e-3, 2.743e-4)AU; rv:(-1.1375e2, 2.0474e3)kph; av:(-4.0951e2, 7.3705e3)kph; os: 2.0505e3kph; or: 2.581e-3AU; 
Ap8CMloc:(-4.378e-5, 2.797e-6)AU; rv:(-7.2164e2,-1.1296e4)kph; av:(-2.5979e3,-4.0664e4)kph; os: 1.1319e4kph; or: 4.387e-5AU; 
Time: 2.10000000000e1(hours), Distance to sun: 1.00268899742e0(AU), Energy:-6.1640582371e-4(PPJ), Momentum(-5.412e-1,-1.4953e2)Pgm/s
Sun  loc:(-1.0026e0,-1.505e-2)AU; rv:( 0.0000e0, 0.0000e0)kph; av:( 5.7474e3,-3.8599e5)kph; os: 0.0000e0kph; or: 0.0000e0AU; 
Earthloc:( 0.0000e0, 0.0000e0)AU; rv:(-1.5965e3, 1.0722e5)kph; av:( 0.0000e0, 0.0000e0)kph; os: 1.0723e5kph; or: 1.0027e0AU; 
Moon loc:( 2.565e-3, 2.880e-4)AU; rv:(-1.1939e2, 2.0467e3)kph; av:(-4.2981e2, 7.3681e3)kph; os: 2.0502e3kph; or: 2.581e-3AU; 
Ap8CMloc:( 3.947e-6,-4.369e-5)AU; rv:( 1.1273e4, 1.0183e3)kph; av:( 4.0582e4, 3.6659e3)kph; os: 1.1319e4kph; or: 4.387e-5AU; 
Time: 2.20000000000e1(hours), Distance to sun: 1.00268908810e0(AU), Energy:-6.7648582570e-4(PPJ), Momentum(-1.6707e0,-1.6273e2)Pgm/s
Sun  loc:(-1.0026e0,-1.577e-2)AU; rv:( 0.0000e0, 0.0000e0)kph; av:( 6.0211e3,-3.8599e5)kph; os: 0.0000e0kph; or: 0.0000e0AU; 
Earthloc:( 0.0000e0, 0.0000e0)AU; rv:(-1.6725e3, 1.0722e5)kph; av:( 0.0000e0, 0.0000e0)kph; os: 1.0723e5kph; or: 1.0027e0AU; 
Moon loc:( 2.564e-3, 3.017e-4)AU; rv:(-1.2502e2, 2.0460e3)kph; av:(-4.5009e2, 7.3656e3)kph; os: 2.0498e3kph; or: 2.582e-3AU; 
Ap8CMloc:( 4.257e-5, 1.060e-5)AU; rv:(-2.7342e3, 1.0984e4)kph; av:(-9.8432e3, 3.9541e4)kph; os: 1.1319e4kph; or: 4.387e-5AU; 
Time: 2.30000000000e1(hours), Distance to sun: 1.00268918298e0(AU), Energy:-7.3935588288e-4(PPJ), Momentum( 6.872e-1,-1.3194e2)Pgm/s
Sun  loc:(-1.0026e0,-1.649e-2)AU; rv:( 0.0000e0, 0.0000e0)kph; av:( 6.2948e3,-3.8598e5)kph; os: 0.0000e0kph; or: 0.0000e0AU; 
Earthloc:( 0.0000e0, 0.0000e0)AU; rv:(-1.7486e3, 1.0722e5)kph; av:( 0.0000e0, 0.0000e0)kph; os: 1.0723e5kph; or: 1.0027e0AU; 
Moon loc:( 2.563e-3, 3.153e-4)AU; rv:(-1.3065e2, 2.0453e3)kph; av:(-4.7034e2, 7.3629e3)kph; os: 2.0494e3kph; or: 2.583e-3AU; 
Ap8CMloc:(-1.700e-5, 4.044e-5)AU; rv:(-1.0435e4,-4.3855e3)kph; av:(-3.7564e4,-1.5788e4)kph; os: 1.1319e4kph; or: 4.387e-5AU; 
Time: 2.40000000000e1(hours), Distance to sun: 1.00268928205e0(AU), Energy:-8.0501540899e-4(PPJ), Momentum( 1.3057e0,-7.0369e1)Pgm/s
Sun  loc:(-1.0025e0,-1.720e-2)AU; rv:( 0.0000e0, 0.0000e0)kph; av:( 6.5685e3,-3.8598e5)kph; os: 0.0000e0kph; or: 0.0000e0AU; 
Earthloc:( 0.0000e0, 0.0000e0)AU; rv:(-1.8246e3, 1.0722e5)kph; av:( 0.0000e0, 0.0000e0)kph; os: 1.0723e5kph; or: 1.0027e0AU; 
Moon loc:( 2.563e-3, 3.290e-4)AU; rv:(-1.3627e2, 2.0445e3)kph; av:(-4.9056e2, 7.3601e3)kph; os: 2.0490e3kph; or: 2.584e-3AU; 
Ap8CMloc:(-3.736e-5,-2.300e-5)AU; rv:( 5.9331e3,-9.6391e3)kph; av:( 2.1359e4,-3.4701e4)kph; os: 1.1319e4kph; or: 4.387e-5AU; 
Time: 2.50000000000e1(hours), Distance to sun: 1.00268938532e0(AU), Energy:-8.7346379581e-4(PPJ), Momentum(-8.246e-1,-7.9165e1)Pgm/s
Sun  loc:(-1.0025e0,-1.792e-2)AU; rv:( 0.0000e0, 0.0000e0)kph; av:( 6.8421e3,-3.8598e5)kph; os: 0.0000e0kph; or: 0.0000e0AU; 
Earthloc:( 0.0000e0, 0.0000e0)AU; rv:(-1.9006e3, 1.0722e5)kph; av:( 0.0000e0, 0.0000e0)kph; os: 1.0723e5kph; or: 1.0027e0AU; 
Moon loc:( 2.562e-3, 3.427e-4)AU; rv:(-1.4188e2, 2.0437e3)kph; av:(-5.1076e2, 7.3573e3)kph; os: 2.0486e3kph; or: 2.584e-3AU; 
Ap8CMloc:( 2.845e-5,-3.339e-5)AU; rv:( 8.6157e3, 7.3405e3)kph; av:( 3.1017e4, 2.6426e4)kph; os: 1.1319e4kph; or: 4.387e-5AU; 
Time: 2.60000000000e1(hours), Distance to sun: 1.00268949278e0(AU), Energy:-9.4470040590e-4(PPJ), Momentum(-2.6199e0,-8.7961e1)Pgm/s
Sun  loc:(-1.0025e0,-1.864e-2)AU; rv:( 0.0000e0, 0.0000e0)kph; av:( 7.1158e3,-3.8597e5)kph; os: 0.0000e0kph; or: 0.0000e0AU; 
Earthloc:( 0.0000e0, 0.0000e0)AU; rv:(-1.9766e3, 1.0721e5)kph; av:( 0.0000e0, 0.0000e0)kph; os: 1.0723e5kph; or: 1.0027e0AU; 
Moon loc:( 2.561e-3, 3.563e-4)AU; rv:(-1.4748e2, 2.0428e3)kph; av:(-5.3093e2, 7.3543e3)kph; os: 2.0482e3kph; or: 2.585e-3AU; 
Ap8CMloc:( 2.864e-5, 3.323e-5)AU; rv:(-8.5744e3, 7.3887e3)kph; av:(-3.0868e4, 2.6599e4)kph; os: 1.1319e4kph; or: 4.387e-5AU; 
Time: 2.70000000000e1(hours), Distance to sun: 1.00268960442e0(AU), Energy:-1.0187245789e-3(PPJ), Momentum(-3.6164e0,-5.2777e1)Pgm/s
Sun  loc:(-1.0025e0,-1.935e-2)AU; rv:( 0.0000e0, 0.0000e0)kph; av:( 7.3895e3,-3.8597e5)kph; os: 0.0000e0kph; or: 0.0000e0AU; 
Earthloc:( 0.0000e0, 0.0000e0)AU; rv:(-2.0526e3, 1.0721e5)kph; av:( 0.0000e0, 0.0000e0)kph; os: 1.0723e5kph; or: 1.0027e0AU; 
Moon loc:( 2.560e-3, 3.700e-4)AU; rv:(-1.5307e2, 2.0420e3)kph; av:(-5.5106e2, 7.3511e3)kph; os: 2.0477e3kph; or: 2.586e-3AU; 
Ap8CMloc:(-3.723e-5, 2.320e-5)AU; rv:(-5.9871e3,-9.6056e3)kph; av:(-2.1553e4,-3.4580e4)kph; os: 1.1319e4kph; or: 4.387e-5AU; 
Time: 2.80000000000e1(hours), Distance to sun: 1.00268972024e0(AU), Energy:-1.0955356343e-3(PPJ), Momentum(-3.9084e0,-6.1573e1)Pgm/s
Sun  loc:(-1.0025e0,-2.007e-2)AU; rv:( 0.0000e0, 0.0000e0)kph; av:( 7.6631e3,-3.8596e5)kph; os: 0.0000e0kph; or: 0.0000e0AU; 
Earthloc:( 0.0000e0, 0.0000e0)AU; rv:(-2.1287e3, 1.0721e5)kph; av:( 0.0000e0, 0.0000e0)kph; os: 1.0723e5kph; or: 1.0027e0AU; 
Moon loc:( 2.559e-3, 3.836e-4)AU; rv:(-1.5866e2, 2.0411e3)kph; av:(-5.7116e2, 7.3479e3)kph; os: 2.0472e3kph; or: 2.587e-3AU; 
Ap8CMloc:(-1.722e-5,-4.035e-5)AU; rv:( 1.0410e4,-4.4440e3)kph; av:( 3.7475e4,-1.5998e4)kph; os: 1.1319e4kph; or: 4.387e-5AU; 
Time: 2.90000000000e1(hours), Distance to sun: 1.00268984025e0(AU), Energy:-1.1751328671e-3(PPJ), Momentum(-3.9857e0,-1.4074e2)Pgm/s
Sun  loc:(-1.0025e0,-2.079e-2)AU; rv:( 0.0000e0, 0.0000e0)kph; av:( 7.9368e3,-3.8596e5)kph; os: 0.0000e0kph; or: 0.0000e0AU; 
Earthloc:( 0.0000e0, 0.0000e0)AU; rv:(-2.2047e3, 1.0721e5)kph; av:( 0.0000e0, 0.0000e0)kph; os: 1.0723e5kph; or: 1.0027e0AU; 
Moon loc:( 2.558e-3, 3.973e-4)AU; rv:(-1.6423e2, 2.0402e3)kph; av:(-5.9123e2, 7.3446e3)kph; os: 2.0468e3kph; or: 2.588e-3AU; 
Ap8CMloc:( 4.251e-5,-1.084e-5)AU; rv:( 2.7958e3, 1.0968e4)kph; av:( 1.0065e4, 3.9485e4)kph; os: 1.1319e4kph; or: 4.387e-5AU; 
Time: 3.00000000000e1(hours), Distance to sun: 1.00268996443e0(AU), Energy:-1.2575155424e-3(PPJ), Momentum(-3.6078e0,-1.2315e2)Pgm/s
Sun  loc:(-1.0025e0,-2.150e-2)AU; rv:( 0.0000e0, 0.0000e0)kph; av:( 8.2105e3,-3.8595e5)kph; os: 0.0000e0kph; or: 0.0000e0AU; 
Earthloc:( 0.0000e0, 0.0000e0)AU; rv:(-2.2807e3, 1.0721e5)kph; av:( 0.0000e0, 0.0000e0)kph; os: 1.0723e5kph; or: 1.0027e0AU; 
Moon loc:( 2.556e-3, 4.109e-4)AU; rv:(-1.6980e2, 2.0392e3)kph; av:(-6.1127e2, 7.3411e3)kph; os: 2.0463e3kph; or: 2.589e-3AU; 
Ap8CMloc:( 4.192e-6, 4.367e-5)AU; rv:(-1.1267e4, 1.0815e3)kph; av:(-4.0561e4, 3.8935e3)kph; os: 1.1319e4kph; or: 4.387e-5AU; 
Time: 3.10000000000e1(hours), Distance to sun: 1.00269009278e0(AU), Energy:-1.3426829122e-3(PPJ), Momentum(-3.4016e0,-1.3634e2)Pgm/s
Sun  loc:(-1.0024e0,-2.222e-2)AU; rv:( 0.0000e0, 0.0000e0)kph; av:( 8.4841e3,-3.8594e5)kph; os: 0.0000e0kph; or: 0.0000e0AU; 
Earthloc:( 0.0000e0, 0.0000e0)AU; rv:(-2.3567e3, 1.0721e5)kph; av:( 0.0000e0, 0.0000e0)kph; os: 1.0723e5kph; or: 1.0027e0AU; 
Moon loc:( 2.555e-3, 4.245e-4)AU; rv:(-1.7535e2, 2.0382e3)kph; av:(-6.3127e2, 7.3376e3)kph; os: 2.0457e3kph; or: 2.590e-3AU; 
Ap8CMloc:(-4.380e-5,-2.551e-6)AU; rv:( 6.5824e2,-1.1300e4)kph; av:( 2.3697e3,-4.0678e4)kph; os: 1.1319e4kph; or: 4.387e-5AU; 
Time: 3.20000000000e1(hours), Distance to sun: 1.00269022531e0(AU), Energy:-1.4306341989e-3(PPJ), Momentum(-2.5598e0,-9.2359e1)Pgm/s
Sun  loc:(-1.0024e0,-2.294e-2)AU; rv:( 0.0000e0, 0.0000e0)kph; av:( 8.7578e3,-3.8594e5)kph; os: 0.0000e0kph; or: 0.0000e0AU; 
Earthloc:( 0.0000e0, 0.0000e0)AU; rv:(-2.4327e3, 1.0720e5)kph; av:( 0.0000e0, 0.0000e0)kph; os: 1.0723e5kph; or: 1.0027e0AU; 
Moon loc:( 2.554e-3, 4.382e-4)AU; rv:(-1.8090e2, 2.0372e3)kph; av:(-6.5123e2, 7.3339e3)kph; os: 2.0452e3kph; or: 2.591e-3AU; 
Ap8CMloc:( 9.234e-6,-4.289e-5)AU; rv:( 1.1065e4, 2.3825e3)kph; av:( 3.9834e4, 8.5769e3)kph; os: 1.1319e4kph; or: 4.387e-5AU; 
Time: 3.30000000000e1(hours), Distance to sun: 1.00269036200e0(AU), Energy:-1.5213686077e-3(PPJ), Momentum(-1.7781e0,-8.3563e1)Pgm/s
Sun  loc:(-1.0024e0,-2.365e-2)AU; rv:( 0.0000e0, 0.0000e0)kph; av:( 9.0315e3,-3.8593e5)kph; os: 0.0000e0kph; or: 0.0000e0AU; 
Earthloc:( 0.0000e0, 0.0000e0)AU; rv:(-2.5087e3, 1.0720e5)kph; av:( 0.0000e0, 0.0000e0)kph; os: 1.0723e5kph; or: 1.0027e0AU; 
Moon loc:( 2.553e-3, 4.518e-4)AU; rv:(-1.8643e2, 2.0361e3)kph; av:(-6.7116e2, 7.3301e3)kph; os: 2.0447e3kph; or: 2.593e-3AU; 
Ap8CMloc:( 4.096e-5, 1.570e-5)AU; rv:(-4.0505e3, 1.0569e4)kph; av:(-1.4582e4, 3.8049e4)kph; os: 1.1319e4kph; or: 4.387e-5AU; 
Time: 3.40000000000e1(hours), Distance to sun: 1.00269050285e0(AU), Energy:-1.6148853177e-3(PPJ), Momentum(-4.811e-1,-5.2777e1)Pgm/s
Sun  loc:(-1.0024e0,-2.437e-2)AU; rv:( 0.0000e0, 0.0000e0)kph; av:( 9.3051e3,-3.8593e5)kph; os: 0.0000e0kph; or: 0.0000e0AU; 
Earthloc:( 0.0000e0, 0.0000e0)AU; rv:(-2.5848e3, 1.0720e5)kph; av:( 0.0000e0, 0.0000e0)kph; os: 1.0723e5kph; or: 1.0027e0AU; 
Moon loc:( 2.552e-3, 4.654e-4)AU; rv:(-1.9196e2, 2.0351e3)kph; av:(-6.9105e2, 7.3262e3)kph; os: 2.0441e3kph; or: 2.594e-3AU; 
Ap8CMloc:(-2.179e-5, 3.807e-5)AU; rv:(-9.8234e3,-5.6226e3)kph; av:(-3.5364e4,-2.0242e4)kph; os: 1.1319e4kph; or: 4.387e-5AU; 
Time: 3.50000000000e1(hours), Distance to sun: 1.00269064786e0(AU), Energy:-1.7111834903e-3(PPJ), Momentum( 4.896e-1,-7.0369e1)Pgm/s
Sun  loc:(-1.0024e0,-2.509e-2)AU; rv:( 0.0000e0, 0.0000e0)kph; av:( 9.5788e3,-3.8592e5)kph; os: 0.0000e0kph; or: 0.0000e0AU; 
Earthloc:( 0.0000e0, 0.0000e0)AU; rv:(-2.6608e3, 1.0720e5)kph; av:( 0.0000e0, 0.0000e0)kph; os: 1.0723e5kph; or: 1.0027e0AU; 
Moon loc:( 2.550e-3, 4.790e-4)AU; rv:(-1.9747e2, 2.0339e3)kph; av:(-7.1090e2, 7.3222e3)kph; os: 2.0435e3kph; or: 2.595e-3AU; 
Ap8CMloc:(-3.428e-5,-2.737e-5)AU; rv:( 7.0619e3,-8.8455e3)kph; av:( 2.5423e4,-3.1844e4)kph; os: 1.1319e4kph; or: 4.387e-5AU; 
Time: 3.60000000000e1(hours), Distance to sun: 1.00269079702e0(AU), Energy:-1.8102622595e-3(PPJ), Momentum( 5.841e-1,-4.8379e1)Pgm/s
Sun  loc:(-1.0024e0,-2.580e-2)AU; rv:( 0.0000e0, 0.0000e0)kph; av:( 9.8524e3,-3.8591e5)kph; os: 0.0000e0kph; or: 0.0000e0AU; 
Earthloc:( 0.0000e0, 0.0000e0)AU; rv:(-2.7368e3, 1.0720e5)kph; av:( 0.0000e0, 0.0000e0)kph; os: 1.0723e5kph; or: 1.0027e0AU; 
Moon loc:( 2.549e-3, 4.926e-4)AU; rv:(-2.0297e2, 2.0328e3)kph; av:(-7.3071e2, 7.3181e3)kph; os: 2.0429e3kph; or: 2.596e-3AU; 
Ap8CMloc:( 3.230e-5,-2.968e-5)AU; rv:( 7.6585e3, 8.3344e3)kph; av:( 2.7571e4, 3.0004e4)kph; os: 1.1319e4kph; or: 4.387e-5AU; 
Time: 3.70000000000e1(hours), Distance to sun: 1.00269095033e0(AU), Energy:-1.9121207431e-3(PPJ), Momentum(-2.4911e0,-8.7961e0)Pgm/s
Sun  loc:(-1.0023e0,-2.652e-2)AU; rv:( 0.0000e0, 0.0000e0)kph; av:( 1.0126e4,-3.8591e5)kph; os: 0.0000e0kph; or: 0.0000e0AU; 
Earthloc:( 0.0000e0, 0.0000e0)AU; rv:(-2.8128e3, 1.0720e5)kph; av:( 0.0000e0, 0.0000e0)kph; os: 1.0723e5kph; or: 1.0027e0AU; 
Moon loc:( 2.548e-3, 5.062e-4)AU; rv:(-2.0847e2, 2.0316e3)kph; av:(-7.5048e2, 7.3138e3)kph; os: 2.0423e3kph; or: 2.597e-3AU; 
Ap8CMloc:( 2.438e-5, 3.647e-5)AU; rv:(-9.4098e3, 6.2904e3)kph; av:(-3.3875e4, 2.2646e4)kph; os: 1.1319e4kph; or: 4.387e-5AU; 
Time: 3.80000000000e1(hours), Distance to sun: 1.00269110779e0(AU), Energy:-2.0167580371e-3(PPJ), Momentum(-1.5548e0,-4.3980e0)Pgm/s
Sun  loc:(-1.0023e0,-2.724e-2)AU; rv:( 0.0000e0, 0.0000e0)kph; av:( 1.0400e4,-3.8590e5)kph; os: 0.0000e0kph; or: 0.0000e0AU; 
Earthloc:( 0.0000e0, 0.0000e0)AU; rv:(-2.8888e3, 1.0719e5)kph; av:( 0.0000e0, 0.0000e0)kph; os: 1.0723e5kph; or: 1.0027e0AU; 
Moon loc:( 2.546e-3, 5.197e-4)AU; rv:(-2.1394e2, 2.0304e3)kph; av:(-7.7020e2, 7.3095e3)kph; os: 2.0417e3kph; or: 2.599e-3AU; 
Ap8CMloc:(-3.978e-5, 1.850e-5)AU; rv:(-4.7737e3,-1.0263e4)kph; av:(-1.7185e4,-3.6946e4)kph; os: 1.1319e4kph; or: 4.387e-5AU; 
Time: 3.90000000000e1(hours), Distance to sun: 1.00269126939e0(AU), Energy:-2.1241732155e-3(PPJ), Momentum(-4.6557e0, 0.0000e0)Pgm/s
Sun  loc:(-1.0023e0,-2.795e-2)AU; rv:( 0.0000e0, 0.0000e0)kph; av:( 1.0673e4,-3.8589e5)kph; os: 0.0000e0kph; or: 0.0000e0AU; 
Earthloc:( 0.0000e0, 0.0000e0)AU; rv:(-2.9648e3, 1.0719e5)kph; av:( 0.0000e0, 0.0000e0)kph; os: 1.0723e5kph; or: 1.0027e0AU; 
Moon loc:( 2.545e-3, 5.333e-4)AU; rv:(-2.1941e2, 2.0292e3)kph; av:(-7.8988e2, 7.3050e3)kph; os: 2.0410e3kph; or: 2.600e-3AU; 
Ap8CMloc:(-1.219e-5,-4.214e-5)AU; rv:( 1.0873e4,-3.1443e3)kph; av:( 3.9144e4,-1.1319e4)kph; os: 1.1319e4kph; or: 4.387e-5AU; 
Time: 4.00000000000e1(hours), Distance to sun: 1.00269143513e0(AU), Energy:-2.2343653326e-3(PPJ), Momentum(-3.6078e0, 2.6388e1)Pgm/s
Sun  loc:(-1.0023e0,-2.867e-2)AU; rv:( 0.0000e0, 0.0000e0)kph; av:( 1.0947e4,-3.8588e5)kph; os: 0.0000e0kph; or: 0.0000e0AU; 
Earthloc:( 0.0000e0, 0.0000e0)AU; rv:(-3.0408e3, 1.0719e5)kph; av:( 0.0000e0, 0.0000e0)kph; os: 1.0723e5kph; or: 1.0027e0AU; 
Moon loc:( 2.543e-3, 5.469e-4)AU; rv:(-2.2487e2, 2.0279e3)kph; av:(-8.0952e2, 7.3005e3)kph; os: 2.0403e3kph; or: 2.601e-3AU; 
Ap8CMloc:( 4.351e-5,-5.583e-6)AU; rv:( 1.4404e3, 1.1227e4)kph; av:( 5.1854e3, 4.0416e4)kph; os: 1.1319e4kph; or: 4.387e-5AU; 
Time: 4.10000000000e1(hours), Distance to sun: 1.00269160500e0(AU), Energy:-2.3473334238e-3(PPJ), Momentum(-4.8791e0, 1.3194e1)Pgm/s
Sun  loc:(-1.0023e0,-2.938e-2)AU; rv:( 0.0000e0, 0.0000e0)kph; av:( 1.1221e4,-3.8588e5)kph; os: 0.0000e0kph; or: 0.0000e0AU; 
Earthloc:( 0.0000e0, 0.0000e0)AU; rv:(-3.1169e3, 1.0719e5)kph; av:( 0.0000e0, 0.0000e0)kph; os: 1.0723e5kph; or: 1.0027e0AU; 
Moon loc:( 2.542e-3, 5.604e-4)AU; rv:(-2.3031e2, 2.0266e3)kph; av:(-8.2911e2, 7.2958e3)kph; os: 2.0397e3kph; or: 2.603e-3AU; 
Ap8CMloc:(-1.153e-6, 4.385e-5)AU; rv:(-1.1315e4,-2.9750e2)kph; av:(-4.0733e4,-1.0710e3)kph; os: 1.1319e4kph; or: 4.387e-5AU; 
Time: 4.20000000000e1(hours), Distance to sun: 1.00269177899e0(AU), Energy:-2.4630765043e-3(PPJ), Momentum(-6.0387e0,-2.6388e1)Pgm/s
Sun  loc:(-1.0022e0,-3.010e-2)AU; rv:( 0.0000e0, 0.0000e0)kph; av:( 1.1494e4,-3.8587e5)kph; os: 0.0000e0kph; or: 0.0000e0AU; 
Earthloc:( 0.0000e0, 0.0000e0)AU; rv:(-3.1929e3, 1.0719e5)kph; av:( 0.0000e0, 0.0000e0)kph; os: 1.0723e5kph; or: 1.0027e0AU; 
Moon loc:( 2.540e-3, 5.740e-4)AU; rv:(-2.3574e2, 2.0253e3)kph; av:(-8.4865e2, 7.2911e3)kph; os: 2.0390e3kph; or: 2.604e-3AU; 
Ap8CMloc:(-4.316e-5,-7.861e-6)AU; rv:( 2.0283e3,-1.1135e4)kph; av:( 7.3020e3,-4.0088e4)kph; os: 1.1319e4kph; or: 4.387e-5AU; 
Time: 4.30000000000e1(hours), Distance to sun: 1.00269195711e0(AU), Energy:-2.5815935653e-3(PPJ), Momentum(-5.2656e0, 5.2777e1)Pgm/s
Sun  loc:(-1.0022e0,-3.082e-2)AU; rv:( 0.0000e0, 0.0000e0)kph; av:( 1.1768e4,-3.8586e5)kph; os: 0.0000e0kph; or: 0.0000e0AU; 
Earthloc:( 0.0000e0, 0.0000e0)AU; rv:(-3.2689e3, 1.0718e5)kph; av:( 0.0000e0, 0.0000e0)kph; os: 1.0723e5kph; or: 1.0027e0AU; 
Moon loc:( 2.539e-3, 5.875e-4)AU; rv:(-2.4115e2, 2.0239e3)kph; av:(-8.6815e2, 7.2862e3)kph; os: 2.0383e3kph; or: 2.606e-3AU; 
Ap8CMloc:( 1.438e-5,-4.144e-5)AU; rv:( 1.0693e4, 3.7112e3)kph; av:( 3.8495e4, 1.3360e4)kph; os: 1.1319e4kph; or: 4.387e-5AU; 
Time: 4.40000000000e1(hours), Distance to sun: 1.00269213935e0(AU), Energy:-2.7028835883e-3(PPJ), Momentum(-5.6350e0, 7.9165e1)Pgm/s
Sun  loc:(-1.0022e0,-3.153e-2)AU; rv:( 0.0000e0, 0.0000e0)kph; av:( 1.2042e4,-3.8585e5)kph; os: 0.0000e0kph; or: 0.0000e0AU; 
Earthloc:( 0.0000e0, 0.0000e0)AU; rv:(-3.3449e3, 1.0718e5)kph; av:( 0.0000e0, 0.0000e0)kph; os: 1.0723e5kph; or: 1.0027e0AU; 
Moon loc:( 2.537e-3, 6.010e-4)AU; rv:(-2.4655e2, 2.0226e3)kph; av:(-8.8760e2, 7.2812e3)kph; os: 2.0375e3kph; or: 2.607e-3AU; 
Ap8CMloc:( 3.875e-5, 2.057e-5)AU; rv:(-5.3065e3, 9.9978e3)kph; av:(-1.9103e4, 3.5992e4)kph; os: 1.1319e4kph; or: 4.387e-5AU; 
Time: 4.50000000000e1(hours), Distance to sun: 1.00269232570e0(AU), Energy:-2.8269455299e-3(PPJ), Momentum(-3.7882e0, 1.0995e2)Pgm/s
Sun  loc:(-1.0022e0,-3.225e-2)AU; rv:( 0.0000e0, 0.0000e0)kph; av:( 1.2315e4,-3.8584e5)kph; os: 0.0000e0kph; or: 0.0000e0AU; 
Earthloc:( 0.0000e0, 0.0000e0)AU; rv:(-3.4209e3, 1.0718e5)kph; av:( 0.0000e0, 0.0000e0)kph; os: 1.0723e5kph; or: 1.0027e0AU; 
Moon loc:( 2.535e-3, 6.145e-4)AU; rv:(-2.5194e2, 2.0211e3)kph; av:(-9.0700e2, 7.2761e3)kph; os: 2.0368e3kph; or: 2.609e-3AU; 
Ap8CMloc:(-2.626e-5, 3.514e-5)AU; rv:(-9.0662e3,-6.7762e3)kph; av:(-3.2638e4,-2.4394e4)kph; os: 1.1319e4kph; or: 4.387e-5AU; 
Time: 4.60000000000e1(hours), Distance to sun: 1.00269251616e0(AU), Energy:-2.9537783314e-3(PPJ), Momentum(-3.006e-1, 8.7961e1)Pgm/s
Sun  loc:(-1.0022e0,-3.297e-2)AU; rv:( 0.0000e0, 0.0000e0)kph; av:( 1.2589e4,-3.8583e5)kph; os: 0.0000e0kph; or: 0.0000e0AU; 
Earthloc:( 0.0000e0, 0.0000e0)AU; rv:(-3.4969e3, 1.0718e5)kph; av:( 0.0000e0, 0.0000e0)kph; os: 1.0723e5kph; or: 1.0027e0AU; 
Moon loc:( 2.534e-3, 6.280e-4)AU; rv:(-2.5732e2, 2.0197e3)kph; av:(-9.2634e2, 7.2709e3)kph; os: 2.0360e3kph; or: 2.610e-3AU; 
Ap8CMloc:(-3.070e-5,-3.134e-5)AU; rv:( 8.0858e3,-7.9204e3)kph; av:( 2.9109e4,-2.8514e4)kph; os: 1.1319e4kph; or: 4.387e-5AU; 
Time: 4.70000000000e1(hours), Distance to sun: 1.00269271073e0(AU), Energy:-3.0833809143e-3(PPJ), Momentum(-2.3365e0, 3.5184e1)Pgm/s
Sun  loc:(-1.0021e0,-3.368e-2)AU; rv:( 0.0000e0, 0.0000e0)kph; av:( 1.2862e4,-3.8583e5)kph; os: 0.0000e0kph; or: 0.0000e0AU; 
Earthloc:( 0.0000e0, 0.0000e0)AU; rv:(-3.5729e3, 1.0717e5)kph; av:( 0.0000e0, 0.0000e0)kph; os: 1.0723e5kph; or: 1.0027e0AU; 
Moon loc:( 2.532e-3, 6.415e-4)AU; rv:(-2.6268e2, 2.0182e3)kph; av:(-9.4564e2, 7.2656e3)kph; os: 2.0353e3kph; or: 2.612e-3AU; 
Ap8CMloc:( 3.567e-5,-2.553e-5)AU; rv:( 6.5874e3, 9.2043e3)kph; av:( 2.3715e4, 3.3136e4)kph; os: 1.1319e4kph; or: 4.387e-5AU; 
Time: 4.80000000000e1(hours), Distance to sun: 1.00269290939e0(AU), Energy:-3.2157521790e-3(PPJ), Momentum(-2.2506e0, 7.9165e1)Pgm/s
Sun  loc:(-1.0021e0,-3.440e-2)AU; rv:( 0.0000e0, 0.0000e0)kph; av:( 1.3136e4,-3.8582e5)kph; os: 0.0000e0kph; or: 0.0000e0AU; 
Earthloc:( 0.0000e0, 0.0000e0)AU; rv:(-3.6489e3, 1.0717e5)kph; av:( 0.0000e0, 0.0000e0)kph; os: 1.0723e5kph; or: 1.0027e0AU; 
Moon loc:( 2.530e-3, 6.550e-4)AU; rv:(-2.6802e2, 2.0167e3)kph; av:(-9.6489e2, 7.2602e3)kph; os: 2.0345e3kph; or: 2.613e-3AU; 
Ap8CMloc:( 1.976e-5, 3.917e-5)AU; rv:(-1.0105e4, 5.0987e3)kph; av:(-3.6379e4, 1.8355e4)kph; os: 1.1319e4kph; or: 4.387e-5AU; 
Time: 4.90000000000e1(hours), Distance to sun: 1.00269311214e0(AU), Energy:-3.3508910159e-3(PPJ), Momentum(-1.164e-5, 9.6757e1)Pgm/s
Sun  loc:(-1.0021e0,-3.512e-2)AU; rv:( 0.0000e0, 0.0000e0)kph; av:( 1.3410e4,-3.8581e5)kph; os: 0.0000e0kph; or: 0.0000e0AU; 
Earthloc:( 0.0000e0, 0.0000e0)AU; rv:(-3.7249e3, 1.0717e5)kph; av:( 0.0000e0, 0.0000e0)kph; os: 1.0723e5kph; or: 1.0027e0AU; 
Moon loc:( 2.528e-3, 6.685e-4)AU; rv:(-2.7335e2, 2.0152e3)kph; av:(-9.8408e2, 7.2548e3)kph; os: 2.0337e3kph; or: 2.615e-3AU; 
Ap8CMloc:(-4.173e-5, 1.352e-5)AU; rv:(-3.4895e3,-1.0767e4)kph; av:(-1.2562e4,-3.8763e4)kph; os: 1.1319e4kph; or: 4.387e-5AU; 
Time: 5.00000000000e1(hours), Distance to sun: 1.00269331898e0(AU), Energy:-3.4887962944e-3(PPJ), Momentum( 3.2985e0, 1.2754e2)Pgm/s
Sun  loc:(-1.0021e0,-3.583e-2)AU; rv:( 0.0000e0, 0.0000e0)kph; av:( 1.3683e4,-3.8580e5)kph; os: 0.0000e0kph; or: 0.0000e0AU; 
Earthloc:( 0.0000e0, 0.0000e0)AU; rv:(-3.8009e3, 1.0717e5)kph; av:( 0.0000e0, 0.0000e0)kph; os: 1.0723e5kph; or: 1.0027e0AU; 
Moon loc:( 2.526e-3, 6.820e-4)AU; rv:(-2.7867e2, 2.0137e3)kph; av:(-1.0032e3, 7.2492e3)kph; os: 2.0328e3kph; or: 2.617e-3AU; 
Ap8CMloc:(-6.968e-6,-4.331e-5)AU; rv:( 1.1175e4,-1.7978e3)kph; av:( 4.0230e4,-6.4721e3)kph; os: 1.1319e4kph; or: 4.387e-5AU; 
Time: 5.10000000000e1(hours), Distance to sun: 1.00269352990e0(AU), Energy:-3.6294668693e-3(PPJ), Momentum( 1.0806e1, 1.4074e2)Pgm/s
Sun  loc:(-1.0020e0,-3.655e-2)AU; rv:( 0.0000e0, 0.0000e0)kph; av:( 1.3957e4,-3.8579e5)kph; os: 0.0000e0kph; or: 0.0000e0AU; 
Earthloc:( 0.0000e0, 0.0000e0)AU; rv:(-3.8769e3, 1.0716e5)kph; av:( 0.0000e0, 0.0000e0)kph; os: 1.0723e5kph; or: 1.0027e0AU; 
Moon loc:( 2.525e-3, 6.954e-4)AU; rv:(-2.8397e2, 2.0121e3)kph; av:(-1.0223e3, 7.2435e3)kph; os: 2.0320e3kph; or: 2.619e-3AU; 
Ap8CMloc:( 4.387e-5,-2.465e-7)AU; rv:( 6.3589e1, 1.1319e4)kph; av:( 2.2892e2, 4.0747e4)kph; os: 1.1319e4kph; or: 4.387e-5AU; 
Time: 5.20000000000e1(hours), Distance to sun: 1.00269374490e0(AU), Energy:-3.7729015770e-3(PPJ), Momentum( 1.3143e1, 1.4953e2)Pgm/s
Sun  loc:(-1.0020e0,-3.727e-2)AU; rv:( 0.0000e0, 0.0000e0)kph; av:( 1.4231e4,-3.8578e5)kph; os: 0.0000e0kph; or: 0.0000e0AU; 
Earthloc:( 0.0000e0, 0.0000e0)AU; rv:(-3.9529e3, 1.0716e5)kph; av:( 0.0000e0, 0.0000e0)kph; os: 1.0723e5kph; or: 1.0027e0AU; 
Moon loc:( 2.523e-3, 7.089e-4)AU; rv:(-2.8926e2, 2.0105e3)kph; av:(-1.0413e3, 7.2377e3)kph; os: 2.0312e3kph; or: 2.620e-3AU; 
Ap8CMloc:(-6.481e-6, 4.339e-5)AU; rv:(-1.1195e4,-1.6721e3)kph; av:(-4.0300e4,-6.0196e3)kph; os: 1.1319e4kph; or: 4.387e-5AU; 
Time: 5.30000000000e1(hours), Distance to sun: 1.00269396397e0(AU), Energy:-3.9190992395e-3(PPJ), Momentum( 1.6304e1, 1.7152e2)Pgm/s
Sun  loc:(-1.0020e0,-3.798e-2)AU; rv:( 0.0000e0, 0.0000e0)kph; av:( 1.4504e4,-3.8577e5)kph; os: 0.0000e0kph; or: 0.0000e0AU; 
Earthloc:( 0.0000e0, 0.0000e0)AU; rv:(-4.0289e3, 1.0716e5)kph; av:( 0.0000e0, 0.0000e0)kph; os: 1.0723e5kph; or: 1.0027e0AU; 
Moon loc:( 2.521e-3, 7.223e-4)AU; rv:(-2.9453e2, 2.0088e3)kph; av:(-1.0603e3, 7.2318e3)kph; os: 2.0303e3kph; or: 2.622e-3AU; 
Ap8CMloc:(-4.188e-5,-1.305e-5)AU; rv:( 3.3682e3,-1.0806e4)kph; av:( 1.2126e4,-3.8901e4)kph; os: 1.1319e4kph; or: 4.387e-5AU; 
Time: 5.40000000000e1(hours), Distance to sun: 1.00269418710e0(AU), Energy:-4.0680586638e-3(PPJ), Momentum( 2.0702e1, 1.8472e2)Pgm/s
Sun  loc:(-1.0019e0,-3.870e-2)AU; rv:( 0.0000e0, 0.0000e0)kph; av:( 1.4778e4,-3.8576e5)kph; os: 0.0000e0kph; or: 0.0000e0AU; 
Earthloc:( 0.0000e0, 0.0000e0)AU; rv:(-4.1049e3, 1.0716e5)kph; av:( 0.0000e0, 0.0000e0)kph; os: 1.0723e5kph; or: 1.0027e0AU; 
Moon loc:( 2.519e-3, 7.357e-4)AU; rv:(-2.9978e2, 2.0072e3)kph; av:(-1.0792e3, 7.2258e3)kph; os: 2.0294e3kph; or: 2.624e-3AU; 
Ap8CMloc:( 1.932e-5,-3.939e-5)AU; rv:( 1.0162e4, 4.9848e3)kph; av:( 3.6583e4, 1.7945e4)kph; os: 1.1319e4kph; or: 4.387e-5AU; 
Time: 5.50000000000e1(hours), Distance to sun: 1.00269441429e0(AU), Energy:-4.2197786407e-3(PPJ), Momentum( 2.0478e1, 2.0231e2)Pgm/s
Sun  loc:(-1.0019e0,-3.941e-2)AU; rv:( 0.0000e0, 0.0000e0)kph; av:( 1.5051e4,-3.8575e5)kph; os: 0.0000e0kph; or: 0.0000e0AU; 
Earthloc:( 0.0000e0, 0.0000e0)AU; rv:(-4.1809e3, 1.0715e5)kph; av:( 0.0000e0, 0.0000e0)kph; os: 1.0723e5kph; or: 1.0027e0AU; 
Moon loc:( 2.517e-3, 7.491e-4)AU; rv:(-3.0502e2, 2.0055e3)kph; av:(-1.0981e3, 7.2197e3)kph; os: 2.0285e3kph; or: 2.626e-3AU; 
Ap8CMloc:( 3.596e-5, 2.513e-5)AU; rv:(-6.4836e3, 9.2778e3)kph; av:(-2.3341e4, 3.3400e4)kph; os: 1.1319e4kph; or: 4.387e-5AU; 
Time: 5.60000000000e1(hours), Distance to sun: 1.00269464554e0(AU), Energy:-4.3742579460e-3(PPJ), Momentum( 2.5220e1, 2.6388e2)Pgm/s
Sun  loc:(-1.0019e0,-4.013e-2)AU; rv:( 0.0000e0, 0.0000e0)kph; av:( 1.5325e4,-3.8574e5)kph; os: 0.0000e0kph; or: 0.0000e0AU; 
Earthloc:( 0.0000e0, 0.0000e0)AU; rv:(-4.2569e3, 1.0715e5)kph; av:( 0.0000e0, 0.0000e0)kph; os: 1.0723e5kph; or: 1.0027e0AU; 
Moon loc:( 2.515e-3, 7.625e-4)AU; rv:(-3.1024e2, 2.0037e3)kph; av:(-1.1169e3, 7.2135e3)kph; os: 2.0276e3kph; or: 2.628e-3AU; 
Ap8CMloc:(-3.034e-5, 3.168e-5)AU; rv:(-8.1743e3,-7.8290e3)kph; av:(-2.9427e4,-2.8185e4)kph; os: 1.1319e4kph; or: 4.387e-5AU; 
Time: 5.70000000000e1(hours), Distance to sun: 1.00269488083e0(AU), Energy:-4.5314953460e-3(PPJ), Momentum( 2.3691e1, 2.2870e2)Pgm/s
Sun  loc:(-1.0019e0,-4.085e-2)AU; rv:( 0.0000e0, 0.0000e0)kph; av:( 1.5599e4,-3.8573e5)kph; os: 0.0000e0kph; or: 0.0000e0AU; 
Earthloc:( 0.0000e0, 0.0000e0)AU; rv:(-4.3329e3, 1.0715e5)kph; av:( 0.0000e0, 0.0000e0)kph; os: 1.0723e5kph; or: 1.0027e0AU; 
Moon loc:( 2.513e-3, 7.759e-4)AU; rv:(-3.1544e2, 2.0020e3)kph; av:(-1.1356e3, 7.2072e3)kph; os: 2.0267e3kph; or: 2.630e-3AU; 
Ap8CMloc:(-2.666e-5,-3.484e-5)AU; rv:( 8.9895e3,-6.8777e3)kph; av:( 3.2362e4,-2.4760e4)kph; os: 1.1319e4kph; or: 4.387e-5AU; 
Time: 5.80000000000e1(hours), Distance to sun: 1.00269512017e0(AU), Energy:-4.6914895872e-3(PPJ), Momentum( 1.9654e1, 1.7152e2)Pgm/s
Sun  loc:(-1.0018e0,-4.156e-2)AU; rv:( 0.0000e0, 0.0000e0)kph; av:( 1.5872e4,-3.8572e5)kph; os: 0.0000e0kph; or: 0.0000e0AU; 
Earthloc:( 0.0000e0, 0.0000e0)AU; rv:(-4.4089e3, 1.0714e5)kph; av:( 0.0000e0, 0.0000e0)kph; os: 1.0723e5kph; or: 1.0027e0AU; 
Moon loc:( 2.510e-3, 7.893e-4)AU; rv:(-3.2063e2, 2.0002e3)kph; av:(-1.1543e3, 7.2008e3)kph; os: 2.0258e3kph; or: 2.632e-3AU; 
Ap8CMloc:( 3.852e-5,-2.100e-5)AU; rv:( 5.4185e3, 9.9375e3)kph; av:( 1.9506e4, 3.5775e4)kph; os: 1.1319e4kph; or: 4.387e-5AU; 
Time: 5.90000000000e1(hours), Distance to sun: 1.00269536354e0(AU), Energy:-4.8542394018e-3(PPJ), Momentum( 1.4981e1, 1.9351e2)Pgm/s
Sun  loc:(-1.0018e0,-4.228e-2)AU; rv:( 0.0000e0, 0.0000e0)kph; av:( 1.6146e4,-3.8571e5)kph; os: 0.0000e0kph; or: 0.0000e0AU; 
Earthloc:( 0.0000e0, 0.0000e0)AU; rv:(-4.4849e3, 1.0714e5)kph; av:( 0.0000e0, 0.0000e0)kph; os: 1.0723e5kph; or: 1.0027e0AU; 
Moon loc:( 2.508e-3, 8.027e-4)AU; rv:(-3.2580e2, 1.9984e3)kph; av:(-1.1729e3, 7.1943e3)kph; os: 2.0248e3kph; or: 2.634e-3AU; 
Ap8CMloc:( 1.485e-5, 4.128e-5)AU; rv:(-1.0651e4, 3.8311e3)kph; av:(-3.8342e4, 1.3792e4)kph; os: 1.1319e4kph; or: 4.387e-5AU; 
Time: 6.00000000000e1(hours), Distance to sun: 1.00269561093e0(AU), Energy:-5.0197435126e-3(PPJ), Momentum( 1.7128e1, 2.4629e2)Pgm/s
Sun  loc:(-1.0018e0,-4.300e-2)AU; rv:( 0.0000e0, 0.0000e0)kph; av:( 1.6419e4,-3.8569e5)kph; os: 0.0000e0kph; or: 0.0000e0AU; 
Earthloc:( 0.0000e0, 0.0000e0)AU; rv:(-4.5609e3, 1.0714e5)kph; av:( 0.0000e0, 0.0000e0)kph; os: 1.0723e5kph; or: 1.0027e0AU; 
Moon loc:( 2.506e-3, 8.160e-4)AU; rv:(-3.3095e2, 1.9966e3)kph; av:(-1.1914e3, 7.1878e3)kph; os: 2.0238e3kph; or: 2.636e-3AU; 
Ap8CMloc:(-4.307e-5, 8.346e-6)AU; rv:(-2.1533e3,-1.1112e4)kph; av:(-7.7520e3,-4.0003e4)kph; os: 1.1319e4kph; or: 4.387e-5AU; 
Time: 6.10000000000e1(hours), Distance to sun: 1.00269586235e0(AU), Energy:-5.1880006306e-3(PPJ), Momentum( 1.5651e1, 2.8147e2)Pgm/s
Sun  loc:(-1.0017e0,-4.371e-2)AU; rv:( 0.0000e0, 0.0000e0)kph; av:( 1.6693e4,-3.8568e5)kph; os: 0.0000e0kph; or: 0.0000e0AU; 
Earthloc:( 0.0000e0, 0.0000e0)AU; rv:(-4.6369e3, 1.0713e5)kph; av:( 0.0000e0, 0.0000e0)kph; os: 1.0723e5kph; or: 1.0027e0AU; 
Moon loc:( 2.504e-3, 8.293e-4)AU; rv:(-3.3609e2, 1.9948e3)kph; av:(-1.2099e3, 7.1811e3)kph; os: 2.0229e3kph; or: 2.638e-3AU; 
Ap8CMloc:(-1.646e-6,-4.384e-5)AU; rv:( 1.1311e4,-4.2465e2)kph; av:( 4.0719e4,-1.5287e3)kph; os: 1.1319e4kph; or: 4.387e-5AU; 
Time: 6.20000000000e1(hours), Distance to sun: 1.00269611779e0(AU), Energy:-5.3590094519e-3(PPJ), Momentum( 1.0858e1, 3.0786e2)Pgm/s
Sun  loc:(-1.0017e0,-4.443e-2)AU; rv:( 0.0000e0, 0.0000e0)kph; av:( 1.6966e4,-3.8567e5)kph; os: 0.0000e0kph; or: 0.0000e0AU; 
Earthloc:( 0.0000e0, 0.0000e0)AU; rv:(-4.7129e3, 1.0713e5)kph; av:( 0.0000e0, 0.0000e0)kph; os: 1.0723e5kph; or: 1.0027e0AU; 
Moon loc:( 2.502e-3, 8.427e-4)AU; rv:(-3.4120e2, 1.9929e3)kph; av:(-1.2283e3, 7.1744e3)kph; os: 2.0219e3kph; or: 2.640e-3AU; 
Ap8CMloc:( 4.357e-5, 5.093e-6)AU; rv:(-1.3141e3, 1.1242e4)kph; av:(-4.7309e3, 4.0472e4)kph; os: 1.1319e4kph; or: 4.387e-5AU; 
Time: 6.30000000000e1(hours), Distance to sun: 1.00269637723e0(AU), Energy:-5.5327686626e-3(PPJ), Momentum( 1.2198e1, 2.9027e2)Pgm/s
Sun  loc:(-1.0017e0,-4.514e-2)AU; rv:( 0.0000e0, 0.0000e0)kph; av:( 1.7240e4,-3.8566e5)kph; os: 0.0000e0kph; or: 0.0000e0AU; 
Earthloc:( 0.0000e0, 0.0000e0)AU; rv:(-4.7889e3, 1.0713e5)kph; av:( 0.0000e0, 0.0000e0)kph; os: 1.0723e5kph; or: 1.0027e0AU; 
Moon loc:( 2.499e-3, 8.560e-4)AU; rv:(-3.4630e2, 1.9910e3)kph; av:(-1.2467e3, 7.1675e3)kph; os: 2.0209e3kph; or: 2.642e-3AU; 
Ap8CMloc:(-1.171e-5, 4.228e-5)AU; rv:(-1.0908e4,-3.0218e3)kph; av:(-3.9268e4,-1.0879e4)kph; os: 1.1319e4kph; or: 4.387e-5AU; 
Time: 6.40000000000e1(hours), Distance to sun: 1.00269664068e0(AU), Energy:-5.7092769336e-3(PPJ), Momentum( 1.1803e1, 2.7708e2)Pgm/s
Sun  loc:(-1.0016e0,-4.586e-2)AU; rv:( 0.0000e0, 0.0000e0)kph; av:( 1.7514e4,-3.8565e5)kph; os: 0.0000e0kph; or: 0.0000e0AU; 
Earthloc:( 0.0000e0, 0.0000e0)AU; rv:(-4.8649e3, 1.0712e5)kph; av:( 0.0000e0, 0.0000e0)kph; os: 1.0723e5kph; or: 1.0027e0AU; 
Moon loc:( 2.497e-3, 8.693e-4)AU; rv:(-3.5138e2, 1.9890e3)kph; av:(-1.2650e3, 7.1606e3)kph; os: 2.0198e3kph; or: 2.644e-3AU; 
Ap8CMloc:(-3.998e-5,-1.805e-5)AU; rv:( 4.6581e3,-1.0316e4)kph; av:( 1.6769e4,-3.7137e4)kph; os: 1.1319e4kph; or: 4.387e-5AU; 
Time: 6.50000000000e1(hours), Distance to sun: 1.00269690813e0(AU), Energy:-5.8885329284e-3(PPJ), Momentum( 7.6107e0, 2.4189e2)Pgm/s
Sun  loc:(-1.0016e0,-4.658e-2)AU; rv:( 0.0000e0, 0.0000e0)kph; av:( 1.7787e4,-3.8564e5)kph; os: 0.0000e0kph; or: 0.0000e0AU; 
Earthloc:( 0.0000e0, 0.0000e0)AU; rv:(-4.9409e3, 1.0712e5)kph; av:( 0.0000e0, 0.0000e0)kph; os: 1.0723e5kph; or: 1.0027e0AU; 
Moon loc:( 2.495e-3, 8.826e-4)AU; rv:(-3.5645e2, 1.9871e3)kph; av:(-1.2832e3, 7.1535e3)kph; os: 2.0188e3kph; or: 2.646e-3AU; 
Ap8CMloc:( 2.397e-5,-3.674e-5)AU; rv:( 9.4799e3, 6.1843e3)kph; av:( 3.4128e4, 2.2263e4)kph; os: 1.1319e4kph; or: 4.387e-5AU; 
Time: 6.60000000000e1(hours), Distance to sun: 1.00269717956e0(AU), Energy:-6.0705352946e-3(PPJ), Momentum( 1.3108e1, 2.6388e2)Pgm/s
Sun  loc:(-1.0016e0,-4.729e-2)AU; rv:( 0.0000e0, 0.0000e0)kph; av:( 1.8061e4,-3.8562e5)kph; os: 0.0000e0kph; or: 0.0000e0AU; 
Earthloc:( 0.0000e0, 0.0000e0)AU; rv:(-5.0169e3, 1.0712e5)kph; av:( 0.0000e0, 0.0000e0)kph; os: 1.0723e5kph; or: 1.0027e0AU; 
Moon loc:( 2.492e-3, 8.959e-4)AU; rv:(-3.6149e2, 1.9851e3)kph; av:(-1.3014e3, 7.1464e3)kph; os: 2.0178e3kph; or: 2.648e-3AU; 
Ap8CMloc:( 3.263e-5, 2.932e-5)AU; rv:(-7.5643e3, 8.4199e3)kph; av:(-2.7232e4, 3.0312e4)kph; os: 1.1319e4kph; or: 4.387e-5AU; 
Time: 6.70000000000e1(hours), Distance to sun: 1.00269745498e0(AU), Energy:-6.2552826746e-3(PPJ), Momentum( 9.9128e0, 2.9907e2)Pgm/s
Sun  loc:(-1.0015e0,-4.801e-2)AU; rv:( 0.0000e0, 0.0000e0)kph; av:( 1.8334e4,-3.8561e5)kph; os: 0.0000e0kph; or: 0.0000e0AU; 
Earthloc:( 0.0000e0, 0.0000e0)AU; rv:(-5.0928e3, 1.0711e5)kph; av:( 0.0000e0, 0.0000e0)kph; os: 1.0724e5kph; or: 1.0027e0AU; 
Moon loc:( 2.490e-3, 9.091e-4)AU; rv:(-3.6652e2, 1.9831e3)kph; av:(-1.3195e3, 7.1392e3)kph; os: 2.0167e3kph; or: 2.651e-3AU; 
Ap8CMloc:(-3.397e-5, 2.775e-5)AU; rv:(-7.1609e3,-8.7655e3)kph; av:(-2.5779e4,-3.1556e4)kph; os: 1.1319e4kph; or: 4.387e-5AU; 
Time: 6.80000000000e1(hours), Distance to sun: 1.00269773437e0(AU), Energy:-6.4427736995e-3(PPJ), Momentum( 9.4661e0, 2.9907e2)Pgm/s
Sun  loc:(-1.0015e0,-4.872e-2)AU; rv:( 0.0000e0, 0.0000e0)kph; av:( 1.8608e4,-3.8560e5)kph; os: 0.0000e0kph; or: 0.0000e0AU; 
Earthloc:( 0.0000e0, 0.0000e0)AU; rv:(-5.1688e3, 1.0711e5)kph; av:( 0.0000e0, 0.0000e0)kph; os: 1.0724e5kph; or: 1.0027e0AU; 
Moon loc:( 2.487e-3, 9.224e-4)AU; rv:(-3.7152e2, 1.9811e3)kph; av:(-1.3375e3, 7.1319e3)kph; os: 2.0156e3kph; or: 2.653e-3AU; 
Ap8CMloc:(-2.222e-5,-3.783e-5)AU; rv:( 9.7596e3,-5.7327e3)kph; av:( 3.5134e4,-2.0638e4)kph; os: 1.1319e4kph; or: 4.387e-5AU; 
Time: 6.90000000000e1(hours), Distance to sun: 1.00269801774e0(AU), Energy:-6.6330069888e-3(PPJ), Momentum( 9.8956e0, 3.1226e2)Pgm/s
Sun  loc:(-1.0015e0,-4.944e-2)AU; rv:( 0.0000e0, 0.0000e0)kph; av:( 1.8881e4,-3.8558e5)kph; os: 0.0000e0kph; or: 0.0000e0AU; 
Earthloc:( 0.0000e0, 0.0000e0)AU; rv:(-5.2448e3, 1.0711e5)kph; av:( 0.0000e0, 0.0000e0)kph; os: 1.0724e5kph; or: 1.0027e0AU; 
Moon loc:( 2.485e-3, 9.356e-4)AU; rv:(-3.7651e2, 1.9790e3)kph; av:(-1.3554e3, 7.1245e3)kph; os: 2.0145e3kph; or: 2.655e-3AU; 
Ap8CMloc:( 4.079e-5,-1.616e-5)AU; rv:( 4.1690e3, 1.0523e4)kph; av:( 1.5008e4, 3.7883e4)kph; os: 1.1319e4kph; or: 4.387e-5AU; 
Time: 7.00000000000e1(hours), Distance to sun: 1.00269830506e0(AU), Energy:-6.8259811539e-3(PPJ), Momentum( 1.7145e1, 3.3425e2)Pgm/s
Sun  loc:(-1.0014e0,-5.016e-2)AU; rv:( 0.0000e0, 0.0000e0)kph; av:( 1.9155e4,-3.8557e5)kph; os: 0.0000e0kph; or: 0.0000e0AU; 
Earthloc:( 0.0000e0, 0.0000e0)AU; rv:(-5.3208e3, 1.0710e5)kph; av:( 0.0000e0, 0.0000e0)kph; os: 1.0724e5kph; or: 1.0027e0AU; 
Moon loc:( 2.482e-3, 9.488e-4)AU; rv:(-3.8148e2, 1.9770e3)kph; av:(-1.3733e3, 7.1171e3)kph; os: 2.0134e3kph; or: 2.657e-3AU; 
Ap8CMloc:( 9.715e-6, 4.278e-5)AU; rv:(-1.1038e4, 2.5067e3)kph; av:(-3.9736e4, 9.0242e3)kph; os: 1.1319e4kph; or: 4.387e-5AU; 
Time: 7.10000000000e1(hours), Distance to sun: 1.00269859634e0(AU), Energy:-7.0216947964e-3(PPJ), Momentum( 1.5393e1, 3.6944e2)Pgm/s
Sun  loc:(-1.0014e0,-5.087e-2)AU; rv:( 0.0000e0, 0.0000e0)kph; av:( 1.9428e4,-3.8556e5)kph; os: 0.0000e0kph; or: 0.0000e0AU; 
Earthloc:( 0.0000e0, 0.0000e0)AU; rv:(-5.3968e3, 1.0710e5)kph; av:( 0.0000e0, 0.0000e0)kph; os: 1.0724e5kph; or: 1.0027e0AU; 
Moon loc:( 2.480e-3, 9.620e-4)AU; rv:(-3.8643e2, 1.9749e3)kph; av:(-1.3911e3, 7.1095e3)kph; os: 2.0123e3kph; or: 2.660e-3AU; 
Ap8CMloc:(-4.376e-5, 3.044e-6)AU; rv:(-7.8524e2,-1.1291e4)kph; av:(-2.8269e3,-4.0649e4)kph; os: 1.1319e4kph; or: 4.387e-5AU; 
Time: 7.20000000000e1(hours), Distance to sun: 1.00269889157e0(AU), Energy:-7.2201465111e-3(PPJ), Momentum( 2.5083e1, 3.7383e2)Pgm/s
Sun  loc:(-1.0014e0,-5.159e-2)AU; rv:( 0.0000e0, 0.0000e0)kph; av:( 1.9702e4,-3.8554e5)kph; os: 0.0000e0kph; or: 0.0000e0AU; 
Earthloc:( 0.0000e0, 0.0000e0)AU; rv:(-5.4728e3, 1.0710e5)kph; av:( 0.0000e0, 0.0000e0)kph; os: 1.0724e5kph; or: 1.0027e0AU; 
Moon loc:( 2.477e-3, 9.752e-4)AU; rv:(-3.9136e2, 1.9727e3)kph; av:(-1.4089e3, 7.1019e3)kph; os: 2.0112e3kph; or: 2.662e-3AU; 
Ap8CMloc:( 3.701e-6,-4.371e-5)AU; rv:( 1.1278e4, 9.5480e2)kph; av:( 4.0602e4, 3.4373e3)kph; os: 1.1319e4kph; or: 4.387e-5AU; 
Final position::
  S:("Sun  ","☉",( 1.9891000000e30,( 1.04117276014e2, 1.78856831148e0),( 8.0319428696e-4, 2.0699109562e-5)))
  E:("Earth","⊕",( 9.7220000000e23,( 1.4980296122e11, 7.71742660955e9),(-1.52020797134e3, 2.97488192269e4)))
  M:("Moon ","☾",( 7.3476730900e22,( 1.5017352390e11, 7.86331897381e9),(-1.62891795803e3, 3.02968035774e4)))
  8:("Ap8CM","8",( 5.80900000000e3,( 1.4980351482e11, 7.71088722724e9),( 1.61267265581e3, 3.00140408946e4)))
28.12user 2.42system 0:30.55elapsed 99%CPU (0avgtext+0avgdata 5799936maxresident)k
0inputs+16296outputs (0major+420654minor)pagefaults 0swaps
