OPT1: 4; OPT2: 4; 
System:((Sun  ,Earth,Moon ,Ap8CM),Apollo 8,-3.23537400000e7,)
Initial position:
  S:("Sun  ","☉",( 1.9891000000e30,( 0.00000000000e0, 0.00000000000e0),( 0.00000000000e0, 0.00000000000e0)))
  E:("Earth","⊕",( 9.7220000000e23,( 1.5000000000e11, 0.00000000000e0),( 0.00000000000e0, 2.97866078294e4)))
  M:("Moon ","☾",( 7.3476730900e22,( 1.5038500000e11, 0.00000000000e0),( 0.00000000000e0, 3.03571562823e4)))
  8:("Ap8CM","8",( 5.80900000000e3,( 1.5000656275e11, 0.00000000000e0),( 0.00000000000e0, 3.29307012406e4)))
Parameter: step size =  8.333e-4; hours
Parameter: report period =  1.0000e0; hours
Parameter: mission stop time =  1.6393e2; hours
IVP Order-2: solar system:
  t interval: [ 0.0000e0 …  5.9015e5]
  y₀ = ( 0.0000e0, 0.0000e0, 1.500e11, 0.0000e0, 1.504e11, 0.0000e0, 1.500e11, 0.0000e0)
  dy₀/dt = ( 0.0000e0, 0.0000e0, 0.0000e0, 2.9787e4, 0.0000e0, 3.0357e4, 0.0000e0, 3.2931e4)
  d²y₀/dt² = ( 3.100e-9, 0.0000e0,-5.866e-3, 0.0000e0,-6.307e-3, 0.0000e0,-1.5121e0, 0.0000e0)


Reference point: Earth
Initial momentum:( 0.0000e0, 3.119e28), Initial energy: 4.651e32
Time:    0.00hours, Distance to sun:150000.0Mm, Energy:    0.00YJ, Momentum( 7.812e-6, 0.0000e0)Pgm/s
Sun  loc:(-1.5000e5,-1.787e-1)Mm; rv:( 0.0000e0, 0.0000e0)kph; av:( 4.562e-1,-3.8603e5)kph; os: 0.0000e0kph; or: 0.0000e0Mm; 
Earthloc:( 0.0000e0, 0.0000e0)Mm; rv:(-1.267e-1, 1.0723e5)kph; av:( 0.0000e0, 0.0000e0)kph; os: 1.0723e5kph; or: 1.5000e5Mm; 
Moon loc:( 3.8500e2, 3.423e-3)Mm; rv:(-9.517e-3, 2.0540e3)kph; av:(-3.426e-2, 7.3943e3)kph; os: 2.0540e3kph; or: 3.8500e2Mm; 
Ap8CMloc:( 6.5627e0, 1.886e-2)Mm; rv:(-3.2536e1, 1.1319e4)kph; av:(-1.1713e2, 4.0747e4)kph; os: 1.1319e4kph; or: 6.5628e0Mm; 
Time:    1.00hours, Distance to sun:150000.0Mm, Energy:   -1.00YJ, Momentum(-4.313e-3, 1.7592e1)Pgm/s
Sun  loc:(-1.5000e5,-1.0723e2)Mm; rv:( 0.0000e0, 0.0000e0)kph; av:( 2.7369e2,-3.8603e5)kph; os: 0.0000e0kph; or: 0.0000e0Mm; 
Earthloc:( 0.0000e0, 0.0000e0)Mm; rv:(-7.6025e1, 1.0723e5)kph; av:( 0.0000e0, 0.0000e0)kph; os: 1.0723e5kph; or: 1.5000e5Mm; 
Moon loc:( 3.8500e2, 2.0540e0)Mm; rv:(-5.7100e0, 2.0540e3)kph; av:(-2.0556e1, 7.3942e3)kph; os: 2.0540e3kph; or: 3.8500e2Mm; 
Ap8CMloc:(-1.0095e0, 6.4987e0)Mm; rv:(-1.1194e4,-1.7011e3)kph; av:(-4.0300e4,-6.1241e3)kph; os: 1.1323e4kph; or: 6.5766e0Mm; 
Time:    2.00hours, Distance to sun:150000.0Mm, Energy:   -4.80YJ, Momentum( 2.202e-2,-1.3194e1)Pgm/s
Sun  loc:(-1.5000e5,-2.1446e2)Mm; rv:( 0.0000e0, 0.0000e0)kph; av:( 5.4738e2,-3.8603e5)kph; os: 0.0000e0kph; or: 0.0000e0Mm; 
Earthloc:( 0.0000e0, 0.0000e0)Mm; rv:(-1.5205e2, 1.0723e5)kph; av:( 0.0000e0, 0.0000e0)kph; os: 1.0723e5kph; or: 1.5000e5Mm; 
Moon loc:( 3.8499e2, 4.1079e0)Mm; rv:(-1.1420e1, 2.0539e3)kph; av:(-4.1111e1, 7.3941e3)kph; os: 2.0539e3kph; or: 3.8501e2Mm; 
Ap8CMloc:(-6.3494e0,-1.9195e0)Mm; rv:( 3.1962e3,-1.0790e4)kph; av:( 1.1506e4,-3.8846e4)kph; os: 1.1254e4kph; or: 6.6332e0Mm; 
Time:    3.00hours, Distance to sun:150000.0Mm, Energy:  -11.40YJ, Momentum( 5.585e-2, 4.3980e0)Pgm/s
Sun  loc:(-1.5000e5,-3.2170e2)Mm; rv:( 0.0000e0, 0.0000e0)kph; av:( 8.2107e2,-3.8603e5)kph; os: 0.0000e0kph; or: 0.0000e0Mm; 
Earthloc:( 0.0000e0, 0.0000e0)Mm; rv:(-2.2808e2, 1.0723e5)kph; av:( 0.0000e0, 0.0000e0)kph; os: 1.0723e5kph; or: 1.5000e5Mm; 
Moon loc:( 3.8497e2, 6.1618e0)Mm; rv:(-1.7129e1, 2.0538e3)kph; av:(-6.1663e1, 7.3938e3)kph; os: 2.0539e3kph; or: 3.8502e2Mm; 
Ap8CMloc:( 2.6509e0,-6.1281e0)Mm; rv:( 1.0293e4, 4.4324e3)kph; av:( 3.7054e4, 1.5957e4)kph; os: 1.1207e4kph; or: 6.6769e0Mm; 
Time:    4.00hours, Distance to sun:150000.0Mm, Energy:  -20.79YJ, Momentum(-7.625e-2, 1.3194e1)Pgm/s
Sun  loc:(-1.5000e5,-4.2893e2)Mm; rv:( 0.0000e0, 0.0000e0)kph; av:( 1.0948e3,-3.8603e5)kph; os: 0.0000e0kph; or: 0.0000e0Mm; 
Earthloc:( 0.0000e0, 0.0000e0)Mm; rv:(-3.0410e2, 1.0723e5)kph; av:( 0.0000e0, 0.0000e0)kph; os: 1.0723e5kph; or: 1.5000e5Mm; 
Moon loc:( 3.8495e2, 8.2155e0)Mm; rv:(-2.2837e1, 2.0537e3)kph; av:(-8.2212e1, 7.3934e3)kph; os: 2.0538e3kph; or: 3.8504e2Mm; 
Ap8CMloc:( 5.8103e0, 3.2975e0)Mm; rv:(-5.5385e3, 9.7650e3)kph; av:(-1.9939e4, 3.5154e4)kph; os: 1.1226e4kph; or: 6.6808e0Mm; 
Time:    5.00hours, Distance to sun:150000.0Mm, Energy:  -32.98YJ, Momentum(-9.987e-2, 8.7961e0)Pgm/s
Sun  loc:(-1.5000e5,-5.3616e2)Mm; rv:( 0.0000e0, 0.0000e0)kph; av:( 1.3685e3,-3.8603e5)kph; os: 0.0000e0kph; or: 0.0000e0Mm; 
Earthloc:( 0.0000e0, 0.0000e0)Mm; rv:(-3.8013e2, 1.0723e5)kph; av:( 0.0000e0, 0.0000e0)kph; os: 1.0723e5kph; or: 1.5000e5Mm; 
Moon loc:( 3.8493e2, 1.0269e1)Mm; rv:(-2.8543e1, 2.0536e3)kph; av:(-1.0276e2, 7.3928e3)kph; os: 2.0538e3kph; or: 3.8507e2Mm; 
Ap8CMloc:(-3.9157e0, 5.4440e0)Mm; rv:(-9.1302e3,-6.5051e3)kph; av:(-3.2869e4,-2.3418e4)kph; os: 1.1211e4kph; or: 6.7059e0Mm; 
Time:    6.00hours, Distance to sun:150000.0Mm, Energy:  -47.96YJ, Momentum(-4.724e-1,-5.7175e1)Pgm/s
Sun  loc:(-1.5000e5,-6.4339e2)Mm; rv:( 0.0000e0, 0.0000e0)kph; av:( 1.6421e3,-3.8603e5)kph; os: 0.0000e0kph; or: 0.0000e0Mm; 
Earthloc:( 0.0000e0, 0.0000e0)Mm; rv:(-4.5615e2, 1.0723e5)kph; av:( 0.0000e0, 0.0000e0)kph; os: 1.0723e5kph; or: 1.5000e5Mm; 
Moon loc:( 3.8490e2, 1.2323e1)Mm; rv:(-3.4248e1, 2.0534e3)kph; av:(-1.2329e2, 7.3922e3)kph; os: 2.0537e3kph; or: 3.8509e2Mm; 
Ap8CMloc:(-5.1229e0,-4.4194e0)Mm; rv:( 7.2326e3,-8.4689e3)kph; av:( 2.6037e4,-3.0488e4)kph; os: 1.1137e4kph; or: 6.7658e0Mm; 
Time:    7.00hours, Distance to sun:150000.0Mm, Energy:  -65.74YJ, Momentum(-3.178e-1,-3.5184e1)Pgm/s
Sun  loc:(-1.5000e5,-7.5062e2)Mm; rv:( 0.0000e0, 0.0000e0)kph; av:( 1.9158e3,-3.8603e5)kph; os: 0.0000e0kph; or: 0.0000e0Mm; 
Earthloc:( 0.0000e0, 0.0000e0)Mm; rv:(-5.3218e2, 1.0723e5)kph; av:( 0.0000e0, 0.0000e0)kph; os: 1.0723e5kph; or: 1.5000e5Mm; 
Moon loc:( 3.8486e2, 1.4376e1)Mm; rv:(-3.9951e1, 2.0532e3)kph; av:(-1.4382e2, 7.3914e3)kph; os: 2.0536e3kph; or: 3.8513e2Mm; 
Ap8CMloc:( 4.7767e0,-4.8360e0)Mm; rv:( 7.9094e3, 7.8022e3)kph; av:( 2.8474e4, 2.8088e4)kph; os: 1.1110e4kph; or: 6.7973e0Mm; 
Time:    8.00hours, Distance to sun:150000.0Mm, Energy:  -86.32YJ, Momentum(-1.718e-1, 1.3194e1)Pgm/s
Sun  loc:(-1.5000e5,-8.5785e2)Mm; rv:( 0.0000e0, 0.0000e0)kph; av:( 2.1895e3,-3.8603e5)kph; os: 0.0000e0kph; or: 0.0000e0Mm; 
Earthloc:( 0.0000e0, 0.0000e0)Mm; rv:(-6.0820e2, 1.0723e5)kph; av:( 0.0000e0, 0.0000e0)kph; os: 1.0723e5kph; or: 1.5000e5Mm; 
Moon loc:( 3.8482e2, 1.6429e1)Mm; rv:(-4.5652e1, 2.0529e3)kph; av:(-1.6435e2, 7.3905e3)kph; os: 2.0534e3kph; or: 3.8517e2Mm; 
Ap8CMloc:( 4.5146e0, 5.0829e0)Mm; rv:(-8.3182e3, 7.3997e3)kph; av:(-2.9945e4, 2.6639e4)kph; os: 1.1133e4kph; or: 6.7984e0Mm; 
Time:    9.00hours, Distance to sun:150000.0Mm, Energy: -109.69YJ, Momentum( 9.877e-2, 1.7592e1)Pgm/s
Sun  loc:(-1.5000e5,-9.6508e2)Mm; rv:( 0.0000e0, 0.0000e0)kph; av:( 2.4632e3,-3.8603e5)kph; os: 0.0000e0kph; or: 0.0000e0Mm; 
Earthloc:( 0.0000e0, 0.0000e0)Mm; rv:(-6.8423e2, 1.0723e5)kph; av:( 0.0000e0, 0.0000e0)kph; os: 1.0723e5kph; or: 1.5000e5Mm; 
Moon loc:( 3.8477e2, 1.8482e1)Mm; rv:(-5.1349e1, 2.0526e3)kph; av:(-1.8486e2, 7.3895e3)kph; os: 2.0533e3kph; or: 3.8521e2Mm; 
Ap8CMloc:(-5.3818e0, 4.2074e0)Mm; rv:(-6.8831e3,-8.7136e3)kph; av:(-2.4779e4,-3.1369e4)kph; os: 1.1104e4kph; or: 6.8313e0Mm; 
Time:   10.00hours, Distance to sun:150000.0Mm, Energy: -135.86YJ, Momentum(-1.718e-1, 5.2777e1)Pgm/s
Sun  loc:(-1.5000e5,-1.0723e3)Mm; rv:( 0.0000e0, 0.0000e0)kph; av:( 2.7369e3,-3.8603e5)kph; os: 0.0000e0kph; or: 0.0000e0Mm; 
Earthloc:( 0.0000e0, 0.0000e0)Mm; rv:(-7.6025e2, 1.0723e5)kph; av:( 0.0000e0, 0.0000e0)kph; os: 1.0723e5kph; or: 1.5000e5Mm; 
Moon loc:( 3.8471e2, 2.0534e1)Mm; rv:(-5.7044e1, 2.0523e3)kph; av:(-2.0536e2, 7.3883e3)kph; os: 2.0531e3kph; or: 3.8526e2Mm; 
Ap8CMloc:(-4.0107e0,-5.6026e0)Mm; rv:( 8.9430e3,-6.4618e3)kph; av:( 3.2195e4,-2.3262e4)kph; os: 1.1033e4kph; or: 6.8902e0Mm; 
Time:   11.00hours, Distance to sun:150000.0Mm, Energy: -164.82YJ, Momentum(-1.653e-1, 3.9582e1)Pgm/s
Sun  loc:(-1.5000e5,-1.1795e3)Mm; rv:( 0.0000e0, 0.0000e0)kph; av:( 3.0106e3,-3.8602e5)kph; os: 0.0000e0kph; or: 0.0000e0Mm; 
Earthloc:( 0.0000e0, 0.0000e0)Mm; rv:(-8.3628e2, 1.0723e5)kph; av:( 0.0000e0, 0.0000e0)kph; os: 1.0723e5kph; or: 1.5000e5Mm; 
Moon loc:( 3.8465e2, 2.2586e1)Mm; rv:(-6.2736e1, 2.0520e3)kph; av:(-2.2585e2, 7.3871e3)kph; os: 2.0529e3kph; or: 3.8532e2Mm; 
Ap8CMloc:( 5.7199e0,-3.8846e0)Mm; rv:( 6.1918e3, 9.1136e3)kph; av:( 2.2290e4, 3.2809e4)kph; os: 1.1018e4kph; or: 6.9143e0Mm; 
Time:   12.00hours, Distance to sun:150000.0Mm, Energy: -196.58YJ, Momentum( 3.651e-1,-1.7592e1)Pgm/s
Sun  loc:(-1.4999e5,-1.2868e3)Mm; rv:( 0.0000e0, 0.0000e0)kph; av:( 3.2843e3,-3.8602e5)kph; os: 0.0000e0kph; or: 0.0000e0Mm; 
Earthloc:( 0.0000e0, 0.0000e0)Mm; rv:(-9.1230e2, 1.0723e5)kph; av:( 0.0000e0, 0.0000e0)kph; os: 1.0723e5kph; or: 1.5000e5Mm; 
Moon loc:( 3.8459e2, 2.4638e1)Mm; rv:(-6.8423e1, 2.0516e3)kph; av:(-2.4632e2, 7.3857e3)kph; os: 2.0527e3kph; or: 3.8538e2Mm; 
Ap8CMloc:( 3.7424e0, 5.8144e0)Mm; rv:(-9.2778e3, 5.9852e3)kph; av:(-3.3400e4, 2.1547e4)kph; os: 1.1041e4kph; or: 6.9147e0Mm; 
Time:   13.00hours, Distance to sun:150000.1Mm, Energy: -231.13YJ, Momentum(-4.296e-2, 2.6388e1)Pgm/s
Sun  loc:(-1.4999e5,-1.3940e3)Mm; rv:( 0.0000e0, 0.0000e0)kph; av:( 3.5580e3,-3.8602e5)kph; os: 0.0000e0kph; or: 0.0000e0Mm; 
Earthloc:( 0.0000e0, 0.0000e0)Mm; rv:(-9.8832e2, 1.0723e5)kph; av:( 0.0000e0, 0.0000e0)kph; os: 1.0723e5kph; or: 1.5000e5Mm; 
Moon loc:( 3.8452e2, 2.6690e1)Mm; rv:(-7.4107e1, 2.0512e3)kph; av:(-2.6679e2, 7.3842e3)kph; os: 2.0525e3kph; or: 3.8544e2Mm; 
Ap8CMloc:(-5.9229e0, 3.6370e0)Mm; rv:(-5.8085e3,-9.3499e3)kph; av:(-2.0910e4,-3.3660e4)kph; os: 1.1007e4kph; or: 6.9505e0Mm; 
Time:   14.00hours, Distance to sun:150000.1Mm, Energy: -268.48YJ, Momentum(-9.535e-1, 4.3980e1)Pgm/s
Sun  loc:(-1.4999e5,-1.5012e3)Mm; rv:( 0.0000e0, 0.0000e0)kph; av:( 3.8317e3,-3.8602e5)kph; os: 0.0000e0kph; or: 0.0000e0Mm; 
Earthloc:( 0.0000e0, 0.0000e0)Mm; rv:(-1.0643e3, 1.0723e5)kph; av:( 0.0000e0, 0.0000e0)kph; os: 1.0723e5kph; or: 1.5000e5Mm; 
Moon loc:( 3.8444e2, 2.8740e1)Mm; rv:(-7.9787e1, 2.0507e3)kph; av:(-2.8723e2, 7.3826e3)kph; os: 2.0523e3kph; or: 3.8551e2Mm; 
Ap8CMloc:(-3.6613e0,-5.9757e0)Mm; rv:( 9.3035e3,-5.7540e3)kph; av:( 3.3493e4,-2.0714e4)kph; os: 1.0939e4kph; or: 7.0082e0Mm; 
Time:   15.00hours, Distance to sun:150000.1Mm, Energy: -308.62YJ, Momentum(-8.203e-1, 5.2777e1)Pgm/s
Sun  loc:(-1.4999e5,-1.6084e3)Mm; rv:( 0.0000e0, 0.0000e0)kph; av:( 4.1053e3,-3.8601e5)kph; os: 0.0000e0kph; or: 0.0000e0Mm; 
Earthloc:( 0.0000e0, 0.0000e0)Mm; rv:(-1.1404e3, 1.0723e5)kph; av:( 0.0000e0, 0.0000e0)kph; os: 1.0723e5kph; or: 1.5000e5Mm; 
Moon loc:( 3.8436e2, 3.0791e1)Mm; rv:(-8.5461e1, 2.0503e3)kph; av:(-3.0766e2, 7.3809e3)kph; os: 2.0520e3kph; or: 3.8559e2Mm; 
Ap8CMloc:( 5.9388e0,-3.7614e0)Mm; rv:( 5.8472e3, 9.2314e3)kph; av:( 2.1050e4, 3.3233e4)kph; os: 1.0927e4kph; or: 7.0298e0Mm; 
Time:   16.00hours, Distance to sun:150000.1Mm, Energy: -351.55YJ, Momentum(-1.0609e0, 2.6388e1)Pgm/s
Sun  loc:(-1.4999e5,-1.7157e3)Mm; rv:( 0.0000e0, 0.0000e0)kph; av:( 4.3790e3,-3.8601e5)kph; os: 0.0000e0kph; or: 0.0000e0Mm; 
Earthloc:( 0.0000e0, 0.0000e0)Mm; rv:(-1.2164e3, 1.0723e5)kph; av:( 0.0000e0, 0.0000e0)kph; os: 1.0723e5kph; or: 1.5000e5Mm; 
Moon loc:( 3.8427e2, 3.2841e1)Mm; rv:(-9.1131e1, 2.0497e3)kph; av:(-3.2807e2, 7.3791e3)kph; os: 2.0518e3kph; or: 3.8567e2Mm; 
Ap8CMloc:( 3.8450e0, 5.8841e0)Mm; rv:(-9.1615e3, 5.9989e3)kph; av:(-3.2981e4, 2.1596e4)kph; os: 1.0951e4kph; or: 7.0290e0Mm; 
Time:   17.00hours, Distance to sun:150000.1Mm, Energy: -397.28YJ, Momentum(-1.0566e0,-3.9582e1)Pgm/s
Sun  loc:(-1.4999e5,-1.8229e3)Mm; rv:( 0.0000e0, 0.0000e0)kph; av:( 4.6527e3,-3.8601e5)kph; os: 0.0000e0kph; or: 0.0000e0Mm; 
Earthloc:( 0.0000e0, 0.0000e0)Mm; rv:(-1.2924e3, 1.0722e5)kph; av:( 0.0000e0, 0.0000e0)kph; os: 1.0723e5kph; or: 1.5000e5Mm; 
Moon loc:( 3.8418e2, 3.4890e1)Mm; rv:(-9.6795e1, 2.0492e3)kph; av:(-3.4846e2, 7.3771e3)kph; os: 2.0515e3kph; or: 3.8576e2Mm; 
Ap8CMloc:(-5.8458e0, 3.9642e0)Mm; rv:(-6.1746e3,-9.0065e3)kph; av:(-2.2229e4,-3.2423e4)kph; os: 1.0920e4kph; or: 7.0632e0Mm; 
Time:   18.00hours, Distance to sun:150000.1Mm, Energy: -445.80YJ, Momentum(-8.375e-1,-2.6388e1)Pgm/s
Sun  loc:(-1.4999e5,-1.9301e3)Mm; rv:( 0.0000e0, 0.0000e0)kph; av:( 4.9264e3,-3.8600e5)kph; os: 0.0000e0kph; or: 0.0000e0Mm; 
Earthloc:( 0.0000e0, 0.0000e0)Mm; rv:(-1.3684e3, 1.0722e5)kph; av:( 0.0000e0, 0.0000e0)kph; os: 1.0723e5kph; or: 1.5000e5Mm; 
Moon loc:( 3.8408e2, 3.6939e1)Mm; rv:(-1.0245e2, 2.0486e3)kph; av:(-3.6883e2, 7.3750e3)kph; os: 2.0512e3kph; or: 3.8585e2Mm; 
Ap8CMloc:(-4.2063e0,-5.7454e0)Mm; rv:( 8.7290e3,-6.4492e3)kph; av:( 3.1425e4,-2.3217e4)kph; os: 1.0853e4kph; or: 7.1206e0Mm; 
Time:   19.00hours, Distance to sun:150000.1Mm, Energy: -497.11YJ, Momentum( 4.338e-1,-7.4767e1)Pgm/s
Sun  loc:(-1.4999e5,-2.0373e3)Mm; rv:( 0.0000e0, 0.0000e0)kph; av:( 5.2001e3,-3.8600e5)kph; os: 0.0000e0kph; or: 0.0000e0Mm; 
Earthloc:( 0.0000e0, 0.0000e0)Mm; rv:(-1.4445e3, 1.0722e5)kph; av:( 0.0000e0, 0.0000e0)kph; os: 1.0723e5kph; or: 1.5000e5Mm; 
Moon loc:( 3.8397e2, 3.8988e1)Mm; rv:(-1.0811e2, 2.0480e3)kph; av:(-3.8918e2, 7.3728e3)kph; os: 2.0509e3kph; or: 3.8595e2Mm; 
Ap8CMloc:( 5.5378e0,-4.5136e0)Mm; rv:( 6.8485e3, 8.3999e3)kph; av:( 2.4654e4, 3.0240e4)kph; os: 1.0838e4kph; or: 7.1442e0Mm; 
Time:   20.00hours, Distance to sun:150000.1Mm, Energy: -551.21YJ, Momentum(-5.585e-2,-1.0116e2)Pgm/s
Sun  loc:(-1.4998e5,-2.1446e3)Mm; rv:( 0.0000e0, 0.0000e0)kph; av:( 5.4737e3,-3.8600e5)kph; os: 0.0000e0kph; or: 0.0000e0Mm; 
Earthloc:( 0.0000e0, 0.0000e0)Mm; rv:(-1.5205e3, 1.0722e5)kph; av:( 0.0000e0, 0.0000e0)kph; os: 1.0723e5kph; or: 1.5000e5Mm; 
Moon loc:( 3.8386e2, 4.1035e1)Mm; rv:(-1.1375e2, 2.0474e3)kph; av:(-4.0951e2, 7.3705e3)kph; os: 2.0505e3kph; or: 3.8605e2Mm; 
Ap8CMloc:( 4.7917e0, 5.2955e0)Mm; rv:(-8.0511e3, 7.2922e3)kph; av:(-2.8984e4, 2.6252e4)kph; os: 1.0863e4kph; or: 7.1416e0Mm; 
Time:   21.00hours, Distance to sun:150000.1Mm, Energy: -608.11YJ, Momentum(-4.725e-1,-1.4514e2)Pgm/s
Sun  loc:(-1.4998e5,-2.2518e3)Mm; rv:( 0.0000e0, 0.0000e0)kph; av:( 5.7474e3,-3.8599e5)kph; os: 0.0000e0kph; or: 0.0000e0Mm; 
Earthloc:( 0.0000e0, 0.0000e0)Mm; rv:(-1.5965e3, 1.0722e5)kph; av:( 0.0000e0, 0.0000e0)kph; os: 1.0723e5kph; or: 1.5000e5Mm; 
Moon loc:( 3.8374e2, 4.3082e1)Mm; rv:(-1.1939e2, 2.0467e3)kph; av:(-4.2981e2, 7.3681e3)kph; os: 2.0502e3kph; or: 3.8615e2Mm; 
Ap8CMloc:(-5.0560e0, 5.0835e0)Mm; rv:(-7.7221e3,-7.6088e3)kph; av:(-2.7800e4,-2.7392e4)kph; os: 1.0841e4kph; or: 7.1698e0Mm; 
Time:   22.00hours, Distance to sun:150000.2Mm, Energy: -667.79YJ, Momentum( 1.117e-1,-1.2754e2)Pgm/s
Sun  loc:(-1.4998e5,-2.3590e3)Mm; rv:( 0.0000e0, 0.0000e0)kph; av:( 6.0211e3,-3.8599e5)kph; os: 0.0000e0kph; or: 0.0000e0Mm; 
Earthloc:( 0.0000e0, 0.0000e0)Mm; rv:(-1.6725e3, 1.0722e5)kph; av:( 0.0000e0, 0.0000e0)kph; os: 1.0723e5kph; or: 1.5000e5Mm; 
Moon loc:( 3.8362e2, 4.5129e1)Mm; rv:(-1.2502e2, 2.0460e3)kph; av:(-4.5009e2, 7.3656e3)kph; os: 2.0498e3kph; or: 3.8627e2Mm; 
Ap8CMloc:(-5.4649e0,-4.7292e0)Mm; rv:( 7.0116e3,-8.1818e3)kph; av:( 2.5242e4,-2.9454e4)kph; os: 1.0775e4kph; or: 7.2271e0Mm; 
Time:   23.00hours, Distance to sun:150000.2Mm, Energy: -730.27YJ, Momentum(-6.271e-1,-1.6713e2)Pgm/s
Sun  loc:(-1.4998e5,-2.4662e3)Mm; rv:( 0.0000e0, 0.0000e0)kph; av:( 6.2948e3,-3.8598e5)kph; os: 0.0000e0kph; or: 0.0000e0Mm; 
Earthloc:( 0.0000e0, 0.0000e0)Mm; rv:(-1.7486e3, 1.0722e5)kph; av:( 0.0000e0, 0.0000e0)kph; os: 1.0723e5kph; or: 1.5000e5Mm; 
Moon loc:( 3.8349e2, 4.7174e1)Mm; rv:(-1.3065e2, 2.0453e3)kph; av:(-4.7034e2, 7.3629e3)kph; os: 2.0494e3kph; or: 3.8638e2Mm; 
Ap8CMloc:( 4.2583e0,-5.8765e0)Mm; rv:( 8.7090e3, 6.3022e3)kph; av:( 3.1352e4, 2.2688e4)kph; os: 1.0750e4kph; or: 7.2572e0Mm; 
Time:   24.00hours, Distance to sun:150000.2Mm, Energy: -795.53YJ, Momentum(-5.154e-1,-1.6713e2)Pgm/s
Sun  loc:(-1.4998e5,-2.5734e3)Mm; rv:( 0.0000e0, 0.0000e0)kph; av:( 6.5685e3,-3.8598e5)kph; os: 0.0000e0kph; or: 0.0000e0Mm; 
Earthloc:( 0.0000e0, 0.0000e0)Mm; rv:(-1.8246e3, 1.0722e5)kph; av:( 0.0000e0, 0.0000e0)kph; os: 1.0723e5kph; or: 1.5000e5Mm; 
Moon loc:( 3.8336e2, 4.9219e1)Mm; rv:(-1.3627e2, 2.0445e3)kph; av:(-4.9056e2, 7.3601e3)kph; os: 2.0490e3kph; or: 3.8651e2Mm; 
Ap8CMloc:( 6.2246e0, 3.7249e0)Mm; rv:(-5.5344e3, 9.2445e3)kph; av:(-1.9924e4, 3.3280e4)kph; os: 1.0774e4kph; or: 7.2540e0Mm; 
Time:   25.00hours, Distance to sun:150000.2Mm, Energy: -863.58YJ, Momentum(-1.1597e0,-1.9351e2)Pgm/s
Sun  loc:(-1.4998e5,-2.6807e3)Mm; rv:( 0.0000e0, 0.0000e0)kph; av:( 6.8421e3,-3.8598e5)kph; os: 0.0000e0kph; or: 0.0000e0Mm; 
Earthloc:( 0.0000e0, 0.0000e0)Mm; rv:(-1.9006e3, 1.0722e5)kph; av:( 0.0000e0, 0.0000e0)kph; os: 1.0723e5kph; or: 1.5000e5Mm; 
Moon loc:( 3.8322e2, 5.1263e1)Mm; rv:(-1.4188e2, 2.0437e3)kph; av:(-5.1076e2, 7.3573e3)kph; os: 2.0486e3kph; or: 3.8663e2Mm; 
Ap8CMloc:(-3.1826e0, 6.5386e0)Mm; rv:(-9.6996e3,-4.6754e3)kph; av:(-3.4919e4,-1.6832e4)kph; os: 1.0768e4kph; or: 7.2720e0Mm; 
Time:   26.00hours, Distance to sun:150000.2Mm, Energy: -934.43YJ, Momentum( 4.381e-1,-1.9791e2)Pgm/s
Sun  loc:(-1.4997e5,-2.7879e3)Mm; rv:( 0.0000e0, 0.0000e0)kph; av:( 7.1158e3,-3.8597e5)kph; os: 0.0000e0kph; or: 0.0000e0Mm; 
Earthloc:( 0.0000e0, 0.0000e0)Mm; rv:(-1.9766e3, 1.0721e5)kph; av:( 0.0000e0, 0.0000e0)kph; os: 1.0723e5kph; or: 1.5000e5Mm; 
Moon loc:( 3.8308e2, 5.3307e1)Mm; rv:(-1.4748e2, 2.0428e3)kph; av:(-5.3093e2, 7.3543e3)kph; os: 2.0482e3kph; or: 3.8677e2Mm; 
Ap8CMloc:(-6.8730e0,-2.5380e0)Mm; rv:( 3.6549e3,-1.0064e4)kph; av:( 1.3158e4,-3.6229e4)kph; os: 1.0707e4kph; or: 7.3266e0Mm; 
Time:   27.00hours, Distance to sun:150000.2Mm, Energy:-1008.06YJ, Momentum(-2.2677e0,-1.6273e2)Pgm/s
Sun  loc:(-1.4997e5,-2.8951e3)Mm; rv:( 0.0000e0, 0.0000e0)kph; av:( 7.3895e3,-3.8597e5)kph; os: 0.0000e0kph; or: 0.0000e0Mm; 
Earthloc:( 0.0000e0, 0.0000e0)Mm; rv:(-2.0526e3, 1.0721e5)kph; av:( 0.0000e0, 0.0000e0)kph; os: 1.0723e5kph; or: 1.5000e5Mm; 
Moon loc:( 3.8293e2, 5.5349e1)Mm; rv:(-1.5307e2, 2.0420e3)kph; av:(-5.5106e2, 7.3511e3)kph; os: 2.0477e3kph; or: 3.8691e2Mm; 
Ap8CMloc:( 1.7240e0,-7.1624e0)Mm; rv:( 1.0375e4, 2.4787e3)kph; av:( 3.7349e4, 8.9234e3)kph; os: 1.0667e4kph; or: 7.3669e0Mm; 
Time:   28.00hours, Distance to sun:150000.2Mm, Energy:-1084.47YJ, Momentum(-2.2763e0,-1.7152e2)Pgm/s
Sun  loc:(-1.4997e5,-3.0023e3)Mm; rv:( 0.0000e0, 0.0000e0)kph; av:( 7.6631e3,-3.8596e5)kph; os: 0.0000e0kph; or: 0.0000e0Mm; 
Earthloc:( 0.0000e0, 0.0000e0)Mm; rv:(-2.1287e3, 1.0721e5)kph; av:( 0.0000e0, 0.0000e0)kph; os: 1.0723e5kph; or: 1.5000e5Mm; 
Moon loc:( 3.8277e2, 5.7391e1)Mm; rv:(-1.5866e2, 2.0411e3)kph; av:(-5.7116e2, 7.3479e3)kph; os: 2.0472e3kph; or: 3.8705e2Mm; 
Ap8CMloc:( 7.3201e0, 8.353e-1)Mm; rv:(-1.2187e3, 1.0615e4)kph; av:(-4.3874e3, 3.8213e4)kph; os: 1.0685e4kph; or: 7.3676e0Mm; 
Time:   29.00hours, Distance to sun:150000.3Mm, Energy:-1163.67YJ, Momentum(-2.8776e0,-1.5393e2)Pgm/s
Sun  loc:(-1.4997e5,-3.1095e3)Mm; rv:( 0.0000e0, 0.0000e0)kph; av:( 7.9368e3,-3.8596e5)kph; os: 0.0000e0kph; or: 0.0000e0Mm; 
Earthloc:( 0.0000e0, 0.0000e0)Mm; rv:(-2.2047e3, 1.0721e5)kph; av:( 0.0000e0, 0.0000e0)kph; os: 1.0723e5kph; or: 1.5000e5Mm; 
Moon loc:( 3.8261e2, 5.9431e1)Mm; rv:(-1.6423e2, 2.0402e3)kph; av:(-5.9123e2, 7.3446e3)kph; os: 2.0468e3kph; or: 3.8720e2Mm; 
Ap8CMloc:( 4.158e-2, 7.3729e0)Mm; rv:(-1.0695e4, 8.5939e1)kph; av:(-3.8502e4, 3.0938e2)kph; os: 1.0695e4kph; or: 7.3730e0Mm; 
Time:   30.00hours, Distance to sun:150000.3Mm, Energy:-1245.66YJ, Momentum(-5.3172e0,-1.4953e2)Pgm/s
Sun  loc:(-1.4997e5,-3.2167e3)Mm; rv:( 0.0000e0, 0.0000e0)kph; av:( 8.2105e3,-3.8595e5)kph; os: 0.0000e0kph; or: 0.0000e0Mm; 
Earthloc:( 0.0000e0, 0.0000e0)Mm; rv:(-2.2807e3, 1.0721e5)kph; av:( 0.0000e0, 0.0000e0)kph; os: 1.0723e5kph; or: 1.5000e5Mm; 
Moon loc:( 3.8244e2, 6.1471e1)Mm; rv:(-1.6980e2, 2.0392e3)kph; av:(-6.1127e2, 7.3411e3)kph; os: 2.0463e3kph; or: 3.8735e2Mm; 
Ap8CMloc:(-7.3539e0, 9.794e-1)Mm; rv:(-1.4639e3,-1.0547e4)kph; av:(-5.2700e3,-3.7969e4)kph; os: 1.0648e4kph; or: 7.4188e0Mm; 
Time:   31.00hours, Distance to sun:150000.3Mm, Energy:-1330.43YJ, Momentum(-7.1039e0,-1.4074e2)Pgm/s
Sun  loc:(-1.4996e5,-3.3239e3)Mm; rv:( 0.0000e0, 0.0000e0)kph; av:( 8.4841e3,-3.8594e5)kph; os: 0.0000e0kph; or: 0.0000e0Mm; 
Earthloc:( 0.0000e0, 0.0000e0)Mm; rv:(-2.3567e3, 1.0721e5)kph; av:( 0.0000e0, 0.0000e0)kph; os: 1.0723e5kph; or: 1.5000e5Mm; 
Moon loc:( 3.8227e2, 6.3510e1)Mm; rv:(-1.7535e2, 2.0382e3)kph; av:(-6.3127e2, 7.3376e3)kph; os: 2.0457e3kph; or: 3.8751e2Mm; 
Ap8CMloc:(-2.0453e0,-7.1843e0)Mm; rv:( 1.0179e4,-2.9334e3)kph; av:( 3.6644e4,-1.0560e4)kph; os: 1.0593e4kph; or: 7.4698e0Mm; 
Time:   32.00hours, Distance to sun:150000.3Mm, Energy:-1417.99YJ, Momentum(-7.0008e0,-1.6273e2)Pgm/s
Sun  loc:(-1.4996e5,-3.4311e3)Mm; rv:( 0.0000e0, 0.0000e0)kph; av:( 8.7578e3,-3.8594e5)kph; os: 0.0000e0kph; or: 0.0000e0Mm; 
Earthloc:( 0.0000e0, 0.0000e0)Mm; rv:(-2.4327e3, 1.0720e5)kph; av:( 0.0000e0, 0.0000e0)kph; os: 1.0723e5kph; or: 1.5000e5Mm; 
Moon loc:( 3.8209e2, 6.5547e1)Mm; rv:(-1.8090e2, 2.0372e3)kph; av:(-6.5124e2, 7.3339e3)kph; os: 2.0452e3kph; or: 3.8767e2Mm; 
Ap8CMloc:( 6.7932e0,-3.1356e0)Mm; rv:( 4.4346e3, 9.6208e3)kph; av:( 1.5965e4, 3.4635e4)kph; os: 1.0594e4kph; or: 7.4819e0Mm; 
Time:   33.00hours, Distance to sun:150000.3Mm, Energy:-1508.33YJ, Momentum(-7.2929e0,-1.2754e2)Pgm/s
Sun  loc:(-1.4996e5,-3.5383e3)Mm; rv:( 0.0000e0, 0.0000e0)kph; av:( 9.0315e3,-3.8593e5)kph; os: 0.0000e0kph; or: 0.0000e0Mm; 
Earthloc:( 0.0000e0, 0.0000e0)Mm; rv:(-2.5087e3, 1.0720e5)kph; av:( 0.0000e0, 0.0000e0)kph; os: 1.0723e5kph; or: 1.5000e5Mm; 
Moon loc:( 3.8191e2, 6.7584e1)Mm; rv:(-1.8643e2, 2.0361e3)kph; av:(-6.7116e2, 7.3301e3)kph; os: 2.0447e3kph; or: 3.8784e2Mm; 
Ap8CMloc:( 4.1282e0, 6.2344e0)Mm; rv:(-8.8495e3, 5.8676e3)kph; av:(-3.1858e4, 2.1123e4)kph; os: 1.0618e4kph; or: 7.4773e0Mm; 
Time:   34.00hours, Distance to sun:150000.4Mm, Energy:-1601.45YJ, Momentum(-6.5627e0,-1.5833e2)Pgm/s
Sun  loc:(-1.4996e5,-3.6455e3)Mm; rv:( 0.0000e0, 0.0000e0)kph; av:( 9.3051e3,-3.8593e5)kph; os: 0.0000e0kph; or: 0.0000e0Mm; 
Earthloc:( 0.0000e0, 0.0000e0)Mm; rv:(-2.5848e3, 1.0720e5)kph; av:( 0.0000e0, 0.0000e0)kph; os: 1.0723e5kph; or: 1.5000e5Mm; 
Moon loc:( 3.8172e2, 6.9620e1)Mm; rv:(-1.9196e2, 2.0351e3)kph; av:(-6.9105e2, 7.3262e3)kph; os: 2.0441e3kph; or: 3.8802e2Mm; 
Ap8CMloc:(-5.5506e0, 5.0531e0)Mm; rv:(-7.1691e3,-7.8011e3)kph; av:(-2.5809e4,-2.8084e4)kph; os: 1.0595e4kph; or: 7.5062e0Mm; 
Time:   35.00hours, Distance to sun:150000.4Mm, Energy:-1697.35YJ, Momentum(-6.7345e0,-2.2870e2)Pgm/s
Sun  loc:(-1.4995e5,-3.7527e3)Mm; rv:( 0.0000e0, 0.0000e0)kph; av:( 9.5788e3,-3.8592e5)kph; os: 0.0000e0kph; or: 0.0000e0Mm; 
Earthloc:( 0.0000e0, 0.0000e0)Mm; rv:(-2.6608e3, 1.0720e5)kph; av:( 0.0000e0, 0.0000e0)kph; os: 1.0723e5kph; or: 1.5000e5Mm; 
Moon loc:( 3.8152e2, 7.1654e1)Mm; rv:(-1.9747e2, 2.0339e3)kph; av:(-7.1090e2, 7.3222e3)kph; os: 2.0435e3kph; or: 3.8819e2Mm; 
Ap8CMloc:(-5.9562e0,-4.6588e0)Mm; rv:( 6.4498e3,-8.3289e3)kph; av:( 2.3219e4,-2.9984e4)kph; os: 1.0534e4kph; or: 7.5618e0Mm; 
Time:   36.00hours, Distance to sun:150000.4Mm, Energy:-1796.04YJ, Momentum(-8.1690e0,-2.3749e2)Pgm/s
Sun  loc:(-1.4995e5,-3.8599e3)Mm; rv:( 0.0000e0, 0.0000e0)kph; av:( 9.8524e3,-3.8591e5)kph; os: 0.0000e0kph; or: 0.0000e0Mm; 
Earthloc:( 0.0000e0, 0.0000e0)Mm; rv:(-2.7368e3, 1.0720e5)kph; av:( 0.0000e0, 0.0000e0)kph; os: 1.0723e5kph; or: 1.5000e5Mm; 
Moon loc:( 3.8132e2, 7.3687e1)Mm; rv:(-2.0297e2, 2.0328e3)kph; av:(-7.3071e2, 7.3181e3)kph; os: 2.0429e3kph; or: 3.8838e2Mm; 
Ap8CMloc:( 3.5072e0,-6.7342e0)Mm; rv:( 9.3239e3, 4.8461e3)kph; av:( 3.3566e4, 1.7446e4)kph; os: 1.0508e4kph; or: 7.5927e0Mm; 
Time:   37.00hours, Distance to sun:150000.4Mm, Energy:-1897.50YJ, Momentum(-7.5763e0,-2.5509e2)Pgm/s
Sun  loc:(-1.4995e5,-3.9671e3)Mm; rv:( 0.0000e0, 0.0000e0)kph; av:( 1.0126e4,-3.8591e5)kph; os: 0.0000e0kph; or: 0.0000e0Mm; 
Earthloc:( 0.0000e0, 0.0000e0)Mm; rv:(-2.8128e3, 1.0720e5)kph; av:( 0.0000e0, 0.0000e0)kph; os: 1.0723e5kph; or: 1.5000e5Mm; 
Moon loc:( 3.8112e2, 7.5720e1)Mm; rv:(-2.0847e2, 2.0316e3)kph; av:(-7.5048e2, 7.3138e3)kph; os: 2.0423e3kph; or: 3.8857e2Mm; 
Ap8CMloc:( 7.2612e0, 2.2041e0)Mm; rv:(-3.0664e3, 1.0075e4)kph; av:(-1.1039e4, 3.6269e4)kph; os: 1.0531e4kph; or: 7.5884e0Mm; 
Time:   38.00hours, Distance to sun:150000.5Mm, Energy:-2001.74YJ, Momentum(-7.5076e0,-2.5948e2)Pgm/s
Sun  loc:(-1.4995e5,-4.0743e3)Mm; rv:( 0.0000e0, 0.0000e0)kph; av:( 1.0400e4,-3.8590e5)kph; os: 0.0000e0kph; or: 0.0000e0Mm; 
Earthloc:( 0.0000e0, 0.0000e0)Mm; rv:(-2.8888e3, 1.0719e5)kph; av:( 0.0000e0, 0.0000e0)kph; os: 1.0723e5kph; or: 1.5000e5Mm; 
Moon loc:( 3.8091e2, 7.7751e1)Mm; rv:(-2.1394e2, 2.0304e3)kph; av:(-7.7020e2, 7.3095e3)kph; os: 2.0417e3kph; or: 3.8876e2Mm; 
Ap8CMloc:(-8.536e-1, 7.5475e0)Mm; rv:(-1.0474e4,-1.1563e3)kph; av:(-3.7707e4,-4.1625e3)kph; os: 1.0538e4kph; or: 7.5956e0Mm; 
Time:   39.00hours, Distance to sun:150000.5Mm, Energy:-2108.76YJ, Momentum(-6.3651e0,-2.4629e2)Pgm/s
Sun  loc:(-1.4994e5,-4.1815e3)Mm; rv:( 0.0000e0, 0.0000e0)kph; av:( 1.0673e4,-3.8589e5)kph; os: 0.0000e0kph; or: 0.0000e0Mm; 
Earthloc:( 0.0000e0, 0.0000e0)Mm; rv:(-2.9648e3, 1.0719e5)kph; av:( 0.0000e0, 0.0000e0)kph; os: 1.0723e5kph; or: 1.5000e5Mm; 
Moon loc:( 3.8069e2, 7.9780e1)Mm; rv:(-2.1941e2, 2.0292e3)kph; av:(-7.8988e2, 7.3050e3)kph; os: 2.0410e3kph; or: 3.8896e2Mm; 
Ap8CMloc:(-7.6194e0, 5.900e-1)Mm; rv:(-8.6737e2,-1.0454e4)kph; av:(-3.1225e3,-3.7636e4)kph; os: 1.0490e4kph; or: 7.6422e0Mm; 
Time:   40.00hours, Distance to sun:150000.5Mm, Energy:-2218.56YJ, Momentum(-4.8275e0,-2.3749e2)Pgm/s
Sun  loc:(-1.4994e5,-4.2887e3)Mm; rv:( 0.0000e0, 0.0000e0)kph; av:( 1.0947e4,-3.8588e5)kph; os: 0.0000e0kph; or: 0.0000e0Mm; 
Earthloc:( 0.0000e0, 0.0000e0)Mm; rv:(-3.0408e3, 1.0719e5)kph; av:( 0.0000e0, 0.0000e0)kph; os: 1.0723e5kph; or: 1.5000e5Mm; 
Moon loc:( 3.8047e2, 8.1809e1)Mm; rv:(-2.2487e2, 2.0279e3)kph; av:(-8.0952e2, 7.3005e3)kph; os: 2.0403e3kph; or: 3.8916e2Mm; 
Ap8CMloc:(-2.1548e0,-7.3837e0)Mm; rv:( 1.0012e4,-2.9562e3)kph; av:( 3.6042e4,-1.0642e4)kph; os: 1.0439e4kph; or: 7.6917e0Mm; 
Time:   41.00hours, Distance to sun:150000.5Mm, Energy:-2331.13YJ, Momentum(-4.7588e0,-2.0671e2)Pgm/s
Sun  loc:(-1.4994e5,-4.3959e3)Mm; rv:( 0.0000e0, 0.0000e0)kph; av:( 1.1221e4,-3.8588e5)kph; os: 0.0000e0kph; or: 0.0000e0Mm; 
Earthloc:( 0.0000e0, 0.0000e0)Mm; rv:(-3.1169e3, 1.0719e5)kph; av:( 0.0000e0, 0.0000e0)kph; os: 1.0723e5kph; or: 1.5000e5Mm; 
Moon loc:( 3.8024e2, 8.3836e1)Mm; rv:(-2.3031e2, 2.0266e3)kph; av:(-8.2911e2, 7.2958e3)kph; os: 2.0397e3kph; or: 3.8937e2Mm; 
Ap8CMloc:( 6.7611e0,-3.6917e0)Mm; rv:( 4.9975e3, 9.1652e3)kph; av:( 1.7991e4, 3.2995e4)kph; os: 1.0439e4kph; or: 7.7033e0Mm; 
Time:   42.00hours, Distance to sun:150000.6Mm, Energy:-2446.48YJ, Momentum(-2.9464e0,-2.0231e2)Pgm/s
Sun  loc:(-1.4993e5,-4.5031e3)Mm; rv:( 0.0000e0, 0.0000e0)kph; av:( 1.1494e4,-3.8587e5)kph; os: 0.0000e0kph; or: 0.0000e0Mm; 
Earthloc:( 0.0000e0, 0.0000e0)Mm; rv:(-3.1929e3, 1.0719e5)kph; av:( 0.0000e0, 0.0000e0)kph; os: 1.0723e5kph; or: 1.5000e5Mm; 
Moon loc:( 3.8001e2, 8.5862e1)Mm; rv:(-2.3574e2, 2.0253e3)kph; av:(-8.4865e2, 7.2911e3)kph; os: 2.0390e3kph; or: 3.8959e2Mm; 
Ap8CMloc:( 5.0335e0, 5.8219e0)Mm; rv:(-7.9154e3, 6.8455e3)kph; av:(-2.8495e4, 2.4644e4)kph; os: 1.0465e4kph; or: 7.6962e0Mm; 
Time:   43.00hours, Distance to sun:150000.6Mm, Energy:-2564.60YJ, Momentum(-2.7402e0,-2.1990e2)Pgm/s
Sun  loc:(-1.4993e5,-4.6103e3)Mm; rv:( 0.0000e0, 0.0000e0)kph; av:( 1.1768e4,-3.8586e5)kph; os: 0.0000e0kph; or: 0.0000e0Mm; 
Earthloc:( 0.0000e0, 0.0000e0)Mm; rv:(-3.2689e3, 1.0718e5)kph; av:( 0.0000e0, 0.0000e0)kph; os: 1.0723e5kph; or: 1.5000e5Mm; 
Moon loc:( 3.7977e2, 8.7887e1)Mm; rv:(-2.4115e2, 2.0239e3)kph; av:(-8.6815e2, 7.2862e3)kph; os: 2.0383e3kph; or: 3.8981e2Mm; 
Ap8CMloc:(-4.6418e0, 6.1671e0)Mm; rv:(-8.3760e3,-6.2493e3)kph; av:(-3.0153e4,-2.2497e4)kph; os: 1.0450e4kph; or: 7.7188e0Mm; 
Time:   44.00hours, Distance to sun:150000.6Mm, Energy:-2685.50YJ, Momentum(-1.8211e0,-2.0671e2)Pgm/s
Sun  loc:(-1.4993e5,-4.7175e3)Mm; rv:( 0.0000e0, 0.0000e0)kph; av:( 1.2042e4,-3.8585e5)kph; os: 0.0000e0kph; or: 0.0000e0Mm; 
Earthloc:( 0.0000e0, 0.0000e0)Mm; rv:(-3.3449e3, 1.0718e5)kph; av:( 0.0000e0, 0.0000e0)kph; os: 1.0723e5kph; or: 1.5000e5Mm; 
Moon loc:( 3.7952e2, 8.9910e1)Mm; rv:(-2.4656e2, 2.0226e3)kph; av:(-8.8760e2, 7.2812e3)kph; os: 2.0375e3kph; or: 3.9003e2Mm; 
Ap8CMloc:(-7.0963e0,-3.1710e0)Mm; rv:( 4.1909e3,-9.5114e3)kph; av:( 1.5087e4,-3.4241e4)kph; os: 1.0394e4kph; or: 7.7725e0Mm; 
Time:   45.00hours, Distance to sun:150000.6Mm, Energy:-2809.17YJ, Momentum(-3.2384e0,-2.1111e2)Pgm/s
Sun  loc:(-1.4992e5,-4.8246e3)Mm; rv:( 0.0000e0, 0.0000e0)kph; av:( 1.2315e4,-3.8584e5)kph; os: 0.0000e0kph; or: 0.0000e0Mm; 
Earthloc:( 0.0000e0, 0.0000e0)Mm; rv:(-3.4209e3, 1.0718e5)kph; av:( 0.0000e0, 0.0000e0)kph; os: 1.0723e5kph; or: 1.5000e5Mm; 
Moon loc:( 3.7928e2, 9.1932e1)Mm; rv:(-2.5194e2, 2.0211e3)kph; av:(-9.0700e2, 7.2761e3)kph; os: 2.0368e3kph; or: 3.9026e2Mm; 
Ap8CMloc:( 1.3990e0,-7.6839e0)Mm; rv:( 1.0194e4, 1.8390e3)kph; av:( 3.6699e4, 6.6203e3)kph; os: 1.0359e4kph; or: 7.8103e0Mm; 
Time:   46.00hours, Distance to sun:150000.7Mm, Energy:-2935.60YJ, Momentum(-7.0180e0,-2.9027e2)Pgm/s
Sun  loc:(-1.4992e5,-4.9318e3)Mm; rv:( 0.0000e0, 0.0000e0)kph; av:( 1.2589e4,-3.8583e5)kph; os: 0.0000e0kph; or: 0.0000e0Mm; 
Earthloc:( 0.0000e0, 0.0000e0)Mm; rv:(-3.4969e3, 1.0718e5)kph; av:( 0.0000e0, 0.0000e0)kph; os: 1.0723e5kph; or: 1.5000e5Mm; 
Moon loc:( 3.7902e2, 9.3952e1)Mm; rv:(-2.5732e2, 2.0197e3)kph; av:(-9.2635e2, 7.2709e3)kph; os: 2.0360e3kph; or: 3.9049e2Mm; 
Ap8CMloc:( 7.7936e0,-5.004e-1)Mm; rv:( 6.5388e2, 1.0354e4)kph; av:( 2.3540e3, 3.7275e4)kph; os: 1.0375e4kph; or: 7.8096e0Mm; 
Time:   47.00hours, Distance to sun:150000.7Mm, Energy:-3064.81YJ, Momentum(-7.3530e0,-2.6388e2)Pgm/s
Sun  loc:(-1.4992e5,-5.0390e3)Mm; rv:( 0.0000e0, 0.0000e0)kph; av:( 1.2862e4,-3.8583e5)kph; os: 0.0000e0kph; or: 0.0000e0Mm; 
Earthloc:( 0.0000e0, 0.0000e0)Mm; rv:(-3.5729e3, 1.0717e5)kph; av:( 0.0000e0, 0.0000e0)kph; os: 1.0723e5kph; or: 1.5000e5Mm; 
Moon loc:( 3.7876e2, 9.5971e1)Mm; rv:(-2.6268e2, 2.0182e3)kph; av:(-9.4564e2, 7.2656e3)kph; os: 2.0353e3kph; or: 3.9073e2Mm; 
Ap8CMloc:( 2.3388e0, 7.4481e0)Mm; rv:(-9.9128e3, 3.1263e3)kph; av:(-3.5686e4, 1.1255e4)kph; os: 1.0394e4kph; or: 7.8067e0Mm; 
Time:   48.00hours, Distance to sun:150000.7Mm, Energy:-3196.79YJ, Momentum(-8.0746e0,-2.8587e2)Pgm/s
Sun  loc:(-1.4991e5,-5.1462e3)Mm; rv:( 0.0000e0, 0.0000e0)kph; av:( 1.3136e4,-3.8582e5)kph; os: 0.0000e0kph; or: 0.0000e0Mm; 
Earthloc:( 0.0000e0, 0.0000e0)Mm; rv:(-3.6489e3, 1.0717e5)kph; av:( 0.0000e0, 0.0000e0)kph; os: 1.0723e5kph; or: 1.5000e5Mm; 
Moon loc:( 3.7850e2, 9.7989e1)Mm; rv:(-2.6802e2, 2.0167e3)kph; av:(-9.6489e2, 7.2603e3)kph; os: 2.0345e3kph; or: 3.9097e2Mm; 
Ap8CMloc:(-6.6954e0, 4.0802e0)Mm; rv:(-5.4376e3,-8.8232e3)kph; av:(-1.9575e4,-3.1764e4)kph; os: 1.0364e4kph; or: 7.8407e0Mm; 
Time:   49.00hours, Distance to sun:150000.8Mm, Energy:-3331.53YJ, Momentum(-9.2599e0,-2.7268e2)Pgm/s
Sun  loc:(-1.4991e5,-5.2533e3)Mm; rv:( 0.0000e0, 0.0000e0)kph; av:( 1.3410e4,-3.8581e5)kph; os: 0.0000e0kph; or: 0.0000e0Mm; 
Earthloc:( 0.0000e0, 0.0000e0)Mm; rv:(-3.7249e3, 1.0717e5)kph; av:( 0.0000e0, 0.0000e0)kph; os: 1.0723e5kph; or: 1.5000e5Mm; 
Moon loc:( 3.7822e2, 1.0000e2)Mm; rv:(-2.7336e2, 2.0152e3)kph; av:(-9.8408e2, 7.2548e3)kph; os: 2.0337e3kph; or: 3.9122e2Mm; 
Ap8CMloc:(-5.6882e0,-5.4747e0)Mm; rv:( 7.1142e3,-7.4594e3)kph; av:( 2.5611e4,-2.6854e4)kph; os: 1.0308e4kph; or: 7.8948e0Mm; 
Time:   50.00hours, Distance to sun:150000.8Mm, Energy:-3469.04YJ, Momentum(-1.0806e1,-2.6828e2)Pgm/s
Sun  loc:(-1.4990e5,-5.3605e3)Mm; rv:( 0.0000e0, 0.0000e0)kph; av:( 1.3683e4,-3.8580e5)kph; os: 0.0000e0kph; or: 0.0000e0Mm; 
Earthloc:( 0.0000e0, 0.0000e0)Mm; rv:(-3.8009e3, 1.0717e5)kph; av:( 0.0000e0, 0.0000e0)kph; os: 1.0723e5kph; or: 1.5000e5Mm; 
Moon loc:( 3.7795e2, 1.0202e2)Mm; rv:(-2.7867e2, 2.0137e3)kph; av:(-1.0032e3, 7.2492e3)kph; os: 2.0328e3kph; or: 3.9148e2Mm; 
Ap8CMloc:( 3.7731e0,-6.9658e0)Mm; rv:( 9.0482e3, 4.8942e3)kph; av:( 3.2574e4, 1.7619e4)kph; os: 1.0287e4kph; or: 7.9220e0Mm; 
Time:   51.00hours, Distance to sun:150000.8Mm, Energy:-3609.32YJ, Momentum(-9.7066e0,-2.7268e2)Pgm/s
Sun  loc:(-1.4990e5,-5.4677e3)Mm; rv:( 0.0000e0, 0.0000e0)kph; av:( 1.3957e4,-3.8579e5)kph; os: 0.0000e0kph; or: 0.0000e0Mm; 
Earthloc:( 0.0000e0, 0.0000e0)Mm; rv:(-3.8769e3, 1.0716e5)kph; av:( 0.0000e0, 0.0000e0)kph; os: 1.0723e5kph; or: 1.5000e5Mm; 
Moon loc:( 3.7767e2, 1.0403e2)Mm; rv:(-2.8397e2, 2.0121e3)kph; av:(-1.0223e3, 7.2435e3)kph; os: 2.0320e3kph; or: 3.9173e2Mm; 
Ap8CMloc:( 7.7147e0, 1.7713e0)Mm; rv:(-2.3178e3, 1.0046e4)kph; av:(-8.3440e3, 3.6167e4)kph; os: 1.0310e4kph; or: 7.9154e0Mm; 
Time:   52.00hours, Distance to sun:150000.8Mm, Energy:-3752.36YJ, Momentum(-7.3015e0,-2.9027e2)Pgm/s
Sun  loc:(-1.4990e5,-5.5748e3)Mm; rv:( 0.0000e0, 0.0000e0)kph; av:( 1.4231e4,-3.8578e5)kph; os: 0.0000e0kph; or: 0.0000e0Mm; 
Earthloc:( 0.0000e0, 0.0000e0)Mm; rv:(-3.9529e3, 1.0716e5)kph; av:( 0.0000e0, 0.0000e0)kph; os: 1.0723e5kph; or: 1.5000e5Mm; 
Moon loc:( 3.7738e2, 1.0604e2)Mm; rv:(-2.8926e2, 2.0105e3)kph; av:(-1.0413e3, 7.2377e3)kph; os: 2.0312e3kph; or: 3.9200e2Mm; 
Ap8CMloc:( 3.252e-1, 7.9109e0)Mm; rv:(-1.0312e4, 4.4498e2)kph; av:(-3.7125e4, 1.6019e3)kph; os: 1.0322e4kph; or: 7.9175e0Mm; 
Time:   53.00hours, Distance to sun:150000.9Mm, Energy:-3898.16YJ, Momentum(-7.8856e0,-2.7708e2)Pgm/s
Sun  loc:(-1.4989e5,-5.6820e3)Mm; rv:( 0.0000e0, 0.0000e0)kph; av:( 1.4504e4,-3.8577e5)kph; os: 0.0000e0kph; or: 0.0000e0Mm; 
Earthloc:( 0.0000e0, 0.0000e0)Mm; rv:(-4.0289e3, 1.0716e5)kph; av:( 0.0000e0, 0.0000e0)kph; os: 1.0723e5kph; or: 1.5000e5Mm; 
Moon loc:( 3.7709e2, 1.0805e2)Mm; rv:(-2.9453e2, 2.0088e3)kph; av:(-1.0603e3, 7.2318e3)kph; os: 2.0303e3kph; or: 3.9226e2Mm; 
Ap8CMloc:(-7.5714e0, 2.4502e0)Mm; rv:(-3.2183e3,-9.7675e3)kph; av:(-1.1586e4,-3.5163e4)kph; os: 1.0284e4kph; or: 7.9580e0Mm; 
Time:   54.00hours, Distance to sun:150000.9Mm, Energy:-4046.73YJ, Momentum(-6.2535e0,-2.7708e2)Pgm/s
Sun  loc:(-1.4989e5,-5.7891e3)Mm; rv:( 0.0000e0, 0.0000e0)kph; av:( 1.4778e4,-3.8576e5)kph; os: 0.0000e0kph; or: 0.0000e0Mm; 
Earthloc:( 0.0000e0, 0.0000e0)Mm; rv:(-4.1049e3, 1.0716e5)kph; av:( 0.0000e0, 0.0000e0)kph; os: 1.0723e5kph; or: 1.5000e5Mm; 
Moon loc:( 3.7679e2, 1.1006e2)Mm; rv:(-2.9978e2, 2.0072e3)kph; av:(-1.0792e3, 7.2258e3)kph; os: 2.0294e3kph; or: 3.9254e2Mm; 
Ap8CMloc:(-4.5188e0,-6.6138e0)Mm; rv:( 8.4244e3,-5.8057e3)kph; av:( 3.0328e4,-2.0901e4)kph; os: 1.0231e4kph; or: 8.0101e0Mm; 
Time:   55.00hours, Distance to sun:150000.9Mm, Energy:-4198.05YJ, Momentum(-3.1096e0,-2.7708e2)Pgm/s
Sun  loc:(-1.4989e5,-5.8963e3)Mm; rv:( 0.0000e0, 0.0000e0)kph; av:( 1.5051e4,-3.8575e5)kph; os: 0.0000e0kph; or: 0.0000e0Mm; 
Earthloc:( 0.0000e0, 0.0000e0)Mm; rv:(-4.1809e3, 1.0715e5)kph; av:( 0.0000e0, 0.0000e0)kph; os: 1.0723e5kph; or: 1.5000e5Mm; 
Moon loc:( 3.7649e2, 1.1207e2)Mm; rv:(-3.0502e2, 2.0055e3)kph; av:(-1.0981e3, 7.2197e3)kph; os: 2.0285e3kph; or: 3.9281e2Mm; 
Ap8CMloc:( 5.0144e0,-6.2727e0)Mm; rv:( 7.9821e3, 6.3804e3)kph; av:( 2.8736e4, 2.2969e4)kph; os: 1.0219e4kph; or: 8.0306e0Mm; 
Time:   56.00hours, Distance to sun:150001.0Mm, Energy:-4352.14YJ, Momentum(-6.1676e0,-3.0347e2)Pgm/s
Sun  loc:(-1.4988e5,-6.0034e3)Mm; rv:( 0.0000e0, 0.0000e0)kph; av:( 1.5325e4,-3.8574e5)kph; os: 0.0000e0kph; or: 0.0000e0Mm; 
Earthloc:( 0.0000e0, 0.0000e0)Mm; rv:(-4.2569e3, 1.0715e5)kph; av:( 0.0000e0, 0.0000e0)kph; os: 1.0723e5kph; or: 1.5000e5Mm; 
Moon loc:( 3.7618e2, 1.1407e2)Mm; rv:(-3.1024e2, 2.0037e3)kph; av:(-1.1169e3, 7.2135e3)kph; os: 2.0276e3kph; or: 3.9310e2Mm; 
Ap8CMloc:( 7.4550e0, 2.9610e0)Mm; rv:(-3.7909e3, 9.5171e3)kph; av:(-1.3647e4, 3.4262e4)kph; os: 1.0244e4kph; or: 8.0215e0Mm; 
Time:   57.00hours, Distance to sun:150001.0Mm, Energy:-4508.98YJ, Momentum(-7.4733e0,-3.1666e2)Pgm/s
Sun  loc:(-1.4988e5,-6.1106e3)Mm; rv:( 0.0000e0, 0.0000e0)kph; av:( 1.5599e4,-3.8573e5)kph; os: 0.0000e0kph; or: 0.0000e0Mm; 
Earthloc:( 0.0000e0, 0.0000e0)Mm; rv:(-4.3329e3, 1.0715e5)kph; av:( 0.0000e0, 0.0000e0)kph; os: 1.0723e5kph; or: 1.5000e5Mm; 
Moon loc:( 3.7587e2, 1.1607e2)Mm; rv:(-3.1544e2, 2.0020e3)kph; av:(-1.1356e3, 7.2072e3)kph; os: 2.0267e3kph; or: 3.9338e2Mm; 
Ap8CMloc:(-6.847e-1, 7.9973e0)Mm; rv:(-1.0217e4,-8.4989e2)kph; av:(-3.6779e4,-3.0596e3)kph; os: 1.0252e4kph; or: 8.0265e0Mm; 
Time:   58.00hours, Distance to sun:150001.1Mm, Energy:-4668.58YJ, Momentum(-4.8276e0,-3.3865e2)Pgm/s
Sun  loc:(-1.4987e5,-6.2177e3)Mm; rv:( 0.0000e0, 0.0000e0)kph; av:( 1.5872e4,-3.8572e5)kph; os: 0.0000e0kph; or: 0.0000e0Mm; 
Earthloc:( 0.0000e0, 0.0000e0)Mm; rv:(-4.4089e3, 1.0714e5)kph; av:( 0.0000e0, 0.0000e0)kph; os: 1.0723e5kph; or: 1.5000e5Mm; 
Moon loc:( 3.7555e2, 1.1808e2)Mm; rv:(-3.2063e2, 2.0002e3)kph; av:(-1.1543e3, 7.2008e3)kph; os: 2.0258e3kph; or: 3.9368e2Mm; 
Ap8CMloc:(-7.8865e0, 1.7078e0)Mm; rv:(-2.2148e3,-9.9682e3)kph; av:(-7.9734e3,-3.5885e4)kph; os: 1.0211e4kph; or: 8.0693e0Mm; 
Time:   59.00hours, Distance to sun:150001.1Mm, Energy:-4830.94YJ, Momentum(-6.3737e0,-2.9027e2)Pgm/s
Sun  loc:(-1.4987e5,-6.3249e3)Mm; rv:( 0.0000e0, 0.0000e0)kph; av:( 1.6146e4,-3.8571e5)kph; os: 0.0000e0kph; or: 0.0000e0Mm; 
Earthloc:( 0.0000e0, 0.0000e0)Mm; rv:(-4.4849e3, 1.0714e5)kph; av:( 0.0000e0, 0.0000e0)kph; os: 1.0723e5kph; or: 1.5000e5Mm; 
Moon loc:( 3.7523e2, 1.2008e2)Mm; rv:(-3.2580e2, 1.9984e3)kph; av:(-1.1729e3, 7.1943e3)kph; os: 2.0248e3kph; or: 3.9397e2Mm; 
Ap8CMloc:(-4.0778e0,-7.0218e0)Mm; rv:( 8.7673e3,-5.1359e3)kph; av:( 3.1562e4,-1.8489e4)kph; os: 1.0161e4kph; or: 8.1200e0Mm; 
Time:   60.00hours, Distance to sun:150001.1Mm, Energy:-4996.04YJ, Momentum(-5.1024e0,-2.6388e2)Pgm/s
Sun  loc:(-1.4986e5,-6.4320e3)Mm; rv:( 0.0000e0, 0.0000e0)kph; av:( 1.6419e4,-3.8569e5)kph; os: 0.0000e0kph; or: 0.0000e0Mm; 
Earthloc:( 0.0000e0, 0.0000e0)Mm; rv:(-4.5609e3, 1.0714e5)kph; av:( 0.0000e0, 0.0000e0)kph; os: 1.0723e5kph; or: 1.5000e5Mm; 
Moon loc:( 3.7490e2, 1.2207e2)Mm; rv:(-3.3095e2, 1.9966e3)kph; av:(-1.1914e3, 7.1878e3)kph; os: 2.0238e3kph; or: 3.9427e2Mm; 
Ap8CMloc:( 5.3795e0,-6.1064e0)Mm; rv:( 7.6163e3, 6.7116e3)kph; av:( 2.7419e4, 2.4162e4)kph; os: 1.0152e4kph; or: 8.1380e0Mm; 
Time:   61.00hours, Distance to sun:150001.2Mm, Energy:-5163.91YJ, Momentum(-5.4632e0,-2.2870e2)Pgm/s
Sun  loc:(-1.4986e5,-6.5392e3)Mm; rv:( 0.0000e0, 0.0000e0)kph; av:( 1.6693e4,-3.8568e5)kph; os: 0.0000e0kph; or: 0.0000e0Mm; 
Earthloc:( 0.0000e0, 0.0000e0)Mm; rv:(-4.6369e3, 1.0713e5)kph; av:( 0.0000e0, 0.0000e0)kph; os: 1.0723e5kph; or: 1.5000e5Mm; 
Moon loc:( 3.7457e2, 1.2407e2)Mm; rv:(-3.3609e2, 1.9948e3)kph; av:(-1.2099e3, 7.1811e3)kph; os: 2.0229e3kph; or: 3.9458e2Mm; 
Ap8CMloc:( 7.4832e0, 3.1723e0)Mm; rv:(-3.9818e3, 9.3662e3)kph; av:(-1.4334e4, 3.3718e4)kph; os: 1.0177e4kph; or: 8.1278e0Mm; 
Time:   62.00hours, Distance to sun:150001.2Mm, Energy:-5334.52YJ, Momentum(-7.9371e0,-2.7268e2)Pgm/s
Sun  loc:(-1.4985e5,-6.6463e3)Mm; rv:( 0.0000e0, 0.0000e0)kph; av:( 1.6966e4,-3.8567e5)kph; os: 0.0000e0kph; or: 0.0000e0Mm; 
Earthloc:( 0.0000e0, 0.0000e0)Mm; rv:(-4.7129e3, 1.0713e5)kph; av:( 0.0000e0, 0.0000e0)kph; os: 1.0723e5kph; or: 1.5000e5Mm; 
Moon loc:( 3.7423e2, 1.2606e2)Mm; rv:(-3.4120e2, 1.9929e3)kph; av:(-1.2283e3, 7.1744e3)kph; os: 2.0219e3kph; or: 3.9489e2Mm; 
Ap8CMloc:(-6.770e-1, 8.1043e0)Mm; rv:(-1.0152e4,-8.2384e2)kph; av:(-3.6546e4,-2.9658e3)kph; os: 1.0185e4kph; or: 8.1325e0Mm; 
Time:   63.00hours, Distance to sun:150001.2Mm, Energy:-5507.89YJ, Momentum(-7.1640e0,-3.2106e2)Pgm/s
Sun  loc:(-1.4985e5,-6.7534e3)Mm; rv:( 0.0000e0, 0.0000e0)kph; av:( 1.7240e4,-3.8566e5)kph; os: 0.0000e0kph; or: 0.0000e0Mm; 
Earthloc:( 0.0000e0, 0.0000e0)Mm; rv:(-4.7889e3, 1.0713e5)kph; av:( 0.0000e0, 0.0000e0)kph; os: 1.0723e5kph; or: 1.5000e5Mm; 
Moon loc:( 3.7388e2, 1.2805e2)Mm; rv:(-3.4630e2, 1.9910e3)kph; av:(-1.2467e3, 7.1675e3)kph; os: 2.0209e3kph; or: 3.9520e2Mm; 
Ap8CMloc:(-7.9404e0, 1.9425e0)Mm; rv:(-2.4637e3,-9.8422e3)kph; av:(-8.8692e3,-3.5432e4)kph; os: 1.0146e4kph; or: 8.1745e0Mm; 
Time:   64.00hours, Distance to sun:150001.3Mm, Energy:-5684.00YJ, Momentum(-7.0609e0,-3.1226e2)Pgm/s
Sun  loc:(-1.4984e5,-6.8605e3)Mm; rv:( 0.0000e0, 0.0000e0)kph; av:( 1.7514e4,-3.8565e5)kph; os: 0.0000e0kph; or: 0.0000e0Mm; 
Earthloc:( 0.0000e0, 0.0000e0)Mm; rv:(-4.8649e3, 1.0712e5)kph; av:( 0.0000e0, 0.0000e0)kph; os: 1.0723e5kph; or: 1.5000e5Mm; 
Moon loc:( 3.7353e2, 1.3004e2)Mm; rv:(-3.5138e2, 1.9890e3)kph; av:(-1.2650e3, 7.1606e3)kph; os: 2.0198e3kph; or: 3.9552e2Mm; 
Ap8CMloc:(-4.4860e0,-6.8943e0)Mm; rv:( 8.4407e3,-5.5392e3)kph; av:( 3.0386e4,-1.9941e4)kph; os: 1.0096e4kph; or: 8.2253e0Mm; 
Time:   65.00hours, Distance to sun:150001.3Mm, Energy:-5862.86YJ, Momentum(-7.8168e0,-3.0786e2)Pgm/s
Sun  loc:(-1.4984e5,-6.9677e3)Mm; rv:( 0.0000e0, 0.0000e0)kph; av:( 1.7787e4,-3.8564e5)kph; os: 0.0000e0kph; or: 0.0000e0Mm; 
Earthloc:( 0.0000e0, 0.0000e0)Mm; rv:(-4.9409e3, 1.0712e5)kph; av:( 0.0000e0, 0.0000e0)kph; os: 1.0723e5kph; or: 1.5000e5Mm; 
Moon loc:( 3.7318e2, 1.3203e2)Mm; rv:(-3.5645e2, 1.9871e3)kph; av:(-1.2832e3, 7.1535e3)kph; os: 2.0188e3kph; or: 3.9585e2Mm; 
Ap8CMloc:( 4.9727e0,-6.5764e0)Mm; rv:( 8.0438e3, 6.0825e3)kph; av:( 2.8958e4, 2.1897e4)kph; os: 1.0085e4kph; or: 8.2448e0Mm; 
Time:   66.00hours, Distance to sun:150001.4Mm, Energy:-6044.47YJ, Momentum(-6.7173e0,-2.9907e2)Pgm/s
Sun  loc:(-1.4983e5,-7.0748e3)Mm; rv:( 0.0000e0, 0.0000e0)kph; av:( 1.8061e4,-3.8562e5)kph; os: 0.0000e0kph; or: 0.0000e0Mm; 
Earthloc:( 0.0000e0, 0.0000e0)Mm; rv:(-5.0169e3, 1.0712e5)kph; av:( 0.0000e0, 0.0000e0)kph; os: 1.0723e5kph; or: 1.5000e5Mm; 
Moon loc:( 3.7282e2, 1.3402e2)Mm; rv:(-3.6149e2, 1.9851e3)kph; av:(-1.3014e3, 7.1464e3)kph; os: 2.0178e3kph; or: 3.9618e2Mm; 
Ap8CMloc:( 7.8626e0, 2.4473e0)Mm; rv:(-3.0162e3, 9.6493e3)kph; av:(-1.0858e4, 3.4738e4)kph; os: 1.0110e4kph; or: 8.2346e0Mm; 
Time:   67.00hours, Distance to sun:150001.4Mm, Energy:-6228.82YJ, Momentum(-6.9922e0,-2.8147e2)Pgm/s
Sun  loc:(-1.4983e5,-7.1819e3)Mm; rv:( 0.0000e0, 0.0000e0)kph; av:( 1.8334e4,-3.8561e5)kph; os: 0.0000e0kph; or: 0.0000e0Mm; 
Earthloc:( 0.0000e0, 0.0000e0)Mm; rv:(-5.0928e3, 1.0711e5)kph; av:( 0.0000e0, 0.0000e0)kph; os: 1.0724e5kph; or: 1.5000e5Mm; 
Moon loc:( 3.7246e2, 1.3600e2)Mm; rv:(-3.6652e2, 1.9831e3)kph; av:(-1.3195e3, 7.1392e3)kph; os: 2.0167e3kph; or: 3.9651e2Mm; 
Ap8CMloc:( 3.286e-1, 8.2291e0)Mm; rv:(-1.0112e4, 4.2321e2)kph; av:(-3.6404e4, 1.5236e3)kph; os: 1.0121e4kph; or: 8.2357e0Mm; 
Time:   68.00hours, Distance to sun:150001.4Mm, Energy:-6415.92YJ, Momentum(-6.0817e0,-2.6828e2)Pgm/s
Sun  loc:(-1.4982e5,-7.2890e3)Mm; rv:( 0.0000e0, 0.0000e0)kph; av:( 1.8608e4,-3.8560e5)kph; os: 0.0000e0kph; or: 0.0000e0Mm; 
Earthloc:( 0.0000e0, 0.0000e0)Mm; rv:(-5.1688e3, 1.0711e5)kph; av:( 0.0000e0, 0.0000e0)kph; os: 1.0724e5kph; or: 1.5000e5Mm; 
Moon loc:( 3.7209e2, 1.3798e2)Mm; rv:(-3.7152e2, 1.9811e3)kph; av:(-1.3375e3, 7.1319e3)kph; os: 2.0156e3kph; or: 3.9685e2Mm; 
Ap8CMloc:(-7.6656e0, 3.1137e0)Mm; rv:(-3.8447e3,-9.3258e3)kph; av:(-1.3841e4,-3.3573e4)kph; os: 1.0087e4kph; or: 8.2738e0Mm; 
Time:   69.00hours, Distance to sun:150001.5Mm, Energy:-6605.76YJ, Momentum(-7.4904e0,-2.8147e2)Pgm/s
Sun  loc:(-1.4982e5,-7.3961e3)Mm; rv:( 0.0000e0, 0.0000e0)kph; av:( 1.8881e4,-3.8558e5)kph; os: 0.0000e0kph; or: 0.0000e0Mm; 
Earthloc:( 0.0000e0, 0.0000e0)Mm; rv:(-5.2448e3, 1.0711e5)kph; av:( 0.0000e0, 0.0000e0)kph; os: 1.0724e5kph; or: 1.5000e5Mm; 
Moon loc:( 3.7171e2, 1.3996e2)Mm; rv:(-3.7651e2, 1.9790e3)kph; av:(-1.3554e3, 7.1245e3)kph; os: 2.0145e3kph; or: 3.9719e2Mm; 
Ap8CMloc:(-5.6420e0,-6.1226e0)Mm; rv:( 7.3510e3,-6.8333e3)kph; av:( 2.6464e4,-2.4600e4)kph; os: 1.0036e4kph; or: 8.3258e0Mm; 
Time:   70.00hours, Distance to sun:150001.5Mm, Energy:-6798.34YJ, Momentum(-7.6279e0,-2.6828e2)Pgm/s
Sun  loc:(-1.4981e5,-7.5032e3)Mm; rv:( 0.0000e0, 0.0000e0)kph; av:( 1.9155e4,-3.8557e5)kph; os: 0.0000e0kph; or: 0.0000e0Mm; 
Earthloc:( 0.0000e0, 0.0000e0)Mm; rv:(-5.3208e3, 1.0710e5)kph; av:( 0.0000e0, 0.0000e0)kph; os: 1.0724e5kph; or: 1.5000e5Mm; 
Moon loc:( 3.7134e2, 1.4194e2)Mm; rv:(-3.8148e2, 1.9770e3)kph; av:(-1.3733e3, 7.1171e3)kph; os: 2.0134e3kph; or: 3.9754e2Mm; 
Ap8CMloc:( 3.6854e0,-7.4933e0)Mm; rv:( 8.9924e3, 4.4173e3)kph; av:( 3.2372e4, 1.5902e4)kph; os: 1.0019e4kph; or: 8.3505e0Mm; 
Time:   71.00hours, Distance to sun:150001.6Mm, Energy:-6993.66YJ, Momentum(-6.4081e0,-2.6828e2)Pgm/s
Sun  loc:(-1.4981e5,-7.6103e3)Mm; rv:( 0.0000e0, 0.0000e0)kph; av:( 1.9428e4,-3.8556e5)kph; os: 0.0000e0kph; or: 0.0000e0Mm; 
Earthloc:( 0.0000e0, 0.0000e0)Mm; rv:(-5.3968e3, 1.0710e5)kph; av:( 0.0000e0, 0.0000e0)kph; os: 1.0724e5kph; or: 1.5000e5Mm; 
Moon loc:( 3.7095e2, 1.4392e2)Mm; rv:(-3.8643e2, 1.9749e3)kph; av:(-1.3911e3, 7.1095e3)kph; os: 2.0123e3kph; or: 3.9789e2Mm; 
Ap8CMloc:( 8.3104e0, 7.290e-1)Mm; rv:(-8.9167e2, 1.0001e4)kph; av:(-3.2100e3, 3.6004e4)kph; os: 1.0041e4kph; or: 8.3423e0Mm; 
Time:   72.00hours, Distance to sun:150001.6Mm, Energy:-7191.72YJ, Momentum(-1.2559e1,-2.6388e2)Pgm/s
Sun  loc:(-1.4980e5,-7.7174e3)Mm; rv:( 0.0000e0, 0.0000e0)kph; av:( 1.9702e4,-3.8554e5)kph; os: 0.0000e0kph; or: 0.0000e0Mm; 
Earthloc:( 0.0000e0, 0.0000e0)Mm; rv:(-5.4728e3, 1.0710e5)kph; av:( 0.0000e0, 0.0000e0)kph; os: 1.0724e5kph; or: 1.5000e5Mm; 
Moon loc:( 3.7056e2, 1.4589e2)Mm; rv:(-3.9136e2, 1.9727e3)kph; av:(-1.4089e3, 7.1019e3)kph; os: 2.0112e3kph; or: 3.9825e2Mm; 
Ap8CMloc:( 2.2853e0, 8.0181e0)Mm; rv:(-9.6705e3, 2.7675e3)kph; av:(-3.4814e4, 9.9629e3)kph; os: 1.0059e4kph; or: 8.3374e0Mm; 
Time:   73.00hours, Distance to sun:150001.7Mm, Energy:-7392.51YJ, Momentum(-1.1837e1,-2.1550e2)Pgm/s
Sun  loc:(-1.4980e5,-7.8245e3)Mm; rv:( 0.0000e0, 0.0000e0)kph; av:( 1.9975e4,-3.8553e5)kph; os: 0.0000e0kph; or: 0.0000e0Mm; 
Earthloc:( 0.0000e0, 0.0000e0)Mm; rv:(-5.5487e3, 1.0709e5)kph; av:( 0.0000e0, 0.0000e0)kph; os: 1.0724e5kph; or: 1.5000e5Mm; 
Moon loc:( 3.7017e2, 1.4786e2)Mm; rv:(-3.9627e2, 1.9706e3)kph; av:(-1.4266e3, 7.0942e3)kph; os: 2.0100e3kph; or: 3.9861e2Mm; 
Ap8CMloc:(-6.6880e0, 5.0293e0)Mm; rv:(-6.0687e3,-7.9910e3)kph; av:(-2.1847e4,-2.8768e4)kph; os: 1.0034e4kph; or: 8.3680e0Mm; 
Time:   74.00hours, Distance to sun:150001.7Mm, Energy:-7596.04YJ, Momentum(-7.8168e0,-1.8912e2)Pgm/s
Sun  loc:(-1.4979e5,-7.9316e3)Mm; rv:( 0.0000e0, 0.0000e0)kph; av:( 2.0249e4,-3.8552e5)kph; os: 0.0000e0kph; or: 0.0000e0Mm; 
Earthloc:( 0.0000e0, 0.0000e0)Mm; rv:(-5.6247e3, 1.0709e5)kph; av:( 0.0000e0, 0.0000e0)kph; os: 1.0724e5kph; or: 1.5000e5Mm; 
Moon loc:( 3.6977e2, 1.4983e2)Mm; rv:(-4.0116e2, 1.9684e3)kph; av:(-1.4442e3, 7.0864e3)kph; os: 2.0089e3kph; or: 3.9897e2Mm; 
Ap8CMloc:(-7.1890e0,-4.3841e0)Mm; rv:( 5.1559e3,-8.5492e3)kph; av:( 1.8561e4,-3.0777e4)kph; os: 9.9836e3kph; or: 8.4204e0Mm; 
Time:   75.00hours, Distance to sun:150001.8Mm, Energy:-7802.30YJ, Momentum(-1.1837e1,-1.9351e2)Pgm/s
Sun  loc:(-1.4979e5,-8.0387e3)Mm; rv:( 0.0000e0, 0.0000e0)kph; av:( 2.0522e4,-3.8550e5)kph; os: 0.0000e0kph; or: 0.0000e0Mm; 
Earthloc:( 0.0000e0, 0.0000e0)Mm; rv:(-5.7007e3, 1.0708e5)kph; av:( 0.0000e0, 0.0000e0)kph; os: 1.0724e5kph; or: 1.5000e5Mm; 
Moon loc:( 3.6937e2, 1.5180e2)Mm; rv:(-4.0602e2, 1.9662e3)kph; av:(-1.4617e3, 7.0785e3)kph; os: 2.0077e3kph; or: 3.9934e2Mm; 
Ap8CMloc:( 1.3271e0,-8.3489e0)Mm; rv:( 9.8345e3, 1.5489e3)kph; av:( 3.5404e4, 5.5760e3)kph; os: 9.9557e3kph; or: 8.4537e0Mm; 
Time:   76.00hours, Distance to sun:150001.8Mm, Energy:-8011.30YJ, Momentum(-1.4500e1,-2.0231e2)Pgm/s
Sun  loc:(-1.4978e5,-8.1458e3)Mm; rv:( 0.0000e0, 0.0000e0)kph; av:( 2.0796e4,-3.8549e5)kph; os: 0.0000e0kph; or: 0.0000e0Mm; 
Earthloc:( 0.0000e0, 0.0000e0)Mm; rv:(-5.7767e3, 1.0708e5)kph; av:( 0.0000e0, 0.0000e0)kph; os: 1.0724e5kph; or: 1.5000e5Mm; 
Moon loc:( 3.6896e2, 1.5377e2)Mm; rv:(-4.1087e2, 1.9640e3)kph; av:(-1.4791e3, 7.0705e3)kph; os: 2.0065e3kph; or: 3.9972e2Mm; 
Ap8CMloc:( 8.2186e0,-1.9687e0)Mm; rv:( 2.3089e3, 9.6993e3)kph; av:( 8.3121e3, 3.4918e4)kph; os: 9.9704e3kph; or: 8.4511e0Mm; 
Time:   77.00hours, Distance to sun:150001.8Mm, Energy:-8223.03YJ, Momentum(-1.2060e1,-1.9791e2)Pgm/s
Sun  loc:(-1.4977e5,-8.2529e3)Mm; rv:( 0.0000e0, 0.0000e0)kph; av:( 2.1069e4,-3.8547e5)kph; os: 0.0000e0kph; or: 0.0000e0Mm; 
Earthloc:( 0.0000e0, 0.0000e0)Mm; rv:(-5.8526e3, 1.0708e5)kph; av:( 0.0000e0, 0.0000e0)kph; os: 1.0724e5kph; or: 1.5000e5Mm; 
Moon loc:( 3.6854e2, 1.5573e2)Mm; rv:(-4.1570e2, 1.9618e3)kph; av:(-1.4965e3, 7.0625e3)kph; os: 2.0054e3kph; or: 4.0010e2Mm; 
Ap8CMloc:( 4.9286e0, 6.8516e0)Mm; rv:(-8.1140e3, 5.8362e3)kph; av:(-2.9211e4, 2.1010e4)kph; os: 9.9949e3kph; or: 8.4401e0Mm; 
Time:   78.00hours, Distance to sun:150001.9Mm, Energy:-8437.48YJ, Momentum(-1.0342e1,-1.8472e2)Pgm/s
Sun  loc:(-1.4977e5,-8.3599e3)Mm; rv:( 0.0000e0, 0.0000e0)kph; av:( 2.1343e4,-3.8546e5)kph; os: 0.0000e0kph; or: 0.0000e0Mm; 
Earthloc:( 0.0000e0, 0.0000e0)Mm; rv:(-5.9286e3, 1.0707e5)kph; av:( 0.0000e0, 0.0000e0)kph; os: 1.0724e5kph; or: 1.5000e5Mm; 
Moon loc:( 3.6813e2, 1.5769e2)Mm; rv:(-4.2051e2, 1.9595e3)kph; av:(-1.5138e3, 7.0543e3)kph; os: 2.0042e3kph; or: 4.0048e2Mm; 
Ap8CMloc:(-4.4905e0, 7.1685e0)Mm; rv:(-8.4816e3,-5.2682e3)kph; av:(-3.0534e4,-1.8965e4)kph; os: 9.9845e3kph; or: 8.4588e0Mm; 
Time:   79.00hours, Distance to sun:150001.9Mm, Energy:-8654.67YJ, Momentum(-7.4561e0,-1.9791e2)Pgm/s
Sun  loc:(-1.4976e5,-8.4670e3)Mm; rv:( 0.0000e0, 0.0000e0)kph; av:( 2.1616e4,-3.8544e5)kph; os: 0.0000e0kph; or: 0.0000e0Mm; 
Earthloc:( 0.0000e0, 0.0000e0)Mm; rv:(-6.0046e3, 1.0707e5)kph; av:( 0.0000e0, 0.0000e0)kph; os: 1.0724e5kph; or: 1.5000e5Mm; 
Moon loc:( 3.6770e2, 1.5965e2)Mm; rv:(-4.2530e2, 1.9573e3)kph; av:(-1.5311e3, 7.0461e3)kph; os: 2.0029e3kph; or: 4.0087e2Mm; 
Ap8CMloc:(-8.3948e0,-1.3839e0)Mm; rv:( 1.5637e3,-9.8143e3)kph; av:( 5.6292e3,-3.5332e4)kph; os: 9.9381e3kph; or: 8.5081e0Mm; 
Time:   80.00hours, Distance to sun:150002.0Mm, Energy:-8874.58YJ, Momentum(-6.4081e0,-2.2870e2)Pgm/s
Sun  loc:(-1.4976e5,-8.5741e3)Mm; rv:( 0.0000e0, 0.0000e0)kph; av:( 2.1890e4,-3.8543e5)kph; os: 0.0000e0kph; or: 0.0000e0Mm; 
Earthloc:( 0.0000e0, 0.0000e0)Mm; rv:(-6.0805e3, 1.0706e5)kph; av:( 0.0000e0, 0.0000e0)kph; os: 1.0724e5kph; or: 1.5000e5Mm; 
Moon loc:( 3.6728e2, 1.6160e2)Mm; rv:(-4.3006e2, 1.9550e3)kph; av:(-1.5482e3, 7.0379e3)kph; os: 2.0017e3kph; or: 4.0126e2Mm; 
Ap8CMloc:(-2.0760e0,-8.2956e0)Mm; rv:( 9.5960e3,-2.4298e3)kph; av:( 3.4546e4,-8.7473e3)kph; os: 9.8988e3kph; or: 8.5514e0Mm; 
Time:   81.00hours, Distance to sun:150002.0Mm, Energy:-9097.21YJ, Momentum(-3.8139e0,-2.1990e2)Pgm/s
Sun  loc:(-1.4975e5,-8.6811e3)Mm; rv:( 0.0000e0, 0.0000e0)kph; av:( 2.2163e4,-3.8541e5)kph; os: 0.0000e0kph; or: 0.0000e0Mm; 
Earthloc:( 0.0000e0, 0.0000e0)Mm; rv:(-6.1565e3, 1.0706e5)kph; av:( 0.0000e0, 0.0000e0)kph; os: 1.0724e5kph; or: 1.5000e5Mm; 
Moon loc:( 3.6684e2, 1.6356e2)Mm; rv:(-4.3481e2, 1.9526e3)kph; av:(-1.5653e3, 7.0295e3)kph; os: 2.0005e3kph; or: 4.0165e2Mm; 
Ap8CMloc:( 6.7634e0,-5.2466e0)Mm; rv:( 6.0615e3, 7.8276e3)kph; av:( 2.1821e4, 2.8179e4)kph; os: 9.9002e3kph; or: 8.5598e0Mm; 
138         ref acceleration(i) +:= (mass OF master)[j] * g over radius squared * -unit vector from i to j;
            1                                                                                              
a68g: prelude/universe.a68: runtime error: 1: insufficient memory (detected in VOID loop-clause starting at "FOR" in line 125).
16.78user 2.09system 0:19.00elapsed 99%CPU (0avgtext+0avgdata 5435392maxresident)k
0inputs+0outputs (0major+340164minor)pagefaults 0swaps
