OPT1: 4; OPT2: 1; 
System:((Sun  ,Earth,Moon ,Ap8CM),Apollo 8,-3.23537400000e7,)
Initial position:
  S:("Sun  ","☉",( 1.9891000000e30,( 0.00000000000e0, 0.00000000000e0),( 0.00000000000e0, 0.00000000000e0)))
  E:("Earth","⊕",( 9.7220000000e23,( 1.5000000000e11, 0.00000000000e0),( 0.00000000000e0, 2.97866078294e4)))
  M:("Moon ","☾",( 7.3476730900e22,( 1.5038500000e11, 0.00000000000e0),( 0.00000000000e0, 3.03571562823e4)))
  8:("Ap8CM","8",( 5.80900000000e3,( 1.5000656275e11, 0.00000000000e0),( 0.00000000000e0, 3.29307012406e4)))
Parameter: step size =  3.050e-3; ~months
Parameter: report period =  3.0000e0; ~months
Parameter: mission stop time =  2.5400e2; ~months
IVP Order-2: solar system:
  t interval: [ 0.0000e0 …  5.9958e8]
  y₀ = ( 0.0000e0, 0.0000e0, 1.500e11, 0.0000e0, 1.504e11, 0.0000e0, 1.500e11, 0.0000e0)
  dy₀/dt = ( 0.0000e0, 0.0000e0, 0.0000e0, 2.9787e4, 0.0000e0, 3.0357e4, 0.0000e0, 3.2931e4)
  d²y₀/dt² = ( 3.100e-9, 0.0000e0,-5.866e-3, 0.0000e0,-6.307e-3, 0.0000e0,-1.5121e0, 0.0000e0)


Reference point: Earth
Initial momentum:( 0.0000e0, 3.119e28), Initial energy: 4.651e32
Time:    0.01~months, Distance to sun:150000.0Mm, Energy: 3771.56YJ, Momentum( 2.027e-2, 0.0000e0)Pgm/s
Sun  loc:(-1.5000e5,-4.2892e2)Mm; rv:( 0.0000e0, 0.0000e0)kph; av:( 1.0948e3,-3.8603e5)kph; os: 0.0000e0kph; or: 0.0000e0Mm; 
Earthloc:( 0.0000e0, 0.0000e0)Mm; rv:(-3.0410e2, 1.0723e5)kph; av:( 0.0000e0, 0.0000e0)kph; os: 1.0723e5kph; or: 1.5000e5Mm; 
Moon loc:( 3.8495e2, 8.2158e0)Mm; rv:(-2.2840e1, 2.0540e3)kph; av:(-8.2224e1, 7.3943e3)kph; os: 2.0541e3kph; or: 3.8504e2Mm; 
Ap8CMloc:(-1.4961e2, 4.5275e1)Mm; rv:(-7.8085e4, 1.1319e4)kph; av:(-2.8110e5, 4.0747e4)kph; os: 7.8901e4kph; or: 1.5631e2Mm; 
Time:    3.00~months, Distance to sun:150853.2Mm, Energy:-3499488YJ, Momentum(-3.1886e1, 3.0786e1)Pgm/s
Sun  loc:(-2.5029e4,-1.4876e5)Mm; rv:( 0.0000e0, 0.0000e0)kph; av:( 3.7937e5,-6.6838e4)kph; os: 0.0000e0kph; or: 0.0000e0Mm; 
Earthloc:( 0.0000e0, 0.0000e0)Mm; rv:(-1.0538e5, 1.8566e4)kph; av:( 0.0000e0, 0.0000e0)kph; os: 1.0700e5kph; or: 1.5085e5Mm; 
Moon loc:(-5.5326e2, 7.4784e2)Mm; rv:( 3.8548e2,-3.6868e2)kph; av:( 1.3877e3,-1.3272e3)kph; os: 5.3340e2kph; or: 9.3025e2Mm; 
Ap8CMloc:(-1.5399e5,-7.0132e4)Mm; rv:(-2.3236e4,-7.8739e4)kph; av:(-8.3649e4,-2.8346e5)kph; os: 8.2096e4kph; or: 1.6921e5Mm; 
Time:    6.00~months, Distance to sun:152486.4Mm, Energy:********YJ, Momentum(-4.8928e1, 2.1990e1)Pgm/s
Sun  loc:( 1.4283e5,-5.3390e4)Mm; rv:( 0.0000e0, 0.0000e0)kph; av:( 1.3526e5, 3.5649e5)kph; os: 0.0000e0kph; or: 0.0000e0Mm; 
Earthloc:( 0.0000e0, 0.0000e0)Mm; rv:(-3.7572e4,-9.9026e4)kph; av:( 0.0000e0, 0.0000e0)kph; os: 1.0591e5kph; or: 1.5249e5Mm; 
Moon loc:(-3.0964e3, 3.1571e2)Mm; rv:(-3.0701e3, 1.1189e3)kph; av:(-1.1052e4, 4.0282e3)kph; os: 3.2676e3kph; or: 3.1124e3Mm; 
Ap8CMloc:(-1.5565e5,-1.1622e5)Mm; rv:(-2.1052e4, 2.6763e4)kph; av:(-7.5787e4, 9.6347e4)kph; os: 3.4051e4kph; or: 1.9425e5Mm; 
Time:    9.00~months, Distance to sun:152702.5Mm, Energy:********YJ, Momentum(-1.1270e1,-4.3980e0)Pgm/s
Sun  loc:( 8.1702e4, 1.2901e5)Mm; rv:( 0.0000e0, 0.0000e0)kph; av:(-3.2275e5, 2.0336e5)kph; os: 0.0000e0kph; or: 0.0000e0Mm; 
Earthloc:( 0.0000e0, 0.0000e0)Mm; rv:( 8.9652e4,-5.6489e4)kph; av:( 0.0000e0, 0.0000e0)kph; os: 1.0596e5kph; or: 1.5270e5Mm; 
Moon loc:(-1.7521e4,-1.0118e3)Mm; rv:(-1.1190e4,-6.9745e3)kph; av:(-4.0282e4,-2.5108e4)kph; os: 1.3185e4kph; or: 1.7550e4Mm; 
Ap8CMloc:(-3.0564e5,-6.7845e4)Mm; rv:(-1.2449e5,-7.4011e3)kph; av:(-4.4818e5,-2.6644e4)kph; os: 1.2471e5kph; or: 3.1308e5Mm; 
Time:   12.01~months, Distance to sun:152126.9Mm, Energy:********YJ, Momentum(-1.3469e1,-3.5184e1)Pgm/s
Sun  loc:(-1.0996e5, 1.0513e5)Mm; rv:( 0.0000e0, 0.0000e0)kph; av:(-2.6473e5,-2.7767e5)kph; os: 0.0000e0kph; or: 0.0000e0Mm; 
Earthloc:( 0.0000e0, 0.0000e0)Mm; rv:( 7.3537e4, 7.7131e4)kph; av:( 0.0000e0, 0.0000e0)kph; os: 1.0657e5kph; or: 1.5213e5Mm; 
Moon loc:(-2.4791e4,-3.5592e4)Mm; rv:( 1.1399e4,-2.3453e4)kph; av:( 4.1037e4,-8.4431e4)kph; os: 2.6077e4kph; or: 4.3375e4Mm; 
Ap8CMloc:(-5.5281e5,-2.0995e5)Mm; rv:(-9.6193e4,-1.3365e5)kph; av:(-3.4629e5,-4.8113e5)kph; os: 1.6466e5kph; or: 5.9134e5Mm; 
Time:   15.00~months, Distance to sun:152613.2Mm, Energy:-9030362YJ, Momentum( 1.2369e1,-4.3980e1)Pgm/s
Sun  loc:(-1.2489e5,-8.7709e4)Mm; rv:( 0.0000e0, 0.0000e0)kph; av:( 2.1826e5,-3.1492e5)kph; os: 0.0000e0kph; or: 0.0000e0Mm; 
Earthloc:( 0.0000e0, 0.0000e0)Mm; rv:(-6.0628e4, 8.7479e4)kph; av:( 0.0000e0, 0.0000e0)kph; os: 1.0643e5kph; or: 1.5261e5Mm; 
Moon loc:( 2.9149e4,-5.3351e4)Mm; rv:( 3.4004e4, 1.4026e4)kph; av:( 1.2241e5, 5.0492e4)kph; os: 3.6783e4kph; or: 6.0795e4Mm; 
Ap8CMloc:(-6.0426e5,-5.0769e5)Mm; rv:( 4.5595e4,-1.3797e5)kph; av:( 1.6414e5,-4.9669e5)kph; os: 1.4531e5kph; or: 7.8922e5Mm; 
Time:   18.00~months, Distance to sun:154310.9Mm, Energy:********YJ, Momentum( 6.6520e1,-6.5971e1)Pgm/s
Sun  loc:( 6.0201e4,-1.4208e5)Mm; rv:( 0.0000e0, 0.0000e0)kph; av:( 3.5081e5, 1.4519e5)kph; os: 0.0000e0kph; or: 0.0000e0Mm; 
Earthloc:( 0.0000e0, 0.0000e0)Mm; rv:(-9.7447e4,-4.0329e4)kph; av:( 0.0000e0, 0.0000e0)kph; os: 1.0546e5kph; or: 1.5431e5Mm; 
Moon loc:( 5.9168e4, 1.1414e4)Mm; rv:(-1.0570e4, 3.9916e4)kph; av:(-3.8052e4, 1.4370e5)kph; os: 4.1292e4kph; or: 6.0259e4Mm; 
Ap8CMloc:(-4.4321e5,-6.5631e5)Mm; rv:( 8.7763e4,-5.1018e3)kph; av:( 3.1595e5,-1.8367e4)kph; os: 8.7911e4kph; or: 7.9195e5Mm; 
Time:   21.00~months, Distance to sun:155447.4Mm, Energy:********YJ, Momentum( 8.3632e1,-1.3634e2)Pgm/s
Sun  loc:( 1.5335e5, 2.5422e4)Mm; rv:( 0.0000e0, 0.0000e0)kph; av:(-6.1090e4, 3.7259e5)kph; os: 0.0000e0kph; or: 0.0000e0Mm; 
Earthloc:( 0.0000e0, 0.0000e0)Mm; rv:( 1.6969e4,-1.0350e5)kph; av:( 0.0000e0, 0.0000e0)kph; os: 1.0488e5kph; or: 1.5545e5Mm; 
Moon loc:(-2.0275e3, 5.9168e4)Mm; rv:(-4.3487e4, 2.3536e3)kph; av:(-1.5655e5, 8.4731e3)kph; os: 4.3551e4kph; or: 5.9202e4Mm; 
Ap8CMloc:(-3.6499e5,-5.7383e5)Mm; rv:(-2.2640e4, 6.2426e4)kph; av:(-8.1504e4, 2.2473e5)kph; os: 6.6404e4kph; or: 6.8007e5Mm; 
Time:   24.00~months, Distance to sun:155148.2Mm, Energy:********YJ, Momentum( 1.4046e2,-1.7592e2)Pgm/s
Sun  loc:( 1.1865e4, 1.5469e5)Mm; rv:( 0.0000e0, 0.0000e0)kph; av:(-3.7796e5, 2.7705e4)kph; os: 0.0000e0kph; or: 0.0000e0Mm; 
Earthloc:( 0.0000e0, 0.0000e0)Mm; rv:( 1.0499e5,-7.6959e3)kph; av:( 0.0000e0, 0.0000e0)kph; os: 1.0527e5kph; or: 1.5515e5Mm; 
Moon loc:(-7.6118e4, 1.3034e4)Mm; rv:(-2.1565e4,-4.7074e4)kph; av:(-7.7635e4,-1.6947e5)kph; os: 5.1778e4kph; or: 7.7226e4Mm; 
Ap8CMloc:(-5.1442e5,-5.2152e5)Mm; rv:(-1.0750e5,-2.9527e4)kph; av:(-3.8700e5,-1.0630e5)kph; os: 1.1148e5kph; or: 7.3254e5Mm; 
Time:   27.01~months, Distance to sun:154732.9Mm, Energy:********YJ, Momentum( 1.5805e2,-1.4074e2)Pgm/s
Sun  loc:(-1.4755e5, 4.6604e4)Mm; rv:( 0.0000e0, 0.0000e0)kph; av:(-1.1496e5,-3.6291e5)kph; os: 0.0000e0kph; or: 0.0000e0Mm; 
Earthloc:( 0.0000e0, 0.0000e0)Mm; rv:( 3.1933e4, 1.0081e5)kph; av:( 0.0000e0, 0.0000e0)kph; os: 1.0575e5kph; or: 1.5473e5Mm; 
Moon loc:(-5.1935e4,-9.0365e4)Mm; rv:( 4.8594e4,-4.1917e4)kph; av:( 1.7494e5,-1.5090e5)kph; os: 6.4175e4kph; or: 1.0423e5Mm; 
Ap8CMloc:(-6.7616e5,-6.9940e5)Mm; rv:(-3.1871e4,-1.3457e5)kph; av:(-1.1474e5,-4.8444e5)kph; os: 1.3829e5kph; or: 9.7281e5Mm; 
Time:   30.00~months, Distance to sun:155703.6Mm, Energy:********YJ, Momentum( 1.7042e2,-1.2315e2)Pgm/s
Sun  loc:(-7.9989e4,-1.3359e5)Mm; rv:( 0.0000e0, 0.0000e0)kph; av:( 3.2362e5,-1.9728e5)kph; os: 0.0000e0kph; or: 0.0000e0Mm; 
Earthloc:( 0.0000e0, 0.0000e0)Mm; rv:(-8.9894e4, 5.4800e4)kph; av:( 0.0000e0, 0.0000e0)kph; os: 1.0528e5kph; or: 1.5570e5Mm; 
Moon loc:( 7.4850e4,-9.2657e4)Mm; rv:( 5.9522e4, 4.4937e4)kph; av:( 2.1428e5, 1.6177e5)kph; os: 7.4580e4kph; or: 1.1911e5Mm; 
Ap8CMloc:(-6.0632e5,-9.4274e5)Mm; rv:( 9.2104e4,-8.5394e4)kph; av:( 3.3158e5,-3.0742e5)kph; os: 1.2560e5kph; or: 1.1209e6Mm; 
Time:   33.00~months, Distance to sun:157429.2Mm, Energy:********YJ, Momentum( 1.9929e2,-2.0231e2)Pgm/s
Sun  loc:( 1.1043e5,-1.1220e5)Mm; rv:( 0.0000e0, 0.0000e0)kph; av:( 2.6951e5, 2.6149e5)kph; os: 0.0000e0kph; or: 0.0000e0Mm; 
Earthloc:( 0.0000e0, 0.0000e0)Mm; rv:(-7.4863e4,-7.2636e4)kph; av:( 0.0000e0, 0.0000e0)kph; os: 1.0431e5kph; or: 1.5743e5Mm; 
Moon loc:( 1.0798e5, 4.3703e4)Mm; rv:(-3.2328e4, 7.1296e4)kph; av:(-1.1638e5, 2.5667e5)kph; os: 7.8283e4kph; or: 1.1649e5Mm; 
Ap8CMloc:(-4.0970e5,-9.7865e5)Mm; rv:( 7.8911e4, 4.4981e4)kph; av:( 2.8408e5, 1.6193e5)kph; os: 9.0831e4kph; or: 1.0609e6Mm; 
Time:   36.00~months, Distance to sun:158151.9Mm, Energy:********YJ, Momentum( 2.3000e2,-2.1550e2)Pgm/s
Sun  loc:( 1.3852e5, 7.6313e4)Mm; rv:( 0.0000e0, 0.0000e0)kph; av:(-1.8077e5, 3.2790e5)kph; os: 0.0000e0kph; or: 0.0000e0Mm; 
Earthloc:( 0.0000e0, 0.0000e0)Mm; rv:( 5.0215e4,-9.1084e4)kph; av:( 0.0000e0, 0.0000e0)kph; os: 1.0401e5kph; or: 1.5815e5Mm; 
Moon loc:(-1.8433e4, 1.1397e5)Mm; rv:(-7.8729e4,-8.7555e3)kph; av:(-2.8342e5,-3.1520e4)kph; os: 7.9214e4kph; or: 1.1545e5Mm; 
Ap8CMloc:(-3.7203e5,-8.4181e5)Mm; rv:(-4.4572e4, 6.6188e4)kph; av:(-1.6046e5, 2.3828e5)kph; os: 7.9797e4kph; or: 9.2035e5Mm; 
Time:   39.00~months, Distance to sun:157616.0Mm, Energy:********YJ, Momentum( 2.5893e2,-2.5948e2)Pgm/s
Sun  loc:(-3.6179e4, 1.5341e5)Mm; rv:( 0.0000e0, 0.0000e0)kph; av:(-3.6601e5,-8.7629e4)kph; os: 0.0000e0kph; or: 0.0000e0Mm; 
Earthloc:( 0.0000e0, 0.0000e0)Mm; rv:( 1.0167e5, 2.4341e4)kph; av:( 0.0000e0, 0.0000e0)kph; os: 1.0454e5kph; or: 1.5762e5Mm; 
Moon loc:(-1.3231e5, 1.4043e4)Mm; rv:(-2.1661e4,-8.2790e4)kph; av:(-7.7980e4,-2.9804e5)kph; os: 8.5577e4kph; or: 1.3305e5Mm; 
Ap8CMloc:(-5.3422e5,-8.1112e5)Mm; rv:(-9.4624e4,-4.6623e4)kph; av:(-3.4065e5,-1.6784e5)kph; os: 1.0549e5kph; or: 9.7124e5Mm; 
Time:   42.01~months, Distance to sun:157405.5Mm, Energy:********YJ, Momentum( 2.6636e2,-2.5069e2)Pgm/s
Sun  loc:(-1.5734e5, 4.6117e3)Mm; rv:( 0.0000e0, 0.0000e0)kph; av:(-1.1972e4,-3.7732e5)kph; os: 0.0000e0kph; or: 0.0000e0Mm; 
Earthloc:( 0.0000e0, 0.0000e0)Mm; rv:( 3.3255e3, 1.0481e5)kph; av:( 0.0000e0, 0.0000e0)kph; os: 1.0486e5kph; or: 1.5741e5Mm; 
Moon loc:(-7.0959e4,-1.4188e5)Mm; rv:( 8.0745e4,-5.2989e4)kph; av:( 2.9068e5,-1.9076e5)kph; os: 9.6580e4kph; or: 1.5864e5Mm; 
Ap8CMloc:(-6.4026e5,-1.0013e6)Mm; rv:( 4.9645e3,-1.2459e5)kph; av:( 1.7872e4,-4.4853e5)kph; os: 1.2469e5kph; or: 1.1885e6Mm; 
Time:   45.00~months, Distance to sun:158630.5Mm, Energy:********YJ, Momentum( 2.6134e2,-2.6828e2)Pgm/s
Sun  loc:(-4.6714e4,-1.5160e5)Mm; rv:( 0.0000e0, 0.0000e0)kph; av:( 3.5765e5,-1.1357e5)kph; os: 0.0000e0kph; or: 0.0000e0Mm; 
Earthloc:( 0.0000e0, 0.0000e0)Mm; rv:(-9.9348e4, 3.1546e4)kph; av:( 0.0000e0, 0.0000e0)kph; os: 1.0424e5kph; or: 1.5863e5Mm; 
Moon loc:( 1.1498e5,-1.2803e5)Mm; rv:( 8.0551e4, 6.9715e4)kph; av:( 2.8998e5, 2.5098e5)kph; os: 1.0653e5kph; or: 1.7208e5Mm; 
Ap8CMloc:(-5.1225e5,-1.1940e6)Mm; rv:( 1.0875e5,-4.8923e4)kph; av:( 3.9151e5,-1.7612e5)kph; os: 1.1925e5kph; or: 1.2992e6Mm; 
Time:   48.00~months, Distance to sun:160287.3Mm, Energy:********YJ, Momentum( 2.2018e2,-2.6388e2)Pgm/s
Sun  loc:( 1.3323e5,-8.9123e4)Mm; rv:( 0.0000e0, 0.0000e0)kph; av:( 2.0872e5, 3.0791e5)kph; os: 0.0000e0kph; or: 0.0000e0Mm; 
Earthloc:( 0.0000e0, 0.0000e0)Mm; rv:(-5.7978e4,-8.5530e4)kph; av:( 0.0000e0, 0.0000e0)kph; os: 1.0333e5kph; or: 1.6029e5Mm; 
Moon loc:( 1.5467e5, 6.7742e4)Mm; rv:(-4.7474e4, 9.9627e4)kph; av:(-1.7091e5, 3.5866e5)kph; os: 1.1036e5kph; or: 1.6885e5Mm; 
Ap8CMloc:(-3.1279e5,-1.1634e6)Mm; rv:( 6.8391e4, 7.0494e4)kph; av:( 2.4621e5, 2.5378e5)kph; os: 9.8217e4kph; or: 1.2047e6Mm; 
Time:   51.00~months, Distance to sun:160770.7Mm, Energy:********YJ, Momentum( 2.1660e2,-2.8587e2)Pgm/s
Sun  loc:( 1.2559e5, 1.0037e5)Mm; rv:( 0.0000e0, 0.0000e0)kph; av:(-2.3228e5, 2.8988e5)kph; os: 0.0000e0kph; or: 0.0000e0Mm; 
Earthloc:( 0.0000e0, 0.0000e0)Mm; rv:( 6.4523e4,-8.0523e4)kph; av:( 0.0000e0, 0.0000e0)kph; os: 1.0319e5kph; or: 1.6077e5Mm; 
Moon loc:(-2.3885e4, 1.6477e5)Mm; rv:(-1.0941e5,-1.3010e4)kph; av:(-3.9388e5,-4.6834e4)kph; os: 1.1018e5kph; or: 1.6650e5Mm; 
Ap8CMloc:(-2.9902e5,-1.0012e6)Mm; rv:(-5.3195e4, 6.7774e4)kph; av:(-1.9150e5, 2.4399e5)kph; os: 8.6157e4kph; or: 1.0449e6Mm; 
Time:   54.00~months, Distance to sun:160146.0Mm, Energy:********YJ, Momentum( 1.9132e2,-3.1226e2)Pgm/s
Sun  loc:(-5.8199e4, 1.4920e5)Mm; rv:( 0.0000e0, 0.0000e0)kph; av:(-3.4754e5,-1.3688e5)kph; os: 0.0000e0kph; or: 0.0000e0Mm; 
Earthloc:( 0.0000e0, 0.0000e0)Mm; rv:( 9.6540e4, 3.8022e4)kph; av:( 0.0000e0, 0.0000e0)kph; os: 1.0376e5kph; or: 1.6015e5Mm; 
Moon loc:(-1.7931e5, 2.8366e4)Mm; rv:(-2.9116e4,-1.1027e5)kph; av:(-1.0482e5,-3.9696e5)kph; os: 1.1405e5kph; or: 1.8154e5Mm; 
Ap8CMloc:(-4.5968e5,-9.7527e5)Mm; rv:(-8.4377e4,-4.8521e4)kph; av:(-3.0376e5,-1.7468e5)kph; os: 9.7333e4kph; or: 1.0782e6Mm; 
Time:   57.01~months, Distance to sun:160032.8Mm, Energy:********YJ, Momentum( 2.0121e2,-3.6064e2)Pgm/s
Sun  loc:(-1.5952e5,-1.2771e4)Mm; rv:( 0.0000e0, 0.0000e0)kph; av:( 2.8749e4,-3.7331e5)kph; os: 0.0000e0kph; or: 0.0000e0Mm; 
Earthloc:( 0.0000e0, 0.0000e0)Mm; rv:(-7.9858e3, 1.0370e5)kph; av:( 0.0000e0, 0.0000e0)kph; os: 1.0400e5kph; or: 1.6003e5Mm; 
Moon loc:(-1.0405e5,-1.7703e5)Mm; rv:( 1.0008e5,-7.1388e4)kph; av:( 3.6028e5,-2.5700e5)kph; os: 1.2293e5kph; or: 2.0534e5Mm; 
Ap8CMloc:(-5.3630e5,-1.1557e6)Mm; rv:( 2.0914e4,-1.1197e5)kph; av:( 7.5289e4,-4.0308e5)kph; os: 1.1390e5kph; or: 1.2741e6Mm; 
Time:   60.00~months, Distance to sun:161332.7Mm, Energy:********YJ, Momentum( 2.1509e2,-4.0462e2)Pgm/s
Sun  loc:(-3.5562e4,-1.5736e5)Mm; rv:( 0.0000e0, 0.0000e0)kph; av:( 3.6214e5,-8.5151e4)kph; os: 0.0000e0kph; or: 0.0000e0Mm; 
Earthloc:( 0.0000e0, 0.0000e0)Mm; rv:(-1.0059e5, 2.3653e4)kph; av:( 0.0000e0, 0.0000e0)kph; os: 1.0334e5kph; or: 1.6133e5Mm; 
Moon loc:( 1.3109e5,-1.7533e5)Mm; rv:( 1.0740e5, 7.7273e4)kph; av:( 3.8665e5, 2.7818e5)kph; os: 1.3231e5kph; or: 2.1891e5Mm; 
Ap8CMloc:(-3.8626e5,-1.3144e6)Mm; rv:( 1.1422e5,-2.9712e4)kph; av:( 4.1120e5,-1.0696e5)kph; os: 1.1802e5kph; or: 1.3699e6Mm; 
Time:   63.00~months, Distance to sun:162954.6Mm, Energy:********YJ, Momentum( 1.9379e2,-3.8263e2)Pgm/s
Sun  loc:( 1.3936e5,-8.4463e4)Mm; rv:( 0.0000e0, 0.0000e0)kph; av:( 1.9305e5, 3.1434e5)kph; os: 0.0000e0kph; or: 0.0000e0Mm; 
Earthloc:( 0.0000e0, 0.0000e0)Mm; rv:(-5.3625e4,-8.7317e4)kph; av:( 0.0000e0, 0.0000e0)kph; os: 1.0247e5kph; or: 1.6295e5Mm; 
Moon loc:( 2.0749e5, 6.1567e4)Mm; rv:(-4.2459e4, 1.3042e5)kph; av:(-1.5285e5, 4.6950e5)kph; os: 1.3715e5kph; or: 2.1643e5Mm; 
Ap8CMloc:(-1.8388e5,-1.2512e6)Mm; rv:( 6.7897e4, 8.3478e4)kph; av:( 2.4443e5, 3.0052e5)kph; os: 1.0760e5kph; or: 1.2646e6Mm; 
Time:   66.00~months, Distance to sun:163385.6Mm, Energy:********YJ, Momentum( 2.0231e2,-4.1781e2)Pgm/s
Sun  loc:( 1.2618e5, 1.0380e5)Mm; rv:( 0.0000e0, 0.0000e0)kph; av:(-2.3451e5, 2.8422e5)kph; os: 0.0000e0kph; or: 0.0000e0Mm; 
Earthloc:( 0.0000e0, 0.0000e0)Mm; rv:( 6.5142e4,-7.8951e4)kph; av:( 0.0000e0, 0.0000e0)kph; os: 1.0236e5kph; or: 1.6339e5Mm; 
Moon loc:( 3.8230e3, 2.1192e5)Mm; rv:(-1.3668e5, 3.2717e3)kph; av:(-4.9205e5, 1.1778e4)kph; os: 1.3672e5kph; or: 2.1196e5Mm; 
Ap8CMloc:(-1.6838e5,-1.0683e6)Mm; rv:(-5.0280e4, 7.7348e4)kph; av:(-1.8101e5, 2.7845e5)kph; os: 9.2253e4kph; or: 1.0815e6Mm; 
Time:   69.00~months, Distance to sun:162736.2Mm, Energy:********YJ, Momentum( 2.3365e2,-4.0902e2)Pgm/s
Sun  loc:(-5.6691e4, 1.5254e5)Mm; rv:( 0.0000e0, 0.0000e0)kph; av:(-3.4688e5,-1.3027e5)kph; os: 0.0000e0kph; or: 0.0000e0Mm; 
Earthloc:( 0.0000e0, 0.0000e0)Mm; rv:( 9.6354e4, 3.6186e4)kph; av:( 0.0000e0, 0.0000e0)kph; os: 1.0293e5kph; or: 1.6274e5Mm; 
Moon loc:(-2.0970e5, 7.4572e4)Mm; rv:(-5.5001e4,-1.2635e5)kph; av:(-1.9800e5,-4.5485e5)kph; os: 1.3780e5kph; or: 2.2256e5Mm; 
Ap8CMloc:(-3.2146e5,-1.0205e6)Mm; rv:(-8.0952e4,-3.5525e4)kph; av:(-2.9143e5,-1.2789e5)kph; os: 8.8404e4kph; or: 1.0699e6Mm; 
Time:   72.00~months, Distance to sun:162569.3Mm, Energy:********YJ, Momentum( 2.2485e2,-3.9143e2)Pgm/s
Sun  loc:(-1.6249e5,-5.0463e3)Mm; rv:( 0.0000e0, 0.0000e0)kph; av:( 1.0541e4,-3.7135e5)kph; os: 0.0000e0kph; or: 0.0000e0Mm; 
Earthloc:( 0.0000e0, 0.0000e0)Mm; rv:(-2.9281e3, 1.0315e5)kph; av:( 0.0000e0, 0.0000e0)kph; os: 1.0319e5kph; or: 1.6257e5Mm; 
Moon loc:(-1.6308e5,-1.8143e5)Mm; rv:( 9.9542e4,-1.0372e5)kph; av:( 3.5835e5,-3.7339e5)kph; os: 1.4376e5kph; or: 2.4395e5Mm; 
Ap8CMloc:(-3.9652e5,-1.1745e6)Mm; rv:( 1.8821e4,-1.0019e5)kph; av:( 6.7755e4,-3.6067e5)kph; os: 1.0194e5kph; or: 1.2397e6Mm; 
Time:   75.00~months, Distance to sun:163802.9Mm, Energy:********YJ, Momentum( 1.7881e2,-3.9582e2)Pgm/s
Sun  loc:(-4.8007e4,-1.5661e5)Mm; rv:( 0.0000e0, 0.0000e0)kph; av:( 3.5213e5,-1.1125e5)kph; os: 0.0000e0kph; or: 0.0000e0Mm; 
Earthloc:( 0.0000e0, 0.0000e0)Mm; rv:(-9.7814e4, 3.0903e4)kph; av:( 0.0000e0, 0.0000e0)kph; os: 1.0258e5kph; or: 1.6380e5Mm; 
Moon loc:( 1.0512e5,-2.3641e5)Mm; rv:( 1.4028e5, 5.8394e4)kph; av:( 5.0501e5, 2.1022e5)kph; os: 1.5195e5kph; or: 2.5873e5Mm; 
Ap8CMloc:(-2.5031e5,-1.3179e6)Mm; rv:( 1.1415e5,-2.5574e4)kph; av:( 4.1094e5,-9.2066e4)kph; os: 1.1698e5kph; or: 1.3415e6Mm; 
Time:   78.00~months, Distance to sun:165454.0Mm, Energy:********YJ, Momentum( 1.8829e2,-3.6504e2)Pgm/s
Sun  loc:( 1.3193e5,-9.9841e4)Mm; rv:( 0.0000e0, 0.0000e0)kph; av:( 2.2281e5, 2.9055e5)kph; os: 0.0000e0kph; or: 0.0000e0Mm; 
Earthloc:( 0.0000e0, 0.0000e0)Mm; rv:(-6.1892e4,-8.0709e4)kph; av:( 0.0000e0, 0.0000e0)kph; os: 1.0171e5kph; or: 1.6545e5Mm; 
Moon loc:( 2.5833e5, 6.4480e3)Mm; rv:(-7.0501e3, 1.5792e5)kph; av:(-2.5380e4, 5.6851e5)kph; os: 1.5808e5kph; or: 2.5841e5Mm; 
Ap8CMloc:(-3.7830e4,-1.2483e6)Mm; rv:( 7.8620e4, 8.8479e4)kph; av:( 2.8303e5, 3.1852e5)kph; os: 1.1836e5kph; or: 1.2489e6Mm; 
Time:   81.00~months, Distance to sun:166010.4Mm, Energy:********YJ, Momentum( 1.8334e2,-3.8703e2)Pgm/s
Sun  loc:( 1.4092e5, 8.7754e4)Mm; rv:( 0.0000e0, 0.0000e0)kph; av:(-1.9346e5, 3.1005e5)kph; os: 0.0000e0kph; or: 0.0000e0Mm; 
Earthloc:( 0.0000e0, 0.0000e0)Mm; rv:( 5.3739e4,-8.6125e4)kph; av:( 0.0000e0, 0.0000e0)kph; os: 1.0152e5kph; or: 1.6601e5Mm; 
Moon loc:( 7.9291e4, 2.3941e5)Mm; rv:(-1.5130e5, 4.8513e4)kph; av:(-5.4466e5, 1.7465e5)kph; os: 1.5888e5kph; or: 2.5220e5Mm; 
Ap8CMloc:( 4.4218e3,-1.0429e6)Mm; rv:(-3.6670e4, 9.6431e4)kph; av:(-1.3201e5, 3.4715e5)kph; os: 1.0317e5kph; or: 1.0429e6Mm; 
Time:   84.00~months, Distance to sun:165396.7Mm, Energy:********YJ, Momentum( 1.9402e2,-4.1342e2)Pgm/s
Sun  loc:(-3.1920e4, 1.6229e5)Mm; rv:( 0.0000e0, 0.0000e0)kph; av:(-3.6018e5,-7.2281e4)kph; os: 0.0000e0kph; or: 0.0000e0Mm; 
Earthloc:( 0.0000e0, 0.0000e0)Mm; rv:( 1.0005e5, 2.0078e4)kph; av:( 0.0000e0, 0.0000e0)kph; os: 1.0204e5kph; or: 1.6540e5Mm; 
Moon loc:(-2.0280e5, 1.5782e5)Mm; rv:(-1.0200e5,-1.2042e5)kph; av:(-3.6721e5,-4.3352e5)kph; os: 1.5782e5kph; or: 2.5697e5Mm; 
Ap8CMloc:(-1.3454e5,-9.4553e5)Mm; rv:(-8.2698e4,-7.1174e3)kph; av:(-2.9771e5,-2.5623e4)kph; os: 8.3003e4kph; or: 9.5505e5Mm; 
Time:   87.00~months, Distance to sun:165044.7Mm, Energy:********YJ, Momentum( 1.6850e2,-3.7383e2)Pgm/s
Sun  loc:(-1.6293e5, 2.6305e4)Mm; rv:( 0.0000e0, 0.0000e0)kph; av:(-5.9271e4,-3.6390e5)kph; os: 0.0000e0kph; or: 0.0000e0Mm; 
Earthloc:( 0.0000e0, 0.0000e0)Mm; rv:( 1.6464e4, 1.0108e5)kph; av:( 0.0000e0, 0.0000e0)kph; os: 1.0242e5kph; or: 1.6504e5Mm; 
Moon loc:(-2.3944e5,-1.3458e5)Mm; rv:( 6.9627e4,-1.4434e5)kph; av:( 2.5066e5,-5.1961e5)kph; os: 1.6025e5kph; or: 2.7467e5Mm; 
Ap8CMloc:(-2.3125e5,-1.0533e6)Mm; rv:( 1.1061e3,-8.5326e4)kph; av:( 3.9821e3,-3.0717e5)kph; os: 8.5333e4kph; or: 1.0784e6Mm; 
Time:   90.00~months, Distance to sun:166056.9Mm, Energy:********YJ, Momentum( 1.7785e2,-4.0462e2)Pgm/s
Sun  loc:(-8.1722e4,-1.4456e5)Mm; rv:( 0.0000e0, 0.0000e0)kph; av:( 3.1803e5,-1.8317e5)kph; os: 0.0000e0kph; or: 0.0000e0Mm; 
Earthloc:( 0.0000e0, 0.0000e0)Mm; rv:(-8.8341e4, 5.0881e4)kph; av:( 0.0000e0, 0.0000e0)kph; os: 1.0195e5kph; or: 1.6606e5Mm; 
Moon loc:( 2.0722e4,-2.8999e5)Mm; rv:( 1.6598e5, 6.5963e3)kph; av:( 5.9754e5, 2.3747e4)kph; os: 1.6611e5kph; or: 2.9073e5Mm; 
Ap8CMloc:(-1.1530e5,-1.1903e6)Mm; rv:( 1.0605e5,-3.2139e4)kph; av:( 3.8179e5,-1.1570e5)kph; os: 1.1082e5kph; or: 1.1959e6Mm; 
Time:   93.00~months, Distance to sun:167754.8Mm, Energy:********YJ, Momentum( 1.9138e2,-3.6504e2)Pgm/s
Sun  loc:( 1.0576e5,-1.3022e5)Mm; rv:( 0.0000e0, 0.0000e0)kph; av:( 2.8412e5, 2.2724e5)kph; os: 0.0000e0kph; or: 0.0000e0Mm; 
Earthloc:( 0.0000e0, 0.0000e0)Mm; rv:(-7.8923e4,-6.3123e4)kph; av:( 0.0000e0, 0.0000e0)kph; os: 1.0106e5kph; or: 1.6775e5Mm; 
Moon loc:( 2.7468e5,-1.0436e5)Mm; rv:( 5.9676e4, 1.6201e5)kph; av:( 2.1483e5, 5.8323e5)kph; os: 1.7265e5kph; or: 2.9384e5Mm; 
Ap8CMloc:( 1.0710e5,-1.1359e6)Mm; rv:( 9.6685e4, 8.5079e4)kph; av:( 3.4807e5, 3.0628e5)kph; os: 1.2879e5kph; or: 1.1410e6Mm; 
Time:   96.00~months, Distance to sun:168600.6Mm, Energy:********YJ, Momentum( 2.1001e2,-3.3865e2)Pgm/s
Sun  loc:( 1.6156e5, 4.8230e4)Mm; rv:( 0.0000e0, 0.0000e0)kph; av:(-1.0349e5, 3.4741e5)kph; os: 0.0000e0kph; or: 0.0000e0Mm; 
Earthloc:( 0.0000e0, 0.0000e0)Mm; rv:( 2.8748e4,-9.6504e4)kph; av:( 0.0000e0, 0.0000e0)kph; os: 1.0069e5kph; or: 1.6860e5Mm; 
Moon loc:( 1.9648e5, 2.0997e5)Mm; rv:(-1.3066e5, 1.1782e5)kph; av:(-4.7036e5, 4.2415e5)kph; os: 1.7593e5kph; or: 2.8756e5Mm; 
Ap8CMloc:( 1.9781e5,-9.1089e5)Mm; rv:(-1.1054e4, 1.2196e5)kph; av:(-3.9794e4, 4.3906e5)kph; os: 1.2246e5kph; or: 9.3212e5Mm; 
Time:   99.00~months, Distance to sun:168145.4Mm, Energy:********YJ, Momentum( 2.2334e2,-3.5624e2)Pgm/s
Sun  loc:( 1.7192e4, 1.6726e5)Mm; rv:( 0.0000e0, 0.0000e0)kph; av:(-3.6224e5, 3.5748e4)kph; os: 0.0000e0kph; or: 0.0000e0Mm; 
Earthloc:( 0.0000e0, 0.0000e0)Mm; rv:( 1.0062e5,-9.9301e3)kph; av:( 0.0000e0, 0.0000e0)kph; os: 1.0111e5kph; or: 1.6815e5Mm; 
Moon loc:(-1.2611e5, 2.5703e5)Mm; rv:(-1.5811e5,-7.4445e4)kph; av:(-5.6919e5,-2.6800e5)kph; os: 1.7476e5kph; or: 2.8630e5Mm; 
Ap8CMloc:( 8.8073e4,-7.3801e5)Mm; rv:(-8.3153e4, 3.9261e4)kph; av:(-2.9935e5, 1.4134e5)kph; os: 9.1956e4kph; or: 7.4325e5Mm; 
Time:  102.00~months, Distance to sun:167547.2Mm, Energy:********YJ, Momentum( 2.4258e2,-3.6944e2)Pgm/s
Sun  loc:(-1.4812e5, 7.8312e4)Mm; rv:( 0.0000e0, 0.0000e0)kph; av:(-1.7077e5,-3.2351e5)kph; os: 0.0000e0kph; or: 0.0000e0Mm; 
Earthloc:( 0.0000e0, 0.0000e0)Mm; rv:( 4.7437e4, 8.9865e4)kph; av:( 0.0000e0, 0.0000e0)kph; os: 1.0162e5kph; or: 1.6755e5Mm; 
Moon loc:(-2.9780e5,-1.7389e4)Mm; rv:( 1.6606e3,-1.7388e5)kph; av:( 5.9782e3,-6.2598e5)kph; os: 1.7389e5kph; or: 2.9831e5Mm; 
Ap8CMloc:(-4.3319e4,-7.6518e5)Mm; rv:(-3.0407e4,-5.6185e4)kph; av:(-1.0947e5,-2.0227e5)kph; os: 6.3885e4kph; or: 7.6640e5Mm; 
Time:  105.00~months, Distance to sun:168152.9Mm, Energy:********YJ, Momentum( 2.4959e2,-3.7823e2)Pgm/s
Sun  loc:(-1.2801e5,-1.0904e5)Mm; rv:( 0.0000e0, 0.0000e0)kph; av:( 2.3487e5,-2.7944e5)kph; os: 0.0000e0kph; or: 0.0000e0Mm; 
Earthloc:( 0.0000e0, 0.0000e0)Mm; rv:(-6.5241e4, 7.7622e4)kph; av:( 0.0000e0, 0.0000e0)kph; os: 1.0140e5kph; or: 1.6815e5Mm; 
Moon loc:(-1.2010e5,-2.9070e5)Mm; rv:( 1.6026e5,-7.3510e4)kph; av:( 5.7694e5,-2.6464e5)kph; os: 1.7632e5kph; or: 3.1453e5Mm; 
Ap8CMloc:( 9.6218e3,-8.8144e5)Mm; rv:( 8.1514e4,-3.8932e4)kph; av:( 2.9345e5,-1.4015e5)kph; os: 9.0333e4kph; or: 8.8149e5Mm; 
Time:  108.00~months, Distance to sun:169800.9Mm, Energy:********YJ, Momentum( 2.9274e2,-3.4745e2)Pgm/s
Sun  loc:( 5.1992e4,-1.6165e5)Mm; rv:( 0.0000e0, 0.0000e0)kph; av:( 3.4556e5, 1.0787e5)kph; os: 0.0000e0kph; or: 0.0000e0Mm; 
Earthloc:( 0.0000e0, 0.0000e0)Mm; rv:(-9.5989e4,-2.9963e4)kph; av:( 0.0000e0, 0.0000e0)kph; os: 1.0056e5kph; or: 1.6980e5Mm; 
Moon loc:( 2.0965e5,-2.4405e5)Mm; rv:( 1.3784e5, 1.1791e5)kph; av:( 4.9623e5, 4.2448e5)kph; os: 1.8139e5kph; or: 3.2173e5Mm; 
Ap8CMloc:( 2.2052e5,-8.5226e5)Mm; rv:( 1.1101e5, 7.4578e4)kph; av:( 3.9964e5, 2.6848e5)kph; os: 1.3374e5kph; or: 8.8032e5Mm; 
Time:  111.00~months, Distance to sun:171045.0Mm, Energy:********YJ, Momentum( 2.8312e2,-3.4305e2)Pgm/s
Sun  loc:( 1.7014e5,-1.7614e4)Mm; rv:( 0.0000e0, 0.0000e0)kph; av:( 3.8162e4, 3.5782e5)kph; os: 0.0000e0kph; or: 0.0000e0Mm; 
Earthloc:( 0.0000e0, 0.0000e0)Mm; rv:(-1.0601e4,-9.9395e4)kph; av:( 0.0000e0, 0.0000e0)kph; os: 9.9958e4kph; or: 1.7105e5Mm; 
Moon loc:( 3.0613e5, 8.4749e4)Mm; rv:(-5.3251e4, 1.7881e5)kph; av:(-1.9170e5, 6.4372e5)kph; os: 1.8657e5kph; or: 3.1765e5Mm; 
Ap8CMloc:( 3.6636e5,-6.1354e5)Mm; rv:( 2.3543e4, 1.5128e5)kph; av:( 8.4754e4, 5.4462e5)kph; os: 1.5311e5kph; or: 7.1460e5Mm; 
Time:  114.00~months, Distance to sun:170958.8Mm, Energy:********YJ, Momentum( 2.7570e2,-3.5624e2)Pgm/s
Sun  loc:( 8.5535e4, 1.4802e5)Mm; rv:( 0.0000e0, 0.0000e0)kph; av:(-3.1275e5, 1.7934e5)kph; os: 0.0000e0kph; or: 0.0000e0Mm; 
Earthloc:( 0.0000e0, 0.0000e0)Mm; rv:( 8.6875e4,-4.9816e4)kph; av:( 0.0000e0, 0.0000e0)kph; os: 1.0014e5kph; or: 1.7096e5Mm; 
Moon loc:( 3.9249e4, 3.0962e5)Mm; rv:(-1.8656e5, 2.2759e4)kph; av:(-6.7162e5, 8.1934e4)kph; os: 1.8795e5kph; or: 3.1209e5Mm; 
Ap8CMloc:( 3.0399e5,-3.3697e5)Mm; rv:(-7.7589e4, 1.1112e5)kph; av:(-2.7932e5, 4.0002e5)kph; os: 1.3553e5kph; or: 4.5382e5Mm; 
Time:  117.00~months, Distance to sun:170199.8Mm, Energy:********YJ, Momentum( 3.2573e2,-3.9582e2)Pgm/s
Sun  loc:(-1.0061e5, 1.3728e5)Mm; rv:( 0.0000e0, 0.0000e0)kph; av:(-2.9184e5,-2.1522e5)kph; os: 0.0000e0kph; or: 0.0000e0Mm; 
Earthloc:( 0.0000e0, 0.0000e0)Mm; rv:( 8.1067e4, 5.9784e4)kph; av:( 0.0000e0, 0.0000e0)kph; os: 1.0073e5kph; or: 1.7020e5Mm; 
Moon loc:(-2.7403e5, 1.5873e5)Mm; rv:(-9.7811e4,-1.5796e5)kph; av:(-3.5212e5,-5.6865e5)kph; os: 1.8579e5kph; or: 3.1669e5Mm; 
Ap8CMloc:( 1.2991e5,-2.1525e5)Mm; rv:(-7.8968e4, 1.4642e4)kph; av:(-2.8429e5, 5.2710e4)kph; os: 8.0314e4kph; or: 2.5141e5Mm; 
Time:  120.00~months, Distance to sun:170232.1Mm, Energy:********YJ, Momentum( 3.2051e2,-4.0902e2)Pgm/s
Sun  loc:(-1.6581e5,-3.8561e4)Mm; rv:( 0.0000e0, 0.0000e0)kph; av:( 8.0900e4,-3.5392e5)kph; os: 0.0000e0kph; or: 0.0000e0Mm; 
Earthloc:( 0.0000e0, 0.0000e0)Mm; rv:(-2.2472e4, 9.8312e4)kph; av:( 0.0000e0, 0.0000e0)kph; os: 1.0085e5kph; or: 1.7023e5Mm; 
Moon loc:(-2.7269e5,-1.8669e5)Mm; rv:( 9.8122e4,-1.5631e5)kph; av:( 3.5324e5,-5.6272e5)kph; os: 1.8456e5kph; or: 3.3047e5Mm; 
Ap8CMloc:( 5.4229e4,-2.2609e5)Mm; rv:( 6.4945e3,-3.3474e3)kph; av:( 2.3380e4,-1.2051e4)kph; os: 7.3064e3kph; or: 2.3251e5Mm; 
Time:  123.00~months, Distance to sun:171578.5Mm, Energy:********YJ, Momentum( 2.8560e2,-4.0902e2)Pgm/s
Sun  loc:(-3.1337e4,-1.6869e5)Mm; rv:( 0.0000e0, 0.0000e0)kph; av:( 3.5404e5,-6.8999e4)kph; os: 0.0000e0kph; or: 0.0000e0Mm; 
Earthloc:( 0.0000e0, 0.0000e0)Mm; rv:(-9.8345e4, 1.9166e4)kph; av:( 0.0000e0, 0.0000e0)kph; os: 1.0020e5kph; or: 1.7158e5Mm; 
Moon loc:( 3.8064e4,-3.3916e5)Mm; rv:( 1.8548e5, 1.7867e4)kph; av:( 6.6774e5, 6.4320e4)kph; os: 1.8634e5kph; or: 3.4128e5Mm; 
Ap8CMloc:( 1.0100e5,-1.4241e5)Mm; rv:( 1.4957e3, 9.6979e4)kph; av:( 5.3846e3, 3.4912e5)kph; os: 9.6990e4kph; or: 1.7459e5Mm; 
Time:  126.00~months, Distance to sun:173178.4Mm, Energy:********YJ, Momentum( 2.8629e2,-3.3425e2)Pgm/s
Sun  loc:( 1.4137e5,-1.0002e5)Mm; rv:( 0.0000e0, 0.0000e0)kph; av:( 2.0848e5, 2.9083e5)kph; os: 0.0000e0kph; or: 0.0000e0Mm; 
Earthloc:( 0.0000e0, 0.0000e0)Mm; rv:(-5.7911e4,-8.0787e4)kph; av:( 0.0000e0, 0.0000e0)kph; os: 9.9399e4kph; or: 1.7318e5Mm; 
Moon loc:( 3.1759e5,-1.2523e5)Mm; rv:( 6.7712e4, 1.7838e5)kph; av:( 2.4376e5, 6.4215e5)kph; os: 1.9080e5kph; or: 3.4139e5Mm; 
Ap8CMloc:(-1.3419e4,-3.3032e4)Mm; rv:(-5.8817e4, 1.5069e4)kph; av:(-2.1174e5, 5.4250e4)kph; os: 6.0716e4kph; or: 3.5654e4Mm; 
Time:  129.00~months, Distance to sun:173703.1Mm, Energy:********YJ, Momentum( 2.8945e2,-2.5069e2)Pgm/s
Sun  loc:( 1.5183e5, 8.4387e4)Mm; rv:( 0.0000e0, 0.0000e0)kph; av:(-1.7382e5, 3.1207e5)kph; os: 0.0000e0kph; or: 0.0000e0Mm; 
Earthloc:( 0.0000e0, 0.0000e0)Mm; rv:( 4.8282e4,-8.6685e4)kph; av:( 0.0000e0, 0.0000e0)kph; os: 9.9225e4kph; or: 1.7370e5Mm; 
Moon loc:( 2.4588e5, 2.2718e5)Mm; rv:(-1.3479e5, 1.4105e5)kph; av:(-4.8524e5, 5.0779e5)kph; os: 1.9510e5kph; or: 3.3477e5Mm; 
Ap8CMloc:(-1.6094e5, 9.8320e3)Mm; rv:(-1.0481e5, 1.5654e4)kph; av:(-3.7730e5, 5.6355e4)kph; os: 1.0597e5kph; or: 1.6124e5Mm; 
Time:  132.00~months, Distance to sun:173074.5Mm, Energy:********YJ, Momentum( 2.7818e2,-2.7708e2)Pgm/s
Sun  loc:(-1.1197e4, 1.7271e5)Mm; rv:( 0.0000e0, 0.0000e0)kph; av:(-3.5812e5,-2.4773e4)kph; os: 0.0000e0kph; or: 0.0000e0Mm; 
Earthloc:( 0.0000e0, 0.0000e0)Mm; rv:( 9.9478e4, 6.8813e3)kph; av:( 0.0000e0, 0.0000e0)kph; os: 9.9715e4kph; or: 1.7307e5Mm; 
Moon loc:(-1.0829e5, 3.1411e5)Mm; rv:(-1.8507e5,-6.2367e4)kph; av:(-6.6626e5,-2.2452e5)kph; os: 1.9530e5kph; or: 3.3225e5Mm; 
Ap8CMloc:(-4.1116e5,-3.3695e4)Mm; rv:(-1.3432e5,-6.9877e4)kph; av:(-4.8355e5,-2.5156e5)kph; os: 1.5141e5kph; or: 4.1254e5Mm; 
Time:  135.00~months, Distance to sun:172527.8Mm, Energy:********YJ, Momentum( 2.9900e2,-2.7708e2)Pgm/s
Sun  loc:(-1.6104e5, 6.1901e4)Mm; rv:( 0.0000e0, 0.0000e0)kph; av:(-1.2933e5,-3.3659e5)kph; os: 0.0000e0kph; or: 0.0000e0Mm; 
Earthloc:( 0.0000e0, 0.0000e0)Mm; rv:( 3.5926e4, 9.3497e4)kph; av:( 0.0000e0, 0.0000e0)kph; os: 1.0016e5kph; or: 1.7253e5Mm; 
Moon loc:(-3.3844e5, 3.4459e4)Mm; rv:(-2.5510e4,-1.9060e5)kph; av:(-9.1835e4,-6.8618e5)kph; os: 1.9230e5kph; or: 3.4019e5Mm; 
Ap8CMloc:(-6.1736e5,-2.6141e5)Mm; rv:(-5.9343e4,-1.4955e5)kph; av:(-2.1363e5,-5.3837e5)kph; os: 1.6089e5kph; or: 6.7043e5Mm; 
Time:  138.00~months, Distance to sun:173221.8Mm, Energy:********YJ, Momentum( 2.9467e2,-2.7708e2)Pgm/s
Sun  loc:(-1.2396e5,-1.2099e5)Mm; rv:( 0.0000e0, 0.0000e0)kph; av:( 2.4941e5,-2.5908e5)kph; os: 0.0000e0kph; or: 0.0000e0Mm; 
Earthloc:( 0.0000e0, 0.0000e0)Mm; rv:(-6.9280e4, 7.1966e4)kph; av:( 0.0000e0, 0.0000e0)kph; os: 9.9894e4kph; or: 1.7322e5Mm; 
Moon loc:(-1.9511e5,-2.9326e5)Mm; rv:( 1.5550e5,-1.0961e5)kph; av:( 5.5981e5,-3.9459e5)kph; os: 1.9025e5kph; or: 3.5223e5Mm; 
Ap8CMloc:(-6.1876e5,-5.4883e5)Mm; rv:( 5.3122e4,-1.2233e5)kph; av:( 1.9124e5,-4.4038e5)kph; os: 1.3336e5kph; or: 8.2709e5Mm; 
Time:  141.00~months, Distance to sun:174870.7Mm, Energy:********YJ, Momentum( 2.4959e2,-3.3425e2)Pgm/s
Sun  loc:( 5.6291e4,-1.6556e5)Mm; rv:( 0.0000e0, 0.0000e0)kph; av:( 3.3868e5, 1.1190e5)kph; os: 0.0000e0kph; or: 0.0000e0Mm; 
Earthloc:( 0.0000e0, 0.0000e0)Mm; rv:(-9.4079e4,-3.1083e4)kph; av:( 0.0000e0, 0.0000e0)kph; os: 9.9081e4kph; or: 1.7487e5Mm; 
Moon loc:( 1.6083e5,-3.1932e5)Mm; rv:( 1.7086e5, 8.6028e4)kph; av:( 6.1509e5, 3.0970e5)kph; os: 1.9129e5kph; or: 3.5754e5Mm; 
Ap8CMloc:(-4.6500e5,-6.8770e5)Mm; rv:( 8.3044e4,-1.4510e4)kph; av:( 2.9896e5,-5.2238e4)kph; os: 8.4302e4kph; or: 8.3016e5Mm; 
Time:  144.00~months, Distance to sun:176104.5Mm, Energy:********YJ, Momentum( 2.9185e2,-3.5184e2)Pgm/s
Sun  loc:( 1.7442e5,-2.4322e4)Mm; rv:( 0.0000e0, 0.0000e0)kph; av:( 5.0114e4, 3.5106e5)kph; os: 0.0000e0kph; or: 0.0000e0Mm; 
Earthloc:( 0.0000e0, 0.0000e0)Mm; rv:(-1.3921e4,-9.7518e4)kph; av:( 0.0000e0, 0.0000e0)kph; os: 9.8506e4kph; or: 1.7610e5Mm; 
Moon loc:( 3.5307e5,-1.3751e4)Mm; rv:( 3.9555e3, 1.9527e5)kph; av:( 1.4240e4, 7.0298e5)kph; os: 1.9531e5kph; or: 3.5334e5Mm; 
Ap8CMloc:(-3.6460e5,-6.3189e5)Mm; rv:( 6.7431e3, 5.6022e4)kph; av:( 2.4275e4, 2.0168e5)kph; os: 5.6426e4kph; or: 7.2953e5Mm; 
Time:  147.00~months, Distance to sun:176053.0Mm, Energy:********YJ, Momentum( 2.8202e2,-3.4305e2)Pgm/s
Sun  loc:( 1.0069e5, 1.4441e5)Mm; rv:( 0.0000e0, 0.0000e0)kph; av:(-2.9200e5, 2.0219e5)kph; os: 0.0000e0kph; or: 0.0000e0Mm; 
Earthloc:( 0.0000e0, 0.0000e0)Mm; rv:( 8.1110e4,-5.6164e4)kph; av:( 0.0000e0, 0.0000e0)kph; os: 9.8657e4kph; or: 1.7605e5Mm; 
Moon loc:( 1.6577e5, 3.0438e5)Mm; rv:(-1.7600e5, 9.3224e4)kph; av:(-6.3361e5, 3.3561e5)kph; os: 1.9917e5kph; or: 3.4659e5Mm; 
Ap8CMloc:(-4.4934e5,-5.4118e5)Mm; rv:(-8.5234e4, 1.8287e4)kph; av:(-3.0684e5, 6.5833e4)kph; os: 8.7173e4kph; or: 7.0341e5Mm; 
Time:  150.00~months, Distance to sun:175252.5Mm, Energy:********YJ, Momentum( 2.6196e2,-3.1226e2)Pgm/s
Sun  loc:(-8.3956e4, 1.5383e5)Mm; rv:( 0.0000e0, 0.0000e0)kph; av:(-3.1295e5,-1.7228e5)kph; os: 0.0000e0kph; or: 0.0000e0Mm; 
Earthloc:( 0.0000e0, 0.0000e0)Mm; rv:( 8.6930e4, 4.7855e4)kph; av:( 0.0000e0, 0.0000e0)kph; os: 9.9232e4kph; or: 1.7525e5Mm; 
Moon loc:(-2.0587e5, 2.7899e5)Mm; rv:(-1.6144e5,-1.1584e5)kph; av:(-5.8119e5,-4.1703e5)kph; os: 1.9870e5kph; or: 3.4673e5Mm; 
Ap8CMloc:(-6.3957e5,-6.0305e5)Mm; rv:(-8.8558e4,-8.2482e4)kph; av:(-3.1881e5,-2.9694e5)kph; os: 1.2102e5kph; or: 8.7905e5Mm; 
Time:  153.00~months, Distance to sun:175076.6Mm, Energy:********YJ, Momentum( 2.9900e2,-2.9027e2)Pgm/s
Sun  loc:(-1.7489e5,-8.0898e3)Mm; rv:( 0.0000e0, 0.0000e0)kph; av:( 1.5646e4,-3.5770e5)kph; os: 0.0000e0kph; or: 0.0000e0Mm; 
Earthloc:( 0.0000e0, 0.0000e0)Mm; rv:(-4.3460e3, 9.9362e4)kph; av:( 0.0000e0, 0.0000e0)kph; os: 9.9457e4kph; or: 1.7508e5Mm; 
Moon loc:(-3.5050e5,-6.0060e4)Mm; rv:( 2.7425e4,-1.9295e5)kph; av:( 9.8729e4,-6.9464e5)kph; os: 1.9489e5kph; or: 3.5561e5Mm; 
Ap8CMloc:(-7.3159e5,-8.3016e5)Mm; rv:( 4.8089e3,-1.3102e5)kph; av:( 1.7312e4,-4.7168e5)kph; os: 1.3111e5kph; or: 1.1065e6Mm; 
Time:  156.00~months, Distance to sun:176213.4Mm, Energy:********YJ, Momentum( 2.8120e2,-2.8147e2)Pgm/s
Sun  loc:(-7.0548e4,-1.6148e5)Mm; rv:( 0.0000e0, 0.0000e0)kph; av:( 3.2519e5,-1.4533e5)kph; os: 0.0000e0kph; or: 0.0000e0Mm; 
Earthloc:( 0.0000e0, 0.0000e0)Mm; rv:(-9.0331e4, 4.0370e4)kph; av:( 0.0000e0, 0.0000e0)kph; os: 9.8942e4kph; or: 1.7621e5Mm; 
Moon loc:(-1.2419e5,-3.4310e5)Mm; rv:( 1.7932e5,-6.8163e4)kph; av:( 6.4555e5,-2.4539e5)kph; os: 1.9184e5kph; or: 3.6488e5Mm; 
Ap8CMloc:(-6.2454e5,-1.0431e6)Mm; rv:( 9.2582e4,-6.9292e4)kph; av:( 3.3330e5,-2.4945e5)kph; os: 1.1564e5kph; or: 1.2158e6Mm; 
Time:  159.00~months, Distance to sun:177877.7Mm, Energy:********YJ, Momentum( 3.1419e2,-2.7268e2)Pgm/s
Sun  loc:( 1.1198e5,-1.3820e5)Mm; rv:( 0.0000e0, 0.0000e0)kph; av:( 2.7615e5, 2.2034e5)kph; os: 0.0000e0kph; or: 0.0000e0Mm; 
Earthloc:( 0.0000e0, 0.0000e0)Mm; rv:(-7.6709e4,-6.1205e4)kph; av:( 0.0000e0, 0.0000e0)kph; os: 9.8135e4kph; or: 1.7788e5Mm; 
Moon loc:( 2.3021e5,-2.8457e5)Mm; rv:( 1.4815e5, 1.2222e5)kph; av:( 5.3335e5, 4.3999e5)kph; os: 1.9206e5kph; or: 3.6603e5Mm; 
Ap8CMloc:(-4.3603e5,-1.0741e6)Mm; rv:( 8.0511e4, 3.4840e4)kph; av:( 2.8984e5, 1.2542e5)kph; os: 8.7726e4kph; or: 1.1593e6Mm; 
Time:  162.00~months, Distance to sun:178739.4Mm, Energy:********YJ, Momentum( 2.9130e2,-2.6828e2)Pgm/s
Sun  loc:( 1.7552e5, 3.3754e4)Mm; rv:( 0.0000e0, 0.0000e0)kph; av:(-6.6137e4, 3.4572e5)kph; os: 0.0000e0kph; or: 0.0000e0Mm; 
Earthloc:( 0.0000e0, 0.0000e0)Mm; rv:( 1.8371e4,-9.6034e4)kph; av:( 0.0000e0, 0.0000e0)kph; os: 9.7776e4kph; or: 1.7874e5Mm; 
Moon loc:( 3.5491e5, 5.6865e4)Mm; rv:(-3.5000e4, 1.9251e5)kph; av:(-1.2600e5, 6.9302e5)kph; os: 1.9566e5kph; or: 3.5944e5Mm; 
Ap8CMloc:(-3.6363e5,-9.5165e5)Mm; rv:(-1.3201e4, 7.2085e4)kph; av:(-4.7524e4, 2.5951e5)kph; os: 7.3284e4kph; or: 1.0188e6Mm; 
Time:  165.00~months, Distance to sun:178339.4Mm, Energy:********YJ, Momentum( 2.6801e2,-2.0671e2)Pgm/s
Sun  loc:( 5.3086e4, 1.7026e5)Mm; rv:( 0.0000e0, 0.0000e0)kph; av:(-3.3764e5, 1.0370e5)kph; os: 0.0000e0kph; or: 0.0000e0Mm; 
Earthloc:( 0.0000e0, 0.0000e0)Mm; rv:( 9.3788e4,-2.8805e4)kph; av:( 0.0000e0, 0.0000e0)kph; os: 9.8112e4kph; or: 1.7834e5Mm; 
Moon loc:( 1.1059e5, 3.3538e5)Mm; rv:(-1.8985e5, 6.0953e4)kph; av:(-6.8346e5, 2.1943e5)kph; os: 1.9940e5kph; or: 3.5315e5Mm; 
Ap8CMloc:(-4.7468e5,-8.6001e5)Mm; rv:(-8.7400e4, 7.1554e3)kph; av:(-3.1464e5, 2.5759e4)kph; os: 8.7693e4kph; or: 9.8231e5Mm; 
Time:  168.00~months, Distance to sun:177552.2Mm, Energy:********YJ, Momentum( 2.9769e2,-1.7152e2)Pgm/s
Sun  loc:(-1.2565e5, 1.2545e5)Mm; rv:( 0.0000e0, 0.0000e0)kph; av:(-2.5031e5,-2.5201e5)kph; os: 0.0000e0kph; or: 0.0000e0Mm; 
Earthloc:( 0.0000e0, 0.0000e0)Mm; rv:( 6.9529e4, 7.0004e4)kph; av:( 0.0000e0, 0.0000e0)kph; os: 9.8665e4kph; or: 1.7755e5Mm; 
Moon loc:(-2.5283e5, 2.4884e5)Mm; rv:(-1.4164e5,-1.3947e5)kph; av:(-5.0992e5,-5.0211e5)kph; os: 1.9879e5kph; or: 3.5475e5Mm; 
Ap8CMloc:(-6.3974e5,-9.4524e5)Mm; rv:(-6.2047e4,-8.9449e4)kph; av:(-2.2337e5,-3.2202e5)kph; os: 1.0886e5kph; or: 1.1414e6Mm; 
Time:  171.00~months, Distance to sun:177679.0Mm, Energy:********YJ, Momentum( 3.1453e2,-1.5393e2)Pgm/s
Sun  loc:(-1.6920e5,-5.4247e4)Mm; rv:( 0.0000e0, 0.0000e0)kph; av:( 1.0707e5,-3.3886e5)kph; os: 0.0000e0kph; or: 0.0000e0Mm; 
Earthloc:( 0.0000e0, 0.0000e0)Mm; rv:(-2.9742e4, 9.4128e4)kph; av:( 0.0000e0, 0.0000e0)kph; os: 9.8715e4kph; or: 1.7768e5Mm; 
Moon loc:(-3.4696e5,-1.0788e5)Mm; rv:( 5.3119e4,-1.8695e5)kph; av:( 1.9123e5,-6.7301e5)kph; os: 1.9435e5kph; or: 3.6335e5Mm; 
Ap8CMloc:(-6.6758e5,-1.1611e6)Mm; rv:( 3.8213e4,-1.1144e5)kph; av:( 1.3757e5,-4.0120e5)kph; os: 1.1781e5kph; or: 1.3393e6Mm; 
Time:  174.00~months, Distance to sun:179038.4Mm, Energy:********YJ, Momentum( 3.0374e2,-9.2359e1)Pgm/s
Sun  loc:(-3.1367e4,-1.7627e5)Mm; rv:( 0.0000e0, 0.0000e0)kph; av:( 3.4708e5,-6.4950e4)kph; os: 0.0000e0kph; or: 0.0000e0Mm; 
Earthloc:( 0.0000e0, 0.0000e0)Mm; rv:(-9.6412e4, 1.8042e4)kph; av:( 0.0000e0, 0.0000e0)kph; os: 9.8085e4kph; or: 1.7904e5Mm; 
Moon loc:(-8.8841e4,-3.5943e5)Mm; rv:( 1.8429e5,-4.7205e4)kph; av:( 6.6344e5,-1.6994e5)kph; os: 1.9024e5kph; or: 3.7025e5Mm; 
Ap8CMloc:(-5.1221e5,-1.3151e6)Mm; rv:( 1.0578e5,-3.3296e4)kph; av:( 3.8082e5,-1.1987e5)kph; os: 1.1090e5kph; or: 1.4113e6Mm; 
Time:  177.00~months, Distance to sun:180633.4Mm, Energy:********YJ, Momentum( 3.5349e2,-7.4767e1)Pgm/s
Sun  loc:( 1.4066e5,-1.1332e5)Mm; rv:( 0.0000e0, 0.0000e0)kph; av:( 2.2160e5, 2.7142e5)kph; os: 0.0000e0kph; or: 0.0000e0Mm; 
Earthloc:( 0.0000e0, 0.0000e0)Mm; rv:(-6.1555e4,-7.5394e4)kph; av:( 0.0000e0, 0.0000e0)kph; os: 9.7330e4kph; or: 1.8063e5Mm; 
Moon loc:( 2.5531e5,-2.6601e5)Mm; rv:( 1.3458e5, 1.3330e5)kph; av:( 4.8449e5, 4.7988e5)kph; os: 1.8942e5kph; or: 3.6871e5Mm; 
Ap8CMloc:(-3.2092e5,-1.2802e6)Mm; rv:( 7.1752e4, 6.2158e4)kph; av:( 2.5831e5, 2.2377e5)kph; os: 9.4931e4kph; or: 1.3198e6Mm; 
Time:  180.00~months, Distance to sun:181243.5Mm, Energy:********YJ, Momentum( 3.5387e2,-8.7961e1)Pgm/s
Sun  loc:( 1.6845e5, 6.6881e4)Mm; rv:( 0.0000e0, 0.0000e0)kph; av:(-1.2912e5, 3.2489e5)kph; os: 0.0000e0kph; or: 0.0000e0Mm; 
Earthloc:( 0.0000e0, 0.0000e0)Mm; rv:( 3.5865e4,-9.0246e4)kph; av:( 0.0000e0, 0.0000e0)kph; os: 9.7111e4kph; or: 1.8124e5Mm; 
Moon loc:( 3.5178e5, 7.9443e4)Mm; rv:(-4.6692e4, 1.8664e5)kph; av:(-1.6809e5, 6.7189e5)kph; os: 1.9239e5kph; or: 3.6064e5Mm; 
Ap8CMloc:(-2.7230e5,-1.1241e6)Mm; rv:(-2.4909e4, 7.8993e4)kph; av:(-8.9673e4, 2.8438e5)kph; os: 8.2828e4kph; or: 1.1566e6Mm; 
Time:  183.00~months, Distance to sun:180674.3Mm, Energy:********YJ, Momentum( 3.9280e2,-1.2754e2)Pgm/s
Sun  loc:( 2.4369e4, 1.7902e5)Mm; rv:( 0.0000e0, 0.0000e0)kph; av:(-3.4811e5, 4.5745e4)kph; os: 0.0000e0kph; or: 0.0000e0Mm; 
Earthloc:( 0.0000e0, 0.0000e0)Mm; rv:( 9.6698e4,-1.2707e4)kph; av:( 0.0000e0, 0.0000e0)kph; os: 9.7530e4kph; or: 1.8067e5Mm; 
Moon loc:( 9.6854e4, 3.4086e5)Mm; rv:(-1.8910e5, 5.2342e4)kph; av:(-6.8077e5, 1.8843e5)kph; os: 1.9621e5kph; or: 3.5436e5Mm; 
Ap8CMloc:(-3.9413e5,-1.0321e6)Mm; rv:(-8.5042e4, 3.4124e3)kph; av:(-3.0615e5, 1.2285e4)kph; os: 8.5110e4kph; or: 1.1048e6Mm; 
Time:  186.00~months, Distance to sun:179930.5Mm, Energy:********YJ, Momentum( 3.8208e2,-9.6757e1)Pgm/s
Sun  loc:(-1.4428e5, 1.0751e5)Mm; rv:( 0.0000e0, 0.0000e0)kph; av:(-2.1035e5,-2.8343e5)kph; os: 0.0000e0kph; or: 0.0000e0Mm; 
Earthloc:( 0.0000e0, 0.0000e0)Mm; rv:( 5.8431e4, 7.8732e4)kph; av:( 0.0000e0, 0.0000e0)kph; os: 9.8045e4kph; or: 1.7993e5Mm; 
Moon loc:(-2.5856e5, 2.4513e5)Mm; rv:(-1.3714e5,-1.4014e5)kph; av:(-4.9369e5,-5.0452e5)kph; os: 1.9608e5kph; or: 3.5629e5Mm; 
Ap8CMloc:(-5.3924e5,-1.1200e6)Mm; rv:(-4.6127e4,-8.6088e4)kph; av:(-1.6606e5,-3.0992e5)kph; os: 9.7667e4kph; or: 1.2430e6Mm; 
Time:  189.00~months, Distance to sun:180208.5Mm, Energy:********YJ, Momentum( 3.7129e2,-7.4767e1)Pgm/s
Sun  loc:(-1.6363e5,-7.5495e4)Mm; rv:( 0.0000e0, 0.0000e0)kph; av:( 1.4622e5,-3.2111e5)kph; os: 0.0000e0kph; or: 0.0000e0Mm; 
Earthloc:( 0.0000e0, 0.0000e0)Mm; rv:(-4.0616e4, 8.9197e4)kph; av:( 0.0000e0, 0.0000e0)kph; os: 9.8009e4kph; or: 1.8021e5Mm; 
Moon loc:(-3.4789e5,-1.0811e5)Mm; rv:( 5.2767e4,-1.8402e5)kph; av:( 1.8996e5,-6.6249e5)kph; os: 1.9144e5kph; or: 3.6430e5Mm; 
Ap8CMloc:(-5.3378e5,-1.3156e6)Mm; rv:( 5.3520e4,-9.4616e4)kph; av:( 1.9267e5,-3.4062e5)kph; os: 1.0870e5kph; or: 1.4197e6Mm; 
Time:  192.00~months, Distance to sun:181650.6Mm, Energy:********YJ, Momentum( 3.6586e2,-7.0369e1)Pgm/s
Sun  loc:(-1.3675e4,-1.8114e5)Mm; rv:( 0.0000e0, 0.0000e0)kph; av:( 3.4919e5,-2.9528e4)kph; os: 0.0000e0kph; or: 0.0000e0Mm; 
Earthloc:( 0.0000e0, 0.0000e0)Mm; rv:(-9.6998e4, 8.2021e3)kph; av:( 0.0000e0, 0.0000e0)kph; os: 9.7345e4kph; or: 1.8165e5Mm; 
Moon loc:(-9.4812e4,-3.5748e5)Mm; rv:( 1.7985e5,-4.8573e4)kph; av:( 6.4747e5,-1.7486e5)kph; os: 1.8630e5kph; or: 3.6984e5Mm; 
Ap8CMloc:(-3.5787e5,-1.4300e6)Mm; rv:( 1.1046e5,-1.1681e4)kph; av:( 3.9765e5,-4.2052e4)kph; os: 1.1108e5kph; or: 1.4741e6Mm; 
Time:  195.00~months, Distance to sun:183196.9Mm, Energy:********YJ, Momentum( 2.8257e2,-2.1990e1)Pgm/s
Sun  loc:( 1.5115e5,-1.0351e5)Mm; rv:( 0.0000e0, 0.0000e0)kph; av:( 1.9829e5, 2.8581e5)kph; os: 0.0000e0kph; or: 0.0000e0Mm; 
Earthloc:( 0.0000e0, 0.0000e0)Mm; rv:(-5.5080e4,-7.9393e4)kph; av:( 0.0000e0, 0.0000e0)kph; os: 9.6628e4kph; or: 1.8320e5Mm; 
Moon loc:( 2.4369e5,-2.7425e5)Mm; rv:( 1.3521e5, 1.2501e5)kph; av:( 4.8676e5, 4.5004e5)kph; os: 1.8414e5kph; or: 3.6687e5Mm; 
Ap8CMloc:(-1.6604e5,-1.3573e6)Mm; rv:( 6.9057e4, 7.7867e4)kph; av:( 2.4861e5, 2.8032e5)kph; os: 1.0408e5kph; or: 1.3674e6Mm; 
Time:  198.00~months, Distance to sun:183713.1Mm, Energy:********YJ, Momentum( 2.6436e2, 1.7592e1)Pgm/s
Sun  loc:( 1.6668e5, 7.7246e4)Mm; rv:( 0.0000e0, 0.0000e0)kph; av:(-1.4625e5, 3.1496e5)kph; os: 0.0000e0kph; or: 0.0000e0Mm; 
Earthloc:( 0.0000e0, 0.0000e0)Mm; rv:( 4.0626e4,-8.7488e4)kph; av:( 0.0000e0, 0.0000e0)kph; os: 9.6461e4kph; or: 1.8371e5Mm; 
Moon loc:( 3.5318e5, 5.6515e4)Mm; rv:(-3.4264e4, 1.8287e5)kph; av:(-1.2335e5, 6.5834e5)kph; os: 1.8605e5kph; or: 3.5767e5Mm; 
Ap8CMloc:(-1.2253e5,-1.1776e6)Mm; rv:(-2.6171e4, 8.7937e4)kph; av:(-9.4216e4, 3.1657e5)kph; os: 9.1749e4kph; or: 1.1839e6Mm; 
Time:  201.00~months, Distance to sun:183094.9Mm, Energy:********YJ, Momentum( 2.5041e2, 4.8379e1)Pgm/s
Sun  loc:( 1.8699e4, 1.8214e5)Mm; rv:( 0.0000e0, 0.0000e0)kph; av:(-3.4716e5, 3.3968e4)kph; os: 0.0000e0kph; or: 0.0000e0Mm; 
Earthloc:( 0.0000e0, 0.0000e0)Mm; rv:( 9.6433e4,-9.4356e3)kph; av:( 0.0000e0, 0.0000e0)kph; os: 9.6893e4kph; or: 1.8309e5Mm; 
Moon loc:( 1.2609e5, 3.2706e5)Mm; rv:(-1.7779e5, 6.6691e4)kph; av:(-6.4006e5, 2.4009e5)kph; os: 1.8989e5kph; or: 3.5052e5Mm; 
Ap8CMloc:(-2.4169e5,-1.0698e6)Mm; rv:(-8.1539e4, 1.1888e4)kph; av:(-2.9354e5, 4.2795e4)kph; os: 8.2401e4kph; or: 1.0968e6Mm; 
Time:  204.00~months, Distance to sun:182344.4Mm, Energy:********YJ, Momentum( 2.6333e2, 0.0000e0)Pgm/s
Sun  loc:(-1.4774e5, 1.0688e5)Mm; rv:( 0.0000e0, 0.0000e0)kph; av:(-2.0496e5,-2.8450e5)kph; os: 0.0000e0kph; or: 0.0000e0Mm; 
Earthloc:( 0.0000e0, 0.0000e0)Mm; rv:( 5.6934e4, 7.9026e4)kph; av:( 0.0000e0, 0.0000e0)kph; os: 9.7399e4kph; or: 1.8234e5Mm; 
Moon loc:(-2.2758e5, 2.6825e5)Mm; rv:(-1.4731e5,-1.2131e5)kph; av:(-5.3033e5,-4.3673e5)kph; os: 1.9084e5kph; or: 3.5178e5Mm; 
Ap8CMloc:(-3.7841e5,-1.1383e6)Mm; rv:(-4.1637e4,-7.4524e4)kph; av:(-1.4989e5,-2.6829e5)kph; os: 8.5367e4kph; or: 1.1995e6Mm; 
Time:  207.00~months, Distance to sun:182615.2Mm, Energy:********YJ, Momentum( 2.7127e2,-8.7961e0)Pgm/s
Sun  loc:(-1.6635e5,-7.5336e4)Mm; rv:( 0.0000e0, 0.0000e0)kph; av:( 1.4303e5,-3.2000e5)kph; os: 0.0000e0kph; or: 0.0000e0Mm; 
Earthloc:( 0.0000e0, 0.0000e0)Mm; rv:(-3.9730e4, 8.8890e4)kph; av:( 0.0000e0, 0.0000e0)kph; os: 9.7365e4kph; or: 1.8262e5Mm; 
Moon loc:(-3.5346e5,-6.4355e4)Mm; rv:( 2.9483e4,-1.8438e5)kph; av:( 1.0614e5,-6.6378e5)kph; os: 1.8673e5kph; or: 3.5927e5Mm; 
Ap8CMloc:(-3.6656e5,-1.3096e6)Mm; rv:( 5.5392e4,-8.2282e4)kph; av:( 1.9941e5,-2.9622e5)kph; os: 9.9190e4kph; or: 1.3599e6Mm; 
Time:  210.00~months, Distance to sun:184039.0Mm, Energy:********YJ, Momentum( 2.1331e2,-4.3980e1)Pgm/s
Sun  loc:(-1.8942e4,-1.8306e5)Mm; rv:( 0.0000e0, 0.0000e0)kph; av:( 3.4601e5,-3.8956e4)kph; os: 0.0000e0kph; or: 0.0000e0Mm; 
Earthloc:( 0.0000e0, 0.0000e0)Mm; rv:(-9.6113e4, 1.0821e4)kph; av:( 0.0000e0, 0.0000e0)kph; os: 9.6720e4kph; or: 1.8404e5Mm; 
Moon loc:(-1.3969e5,-3.3676e5)Mm; rv:( 1.6671e5,-7.0014e4)kph; av:( 6.0015e5,-2.5205e5)kph; os: 1.8081e5kph; or: 3.6458e5Mm; 
Ap8CMloc:(-1.8799e5,-1.4022e6)Mm; rv:( 1.1210e5,-2.0393e3)kph; av:( 4.0357e5,-7.3414e3)kph; os: 1.1212e5kph; or: 1.4147e6Mm; 
Time:  213.00~months, Distance to sun:185600.3Mm, Energy:********YJ, Momentum( 2.2238e2,-1.2315e2)Pgm/s
Sun  loc:( 1.4794e5,-1.1207e5)Mm; rv:( 0.0000e0, 0.0000e0)kph; av:( 2.1045e5, 2.7417e5)kph; os: 0.0000e0kph; or: 0.0000e0Mm; 
Earthloc:( 0.0000e0, 0.0000e0)Mm; rv:(-5.8459e4,-7.6158e4)kph; av:( 0.0000e0, 0.0000e0)kph; os: 9.6008e4kph; or: 1.8560e5Mm; 
Moon loc:( 1.9601e5,-3.0371e5)Mm; rv:( 1.4668e5, 9.9216e4)kph; av:( 5.2804e5, 3.5718e5)kph; os: 1.7708e5kph; or: 3.6147e5Mm; 
Ap8CMloc:( 1.0645e4,-1.3117e6)Mm; rv:( 7.4735e4, 8.7198e4)kph; av:( 2.6904e5, 3.1391e5)kph; os: 1.1484e5kph; or: 1.3117e6Mm; 
Time:  216.00~months, Distance to sun:186179.7Mm, Energy:********YJ, Momentum( 2.4093e2,-1.2754e2)Pgm/s
Sun  loc:( 1.7400e5, 6.6247e4)Mm; rv:( 0.0000e0, 0.0000e0)kph; av:(-1.2285e5, 3.2229e5)kph; os: 0.0000e0kph; or: 0.0000e0Mm; 
Earthloc:( 0.0000e0, 0.0000e0)Mm; rv:( 3.4124e4,-8.9524e4)kph; av:( 0.0000e0, 0.0000e0)kph; os: 9.5808e4kph; or: 1.8618e5Mm; 
Moon loc:( 3.5135e5,-8.5194e3)Mm; rv:(-1.3411e3, 1.7737e5)kph; av:(-4.8281e3, 6.3852e5)kph; os: 1.7737e5kph; or: 3.5145e5Mm; 
Ap8CMloc:( 6.8906e4,-1.1094e6)Mm; rv:(-1.7608e4, 1.0292e5)kph; av:(-6.3390e4, 3.7052e5)kph; os: 1.0442e5kph; or: 1.1115e6Mm; 
Time:  219.00~months, Distance to sun:185607.0Mm, Energy:********YJ, Momentum( 2.7570e2,-1.8032e2)Pgm/s
Sun  loc:( 3.5309e4, 1.8222e5)Mm; rv:( 0.0000e0, 0.0000e0)kph; av:(-3.4033e5, 6.4257e4)kph; os: 0.0000e0kph; or: 0.0000e0Mm; 
Earthloc:( 0.0000e0, 0.0000e0)Mm; rv:( 9.4535e4,-1.7849e4)kph; av:( 0.0000e0, 0.0000e0)kph; os: 9.6205e4kph; or: 1.8561e5Mm; 
Moon loc:( 1.8740e5, 2.8663e5)Mm; rv:(-1.5277e5, 9.6537e4)kph; av:(-5.4998e5, 3.4753e5)kph; os: 1.8072e5kph; or: 3.4245e5Mm; 
Ap8CMloc:(-3.7082e4,-9.6462e5)Mm; rv:(-7.7830e4, 3.3734e4)kph; av:(-2.8019e5, 1.2144e5)kph; os: 8.4826e4kph; or: 9.6533e5Mm; 
Time:  222.00~months, Distance to sun:184794.8Mm, Energy:********YJ, Momentum( 3.2765e2,-1.8472e2)Pgm/s
Sun  loc:(-1.3687e5, 1.2416e5)Mm; rv:( 0.0000e0, 0.0000e0)kph; av:(-2.3329e5,-2.5854e5)kph; os: 0.0000e0kph; or: 0.0000e0Mm; 
Earthloc:( 0.0000e0, 0.0000e0)Mm; rv:( 6.4802e4, 7.1816e4)kph; av:( 0.0000e0, 0.0000e0)kph; os: 9.6731e4kph; or: 1.8479e5Mm; 
Moon loc:(-1.5520e5, 3.0457e5)Mm; rv:(-1.6400e5,-8.1238e4)kph; av:(-5.9039e5,-2.9246e5)kph; os: 1.8302e5kph; or: 3.4183e5Mm; 
Ap8CMloc:(-1.7625e5,-9.8884e5)Mm; rv:(-4.7966e4,-5.3291e4)kph; av:(-1.7268e5,-1.9185e5)kph; os: 7.1699e4kph; or: 1.0044e6Mm; 
Time:  225.00~months, Distance to sun:184903.6Mm, Energy:********YJ, Momentum( 3.2779e2,-1.8912e2)Pgm/s
Sun  loc:(-1.7694e5,-5.3679e4)Mm; rv:( 0.0000e0, 0.0000e0)kph; av:( 9.9792e4,-3.3380e5)kph; os: 0.0000e0kph; or: 0.0000e0Mm; 
Earthloc:( 0.0000e0, 0.0000e0)Mm; rv:(-2.7720e4, 9.2723e4)kph; av:( 0.0000e0, 0.0000e0)kph; os: 9.6778e4kph; or: 1.8490e5Mm; 
Moon loc:(-3.4804e5, 2.1034e4)Mm; rv:(-1.4975e4,-1.7980e5)kph; av:(-5.3911e4,-6.4727e5)kph; os: 1.8042e5kph; or: 3.4867e5Mm; 
Ap8CMloc:(-1.8311e5,-1.1275e6)Mm; rv:( 4.4614e4,-7.1371e4)kph; av:( 1.6061e5,-2.5693e5)kph; os: 8.4167e4kph; or: 1.1423e6Mm; 
Time:  228.00~months, Distance to sun:186208.3Mm, Energy:********YJ, Momentum( 3.4483e2,-2.0231e2)Pgm/s
Sun  loc:(-4.6438e4,-1.8032e5)Mm; rv:( 0.0000e0, 0.0000e0)kph; av:( 3.3462e5,-8.9334e4)kph; os: 0.0000e0kph; or: 0.0000e0Mm; 
Earthloc:( 0.0000e0, 0.0000e0)Mm; rv:(-9.2949e4, 2.4815e4)kph; av:( 0.0000e0, 0.0000e0)kph; os: 9.6205e4kph; or: 1.8621e5Mm; 
Moon loc:(-2.1169e5,-2.8475e5)Mm; rv:( 1.3909e5,-1.0523e5)kph; av:( 5.0071e5,-3.7882e5)kph; os: 1.7441e5kph; or: 3.5482e5Mm; 
Ap8CMloc:(-1.9381e4,-1.2091e6)Mm; rv:( 1.0981e5,-4.0217e2)kph; av:( 3.9532e5,-1.4478e3)kph; os: 1.0981e5kph; or: 1.2093e6Mm; 
Time:  231.00~months, Distance to sun:187826.9Mm, Energy:********YJ, Momentum( 3.9308e2,-1.7152e2)Pgm/s
Sun  loc:( 1.2859e5,-1.3691e5)Mm; rv:( 0.0000e0, 0.0000e0)kph; av:( 2.5222e5, 2.3349e5)kph; os: 0.0000e0kph; or: 0.0000e0Mm; 
Earthloc:( 0.0000e0, 0.0000e0)Mm; rv:(-7.0061e4,-6.4859e4)kph; av:( 0.0000e0, 0.0000e0)kph; os: 9.5473e4kph; or: 1.8783e5Mm; 
Moon loc:( 1.0790e5,-3.3610e5)Mm; rv:( 1.6000e5, 5.4873e4)kph; av:( 5.7598e5, 1.9754e5)kph; os: 1.6914e5kph; or: 3.5300e5Mm; 
Ap8CMloc:( 1.8864e5,-1.1145e6)Mm; rv:( 8.6776e4, 9.2616e4)kph; av:( 3.1239e5, 3.3342e5)kph; os: 1.2692e5kph; or: 1.1304e6Mm; 
Time:  234.00~months, Distance to sun:188617.0Mm, Energy:********YJ, Momentum( 3.9115e2,-1.4953e2)Pgm/s
Sun  loc:( 1.8561e5, 3.3553e4)Mm; rv:( 0.0000e0, 0.0000e0)kph; av:(-6.0667e4, 3.3719e5)kph; os: 0.0000e0kph; or: 0.0000e0Mm; 
Earthloc:( 0.0000e0, 0.0000e0)Mm; rv:( 1.6852e4,-9.3663e4)kph; av:( 0.0000e0, 0.0000e0)kph; os: 9.5167e4kph; or: 1.8862e5Mm; 
Moon loc:( 3.2635e5,-1.0539e5)Mm; rv:( 4.5443e4, 1.6103e5)kph; av:( 1.6360e5, 5.7972e5)kph; os: 1.6732e5kph; or: 3.4294e5Mm; 
Ap8CMloc:( 2.7829e5,-8.8586e5)Mm; rv:(-4.3809e2, 1.2514e5)kph; av:(-1.5771e3, 4.5052e5)kph; os: 1.2515e5kph; or: 9.2854e5Mm; 
Time:  237.00~months, Distance to sun:188208.3Mm, Energy:********YJ, Momentum( 3.6408e2,-1.9791e2)Pgm/s
Sun  loc:( 7.2812e4, 1.7355e5)Mm; rv:( 0.0000e0, 0.0000e0)kph; av:(-3.1753e5, 1.3155e5)kph; os: 0.0000e0kph; or: 0.0000e0Mm; 
Earthloc:( 0.0000e0, 0.0000e0)Mm; rv:( 8.8202e4,-3.6541e4)kph; av:( 0.0000e0, 0.0000e0)kph; os: 9.5471e4kph; or: 1.8821e5Mm; 
Moon loc:( 2.6018e5, 2.0552e5)Mm; rv:(-1.0842e5, 1.2998e5)kph; av:(-3.9031e5, 4.6793e5)kph; os: 1.6926e5kph; or: 3.3156e5Mm; 
Ap8CMloc:( 1.9733e5,-6.7985e5)Mm; rv:(-7.2306e4, 7.2232e4)kph; av:(-2.6030e5, 2.6004e5)kph; os: 1.0220e5kph; or: 7.0791e5Mm; 
Time:  240.00~months, Distance to sun:187323.3Mm, Energy:********YJ, Momentum( 3.4964e2,-1.0555e2)Pgm/s
Sun  loc:(-1.0676e5, 1.5393e5)Mm; rv:( 0.0000e0, 0.0000e0)kph; av:(-2.8330e5,-1.9807e5)kph; os: 0.0000e0kph; or: 0.0000e0Mm; 
Earthloc:( 0.0000e0, 0.0000e0)Mm; rv:( 7.8694e4, 5.5019e4)kph; av:( 0.0000e0, 0.0000e0)kph; os: 9.6020e4kph; or: 1.8732e5Mm; 
Moon loc:(-3.9551e4, 3.2511e5)Mm; rv:(-1.7120e5,-2.0243e4)kph; av:(-6.1633e5,-7.2876e4)kph; os: 1.7240e5kph; or: 3.2750e5Mm; 
Ap8CMloc:( 4.8280e4,-6.2458e5)Mm; rv:(-6.3637e4,-1.4464e4)kph; av:(-2.2909e5,-5.2069e4)kph; os: 6.5260e4kph; or: 6.2644e5Mm; 
Time:  243.00~months, Distance to sun:187135.4Mm, Energy:********YJ, Momentum( 3.2051e2,-1.3634e2)Pgm/s
Sun  loc:(-1.8695e5,-8.3956e3)Mm; rv:( 0.0000e0, 0.0000e0)kph; av:( 1.4743e4,-3.4606e5)kph; os: 0.0000e0kph; or: 0.0000e0Mm; 
Earthloc:( 0.0000e0, 0.0000e0)Mm; rv:(-4.0953e3, 9.6128e4)kph; av:( 0.0000e0, 0.0000e0)kph; os: 9.6215e4kph; or: 1.8714e5Mm; 
Moon loc:(-3.0374e5, 1.3582e5)Mm; rv:(-7.3980e4,-1.5549e5)kph; av:(-2.6633e5,-5.5975e5)kph; os: 1.7219e5kph; or: 3.3273e5Mm; 
Ap8CMloc:(-3.5487e3,-7.0176e5)Mm; rv:( 1.7817e4,-4.9804e4)kph; av:( 6.4140e4,-1.7930e5)kph; os: 5.2895e4kph; or: 7.0177e5Mm; 
Time:  246.00~months, Distance to sun:188178.2Mm, Energy:********YJ, Momentum( 3.3812e2,-1.4074e2)Pgm/s
Sun  loc:(-9.3204e4,-1.6347e5)Mm; rv:( 0.0000e0, 0.0000e0)kph; av:( 2.9815e5,-1.7322e5)kph; os: 0.0000e0kph; or: 0.0000e0Mm; 
Earthloc:( 0.0000e0, 0.0000e0)Mm; rv:(-8.2820e4, 4.8117e4)kph; av:( 0.0000e0, 0.0000e0)kph; os: 9.5783e4kph; or: 1.8818e5Mm; 
Moon loc:(-2.8584e5,-1.8453e5)Mm; rv:( 8.8424e4,-1.4204e5)kph; av:( 3.1833e5,-5.1134e5)kph; os: 1.6731e5kph; or: 3.4023e5Mm; 
Ap8CMloc:( 1.1523e5,-7.5893e5)Mm; rv:( 9.4355e4, 5.3378e3)kph; av:( 3.3968e5, 1.9216e4)kph; os: 9.4506e4kph; or: 7.6763e5Mm; 
Time:  249.00~months, Distance to sun:189834.8Mm, Energy:********YJ, Momentum( 3.0951e2,-1.0555e2)Pgm/s
Sun  loc:( 8.6867e4,-1.6879e5)Mm; rv:( 0.0000e0, 0.0000e0)kph; av:( 3.0553e5, 1.5402e5)kph; os: 0.0000e0kph; or: 0.0000e0Mm; 
Earthloc:( 0.0000e0, 0.0000e0)Mm; rv:(-8.4870e4,-4.2782e4)kph; av:( 0.0000e0, 0.0000e0)kph; os: 9.5043e4kph; or: 1.8983e5Mm; 
Moon loc:(-1.7661e4,-3.4081e5)Mm; rv:( 1.6096e5,-6.3786e3)kph; av:( 5.7944e5,-2.2963e4)kph; os: 1.6108e5kph; or: 3.4127e5Mm; 
Ap8CMloc:( 3.1463e5,-6.5037e5)Mm; rv:( 9.2600e4, 1.0551e5)kph; av:( 3.3336e5, 3.7985e5)kph; os: 1.4038e5kph; or: 7.2248e5Mm; 
Time:  252.00~months, Distance to sun:190944.4Mm, Energy:********YJ, Momentum( 3.1116e2,-5.7175e1)Pgm/s
Sun  loc:( 1.8965e5,-2.2175e4)Mm; rv:( 0.0000e0, 0.0000e0)kph; av:( 4.0516e4, 3.3807e5)kph; os: 0.0000e0kph; or: 0.0000e0Mm; 
Earthloc:( 0.0000e0, 0.0000e0)Mm; rv:(-1.1255e4,-9.3908e4)kph; av:( 0.0000e0, 0.0000e0)kph; os: 9.4580e4kph; or: 1.9094e5Mm; 
Moon loc:( 2.5504e5,-2.1387e5)Mm; rv:( 9.6084e4, 1.2419e5)kph; av:( 3.4590e5, 4.4708e5)kph; os: 1.5702e5kph; or: 3.3285e5Mm; 
Ap8CMloc:( 4.2619e5,-3.6829e5)Mm; rv:( 1.1505e4, 1.6969e5)kph; av:( 4.1418e4, 6.1088e5)kph; os: 1.7008e5kph; or: 5.6327e5Mm; 
Final position:
Time:  254.00~months, Distance to sun:191018.4Mm, Energy:********YJ, Momentum( 3.0264e2,-7.9165e1)Pgm/s
Sun  loc:( 1.6470e5, 9.6752e4)Mm; rv:( 0.0000e0, 0.0000e0)kph; av:(-1.7297e5, 2.9338e5)kph; os: 0.0000e0kph; or: 0.0000e0Mm; 
Earthloc:( 0.0000e0, 0.0000e0)Mm; rv:( 4.8047e4,-8.1495e4)kph; av:( 0.0000e0, 0.0000e0)kph; os: 9.4604e4kph; or: 1.9102e5Mm; 
Moon loc:( 3.2315e5,-2.4322e4)Mm; rv:( 4.8389e3, 1.5628e5)kph; av:( 1.7420e4, 5.6259e5)kph; os: 1.5635e5kph; or: 3.2406e5Mm; 
Ap8CMloc:( 3.9568e5,-1.4255e5)Mm; rv:(-5.7920e4, 1.6971e5)kph; av:(-2.0851e5, 6.1095e5)kph; os: 1.7932e5kph; or: 4.2058e5Mm; 
Final position:
  S:("Sun  ","☉",( 1.9891000000e30,( 1.53517546830e5, 9.45319477454e6),(-7.0659396315e-3, 2.5977067776e-2)))
  E:("Earth","⊕",( 9.7220000000e23,(-1.6470252314e11,-9.6743039291e10),( 1.33464743807e4,-2.26375187266e4)))
  M:("Moon ","☾",( 7.3476730900e22,( 1.5844252507e11,-1.2106479972e11),( 1.46906117747e4, 2.07724936753e4)))
  8:("Ap8CM","8",( 5.80900000000e3,( 2.3097961376e11,-2.3929363885e11),(-2.74233688479e3, 2.45040591177e4)))
15.37user 1.83system 0:17.23elapsed 99%CPU (0avgtext+0avgdata 4956160maxresident)k
0inputs+0outputs (0major+310170minor)pagefaults 0swaps
