OPT1: 1; OPT2: 5; 
DB - orbit period OF mean OF apollo8cm: +1.72004804156298e  +8; 
System:((Sun  , Earth, Moon , Ap8CM), Apollo 8, -32.3537400000e6, )
System:((("Sun  ", "☉", ( 19.891000000e29,   0.0000000000e0,  0.0000000000e0,   0.0000000000e0,  0.0000000000e0)), ("Earth", "⊕", ( 97.220000000e22,  15.000000000e10,  0.0000000000e0,   0.0000000000e0, 29.7866029765e3)), ("Moon ", "☾", ( 73.476730900e21,  15.038500000e10,  0.0000000000e0,   0.0000000000e0, 30.3434619934e3)), ("Ap8CM", "8", ( 58.0900000000e2,  15.000656275e10,  0.0000000000e0,   0.0000000000e0, 29.9199260584e3))), "Apollo 8")
Initial position::
  S:("Sun  ", "☉", ( 19.891000000e29,   0.0000000000e0,  0.0000000000e0,   0.0000000000e0,  0.0000000000e0))
  E:("Earth", "⊕", ( 97.220000000e22,  15.000000000e10,  0.0000000000e0,   0.0000000000e0, 29.7866029765e3))
  M:("Moon ", "☾", ( 73.476730900e21,  15.038500000e10,  0.0000000000e0,   0.0000000000e0, 30.3434619934e3))
  8:("Ap8CM", "8", ( 58.0900000000e2,  15.000656275e10,  0.0000000000e0,   0.0000000000e0, 29.9199260584e3))
Parameter: step size =  1.000e-1; hours
Parameter: report period =  1.0000e0; hours
Parameter: mission stop time =  7.2000e1; hours
IVP Order-2: solar system:
  t interval: [ 0.0000e0 …  2.5920e5]
  y₀ = V 0.0000e0, 0.0000e0, 1.500e11, 0.0000e0, 1.504e11, 0.0000e0, 1.500e11, 0.0000e0
  dy₀/dt = V 0.0000e0, 0.0000e0, 0.0000e0, 2.9787e4, 0.0000e0, 3.0343e4, 0.0000e0, 2.9920e4
  y₀ = V 0.0000e0, 0.0000e0, 1.500e11, 0.0000e0, 1.504e11, 0.0000e0, 1.500e11, 0.0000e0
  dy₀/dt = V 0.0000e0, 0.0000e0, 0.0000e0, 2.9787e4, 0.0000e0, 3.0343e4, 0.0000e0, 2.9920e4
  d²y₀/dt² = V 3.100e-9, 0.0000e0,-5.866e-3, 0.0000e0,-6.307e-3, 0.0000e0,-1.5121e0, 0.0000e0


Reference point: Earth
IVP order-1: runga kutta 4th order
  t interval: [ 0.0000e0 …  2.5920e5]
  y₀ = V 0.0000e0, 0.0000e0, 1.500e11, 0.0000e0, 1.504e11, 0.0000e0, 1.500e11, 0.0000e0, 0.0000e0, 0.0000e0, 0.0000e0, 2.9787e4, 0.0000e0, 3.0343e4, 0.0000e0, 2.9920e4
  dy₀/dt = V 0.0000e0, 0.0000e0, 0.0000e0, 2.9787e4, 0.0000e0, 3.0343e4, 0.0000e0, 2.9920e4, 3.100e-9, 0.0000e0,-5.866e-3, 0.0000e0,-6.307e-3, 0.0000e0,-1.5121e0, 0.0000e0


Time: 0.0000e0(hours), Distance to sun: 1.0027e0(AU), System energy: 4.6511e2(PPJ)
Sun  loc:-1.0027e0, 0.0000e0(AU); rv: 0.0000e0, 0.0000e0(kph); av: 0.0000e0,-3.8603e5(kph); os: 0.0000e0(kph); or: 0.0000e0(AU); 
Earthloc: 0.0000e0, 0.0000e0(AU); rv: 0.0000e0, 1.0723e5(kph); av: 0.0000e0, 0.0000e0(kph); os: 1.0723e5(kph); or: 1.0027e0(AU); 
Moon loc: 2.574e-3, 0.0000e0(AU); rv: 0.0000e0, 2.0047e3(kph); av: 0.0000e0, 7.2169e3(kph); os: 2.0047e3(kph); or: 2.574e-3(AU); 
Ap8CMloc: 4.387e-5, 0.0000e0(AU); rv: 0.0000e0, 4.7996e2(kph); av: 0.0000e0, 1.7279e3(kph); os: 4.7996e2(kph); or: 4.387e-5(AU); 
Time: 1.2000e0(hours), Distance to sun: 1.0027e0(AU), System energy: 4.6511e2(PPJ)
Sun  loc:-1.0027e0,-8.602e-4(AU); rv: 0.0000e0, 0.0000e0(kph); av: 3.2844e2,-3.8603e5(kph); os: 0.0000e0(kph); or: 0.0000e0(AU); 
Earthloc: 0.0000e0, 0.0000e0(AU); rv:-9.1233e1, 1.0723e5(kph); av: 0.0000e0, 0.0000e0(kph); os: 1.0723e5(kph); or: 1.0027e0(AU); 
Moon loc: 2.574e-3, 1.608e-5(AU); rv:-6.8092e0, 2.0051e3(kph); av:-2.4513e1, 7.2183e3(kph); os: 2.0051e3(kph); or: 2.574e-3(AU); 
Ap8CMloc: 1.731e-5, 8.051e-6(AU); rv:-5.5823e3, 1.5030e3(kph); av:-2.0096e4, 5.4108e3(kph); os: 5.7811e3(kph); or: 1.909e-5(AU); 
Time: 2.0000e0(hours), Distance to sun: 1.0027e0(AU), System energy: 4.6511e2(PPJ)
Sun  loc:-1.0027e0,-1.434e-3(AU); rv: 0.0000e0, 0.0000e0(kph); av: 5.4740e2,-3.8603e5(kph); os: 0.0000e0(kph); or: 0.0000e0(AU); 
Earthloc: 0.0000e0, 0.0000e0(AU); rv:-1.5206e2, 1.0723e5(kph); av: 0.0000e0, 0.0000e0(kph); os: 1.0723e5(kph); or: 1.0027e0(AU); 
Moon loc: 2.573e-3, 2.681e-5(AU); rv:-1.1352e1, 2.0053e3(kph); av:-4.0868e1, 7.2191e3(kph); os: 2.0053e3(kph); or: 2.574e-3(AU); 
Ap8CMloc:-1.881e-5,-6.047e-6(AU); rv:-1.6327e3,-3.8553e3(kph); av:-5.8776e3,-1.3879e4(kph); os: 4.1868e3(kph); or: 1.976e-5(AU); 
Time: 3.2000e0(hours), Distance to sun: 1.0027e0(AU), System energy: 4.6511e2(PPJ)
Sun  loc:-1.0027e0,-2.294e-3(AU); rv: 0.0000e0, 0.0000e0(kph); av: 8.7584e2,-3.8603e5(kph); os: 0.0000e0(kph); or: 0.0000e0(AU); 
Earthloc: 0.0000e0, 0.0000e0(AU); rv:-2.4329e2, 1.0723e5(kph); av: 0.0000e0, 0.0000e0(kph); os: 1.0723e5(kph); or: 1.0027e0(AU); 
Moon loc: 2.573e-3, 4.289e-5(AU); rv:-1.8172e1, 2.0056e3(kph); av:-6.5419e1, 7.2203e3(kph); os: 2.0057e3(kph); or: 2.574e-3(AU); 
Ap8CMloc: 5.964e-5, 5.333e-5(AU); rv: 1.1551e4, 1.1977e4(kph); av: 4.1585e4, 4.3119e4(kph); os: 1.6640e4(kph); or: 8.000e-5(AU); 
Time: 4.0000e0(hours), Distance to sun: 1.0027e0(AU), System energy: 4.6511e2(PPJ)
Sun  loc:-1.0027e0,-2.867e-3(AU); rv: 0.0000e0, 0.0000e0(kph); av: 1.0948e3,-3.8603e5(kph); os: 0.0000e0(kph); or: 0.0000e0(AU); 
Earthloc: 0.0000e0, 0.0000e0(AU); rv:-3.0411e2, 1.0723e5(kph); av: 0.0000e0, 0.0000e0(kph); os: 1.0723e5(kph); or: 1.0027e0(AU); 
Moon loc: 2.573e-3, 5.362e-5(AU); rv:-2.2721e1, 2.0058e3(kph); av:-8.1797e1, 7.2209e3(kph); os: 2.0059e3(kph); or: 2.574e-3(AU); 
Ap8CMloc: 1.166e-4, 1.193e-4(AU); rv: 9.8928e3, 1.2883e4(kph); av: 3.5614e4, 4.6380e4(kph); os: 1.6243e4(kph); or: 1.668e-4(AU); 
Time: 5.2000e0(hours), Distance to sun: 1.0027e0(AU), System energy: 4.6511e2(PPJ)
Sun  loc:-1.0027e0,-3.727e-3(AU); rv: 0.0000e0, 0.0000e0(kph); av: 1.4232e3,-3.8603e5(kph); os: 0.0000e0(kph); or: 0.0000e0(AU); 
Earthloc: 0.0000e0, 0.0000e0(AU); rv:-3.9534e2, 1.0723e5(kph); av: 0.0000e0, 0.0000e0(kph); os: 1.0723e5(kph); or: 1.0027e0(AU); 
Moon loc: 2.573e-3, 6.971e-5(AU); rv:-2.9550e1, 2.0060e3(kph); av:-1.0638e2, 7.2218e3(kph); os: 2.0063e3(kph); or: 2.574e-3(AU); 
Ap8CMloc: 1.879e-4, 2.229e-4(AU); rv: 8.1207e3, 1.2892e4(kph); av: 2.9234e4, 4.6411e4(kph); os: 1.5236e4(kph); or: 2.915e-4(AU); 
Time: 6.0000e0(hours), Distance to sun: 1.0027e0(AU), System energy: 4.6511e2(PPJ)
Sun  loc:-1.0027e0,-4.301e-3(AU); rv: 0.0000e0, 0.0000e0(kph); av: 1.6422e3,-3.8603e5(kph); os: 0.0000e0(kph); or: 0.0000e0(AU); 
Earthloc: 0.0000e0, 0.0000e0(AU); rv:-4.5616e2, 1.0723e5(kph); av: 0.0000e0, 0.0000e0(kph); os: 1.0723e5(kph); or: 1.0027e0(AU); 
Moon loc: 2.573e-3, 8.044e-5(AU); rv:-3.4105e1, 2.0062e3(kph); av:-1.2278e2, 7.2222e3(kph); os: 2.0065e3(kph); or: 2.574e-3(AU); 
Ap8CMloc: 2.299e-4, 2.912e-4(AU); rv: 7.5975e3, 1.2703e4(kph); av: 2.7351e4, 4.5729e4(kph); os: 1.4801e4(kph); or: 3.710e-4(AU); 
Time: 7.2000e0(hours), Distance to sun: 1.0027e0(AU), System energy: 4.6511e2(PPJ)
Sun  loc:-1.0027e0,-5.161e-3(AU); rv: 0.0000e0, 0.0000e0(kph); av: 1.9706e3,-3.8603e5(kph); os: 0.0000e0(kph); or: 0.0000e0(AU); 
Earthloc: 0.0000e0, 0.0000e0(AU); rv:-5.4739e2, 1.0723e5(kph); av: 0.0000e0, 0.0000e0(kph); os: 1.0723e5(kph); or: 1.0027e0(AU); 
Moon loc: 2.573e-3, 9.653e-5(AU); rv:-4.0941e1, 2.0063e3(kph); av:-1.4739e2, 7.2228e3(kph); os: 2.0068e3(kph); or: 2.574e-3(AU); 
Ap8CMloc: 2.892e-4, 3.921e-4(AU); rv: 7.1914e3, 1.2466e4(kph); av: 2.5889e4, 4.4877e4(kph); os: 1.4391e4(kph); or: 4.872e-4(AU); 
Time: 8.0000e0(hours), Distance to sun: 1.0027e0(AU), System energy: 4.6511e2(PPJ)
Sun  loc:-1.0027e0,-5.734e-3(AU); rv: 0.0000e0, 0.0000e0(kph); av: 2.1896e3,-3.8603e5(kph); os: 0.0000e0(kph); or: 0.0000e0(AU); 
Earthloc: 0.0000e0, 0.0000e0(AU); rv:-6.0821e2, 1.0723e5(kph); av: 0.0000e0, 0.0000e0(kph); os: 1.0723e5(kph); or: 1.0027e0(AU); 
Moon loc: 2.572e-3, 1.073e-4(AU); rv:-4.5500e1, 2.0064e3(kph); av:-1.6380e2, 7.2231e3(kph); os: 2.0069e3(kph); or: 2.575e-3(AU); 
Ap8CMloc: 3.272e-4, 4.584e-4(AU); rv: 7.0410e3, 1.2349e4(kph); av: 2.5348e4, 4.4456e4(kph); os: 1.4215e4(kph); or: 5.632e-4(AU); 
Time: 9.2000e0(hours), Distance to sun: 1.0027e0(AU), System energy: 4.6511e2(PPJ)
Sun  loc:-1.0027e0,-6.595e-3(AU); rv: 0.0000e0, 0.0000e0(kph); av: 2.5180e3,-3.8603e5(kph); os: 0.0000e0(kph); or: 0.0000e0(AU); 
Earthloc: 0.0000e0, 0.0000e0(AU); rv:-6.9944e2, 1.0723e5(kph); av: 0.0000e0, 0.0000e0(kph); os: 1.0723e5(kph); or: 1.0027e0(AU); 
Moon loc: 2.572e-3, 1.234e-4(AU); rv:-5.2342e1, 2.0065e3(kph); av:-1.8843e2, 7.2234e3(kph); os: 2.0072e3(kph); or: 2.575e-3(AU); 
Ap8CMloc: 3.831e-4, 5.570e-4(AU); rv: 6.8997e3, 1.2219e4(kph); av: 2.4839e4, 4.3990e4(kph); os: 1.4033e4(kph); or: 6.760e-4(AU); 
Time: 1.0000e1(hours), Distance to sun: 1.0027e0(AU), System energy: 4.6511e2(PPJ)
Sun  loc:-1.0027e0,-7.168e-3(AU); rv: 0.0000e0, 0.0000e0(kph); av: 2.7369e3,-3.8602e5(kph); os: 0.0000e0(kph); or: 0.0000e0(AU); 
Earthloc: 0.0000e0, 0.0000e0(AU); rv:-7.6026e2, 1.0723e5(kph); av: 0.0000e0, 0.0000e0(kph); os: 1.0723e5(kph); or: 1.0027e0(AU); 
Moon loc: 2.572e-3, 1.341e-4(AU); rv:-5.6905e1, 2.0065e3(kph); av:-2.0486e2, 7.2235e3(kph); os: 2.0073e3(kph); or: 2.575e-3(AU); 
Ap8CMloc: 4.199e-4, 6.221e-4(AU); rv: 6.8368e3, 1.2155e4(kph); av: 2.4613e4, 4.3757e4(kph); os: 1.3946e4(kph); or: 7.506e-4(AU); 
Time: 1.1200e1(hours), Distance to sun: 1.0027e0(AU), System energy: 4.6512e2(PPJ)
Sun  loc:-1.0027e0,-8.028e-3(AU); rv: 0.0000e0, 0.0000e0(kph); av: 3.0654e3,-3.8602e5(kph); os: 0.0000e0(kph); or: 0.0000e0(AU); 
Earthloc: 0.0000e0, 0.0000e0(AU); rv:-8.5149e2, 1.0723e5(kph); av: 0.0000e0, 0.0000e0(kph); os: 1.0723e5(kph); or: 1.0027e0(AU); 
Moon loc: 2.571e-3, 1.502e-4(AU); rv:-6.3752e1, 2.0065e3(kph); av:-2.2951e2, 7.2235e3(kph); os: 2.0075e3(kph); or: 2.576e-3(AU); 
Ap8CMloc: 4.745e-4, 7.193e-4(AU); rv: 6.7692e3, 1.2079e4(kph); av: 2.4369e4, 4.3486e4(kph); os: 1.3847e4(kph); or: 8.617e-4(AU); 
Time: 1.2000e1(hours), Distance to sun: 1.0027e0(AU), System energy: 4.6512e2(PPJ)
Sun  loc:-1.0027e0,-8.601e-3(AU); rv: 0.0000e0, 0.0000e0(kph); av: 3.2843e3,-3.8602e5(kph); os: 0.0000e0(kph); or: 0.0000e0(AU); 
Earthloc: 0.0000e0, 0.0000e0(AU); rv:-9.1231e2, 1.0723e5(kph); av: 0.0000e0, 0.0000e0(kph); os: 1.0723e5(kph); or: 1.0027e0(AU); 
Moon loc: 2.571e-3, 1.609e-4(AU); rv:-6.8317e1, 2.0065e3(kph); av:-2.4594e2, 7.2234e3(kph); os: 2.0077e3(kph); or: 2.576e-3(AU); 
Ap8CMloc: 5.106e-4, 7.838e-4(AU); rv: 6.7357e3, 1.2039e4(kph); av: 2.4249e4, 4.3342e4(kph); os: 1.3796e4(kph); or: 9.354e-4(AU); 
Time: 1.3200e1(hours), Distance to sun: 1.0027e0(AU), System energy: 4.6512e2(PPJ)
Sun  loc:-1.0026e0,-9.462e-3(AU); rv: 0.0000e0, 0.0000e0(kph); av: 3.6127e3,-3.8602e5(kph); os: 0.0000e0(kph); or: 0.0000e0(AU); 
Earthloc: 0.0000e0, 0.0000e0(AU); rv:-1.0035e3, 1.0723e5(kph); av: 0.0000e0, 0.0000e0(kph); os: 1.0723e5(kph); or: 1.0027e0(AU); 
Moon loc: 2.570e-3, 1.770e-4(AU); rv:-7.5167e1, 2.0064e3(kph); av:-2.7060e2, 7.2231e3(kph); os: 2.0078e3(kph); or: 2.576e-3(AU); 
Ap8CMloc: 5.644e-4, 8.802e-4(AU); rv: 6.6967e3, 1.1991e4(kph); av: 2.4108e4, 4.3167e4(kph); os: 1.3734e4(kph); or: 1.046e-3(AU); 
Time: 1.4000e1(hours), Distance to sun: 1.0027e0(AU), System energy: 4.6512e2(PPJ)
Sun  loc:-1.0026e0,-1.004e-2(AU); rv: 0.0000e0, 0.0000e0(kph); av: 3.8317e3,-3.8602e5(kph); os: 0.0000e0(kph); or: 0.0000e0(AU); 
Earthloc: 0.0000e0, 0.0000e0(AU); rv:-1.0644e3, 1.0723e5(kph); av: 0.0000e0, 0.0000e0(kph); os: 1.0723e5(kph); or: 1.0027e0(AU); 
Moon loc: 2.570e-3, 1.877e-4(AU); rv:-7.9733e1, 2.0064e3(kph); av:-2.8704e2, 7.2229e3(kph); os: 2.0079e3(kph); or: 2.577e-3(AU); 
Ap8CMloc: 6.002e-4, 9.442e-4(AU); rv: 6.6761e3, 1.1964e4(kph); av: 2.4034e4, 4.3070e4(kph); os: 1.3701e4(kph); or: 1.119e-3(AU); 
Time: 1.5200e1(hours), Distance to sun: 1.0027e0(AU), System energy: 4.6512e2(PPJ)
Sun  loc:-1.0026e0,-1.090e-2(AU); rv: 0.0000e0, 0.0000e0(kph); av: 4.1601e3,-3.8601e5(kph); os: 0.0000e0(kph); or: 0.0000e0(AU); 
Earthloc: 0.0000e0, 0.0000e0(AU); rv:-1.1556e3, 1.0723e5(kph); av: 0.0000e0, 0.0000e0(kph); os: 1.0723e5(kph); or: 1.0027e0(AU); 
Moon loc: 2.569e-3, 2.038e-4(AU); rv:-8.6584e1, 2.0062e3(kph); av:-3.1170e2, 7.2223e3(kph); os: 2.0081e3(kph); or: 2.577e-3(AU); 
Ap8CMloc: 6.537e-4, 1.040e-3(AU); rv: 6.6509e3, 1.1930e4(kph); av: 2.3943e4, 4.2947e4(kph); os: 1.3659e4(kph); or: 1.228e-3(AU); 
Time: 1.6000e1(hours), Distance to sun: 1.0027e0(AU), System energy: 4.6512e2(PPJ)
Sun  loc:-1.0026e0,-1.147e-2(AU); rv: 0.0000e0, 0.0000e0(kph); av: 4.3790e3,-3.8601e5(kph); os: 0.0000e0(kph); or: 0.0000e0(AU); 
Earthloc: 0.0000e0, 0.0000e0(AU); rv:-1.2164e3, 1.0722e5(kph); av: 0.0000e0, 0.0000e0(kph); os: 1.0723e5(kph); or: 1.0027e0(AU); 
Moon loc: 2.569e-3, 2.146e-4(AU); rv:-9.1152e1, 2.0061e3(kph); av:-3.2815e2, 7.2219e3(kph); os: 2.0081e3(kph); or: 2.578e-3(AU); 
Ap8CMloc: 6.892e-4, 1.104e-3(AU); rv: 6.6370e3, 1.1910e4(kph); av: 2.3893e4, 4.2878e4(kph); os: 1.3635e4(kph); or: 1.301e-3(AU); 
Time: 1.7200e1(hours), Distance to sun: 1.0027e0(AU), System energy: 4.6512e2(PPJ)
Sun  loc:-1.0026e0,-1.233e-2(AU); rv: 0.0000e0, 0.0000e0(kph); av: 4.7074e3,-3.8601e5(kph); os: 0.0000e0(kph); or: 0.0000e0(AU); 
Earthloc: 0.0000e0, 0.0000e0(AU); rv:-1.3076e3, 1.0722e5(kph); av: 0.0000e0, 0.0000e0(kph); os: 1.0723e5(kph); or: 1.0027e0(AU); 
Moon loc: 2.568e-3, 2.306e-4(AU); rv:-9.8003e1, 2.0058e3(kph); av:-3.5281e2, 7.2210e3(kph); os: 2.0082e3(kph); or: 2.578e-3(AU); 
Ap8CMloc: 7.424e-4, 1.199e-3(AU); rv: 6.6195e3, 1.1885e4(kph); av: 2.3830e4, 4.2787e4(kph); os: 1.3604e4(kph); or: 1.410e-3(AU); 
Time: 1.8000e1(hours), Distance to sun: 1.0027e0(AU), System energy: 4.6512e2(PPJ)
Sun  loc:-1.0026e0,-1.290e-2(AU); rv: 0.0000e0, 0.0000e0(kph); av: 4.9264e3,-3.8600e5(kph); os: 0.0000e0(kph); or: 0.0000e0(AU); 
Earthloc: 0.0000e0, 0.0000e0(AU); rv:-1.3684e3, 1.0722e5(kph); av: 0.0000e0, 0.0000e0(kph); os: 1.0723e5(kph); or: 1.0027e0(AU); 
Moon loc: 2.567e-3, 2.414e-4(AU); rv:-1.0257e2, 2.0057e3(kph); av:-3.6925e2, 7.2204e3(kph); os: 2.0083e3(kph); or: 2.579e-3(AU); 
Ap8CMloc: 7.777e-4, 1.263e-3(AU); rv: 6.6095e3, 1.1871e4(kph); av: 2.3794e4, 4.2734e4(kph); os: 1.3587e4(kph); or: 1.483e-3(AU); 
Time: 1.9200e1(hours), Distance to sun: 1.0027e0(AU), System energy: 4.6512e2(PPJ)
Sun  loc:-1.0026e0,-1.376e-2(AU); rv: 0.0000e0, 0.0000e0(kph); av: 5.2548e3,-3.8600e5(kph); os: 0.0000e0(kph); or: 0.0000e0(AU); 
Earthloc: 0.0000e0, 0.0000e0(AU); rv:-1.4597e3, 1.0722e5(kph); av: 0.0000e0, 0.0000e0(kph); os: 1.0723e5(kph); or: 1.0027e0(AU); 
Moon loc: 2.567e-3, 2.575e-4(AU); rv:-1.0942e2, 2.0054e3(kph); av:-3.9391e2, 7.2193e3(kph); os: 2.0083e3(kph); or: 2.579e-3(AU); 
Ap8CMloc: 8.307e-4, 1.358e-3(AU); rv: 6.5966e3, 1.1851e4(kph); av: 2.3748e4, 4.2664e4(kph); os: 1.3563e4(kph); or: 1.592e-3(AU); 
Time: 2.0000e1(hours), Distance to sun: 1.0027e0(AU), System energy: 4.6512e2(PPJ)
Sun  loc:-1.0026e0,-1.434e-2(AU); rv: 0.0000e0, 0.0000e0(kph); av: 5.4737e3,-3.8600e5(kph); os: 0.0000e0(kph); or: 0.0000e0(AU); 
Earthloc: 0.0000e0, 0.0000e0(AU); rv:-1.5205e3, 1.0722e5(kph); av: 0.0000e0, 0.0000e0(kph); os: 1.0723e5(kph); or: 1.0027e0(AU); 
Moon loc: 2.566e-3, 2.682e-4(AU); rv:-1.1398e2, 2.0051e3(kph); av:-4.1034e2, 7.2185e3(kph); os: 2.0084e3(kph); or: 2.580e-3(AU); 
Ap8CMloc: 8.659e-4, 1.421e-3(AU); rv: 6.5892e3, 1.1839e4(kph); av: 2.3721e4, 4.2622e4(kph); os: 1.3550e4(kph); or: 1.664e-3(AU); 
Time: 2.1200e1(hours), Distance to sun: 1.0027e0(AU), System energy: 4.6512e2(PPJ)
Sun  loc:-1.0026e0,-1.520e-2(AU); rv: 0.0000e0, 0.0000e0(kph); av: 5.8021e3,-3.8599e5(kph); os: 0.0000e0(kph); or: 0.0000e0(AU); 
Earthloc: 0.0000e0, 0.0000e0(AU); rv:-1.6117e3, 1.0722e5(kph); av: 0.0000e0, 0.0000e0(kph); os: 1.0723e5(kph); or: 1.0027e0(AU); 
Moon loc: 2.565e-3, 2.843e-4(AU); rv:-1.2083e2, 2.0047e3(kph); av:-4.3499e2, 7.2171e3(kph); os: 2.0084e3(kph); or: 2.581e-3(AU); 
Ap8CMloc: 9.188e-4, 1.516e-3(AU); rv: 6.5794e3, 1.1824e4(kph); av: 2.3686e4, 4.2566e4(kph); os: 1.3531e4(kph); or: 1.773e-3(AU); 
Time: 2.2000e1(hours), Distance to sun: 1.0027e0(AU), System energy: 4.6512e2(PPJ)
Sun  loc:-1.0026e0,-1.577e-2(AU); rv: 0.0000e0, 0.0000e0(kph); av: 6.0210e3,-3.8599e5(kph); os: 0.0000e0(kph); or: 0.0000e0(AU); 
Earthloc: 0.0000e0, 0.0000e0(AU); rv:-1.6725e3, 1.0722e5(kph); av: 0.0000e0, 0.0000e0(kph); os: 1.0723e5(kph); or: 1.0027e0(AU); 
Moon loc: 2.564e-3, 2.950e-4(AU); rv:-1.2539e2, 2.0045e3(kph); av:-4.5142e2, 7.2161e3(kph); os: 2.0084e3(kph); or: 2.581e-3(AU); 
Ap8CMloc: 9.539e-4, 1.579e-3(AU); rv: 6.5736e3, 1.1815e4(kph); av: 2.3665e4, 4.2532e4(kph); os: 1.3520e4(kph); or: 1.845e-3(AU); 
Time: 2.3200e1(hours), Distance to sun: 1.0027e0(AU), System energy: 4.6512e2(PPJ)
Sun  loc:-1.0026e0,-1.663e-2(AU); rv: 0.0000e0, 0.0000e0(kph); av: 6.3494e3,-3.8598e5(kph); os: 0.0000e0(kph); or: 0.0000e0(AU); 
Earthloc: 0.0000e0, 0.0000e0(AU); rv:-1.7637e3, 1.0722e5(kph); av: 0.0000e0, 0.0000e0(kph); os: 1.0723e5(kph); or: 1.0027e0(AU); 
Moon loc: 2.563e-3, 3.111e-4(AU); rv:-1.3224e2, 2.0040e3(kph); av:-4.7605e2, 7.2144e3(kph); os: 2.0084e3(kph); or: 2.582e-3(AU); 
Ap8CMloc: 1.007e-3, 1.674e-3(AU); rv: 6.5659e3, 1.1802e4(kph); av: 2.3637e4, 4.2486e4(kph); os: 1.3505e4(kph); or: 1.953e-3(AU); 
Time: 2.4000e1(hours), Distance to sun: 1.0027e0(AU), System energy: 4.6512e2(PPJ)
Sun  loc:-1.0025e0,-1.720e-2(AU); rv: 0.0000e0, 0.0000e0(kph); av: 6.5683e3,-3.8598e5(kph); os: 0.0000e0(kph); or: 0.0000e0(AU); 
Earthloc: 0.0000e0, 0.0000e0(AU); rv:-1.8245e3, 1.0722e5(kph); av: 0.0000e0, 0.0000e0(kph); os: 1.0723e5(kph); or: 1.0027e0(AU); 
Moon loc: 2.563e-3, 3.218e-4(AU); rv:-1.3679e2, 2.0037e3(kph); av:-4.9246e2, 7.2132e3(kph); os: 2.0083e3(kph); or: 2.583e-3(AU); 
Ap8CMloc: 1.042e-3, 1.737e-3(AU); rv: 6.5613e3, 1.1794e4(kph); av: 2.3621e4, 4.2458e4(kph); os: 1.3496e4(kph); or: 2.026e-3(AU); 
Time: 2.5200e1(hours), Distance to sun: 1.0027e0(AU), System energy: 4.6512e2(PPJ)
Sun  loc:-1.0025e0,-1.806e-2(AU); rv: 0.0000e0, 0.0000e0(kph); av: 6.8967e3,-3.8597e5(kph); os: 0.0000e0(kph); or: 0.0000e0(AU); 
Earthloc: 0.0000e0, 0.0000e0(AU); rv:-1.9158e3, 1.0721e5(kph); av: 0.0000e0, 0.0000e0(kph); os: 1.0723e5(kph); or: 1.0027e0(AU); 
Moon loc: 2.561e-3, 3.378e-4(AU); rv:-1.4363e2, 2.0031e3(kph); av:-5.1707e2, 7.2113e3(kph); os: 2.0083e3(kph); or: 2.584e-3(AU); 
Ap8CMloc: 1.094e-3, 1.832e-3(AU); rv: 6.5550e3, 1.1783e4(kph); av: 2.3598e4, 4.2419e4(kph); os: 1.3484e4(kph); or: 2.134e-3(AU); 
Time: 2.6000e1(hours), Distance to sun: 1.0027e0(AU), System energy: 4.6512e2(PPJ)
Sun  loc:-1.0025e0,-1.864e-2(AU); rv: 0.0000e0, 0.0000e0(kph); av: 7.1156e3,-3.8597e5(kph); os: 0.0000e0(kph); or: 0.0000e0(AU); 
Earthloc: 0.0000e0, 0.0000e0(AU); rv:-1.9766e3, 1.0721e5(kph); av: 0.0000e0, 0.0000e0(kph); os: 1.0723e5(kph); or: 1.0027e0(AU); 
Moon loc: 2.561e-3, 3.486e-4(AU); rv:-1.4818e2, 2.0027e3(kph); av:-5.3347e2, 7.2099e3(kph); os: 2.0082e3(kph); or: 2.584e-3(AU); 
Ap8CMloc: 1.129e-3, 1.895e-3(AU); rv: 6.5512e3, 1.1776e4(kph); av: 2.3584e4, 4.2395e4(kph); os: 1.3476e4(kph); or: 2.206e-3(AU); 
Time: 2.7200e1(hours), Distance to sun: 1.0027e0(AU), System energy: 4.6512e2(PPJ)
Sun  loc:-1.0025e0,-1.950e-2(AU); rv: 0.0000e0, 0.0000e0(kph); av: 7.4440e3,-3.8596e5(kph); os: 0.0000e0(kph); or: 0.0000e0(AU); 
Earthloc: 0.0000e0, 0.0000e0(AU); rv:-2.0678e3, 1.0721e5(kph); av: 0.0000e0, 0.0000e0(kph); os: 1.0723e5(kph); or: 1.0027e0(AU); 
Moon loc: 2.559e-3, 3.646e-4(AU); rv:-1.5501e2, 2.0021e3(kph); av:-5.5805e2, 7.2076e3(kph); os: 2.0081e3(kph); or: 2.585e-3(AU); 
Ap8CMloc: 1.182e-3, 1.989e-3(AU); rv: 6.5461e3, 1.1767e4(kph); av: 2.3566e4, 4.2362e4(kph); os: 1.3465e4(kph); or: 2.314e-3(AU); 
Time: 2.8000e1(hours), Distance to sun: 1.0027e0(AU), System energy: 4.6512e2(PPJ)
Sun  loc:-1.0025e0,-2.007e-2(AU); rv: 0.0000e0, 0.0000e0(kph); av: 7.6629e3,-3.8596e5(kph); os: 0.0000e0(kph); or: 0.0000e0(AU); 
Earthloc: 0.0000e0, 0.0000e0(AU); rv:-2.1286e3, 1.0721e5(kph); av: 0.0000e0, 0.0000e0(kph); os: 1.0723e5(kph); or: 1.0027e0(AU); 
Moon loc: 2.559e-3, 3.753e-4(AU); rv:-1.5956e2, 2.0017e3(kph); av:-5.7442e2, 7.2061e3(kph); os: 2.0080e3(kph); or: 2.586e-3(AU); 
Ap8CMloc: 1.217e-3, 2.052e-3(AU); rv: 6.5429e3, 1.1761e4(kph); av: 2.3555e4, 4.2341e4(kph); os: 1.3459e4(kph); or: 2.386e-3(AU); 
Time: 2.9200e1(hours), Distance to sun: 1.0027e0(AU), System energy: 4.6512e2(PPJ)
Sun  loc:-1.0025e0,-2.093e-2(AU); rv: 0.0000e0, 0.0000e0(kph); av: 7.9913e3,-3.8595e5(kph); os: 0.0000e0(kph); or: 0.0000e0(AU); 
Earthloc: 0.0000e0, 0.0000e0(AU); rv:-2.2198e3, 1.0721e5(kph); av: 0.0000e0, 0.0000e0(kph); os: 1.0723e5(kph); or: 1.0027e0(AU); 
Moon loc: 2.557e-3, 3.914e-4(AU); rv:-1.6638e2, 2.0010e3(kph); av:-5.9897e2, 7.2036e3(kph); os: 2.0079e3(kph); or: 2.587e-3(AU); 
Ap8CMloc: 1.269e-3, 2.146e-3(AU); rv: 6.5386e3, 1.1753e4(kph); av: 2.3539e4, 4.2312e4(kph); os: 1.3450e4(kph); or: 2.494e-3(AU); 
Time: 3.0000e1(hours), Distance to sun: 1.0027e0(AU), System energy: 4.6512e2(PPJ)
Sun  loc:-1.0025e0,-2.150e-2(AU); rv: 0.0000e0, 0.0000e0(kph); av: 8.2102e3,-3.8595e5(kph); os: 0.0000e0(kph); or: 0.0000e0(AU); 
Earthloc: 0.0000e0, 0.0000e0(AU); rv:-2.2806e3, 1.0721e5(kph); av: 0.0000e0, 0.0000e0(kph); os: 1.0723e5(kph); or: 1.0027e0(AU); 
Moon loc: 2.556e-3, 4.021e-4(AU); rv:-1.7092e2, 2.0005e3(kph); av:-6.1533e2, 7.2018e3(kph); os: 2.0078e3(kph); or: 2.588e-3(AU); 
Ap8CMloc: 1.304e-3, 2.209e-3(AU); rv: 6.5359e3, 1.1748e4(kph); av: 2.3529e4, 4.2294e4(kph); os: 1.3444e4(kph); or: 2.566e-3(AU); 
Time: 3.1200e1(hours), Distance to sun: 1.0027e0(AU), System energy: 4.6512e2(PPJ)
Sun  loc:-1.0024e0,-2.236e-2(AU); rv: 0.0000e0, 0.0000e0(kph); av: 8.5386e3,-3.8594e5(kph); os: 0.0000e0(kph); or: 0.0000e0(AU); 
Earthloc: 0.0000e0, 0.0000e0(AU); rv:-2.3718e3, 1.0721e5(kph); av: 0.0000e0, 0.0000e0(kph); os: 1.0723e5(kph); or: 1.0027e0(AU); 
Moon loc: 2.555e-3, 4.181e-4(AU); rv:-1.7773e2, 1.9997e3(kph); av:-6.3984e2, 7.1990e3(kph); os: 2.0076e3(kph); or: 2.589e-3(AU); 
Ap8CMloc: 1.357e-3, 2.303e-3(AU); rv: 6.5322e3, 1.1741e4(kph); av: 2.3516e4, 4.2269e4(kph); os: 1.3436e4(kph); or: 2.673e-3(AU); 
Time: 3.2000e1(hours), Distance to sun: 1.0027e0(AU), System energy: 4.6512e2(PPJ)
Sun  loc:-1.0024e0,-2.294e-2(AU); rv: 0.0000e0, 0.0000e0(kph); av: 8.7575e3,-3.8594e5(kph); os: 0.0000e0(kph); or: 0.0000e0(AU); 
Earthloc: 0.0000e0, 0.0000e0(AU); rv:-2.4326e3, 1.0720e5(kph); av: 0.0000e0, 0.0000e0(kph); os: 1.0723e5(kph); or: 1.0027e0(AU); 
Moon loc: 2.554e-3, 4.288e-4(AU); rv:-1.8227e2, 1.9992e3(kph); av:-6.5617e2, 7.1971e3(kph); os: 2.0075e3(kph); or: 2.590e-3(AU); 
Ap8CMloc: 1.392e-3, 2.366e-3(AU); rv: 6.5299e3, 1.1737e4(kph); av: 2.3508e4, 4.2253e4(kph); os: 1.3431e4(kph); or: 2.745e-3(AU); 
Time: 3.3200e1(hours), Distance to sun: 1.0027e0(AU), System energy: 4.6512e2(PPJ)
Sun  loc:-1.0024e0,-2.380e-2(AU); rv: 0.0000e0, 0.0000e0(kph); av: 9.0858e3,-3.8593e5(kph); os: 0.0000e0(kph); or: 0.0000e0(AU); 
Earthloc: 0.0000e0, 0.0000e0(AU); rv:-2.5238e3, 1.0720e5(kph); av: 0.0000e0, 0.0000e0(kph); os: 1.0723e5(kph); or: 1.0027e0(AU); 
Moon loc: 2.553e-3, 4.448e-4(AU); rv:-1.8907e2, 1.9983e3(kph); av:-6.8063e2, 7.1940e3(kph); os: 2.0073e3(kph); or: 2.591e-3(AU); 
Ap8CMloc: 1.444e-3, 2.460e-3(AU); rv: 6.5266e3, 1.1731e4(kph); av: 2.3496e4, 4.2230e4(kph); os: 1.3424e4(kph); or: 2.853e-3(AU); 
Time: 3.4000e1(hours), Distance to sun: 1.0027e0(AU), System energy: 4.6512e2(PPJ)
Sun  loc:-1.0024e0,-2.437e-2(AU); rv: 0.0000e0, 0.0000e0(kph); av: 9.3047e3,-3.8592e5(kph); os: 0.0000e0(kph); or: 0.0000e0(AU); 
Earthloc: 0.0000e0, 0.0000e0(AU); rv:-2.5846e3, 1.0720e5(kph); av: 0.0000e0, 0.0000e0(kph); os: 1.0723e5(kph); or: 1.0027e0(AU); 
Moon loc: 2.552e-3, 4.555e-4(AU); rv:-1.9359e2, 1.9978e3(kph); av:-6.9693e2, 7.1919e3(kph); os: 2.0071e3(kph); or: 2.592e-3(AU); 
Ap8CMloc: 1.479e-3, 2.523e-3(AU); rv: 6.5246e3, 1.1727e4(kph); av: 2.3489e4, 4.2216e4(kph); os: 1.3420e4(kph); or: 2.925e-3(AU); 
Time: 3.5200e1(hours), Distance to sun: 1.0027e0(AU), System energy: 4.6512e2(PPJ)
Sun  loc:-1.0024e0,-2.523e-2(AU); rv: 0.0000e0, 0.0000e0(kph); av: 9.6331e3,-3.8592e5(kph); os: 0.0000e0(kph); or: 0.0000e0(AU); 
Earthloc: 0.0000e0, 0.0000e0(AU); rv:-2.6759e3, 1.0720e5(kph); av: 0.0000e0, 0.0000e0(kph); os: 1.0723e5(kph); or: 1.0027e0(AU); 
Moon loc: 2.550e-3, 4.716e-4(AU); rv:-2.0038e2, 1.9968e3(kph); av:-7.2135e2, 7.1886e3(kph); os: 2.0069e3(kph); or: 2.593e-3(AU); 
Ap8CMloc: 1.531e-3, 2.617e-3(AU); rv: 6.5218e3, 1.1721e4(kph); av: 2.3478e4, 4.2195e4(kph); os: 1.3413e4(kph); or: 3.032e-3(AU); 
Time: 3.6000e1(hours), Distance to sun: 1.0027e0(AU), System energy: 4.6512e2(PPJ)
Sun  loc:-1.0024e0,-2.580e-2(AU); rv: 0.0000e0, 0.0000e0(kph); av: 9.8520e3,-3.8591e5(kph); os: 0.0000e0(kph); or: 0.0000e0(AU); 
Earthloc: 0.0000e0, 0.0000e0(AU); rv:-2.7367e3, 1.0720e5(kph); av: 0.0000e0, 0.0000e0(kph); os: 1.0723e5(kph); or: 1.0027e0(AU); 
Moon loc: 2.549e-3, 4.822e-4(AU); rv:-2.0489e2, 1.9962e3(kph); av:-7.3761e2, 7.1863e3(kph); os: 2.0067e3(kph); or: 2.594e-3(AU); 
Ap8CMloc: 1.566e-3, 2.680e-3(AU); rv: 6.5200e3, 1.1717e4(kph); av: 2.3472e4, 4.2182e4(kph); os: 1.3409e4(kph); or: 3.104e-3(AU); 
Time: 3.7200e1(hours), Distance to sun: 1.0027e0(AU), System energy: 4.6512e2(PPJ)
Sun  loc:-1.0023e0,-2.666e-2(AU); rv: 0.0000e0, 0.0000e0(kph); av: 1.0180e4,-3.8590e5(kph); os: 0.0000e0(kph); or: 0.0000e0(AU); 
Earthloc: 0.0000e0, 0.0000e0(AU); rv:-2.8279e3, 1.0720e5(kph); av: 0.0000e0, 0.0000e0(kph); os: 1.0723e5(kph); or: 1.0027e0(AU); 
Moon loc: 2.547e-3, 4.982e-4(AU); rv:-2.1166e2, 1.9952e3(kph); av:-7.6198e2, 7.1827e3(kph); os: 2.0064e3(kph); or: 2.595e-3(AU); 
Ap8CMloc: 1.618e-3, 2.774e-3(AU); rv: 6.5174e3, 1.1712e4(kph); av: 2.3463e4, 4.2164e4(kph); os: 1.3404e4(kph); or: 3.211e-3(AU); 
Time: 3.8000e1(hours), Distance to sun: 1.0027e0(AU), System energy: 4.6512e2(PPJ)
Sun  loc:-1.0023e0,-2.724e-2(AU); rv: 0.0000e0, 0.0000e0(kph); av: 1.0399e4,-3.8590e5(kph); os: 0.0000e0(kph); or: 0.0000e0(AU); 
Earthloc: 0.0000e0, 0.0000e0(AU); rv:-2.8887e3, 1.0719e5(kph); av: 0.0000e0, 0.0000e0(kph); os: 1.0723e5(kph); or: 1.0027e0(AU); 
Moon loc: 2.546e-3, 5.089e-4(AU); rv:-2.1617e2, 1.9945e3(kph); av:-7.7820e2, 7.1802e3(kph); os: 2.0062e3(kph); or: 2.596e-3(AU); 
Ap8CMloc: 1.653e-3, 2.836e-3(AU); rv: 6.5158e3, 1.1709e4(kph); av: 2.3457e4, 4.2152e4(kph); os: 1.3400e4(kph); or: 3.283e-3(AU); 
Time: 3.9200e1(hours), Distance to sun: 1.0027e0(AU), System energy: 4.6512e2(PPJ)
Sun  loc:-1.0023e0,-2.809e-2(AU); rv: 0.0000e0, 0.0000e0(kph); av: 1.0728e4,-3.8589e5(kph); os: 0.0000e0(kph); or: 0.0000e0(AU); 
Earthloc: 0.0000e0, 0.0000e0(AU); rv:-2.9799e3, 1.0719e5(kph); av: 0.0000e0, 0.0000e0(kph); os: 1.0723e5(kph); or: 1.0027e0(AU); 
Moon loc: 2.544e-3, 5.249e-4(AU); rv:-2.2292e2, 1.9934e3(kph); av:-8.0251e2, 7.1763e3(kph); os: 2.0058e3(kph); or: 2.598e-3(AU); 
Ap8CMloc: 1.706e-3, 2.930e-3(AU); rv: 6.5136e3, 1.1704e4(kph); av: 2.3449e4, 4.2136e4(kph); os: 1.3395e4(kph); or: 3.390e-3(AU); 
Time: 4.0000e1(hours), Distance to sun: 1.0027e0(AU), System energy: 4.6512e2(PPJ)
Sun  loc:-1.0023e0,-2.867e-2(AU); rv: 0.0000e0, 0.0000e0(kph); av: 1.0946e4,-3.8588e5(kph); os: 0.0000e0(kph); or: 0.0000e0(AU); 
Earthloc: 0.0000e0, 0.0000e0(AU); rv:-3.0407e3, 1.0719e5(kph); av: 0.0000e0, 0.0000e0(kph); os: 1.0723e5(kph); or: 1.0027e0(AU); 
Moon loc: 2.543e-3, 5.356e-4(AU); rv:-2.2742e2, 1.9927e3(kph); av:-8.1870e2, 7.1737e3(kph); os: 2.0056e3(kph); or: 2.599e-3(AU); 
Ap8CMloc: 1.740e-3, 2.993e-3(AU); rv: 6.5121e3, 1.1701e4(kph); av: 2.3444e4, 4.2125e4(kph); os: 1.3391e4(kph); or: 3.462e-3(AU); 
Time: 4.1200e1(hours), Distance to sun: 1.0027e0(AU), System energy: 4.6512e2(PPJ)
Sun  loc:-1.0023e0,-2.953e-2(AU); rv: 0.0000e0, 0.0000e0(kph); av: 1.1275e4,-3.8587e5(kph); os: 0.0000e0(kph); or: 0.0000e0(AU); 
Earthloc: 0.0000e0, 0.0000e0(AU); rv:-3.1319e3, 1.0719e5(kph); av: 0.0000e0, 0.0000e0(kph); os: 1.0723e5(kph); or: 1.0027e0(AU); 
Moon loc: 2.541e-3, 5.515e-4(AU); rv:-2.3415e2, 1.9915e3(kph); av:-8.4294e2, 7.1695e3(kph); os: 2.0052e3(kph); or: 2.600e-3(AU); 
Ap8CMloc: 1.793e-3, 3.087e-3(AU); rv: 6.5101e3, 1.1697e4(kph); av: 2.3436e4, 4.2110e4(kph); os: 1.3387e4(kph); or: 3.569e-3(AU); 
Time: 4.2000e1(hours), Distance to sun: 1.0027e0(AU), System energy: 4.6512e2(PPJ)
Sun  loc:-1.0022e0,-3.010e-2(AU); rv: 0.0000e0, 0.0000e0(kph); av: 1.1494e4,-3.8587e5(kph); os: 0.0000e0(kph); or: 0.0000e0(AU); 
Earthloc: 0.0000e0, 0.0000e0(AU); rv:-3.1927e3, 1.0718e5(kph); av: 0.0000e0, 0.0000e0(kph); os: 1.0723e5(kph); or: 1.0027e0(AU); 
Moon loc: 2.540e-3, 5.622e-4(AU); rv:-2.3863e2, 1.9907e3(kph); av:-8.5908e2, 7.1667e3(kph); os: 2.0050e3(kph); or: 2.601e-3(AU); 
Ap8CMloc: 1.827e-3, 3.149e-3(AU); rv: 6.5088e3, 1.1694e4(kph); av: 2.3432e4, 4.2100e4(kph); os: 1.3384e4(kph); or: 3.641e-3(AU); 
Time: 4.3200e1(hours), Distance to sun: 1.0027e0(AU), System energy: 4.6512e2(PPJ)
Sun  loc:-1.0022e0,-3.096e-2(AU); rv: 0.0000e0, 0.0000e0(kph); av: 1.1822e4,-3.8586e5(kph); os: 0.0000e0(kph); or: 0.0000e0(AU); 
Earthloc: 0.0000e0, 0.0000e0(AU); rv:-3.2839e3, 1.0718e5(kph); av: 0.0000e0, 0.0000e0(kph); os: 1.0723e5(kph); or: 1.0027e0(AU); 
Moon loc: 2.538e-3, 5.781e-4(AU); rv:-2.4535e2, 1.9895e3(kph); av:-8.8325e2, 7.1623e3(kph); os: 2.0046e3(kph); or: 2.603e-3(AU); 
Ap8CMloc: 1.880e-3, 3.243e-3(AU); rv: 6.5069e3, 1.1691e4(kph); av: 2.3425e4, 4.2086e4(kph); os: 1.3379e4(kph); or: 3.748e-3(AU); 
Time: 4.4000e1(hours), Distance to sun: 1.0027e0(AU), System energy: 4.6512e2(PPJ)
Sun  loc:-1.0022e0,-3.153e-2(AU); rv: 0.0000e0, 0.0000e0(kph); av: 1.2041e4,-3.8585e5(kph); os: 0.0000e0(kph); or: 0.0000e0(AU); 
Earthloc: 0.0000e0, 0.0000e0(AU); rv:-3.3447e3, 1.0718e5(kph); av: 0.0000e0, 0.0000e0(kph); os: 1.0723e5(kph); or: 1.0027e0(AU); 
Moon loc: 2.537e-3, 5.888e-4(AU); rv:-2.4982e2, 1.9887e3(kph); av:-8.9935e2, 7.1592e3(kph); os: 2.0043e3(kph); or: 2.604e-3(AU); 
Ap8CMloc: 1.914e-3, 3.306e-3(AU); rv: 6.5057e3, 1.1688e4(kph); av: 2.3421e4, 4.2077e4(kph); os: 1.3377e4(kph); or: 3.820e-3(AU); 
Time: 4.5200e1(hours), Distance to sun: 1.0027e0(AU), System energy: 4.6512e2(PPJ)
Sun  loc:-1.0022e0,-3.239e-2(AU); rv: 0.0000e0, 0.0000e0(kph); av: 1.2369e4,-3.8584e5(kph); os: 0.0000e0(kph); or: 0.0000e0(AU); 
Earthloc: 0.0000e0, 0.0000e0(AU); rv:-3.4359e3, 1.0718e5(kph); av: 0.0000e0, 0.0000e0(kph); os: 1.0723e5(kph); or: 1.0027e0(AU); 
Moon loc: 2.535e-3, 6.047e-4(AU); rv:-2.5651e2, 1.9874e3(kph); av:-9.2345e2, 7.1545e3(kph); os: 2.0039e3(kph); or: 2.606e-3(AU); 
Ap8CMloc: 1.967e-3, 3.399e-3(AU); rv: 6.5041e3, 1.1684e4(kph); av: 2.3415e4, 4.2064e4(kph); os: 1.3373e4(kph); or: 3.927e-3(AU); 
Time: 4.6000e1(hours), Distance to sun: 1.0027e0(AU), System energy: 4.6512e2(PPJ)
Sun  loc:-1.0022e0,-3.297e-2(AU); rv: 0.0000e0, 0.0000e0(kph); av: 1.2588e4,-3.8583e5(kph); os: 0.0000e0(kph); or: 0.0000e0(AU); 
Earthloc: 0.0000e0, 0.0000e0(AU); rv:-3.4967e3, 1.0718e5(kph); av: 0.0000e0, 0.0000e0(kph); os: 1.0723e5(kph); or: 1.0027e0(AU); 
Moon loc: 2.533e-3, 6.154e-4(AU); rv:-2.6097e2, 1.9865e3(kph); av:-9.3949e2, 7.1513e3(kph); os: 2.0036e3(kph); or: 2.607e-3(AU); 
Ap8CMloc: 2.001e-3, 3.462e-3(AU); rv: 6.5030e3, 1.1682e4(kph); av: 2.3411e4, 4.2056e4(kph); os: 1.3370e4(kph); or: 3.999e-3(AU); 
Time: 4.7200e1(hours), Distance to sun: 1.0027e0(AU), System energy: 4.6512e2(PPJ)
Sun  loc:-1.0021e0,-3.383e-2(AU); rv: 0.0000e0, 0.0000e0(kph); av: 1.2916e4,-3.8582e5(kph); os: 0.0000e0(kph); or: 0.0000e0(AU); 
Earthloc: 0.0000e0, 0.0000e0(AU); rv:-3.5878e3, 1.0717e5(kph); av: 0.0000e0, 0.0000e0(kph); os: 1.0723e5(kph); or: 1.0027e0(AU); 
Moon loc: 2.531e-3, 6.313e-4(AU); rv:-2.6764e2, 1.9851e3(kph); av:-9.6351e2, 7.1464e3(kph); os: 2.0031e3(kph); or: 2.609e-3(AU); 
Ap8CMloc: 2.054e-3, 3.555e-3(AU); rv: 6.5014e3, 1.1679e4(kph); av: 2.3405e4, 4.2044e4(kph); os: 1.3366e4(kph); or: 4.106e-3(AU); 
Time: 4.8000e1(hours), Distance to sun: 1.0027e0(AU), System energy: 4.6512e2(PPJ)
Sun  loc:-1.0021e0,-3.440e-2(AU); rv: 0.0000e0, 0.0000e0(kph); av: 1.3135e4,-3.8581e5(kph); os: 0.0000e0(kph); or: 0.0000e0(AU); 
Earthloc: 0.0000e0, 0.0000e0(AU); rv:-3.6486e3, 1.0717e5(kph); av: 0.0000e0, 0.0000e0(kph); os: 1.0723e5(kph); or: 1.0027e0(AU); 
Moon loc: 2.530e-3, 6.419e-4(AU); rv:-2.7208e2, 1.9842e3(kph); av:-9.7950e2, 7.1430e3(kph); os: 2.0027e3(kph); or: 2.610e-3(AU); 
Ap8CMloc: 2.088e-3, 3.618e-3(AU); rv: 6.5004e3, 1.1677e4(kph); av: 2.3402e4, 4.2036e4(kph); os: 1.3364e4(kph); or: 4.177e-3(AU); 
Time: 4.9200e1(hours), Distance to sun: 1.0027e0(AU), System energy: 4.6512e2(PPJ)
Sun  loc:-1.0021e0,-3.526e-2(AU); rv: 0.0000e0, 0.0000e0(kph); av: 1.3463e4,-3.8580e5(kph); os: 0.0000e0(kph); or: 0.0000e0(AU); 
Earthloc: 0.0000e0, 0.0000e0(AU); rv:-3.7398e3, 1.0717e5(kph); av: 0.0000e0, 0.0000e0(kph); os: 1.0723e5(kph); or: 1.0027e0(AU); 
Moon loc: 2.528e-3, 6.578e-4(AU); rv:-2.7873e2, 1.9827e3(kph); av:-1.0034e3, 7.1378e3(kph); os: 2.0022e3(kph); or: 2.612e-3(AU); 
Ap8CMloc: 2.140e-3, 3.712e-3(AU); rv: 6.4990e3, 1.1673e4(kph); av: 2.3397e4, 4.2025e4(kph); os: 1.3361e4(kph); or: 4.285e-3(AU); 
Time: 5.0000e1(hours), Distance to sun: 1.0027e0(AU), System energy: 4.6512e2(PPJ)
Sun  loc:-1.0021e0,-3.583e-2(AU); rv: 0.0000e0, 0.0000e0(kph); av: 1.3682e4,-3.8580e5(kph); os: 0.0000e0(kph); or: 0.0000e0(AU); 
Earthloc: 0.0000e0, 0.0000e0(AU); rv:-3.8006e3, 1.0717e5(kph); av: 0.0000e0, 0.0000e0(kph); os: 1.0723e5(kph); or: 1.0027e0(AU); 
Moon loc: 2.526e-3, 6.684e-4(AU); rv:-2.8316e2, 1.9817e3(kph); av:-1.0194e3, 7.1342e3(kph); os: 2.0019e3(kph); or: 2.613e-3(AU); 
Ap8CMloc: 2.175e-3, 3.774e-3(AU); rv: 6.4981e3, 1.1671e4(kph); av: 2.3393e4, 4.2017e4(kph); os: 1.3358e4(kph); or: 4.356e-3(AU); 
Time: 5.1200e1(hours), Distance to sun: 1.0027e0(AU), System energy: 4.6512e2(PPJ)
Sun  loc:-1.0020e0,-3.669e-2(AU); rv: 0.0000e0, 0.0000e0(kph); av: 1.4010e4,-3.8578e5(kph); os: 0.0000e0(kph); or: 0.0000e0(AU); 
Earthloc: 0.0000e0, 0.0000e0(AU); rv:-3.8918e3, 1.0716e5(kph); av: 0.0000e0, 0.0000e0(kph); os: 1.0723e5(kph); or: 1.0027e0(AU); 
Moon loc: 2.524e-3, 6.843e-4(AU); rv:-2.8978e2, 1.9802e3(kph); av:-1.0432e3, 7.1288e3(kph); os: 2.0013e3(kph); or: 2.615e-3(AU); 
Ap8CMloc: 2.227e-3, 3.868e-3(AU); rv: 6.4968e3, 1.1669e4(kph); av: 2.3389e4, 4.2007e4(kph); os: 1.3355e4(kph); or: 4.463e-3(AU); 
Time: 5.2000e1(hours), Distance to sun: 1.0027e0(AU), System energy: 4.6512e2(PPJ)
Sun  loc:-1.0020e0,-3.727e-2(AU); rv: 0.0000e0, 0.0000e0(kph); av: 1.4229e4,-3.8578e5(kph); os: 0.0000e0(kph); or: 0.0000e0(AU); 
Earthloc: 0.0000e0, 0.0000e0(AU); rv:-3.9526e3, 1.0716e5(kph); av: 0.0000e0, 0.0000e0(kph); os: 1.0723e5(kph); or: 1.0027e0(AU); 
Moon loc: 2.522e-3, 6.949e-4(AU); rv:-2.9419e2, 1.9792e3(kph); av:-1.0591e3, 7.1250e3(kph); os: 2.0009e3(kph); or: 2.616e-3(AU); 
Ap8CMloc: 2.262e-3, 3.930e-3(AU); rv: 6.4960e3, 1.1667e4(kph); av: 2.3386e4, 4.2000e4(kph); os: 1.3353e4(kph); or: 4.534e-3(AU); 
Time: 5.3200e1(hours), Distance to sun: 1.0027e0(AU), System energy: 4.6512e2(PPJ)
Sun  loc:-1.0020e0,-3.812e-2(AU); rv: 0.0000e0, 0.0000e0(kph); av: 1.4558e4,-3.8576e5(kph); os: 0.0000e0(kph); or: 0.0000e0(AU); 
Earthloc: 0.0000e0, 0.0000e0(AU); rv:-4.0438e3, 1.0716e5(kph); av: 0.0000e0, 0.0000e0(kph); os: 1.0723e5(kph); or: 1.0027e0(AU); 
Moon loc: 2.520e-3, 7.108e-4(AU); rv:-3.0079e2, 1.9776e3(kph); av:-1.0828e3, 7.1193e3(kph); os: 2.0003e3(kph); or: 2.618e-3(AU); 
Ap8CMloc: 2.314e-3, 4.024e-3(AU); rv: 6.4948e3, 1.1664e4(kph); av: 2.3381e4, 4.1990e4(kph); os: 1.3350e4(kph); or: 4.642e-3(AU); 
Time: 5.4000e1(hours), Distance to sun: 1.0027e0(AU), System energy: 4.6512e2(PPJ)
Sun  loc:-1.0019e0,-3.870e-2(AU); rv: 0.0000e0, 0.0000e0(kph); av: 1.4776e4,-3.8576e5(kph); os: 0.0000e0(kph); or: 0.0000e0(AU); 
Earthloc: 0.0000e0, 0.0000e0(AU); rv:-4.1046e3, 1.0715e5(kph); av: 0.0000e0, 0.0000e0(kph); os: 1.0723e5(kph); or: 1.0027e0(AU); 
Moon loc: 2.518e-3, 7.213e-4(AU); rv:-3.0518e2, 1.9765e3(kph); av:-1.0986e3, 7.1154e3(kph); os: 1.9999e3(kph); or: 2.619e-3(AU); 
Ap8CMloc: 2.349e-3, 4.086e-3(AU); rv: 6.4941e3, 1.1662e4(kph); av: 2.3379e4, 4.1984e4(kph); os: 1.3348e4(kph); or: 4.713e-3(AU); 
Time: 5.5200e1(hours), Distance to sun: 1.0027e0(AU), System energy: 4.6512e2(PPJ)
Sun  loc:-1.0019e0,-3.956e-2(AU); rv: 0.0000e0, 0.0000e0(kph); av: 1.5105e4,-3.8574e5(kph); os: 0.0000e0(kph); or: 0.0000e0(AU); 
Earthloc: 0.0000e0, 0.0000e0(AU); rv:-4.1957e3, 1.0715e5(kph); av: 0.0000e0, 0.0000e0(kph); os: 1.0723e5(kph); or: 1.0027e0(AU); 
Moon loc: 2.516e-3, 7.372e-4(AU); rv:-3.1175e2, 1.9748e3(kph); av:-1.1223e3, 7.1094e3(kph); os: 1.9993e3(kph); or: 2.621e-3(AU); 
Ap8CMloc: 2.401e-3, 4.179e-3(AU); rv: 6.4930e3, 1.1660e4(kph); av: 2.3375e4, 4.1974e4(kph); os: 1.3346e4(kph); or: 4.820e-3(AU); 
Time: 5.6000e1(hours), Distance to sun: 1.0027e0(AU), System energy: 4.6512e2(PPJ)
Sun  loc:-1.0019e0,-4.013e-2(AU); rv: 0.0000e0, 0.0000e0(kph); av: 1.5324e4,-3.8574e5(kph); os: 0.0000e0(kph); or: 0.0000e0(AU); 
Earthloc: 0.0000e0, 0.0000e0(AU); rv:-4.2565e3, 1.0715e5(kph); av: 0.0000e0, 0.0000e0(kph); os: 1.0723e5(kph); or: 1.0027e0(AU); 
Moon loc: 2.514e-3, 7.477e-4(AU); rv:-3.1612e2, 1.9737e3(kph); av:-1.1380e3, 7.1054e3(kph); os: 1.9989e3(kph); or: 2.623e-3(AU); 
Ap8CMloc: 2.436e-3, 4.242e-3(AU); rv: 6.4923e3, 1.1658e4(kph); av: 2.3372e4, 4.1968e4(kph); os: 1.3344e4(kph); or: 4.891e-3(AU); 
Time: 5.7200e1(hours), Distance to sun: 1.0027e0(AU), System energy: 4.6512e2(PPJ)
Sun  loc:-1.0019e0,-4.099e-2(AU); rv: 0.0000e0, 0.0000e0(kph); av: 1.5652e4,-3.8572e5(kph); os: 0.0000e0(kph); or: 0.0000e0(AU); 
Earthloc: 0.0000e0, 0.0000e0(AU); rv:-4.3477e3, 1.0715e5(kph); av: 0.0000e0, 0.0000e0(kph); os: 1.0723e5(kph); or: 1.0027e0(AU); 
Moon loc: 2.511e-3, 7.636e-4(AU); rv:-3.2266e2, 1.9720e3(kph); av:-1.1616e3, 7.0991e3(kph); os: 1.9982e3(kph); or: 2.625e-3(AU); 
Ap8CMloc: 2.488e-3, 4.335e-3(AU); rv: 6.4913e3, 1.1655e4(kph); av: 2.3369e4, 4.1959e4(kph); os: 1.3341e4(kph); or: 4.998e-3(AU); 
Time: 5.8000e1(hours), Distance to sun: 1.0027e0(AU), System energy: 4.6512e2(PPJ)
Sun  loc:-1.0018e0,-4.156e-2(AU); rv: 0.0000e0, 0.0000e0(kph); av: 1.5871e4,-3.8571e5(kph); os: 0.0000e0(kph); or: 0.0000e0(AU); 
Earthloc: 0.0000e0, 0.0000e0(AU); rv:-4.4085e3, 1.0714e5(kph); av: 0.0000e0, 0.0000e0(kph); os: 1.0723e5(kph); or: 1.0027e0(AU); 
Moon loc: 2.510e-3, 7.741e-4(AU); rv:-3.2701e2, 1.9708e3(kph); av:-1.1773e3, 7.0949e3(kph); os: 1.9977e3(kph); or: 2.626e-3(AU); 
Ap8CMloc: 2.522e-3, 4.398e-3(AU); rv: 6.4907e3, 1.1654e4(kph); av: 2.3366e4, 4.1954e4(kph); os: 1.3339e4(kph); or: 5.070e-3(AU); 
Time: 5.9200e1(hours), Distance to sun: 1.0027e0(AU), System energy: 4.6512e2(PPJ)
Sun  loc:-1.0018e0,-4.242e-2(AU); rv: 0.0000e0, 0.0000e0(kph); av: 1.6199e4,-3.8570e5(kph); os: 0.0000e0(kph); or: 0.0000e0(AU); 
Earthloc: 0.0000e0, 0.0000e0(AU); rv:-4.4997e3, 1.0714e5(kph); av: 0.0000e0, 0.0000e0(kph); os: 1.0723e5(kph); or: 1.0027e0(AU); 
Moon loc: 2.507e-3, 7.899e-4(AU); rv:-3.3353e2, 1.9690e3(kph); av:-1.2007e3, 7.0884e3(kph); os: 1.9970e3(kph); or: 2.629e-3(AU); 
Ap8CMloc: 2.575e-3, 4.491e-3(AU); rv: 6.4898e3, 1.1651e4(kph); av: 2.3363e4, 4.1945e4(kph); os: 1.3337e4(kph); or: 5.177e-3(AU); 
Time: 6.0000e1(hours), Distance to sun: 1.0027e0(AU), System energy: 4.6512e2(PPJ)
Sun  loc:-1.0018e0,-4.300e-2(AU); rv: 0.0000e0, 0.0000e0(kph); av: 1.6418e4,-3.8569e5(kph); os: 0.0000e0(kph); or: 0.0000e0(AU); 
Earthloc: 0.0000e0, 0.0000e0(AU); rv:-4.5604e3, 1.0714e5(kph); av: 0.0000e0, 0.0000e0(kph); os: 1.0723e5(kph); or: 1.0027e0(AU); 
Moon loc: 2.505e-3, 8.004e-4(AU); rv:-3.3786e2, 1.9678e3(kph); av:-1.2163e3, 7.0840e3(kph); os: 1.9966e3(kph); or: 2.630e-3(AU); 
Ap8CMloc: 2.609e-3, 4.553e-3(AU); rv: 6.4892e3, 1.1650e4(kph); av: 2.3361e4, 4.1940e4(kph); os: 1.3335e4(kph); or: 5.248e-3(AU); 
Time: 6.1200e1(hours), Distance to sun: 1.0027e0(AU), System energy: 4.6512e2(PPJ)
Sun  loc:-1.0017e0,-4.385e-2(AU); rv: 0.0000e0, 0.0000e0(kph); av: 1.6746e4,-3.8568e5(kph); os: 0.0000e0(kph); or: 0.0000e0(AU); 
Earthloc: 0.0000e0, 0.0000e0(AU); rv:-4.6516e3, 1.0713e5(kph); av: 0.0000e0, 0.0000e0(kph); os: 1.0723e5(kph); or: 1.0027e0(AU); 
Moon loc: 2.503e-3, 8.162e-4(AU); rv:-3.4434e2, 1.9659e3(kph); av:-1.2396e3, 7.0772e3(kph); os: 1.9958e3(kph); or: 2.632e-3(AU); 
Ap8CMloc: 2.661e-3, 4.647e-3(AU); rv: 6.4884e3, 1.1648e4(kph); av: 2.3358e4, 4.1932e4(kph); os: 1.3333e4(kph); or: 5.355e-3(AU); 
Time: 6.2000e1(hours), Distance to sun: 1.0027e0(AU), System energy: 4.6511e2(PPJ)
Sun  loc:-1.0017e0,-4.443e-2(AU); rv: 0.0000e0, 0.0000e0(kph); av: 1.6965e4,-3.8567e5(kph); os: 0.0000e0(kph); or: 0.0000e0(AU); 
Earthloc: 0.0000e0, 0.0000e0(AU); rv:-4.7124e3, 1.0713e5(kph); av: 0.0000e0, 0.0000e0(kph); os: 1.0723e5(kph); or: 1.0027e0(AU); 
Moon loc: 2.501e-3, 8.267e-4(AU); rv:-3.4865e2, 1.9646e3(kph); av:-1.2551e3, 7.0727e3(kph); os: 1.9953e3(kph); or: 2.634e-3(AU); 
Ap8CMloc: 2.696e-3, 4.709e-3(AU); rv: 6.4878e3, 1.1646e4(kph); av: 2.3356e4, 4.1927e4(kph); os: 1.3331e4(kph); or: 5.426e-3(AU); 
Time: 6.3200e1(hours), Distance to sun: 1.0027e0(AU), System energy: 4.6511e2(PPJ)
Sun  loc:-1.0017e0,-4.529e-2(AU); rv: 0.0000e0, 0.0000e0(kph); av: 1.7293e4,-3.8565e5(kph); os: 0.0000e0(kph); or: 0.0000e0(AU); 
Earthloc: 0.0000e0, 0.0000e0(AU); rv:-4.8036e3, 1.0713e5(kph); av: 0.0000e0, 0.0000e0(kph); os: 1.0723e5(kph); or: 1.0027e0(AU); 
Moon loc: 2.498e-3, 8.425e-4(AU); rv:-3.5510e2, 1.9627e3(kph); av:-1.2784e3, 7.0657e3(kph); os: 1.9946e3(kph); or: 2.636e-3(AU); 
Ap8CMloc: 2.748e-3, 4.803e-3(AU); rv: 6.4871e3, 1.1644e4(kph); av: 2.3354e4, 4.1919e4(kph); os: 1.3329e4(kph); or: 5.533e-3(AU); 
Time: 6.4000e1(hours), Distance to sun: 1.0027e0(AU), System energy: 4.6511e2(PPJ)
Sun  loc:-1.0016e0,-4.586e-2(AU); rv: 0.0000e0, 0.0000e0(kph); av: 1.7512e4,-3.8564e5(kph); os: 0.0000e0(kph); or: 0.0000e0(AU); 
Earthloc: 0.0000e0, 0.0000e0(AU); rv:-4.8643e3, 1.0712e5(kph); av: 0.0000e0, 0.0000e0(kph); os: 1.0723e5(kph); or: 1.0027e0(AU); 
Moon loc: 2.496e-3, 8.530e-4(AU); rv:-3.5939e2, 1.9614e3(kph); av:-1.2938e3, 7.0610e3(kph); os: 1.9940e3(kph); or: 2.638e-3(AU); 
Ap8CMloc: 2.783e-3, 4.865e-3(AU); rv: 6.4866e3, 1.1643e4(kph); av: 2.3352e4, 4.1914e4(kph); os: 1.3328e4(kph); or: 5.604e-3(AU); 
Time: 6.5200e1(hours), Distance to sun: 1.0027e0(AU), System energy: 4.6511e2(PPJ)
Sun  loc:-1.0016e0,-4.672e-2(AU); rv: 0.0000e0, 0.0000e0(kph); av: 1.7840e4,-3.8563e5(kph); os: 0.0000e0(kph); or: 0.0000e0(AU); 
Earthloc: 0.0000e0, 0.0000e0(AU); rv:-4.9555e3, 1.0712e5(kph); av: 0.0000e0, 0.0000e0(kph); os: 1.0723e5(kph); or: 1.0027e0(AU); 
Moon loc: 2.493e-3, 8.687e-4(AU); rv:-3.6581e2, 1.9594e3(kph); av:-1.3169e3, 7.0537e3(kph); os: 1.9932e3(kph); or: 2.640e-3(AU); 
Ap8CMloc: 2.835e-3, 4.958e-3(AU); rv: 6.4859e3, 1.1641e4(kph); av: 2.3349e4, 4.1907e4(kph); os: 1.3326e4(kph); or: 5.711e-3(AU); 
Time: 6.6000e1(hours), Distance to sun: 1.0027e0(AU), System energy: 4.6511e2(PPJ)
Sun  loc:-1.0016e0,-4.729e-2(AU); rv: 0.0000e0, 0.0000e0(kph); av: 1.8059e4,-3.8562e5(kph); os: 0.0000e0(kph); or: 0.0000e0(AU); 
Earthloc: 0.0000e0, 0.0000e0(AU); rv:-5.0163e3, 1.0712e5(kph); av: 0.0000e0, 0.0000e0(kph); os: 1.0723e5(kph); or: 1.0027e0(AU); 
Moon loc: 2.491e-3, 8.792e-4(AU); rv:-3.7007e2, 1.9580e3(kph); av:-1.3323e3, 7.0488e3(kph); os: 1.9927e3(kph); or: 2.642e-3(AU); 
Ap8CMloc: 2.869e-3, 5.020e-3(AU); rv: 6.4855e3, 1.1639e4(kph); av: 2.3348e4, 4.1902e4(kph); os: 1.3324e4(kph); or: 5.783e-3(AU); 
Time: 6.7200e1(hours), Distance to sun: 1.0027e0(AU), System energy: 4.6511e2(PPJ)
Sun  loc:-1.0015e0,-4.815e-2(AU); rv: 0.0000e0, 0.0000e0(kph); av: 1.8387e4,-3.8560e5(kph); os: 0.0000e0(kph); or: 0.0000e0(AU); 
Earthloc: 0.0000e0, 0.0000e0(AU); rv:-5.1074e3, 1.0711e5(kph); av: 0.0000e0, 0.0000e0(kph); os: 1.0723e5(kph); or: 1.0027e0(AU); 
Moon loc: 2.488e-3, 8.949e-4(AU); rv:-3.7645e2, 1.9559e3(kph); av:-1.3552e3, 7.0414e3(kph); os: 1.9918e3(kph); or: 2.644e-3(AU); 
Ap8CMloc: 2.921e-3, 5.114e-3(AU); rv: 6.4849e3, 1.1637e4(kph); av: 2.3346e4, 4.1895e4(kph); os: 1.3322e4(kph); or: 5.889e-3(AU); 
Time: 6.8000e1(hours), Distance to sun: 1.0027e0(AU), System energy: 4.6511e2(PPJ)
Sun  loc:-1.0015e0,-4.872e-2(AU); rv: 0.0000e0, 0.0000e0(kph); av: 1.8606e4,-3.8559e5(kph); os: 0.0000e0(kph); or: 0.0000e0(AU); 
Earthloc: 0.0000e0, 0.0000e0(AU); rv:-5.1682e3, 1.0711e5(kph); av: 0.0000e0, 0.0000e0(kph); os: 1.0723e5(kph); or: 1.0027e0(AU); 
Moon loc: 2.486e-3, 9.053e-4(AU); rv:-3.8070e2, 1.9545e3(kph); av:-1.3705e3, 7.0363e3(kph); os: 1.9913e3(kph); or: 2.646e-3(AU); 
Ap8CMloc: 2.956e-3, 5.176e-3(AU); rv: 6.4845e3, 1.1636e4(kph); av: 2.3344e4, 4.1890e4(kph); os: 1.3321e4(kph); or: 5.961e-3(AU); 
Time: 6.9200e1(hours), Distance to sun: 1.0027e0(AU), System energy: 4.6511e2(PPJ)
Sun  loc:-1.0015e0,-4.958e-2(AU); rv: 0.0000e0, 0.0000e0(kph); av: 1.8934e4,-3.8558e5(kph); os: 0.0000e0(kph); or: 0.0000e0(AU); 
Earthloc: 0.0000e0, 0.0000e0(AU); rv:-5.2594e3, 1.0711e5(kph); av: 0.0000e0, 0.0000e0(kph); os: 1.0723e5(kph); or: 1.0027e0(AU); 
Moon loc: 2.483e-3, 9.210e-4(AU); rv:-3.8704e2, 1.9524e3(kph); av:-1.3933e3, 7.0286e3(kph); os: 1.9904e3(kph); or: 2.648e-3(AU); 
Ap8CMloc: 3.008e-3, 5.269e-3(AU); rv: 6.4839e3, 1.1634e4(kph); av: 2.3342e4, 4.1883e4(kph); os: 1.3319e4(kph); or: 6.068e-3(AU); 
Time: 7.0000e1(hours), Distance to sun: 1.0027e0(AU), System energy: 4.6511e2(PPJ)
Sun  loc:-1.0014e0,-5.016e-2(AU); rv: 0.0000e0, 0.0000e0(kph); av: 1.9152e4,-3.8557e5(kph); os: 0.0000e0(kph); or: 0.0000e0(AU); 
Earthloc: 0.0000e0, 0.0000e0(AU); rv:-5.3201e3, 1.0710e5(kph); av: 0.0000e0, 0.0000e0(kph); os: 1.0723e5(kph); or: 1.0027e0(AU); 
Moon loc: 2.481e-3, 9.314e-4(AU); rv:-3.9126e2, 1.9509e3(kph); av:-1.4085e3, 7.0234e3(kph); os: 1.9898e3(kph); or: 2.650e-3(AU); 
Ap8CMloc: 3.043e-3, 5.332e-3(AU); rv: 6.4836e3, 1.1633e4(kph); av: 2.3341e4, 4.1879e4(kph); os: 1.3318e4(kph); or: 6.139e-3(AU); 
Final position::
  S:("Sun  ", "☉", ( 19.891000000e29,  10.0676614944e1, 16.861949954e-1,  78.982235272e-5, 19.901396255e-6))
  E:("Earth", "⊕", ( 97.220000000e22,  14.980948775e10, 75.8887451245e8, -14.9469144217e2, 29.7498240786e3))
  M:("Moon ", "☾", ( 73.476730900e21,  15.018031145e10, 77.2977285540e8, -16.0454364624e2, 30.2913445047e3))
  8:("Ap8CM", "8", ( 58.0900000000e2,  15.026987020e10, 83.9577305583e8,  30.6215032070e1, 32.9808732438e3))
0.86user 0.54system 0:01.41elapsed 99%CPU (0avgtext+0avgdata 2146304maxresident)k
0inputs+0outputs (0major+134602minor)pagefaults 0swaps
