OPT1: 1; OPT2: 3; 
DB - orbit period OF mean OF apollo8cm: +1.72004804156298e  +8; 
System:((Sun  , Earth, Moon , Ap8CM), Apollo 8, -32.3537400000e6, )
System:((("Sun  ", "☉", ( 19.891000000e29,   0.0000000000e0,  0.0000000000e0,   0.0000000000e0,  0.0000000000e0)), ("Earth", "⊕", ( 97.220000000e22,  15.000000000e10,  0.0000000000e0,   0.0000000000e0, 29.7866029765e3)), ("Moon ", "☾", ( 73.476730900e21,  15.038500000e10,  0.0000000000e0,   0.0000000000e0, 30.3434619934e3)), ("Ap8CM", "8", ( 58.0900000000e2,  15.000656275e10,  0.0000000000e0,   0.0000000000e0, 29.9199260584e3))), "Apollo 8")
Initial position::
  S:("Sun  ", "☉", ( 19.891000000e29,   0.0000000000e0,  0.0000000000e0,   0.0000000000e0,  0.0000000000e0))
  E:("Earth", "⊕", ( 97.220000000e22,  15.000000000e10,  0.0000000000e0,   0.0000000000e0, 29.7866029765e3))
  M:("Moon ", "☾", ( 73.476730900e21,  15.038500000e10,  0.0000000000e0,   0.0000000000e0, 30.3434619934e3))
  8:("Ap8CM", "8", ( 58.0900000000e2,  15.000656275e10,  0.0000000000e0,   0.0000000000e0, 29.9199260584e3))
Parameter: step size =  4.167e-3; days
Parameter: report period =  7.0000e0; days
Parameter: mission stop time =  2.7322e1; days
IVP Order-2: solar system:
  t interval: [ 0.0000e0 …  2.3606e6]
  y₀ = V 0.0000e0, 0.0000e0, 1.500e11, 0.0000e0, 1.504e11, 0.0000e0, 1.500e11, 0.0000e0
  dy₀/dt = V 0.0000e0, 0.0000e0, 0.0000e0, 2.9787e4, 0.0000e0, 3.0343e4, 0.0000e0, 2.9920e4
  y₀ = V 0.0000e0, 0.0000e0, 1.500e11, 0.0000e0, 1.504e11, 0.0000e0, 1.500e11, 0.0000e0
  dy₀/dt = V 0.0000e0, 0.0000e0, 0.0000e0, 2.9787e4, 0.0000e0, 3.0343e4, 0.0000e0, 2.9920e4
  d²y₀/dt² = V 3.100e-9, 0.0000e0,-5.866e-3, 0.0000e0,-6.307e-3, 0.0000e0,-1.5121e0, 0.0000e0


Reference point: Earth
IVP order-1: runga kutta 4th order
  t interval: [ 0.0000e0 …  2.3606e6]
  y₀ = V 0.0000e0, 0.0000e0, 1.500e11, 0.0000e0, 1.504e11, 0.0000e0, 1.500e11, 0.0000e0, 0.0000e0, 0.0000e0, 0.0000e0, 2.9787e4, 0.0000e0, 3.0343e4, 0.0000e0, 2.9920e4
  dy₀/dt = V 0.0000e0, 0.0000e0, 0.0000e0, 2.9787e4, 0.0000e0, 3.0343e4, 0.0000e0, 2.9920e4, 3.100e-9, 0.0000e0,-5.866e-3, 0.0000e0,-6.307e-3, 0.0000e0,-1.5121e0, 0.0000e0


Time: 0.0000e0(days), Distance to sun: 1.0027e0(AU), System energy: 4.6511e2(PPJ)
Sun  loc:-1.0027e0, 0.0000e0(AU); rv: 0.0000e0, 0.0000e0(kph); av: 0.0000e0,-3.8603e5(kph); os: 0.0000e0(kph); or: 0.0000e0(AU); 
Earthloc: 0.0000e0, 0.0000e0(AU); rv: 0.0000e0, 1.0723e5(kph); av: 0.0000e0, 0.0000e0(kph); os: 1.0723e5(kph); or: 1.0027e0(AU); 
Moon loc: 2.574e-3, 0.0000e0(AU); rv: 0.0000e0, 2.0047e3(kph); av: 0.0000e0, 7.2169e3(kph); os: 2.0047e3(kph); or: 2.574e-3(AU); 
Ap8CMloc: 4.387e-5, 0.0000e0(AU); rv: 0.0000e0, 4.7996e2(kph); av: 0.0000e0, 1.7279e3(kph); os: 4.7996e2(kph); or: 4.387e-5(AU); 
Time: 7.0013e0(days), Distance to sun: 1.0027e0(AU), System energy: 4.6509e2(PPJ)
Sun  loc:-9.955e-1,-1.202e-1(AU); rv: 0.0000e0, 0.0000e0(kph); av: 4.5914e4,-3.8335e5(kph); os: 0.0000e0(kph); or: 0.0000e0(AU); 
Earthloc: 0.0000e0, 0.0000e0(AU); rv:-1.2754e4, 1.0649e5(kph); av: 0.0000e0, 0.0000e0(kph); os: 1.0725e5(kph); or: 1.0027e0(AU); 
Moon loc: 2.076e-3, 2.128e-3(AU); rv:-8.1014e2, 1.6760e3(kph); av:-2.9165e3, 6.0337e3(kph); os: 1.8616e3(kph); or: 2.973e-3(AU); 
Ap8CMloc: 6.655e-3, 1.189e-2(AU); rv: 5.9230e3, 1.0582e4(kph); av: 2.1323e4, 3.8094e4(kph); os: 1.2127e4(kph); or: 1.363e-2(AU); 
Time: 1.4003e1(days), Distance to sun: 1.0029e0(AU), System energy: 4.6500e2(PPJ)
Sun  loc:-9.741e-1,-2.386e-1(AU); rv: 0.0000e0, 0.0000e0(kph); av: 9.1292e4,-3.7521e5(kph); os: 0.0000e0(kph); or: 0.0000e0(AU); 
Earthloc: 0.0000e0, 0.0000e0(AU); rv:-2.5359e4, 1.0423e5(kph); av: 0.0000e0, 0.0000e0(kph); os: 1.0727e5(kph); or: 1.0029e0(AU); 
Moon loc: 9.708e-4, 3.683e-3(AU); rv:-1.0825e3, 1.1054e3(kph); av:-3.8971e3, 3.9794e3(kph); os: 1.5472e3(kph); or: 3.809e-3(AU); 
Ap8CMloc: 1.346e-2, 2.367e-2(AU); rv: 6.2538e3, 1.0401e4(kph); av: 2.2514e4, 3.7442e4(kph); os: 1.2136e4(kph); or: 2.723e-2(AU); 
Time: 2.1004e1(days), Distance to sun: 1.0031e0(AU), System energy: 4.6483e2(PPJ)
Sun  loc:-9.387e-1,-3.537e-1(AU); rv: 0.0000e0, 0.0000e0(kph); av: 1.3541e5,-3.6165e5(kph); os: 0.0000e0(kph); or: 0.0000e0(AU); 
Earthloc: 0.0000e0, 0.0000e0(AU); rv:-3.7613e4, 1.0046e5(kph); av: 0.0000e0, 0.0000e0(kph); os: 1.0727e5(kph); or: 1.0031e0(AU); 
Moon loc:-2.544e-4, 4.666e-3(AU); rv:-1.0747e3, 6.6826e2(kph); av:-3.8690e3, 2.4057e3(kph); os: 1.2656e3(kph); or: 4.673e-3(AU); 
Ap8CMloc: 2.083e-2, 3.528e-2(AU); rv: 6.9270e3, 1.0295e4(kph); av: 2.4937e4, 3.7063e4(kph); os: 1.2409e4(kph); or: 4.097e-2(AU); 
Final position::
  S:("Sun  ", "☉", ( 19.891000000e29,  84.4835200396e2, 13.2728624428e2,  70.381528508e-4, 16.775434455e-4))
  E:("Earth", "⊕", ( 97.220000000e22,  13.397010494e10, 67.6982166166e9, -13.3687653491e3, 26.6273507796e3))
  M:("Moon ", "☾", ( 73.476730900e21,  13.377629981e10, 68.4738394522e9, -13.6434508033e3, 26.7317514777e3))
  8:("Ap8CM", "8", ( 58.0900000000e2,  13.819206011e10, 74.5279029374e9, -11.1982015474e3, 29.5065561455e3))
1.58user 0.59system 0:02.18elapsed 99%CPU (0avgtext+0avgdata 2342912maxresident)k
0inputs+0outputs (0major+146995minor)pagefaults 0swaps
