OPT1: 2; OPT2: 5; 
DB - orbit period OF mean OF apollo8cm: +1.72004804156298e  +8; 
System:((Sun  , Earth, Moon , Ap8CM), Apollo 8, -32.3537400000e6, )
System:((("Sun  ", "☉", ( 19.891000000e29,   0.0000000000e0,  0.0000000000e0,   0.0000000000e0,  0.0000000000e0)), ("Earth", "⊕", ( 97.220000000e22,  15.000000000e10,  0.0000000000e0,   0.0000000000e0, 29.7866029765e3)), ("Moon ", "☾", ( 73.476730900e21,  15.038500000e10,  0.0000000000e0,   0.0000000000e0, 30.3434619934e3)), ("Ap8CM", "8", ( 58.0900000000e2,  15.000656275e10,  0.0000000000e0,   0.0000000000e0, 29.9199260584e3))), "Apollo 8")
Initial position::
  S:("Sun  ", "☉", ( 19.891000000e29,   0.0000000000e0,  0.0000000000e0,   0.0000000000e0,  0.0000000000e0))
  E:("Earth", "⊕", ( 97.220000000e22,  15.000000000e10,  0.0000000000e0,   0.0000000000e0, 29.7866029765e3))
  M:("Moon ", "☾", ( 73.476730900e21,  15.038500000e10,  0.0000000000e0,   0.0000000000e0, 30.3434619934e3))
  8:("Ap8CM", "8", ( 58.0900000000e2,  15.000656275e10,  0.0000000000e0,   0.0000000000e0, 29.9199260584e3))
Parameter: step size =  1.000e-1; hours
Parameter: report period =  1.0000e0; hours
Parameter: mission stop time =  7.2000e1; hours
IVP Order-2: solar system:
  t interval: [ 0.0000e0 …  2.5920e5]
  y₀ = V 0.0000e0, 0.0000e0, 1.500e11, 0.0000e0, 1.504e11, 0.0000e0, 1.500e11, 0.0000e0
  dy₀/dt = V 0.0000e0, 0.0000e0, 0.0000e0, 2.9787e4, 0.0000e0, 3.0343e4, 0.0000e0, 2.9920e4
  y₀ = V 0.0000e0, 0.0000e0, 1.500e11, 0.0000e0, 1.504e11, 0.0000e0, 1.500e11, 0.0000e0
  dy₀/dt = V 0.0000e0, 0.0000e0, 0.0000e0, 2.9787e4, 0.0000e0, 3.0343e4, 0.0000e0, 2.9920e4
  d²y₀/dt² = V 3.100e-9, 0.0000e0,-5.866e-3, 0.0000e0,-6.307e-3, 0.0000e0,-1.5121e0, 0.0000e0


Reference point: Earth
Time: 0.0000e0(hours), Distance to sun: 1.0027e0(AU), System energy: 4.6511e2(PPJ)
Sun  loc:-1.0027e0, 0.0000e0(AU); rv: 0.0000e0, 0.0000e0(kph); av: 0.0000e0,-3.8603e5(kph); os: 0.0000e0(kph); or: 0.0000e0(AU); 
Earthloc: 0.0000e0, 0.0000e0(AU); rv: 0.0000e0, 1.0723e5(kph); av: 0.0000e0, 0.0000e0(kph); os: 1.0723e5(kph); or: 1.0027e0(AU); 
Moon loc: 2.574e-3, 0.0000e0(AU); rv: 0.0000e0, 2.0047e3(kph); av: 0.0000e0, 7.2169e3(kph); os: 2.0047e3(kph); or: 2.574e-3(AU); 
Ap8CMloc: 4.387e-5, 0.0000e0(AU); rv: 0.0000e0, 4.7996e2(kph); av: 0.0000e0, 1.7279e3(kph); os: 4.7996e2(kph); or: 4.387e-5(AU); 
Time: 1.0000e0(hours), Distance to sun: 1.0027e0(AU), System energy: 4.6511e2(PPJ)
Sun  loc:-1.0027e0,-7.168e-4(AU); rv: 0.0000e0, 0.0000e0(kph); av: 2.7369e2,-3.8603e5(kph); os: 0.0000e0(kph); or: 0.0000e0(AU); 
Earthloc: 0.0000e0, 0.0000e0(AU); rv:-7.6025e1, 1.0723e5(kph); av: 0.0000e0, 0.0000e0(kph); os: 1.0723e5(kph); or: 1.0027e0(AU); 
Moon loc: 2.574e-3, 1.340e-5(AU); rv:-5.7100e0, 2.0047e3(kph); av:-2.0556e1, 7.2168e3(kph); os: 2.0047e3(kph); or: 2.574e-3(AU); 
Ap8CMloc: 2.268e-4,-1.843e-4(AU); rv: 3.9146e5,-2.7414e5(kph); av: 1.4093e6,-9.8690e5(kph); os: 4.7791e5(kph); or: 2.922e-4(AU); 
Time: 2.0000e0(hours), Distance to sun: 1.0027e0(AU), System energy: 4.6511e2(PPJ)
Sun  loc:-1.0027e0,-1.434e-3(AU); rv: 0.0000e0, 0.0000e0(kph); av: 5.4738e2,-3.8603e5(kph); os: 0.0000e0(kph); or: 0.0000e0(AU); 
Earthloc: 0.0000e0, 0.0000e0(AU); rv:-1.5205e2, 1.0723e5(kph); av: 0.0000e0, 0.0000e0(kph); os: 1.0723e5(kph); or: 1.0027e0(AU); 
Moon loc: 2.573e-3, 2.680e-5(AU); rv:-1.1420e1, 2.0046e3(kph); av:-4.1111e1, 7.2167e3(kph); os: 2.0047e3(kph); or: 2.574e-3(AU); 
Ap8CMloc: 2.843e-3,-2.017e-3(AU); rv: 3.9141e5,-2.7410e5(kph); av: 1.4091e6,-9.8675e5(kph); os: 4.7784e5(kph); or: 3.486e-3(AU); 
Time: 3.0000e0(hours), Distance to sun: 1.0027e0(AU), System energy: 4.6511e2(PPJ)
Sun  loc:-1.0027e0,-2.150e-3(AU); rv: 0.0000e0, 0.0000e0(kph); av: 8.2107e2,-3.8603e5(kph); os: 0.0000e0(kph); or: 0.0000e0(AU); 
Earthloc: 0.0000e0, 0.0000e0(AU); rv:-2.2808e2, 1.0723e5(kph); av: 0.0000e0, 0.0000e0(kph); os: 1.0723e5(kph); or: 1.0027e0(AU); 
Moon loc: 2.573e-3, 4.020e-5(AU); rv:-1.7129e1, 2.0046e3(kph); av:-6.1664e1, 7.2164e3(kph); os: 2.0046e3(kph); or: 2.574e-3(AU); 
Ap8CMloc: 5.460e-3,-3.849e-3(AU); rv: 3.9141e5,-2.7410e5(kph); av: 1.4091e6,-9.8675e5(kph); os: 4.7784e5(kph); or: 6.680e-3(AU); 
Time: 4.0000e0(hours), Distance to sun: 1.0027e0(AU), System energy: 4.6511e2(PPJ)
Sun  loc:-1.0027e0,-2.867e-3(AU); rv: 0.0000e0, 0.0000e0(kph); av: 1.0948e3,-3.8603e5(kph); os: 0.0000e0(kph); or: 0.0000e0(AU); 
Earthloc: 0.0000e0, 0.0000e0(AU); rv:-3.0410e2, 1.0723e5(kph); av: 0.0000e0, 0.0000e0(kph); os: 1.0723e5(kph); or: 1.0027e0(AU); 
Moon loc: 2.573e-3, 5.360e-5(AU); rv:-2.2837e1, 2.0044e3(kph); av:-8.2213e1, 7.2160e3(kph); os: 2.0046e3(kph); or: 2.574e-3(AU); 
Ap8CMloc: 8.076e-3,-5.681e-3(AU); rv: 3.9141e5,-2.7410e5(kph); av: 1.4091e6,-9.8675e5(kph); os: 4.7784e5(kph); or: 9.874e-3(AU); 
Time: 5.0000e0(hours), Distance to sun: 1.0027e0(AU), System energy: 4.6511e2(PPJ)
Sun  loc:-1.0027e0,-3.584e-3(AU); rv: 0.0000e0, 0.0000e0(kph); av: 1.3685e3,-3.8603e5(kph); os: 0.0000e0(kph); or: 0.0000e0(AU); 
Earthloc: 0.0000e0, 0.0000e0(AU); rv:-3.8013e2, 1.0723e5(kph); av: 0.0000e0, 0.0000e0(kph); os: 1.0723e5(kph); or: 1.0027e0(AU); 
Moon loc: 2.573e-3, 6.700e-5(AU); rv:-2.8544e1, 2.0043e3(kph); av:-1.0276e2, 7.2155e3(kph); os: 2.0045e3(kph); or: 2.574e-3(AU); 
Ap8CMloc: 1.069e-2,-7.513e-3(AU); rv: 3.9141e5,-2.7410e5(kph); av: 1.4091e6,-9.8674e5(kph); os: 4.7784e5(kph); or: 1.307e-2(AU); 
Time: 6.0000e0(hours), Distance to sun: 1.0027e0(AU), System energy: 4.6511e2(PPJ)
Sun  loc:-1.0027e0,-4.301e-3(AU); rv: 0.0000e0, 0.0000e0(kph); av: 1.6421e3,-3.8603e5(kph); os: 0.0000e0(kph); or: 0.0000e0(AU); 
Earthloc: 0.0000e0, 0.0000e0(AU); rv:-4.5615e2, 1.0723e5(kph); av: 0.0000e0, 0.0000e0(kph); os: 1.0723e5(kph); or: 1.0027e0(AU); 
Moon loc: 2.573e-3, 8.040e-5(AU); rv:-3.4249e1, 2.0041e3(kph); av:-1.2330e2, 7.2148e3(kph); os: 2.0044e3(kph); or: 2.574e-3(AU); 
Ap8CMloc: 1.331e-2,-9.345e-3(AU); rv: 3.9141e5,-2.7409e5(kph); av: 1.4091e6,-9.8674e5(kph); os: 4.7784e5(kph); or: 1.626e-2(AU); 
Time: 7.0000e0(hours), Distance to sun: 1.0027e0(AU), System energy: 4.6511e2(PPJ)
Sun  loc:-1.0027e0,-5.018e-3(AU); rv: 0.0000e0, 0.0000e0(kph); av: 1.9158e3,-3.8603e5(kph); os: 0.0000e0(kph); or: 0.0000e0(AU); 
Earthloc: 0.0000e0, 0.0000e0(AU); rv:-5.3218e2, 1.0723e5(kph); av: 0.0000e0, 0.0000e0(kph); os: 1.0723e5(kph); or: 1.0027e0(AU); 
Moon loc: 2.573e-3, 9.379e-5(AU); rv:-3.9953e1, 2.0039e3(kph); av:-1.4383e2, 7.2141e3(kph); os: 2.0043e3(kph); or: 2.574e-3(AU); 
Ap8CMloc: 1.593e-2,-1.118e-2(AU); rv: 3.9141e5,-2.7409e5(kph); av: 1.4091e6,-9.8674e5(kph); os: 4.7784e5(kph); or: 1.946e-2(AU); 
Time: 8.0000e0(hours), Distance to sun: 1.0027e0(AU), System energy: 4.6511e2(PPJ)
Sun  loc:-1.0027e0,-5.734e-3(AU); rv: 0.0000e0, 0.0000e0(kph); av: 2.1895e3,-3.8603e5(kph); os: 0.0000e0(kph); or: 0.0000e0(AU); 
Earthloc: 0.0000e0, 0.0000e0(AU); rv:-6.0820e2, 1.0723e5(kph); av: 0.0000e0, 0.0000e0(kph); os: 1.0723e5(kph); or: 1.0027e0(AU); 
Moon loc: 2.572e-3, 1.072e-4(AU); rv:-4.5654e1, 2.0037e3(kph); av:-1.6435e2, 7.2132e3(kph); os: 2.0042e3(kph); or: 2.575e-3(AU); 
Ap8CMloc: 1.854e-2,-1.301e-2(AU); rv: 3.9141e5,-2.7409e5(kph); av: 1.4091e6,-9.8673e5(kph); os: 4.7784e5(kph); or: 2.265e-2(AU); 
Time: 9.0000e0(hours), Distance to sun: 1.0027e0(AU), System energy: 4.6511e2(PPJ)
Sun  loc:-1.0027e0,-6.451e-3(AU); rv: 0.0000e0, 0.0000e0(kph); av: 2.4632e3,-3.8603e5(kph); os: 0.0000e0(kph); or: 0.0000e0(AU); 
Earthloc: 0.0000e0, 0.0000e0(AU); rv:-6.8423e2, 1.0723e5(kph); av: 0.0000e0, 0.0000e0(kph); os: 1.0723e5(kph); or: 1.0027e0(AU); 
Moon loc: 2.572e-3, 1.206e-4(AU); rv:-5.1353e1, 2.0034e3(kph); av:-1.8487e2, 7.2122e3(kph); os: 2.0041e3(kph); or: 2.575e-3(AU); 
Ap8CMloc: 2.116e-2,-1.484e-2(AU); rv: 3.9142e5,-2.7409e5(kph); av: 1.4091e6,-9.8673e5(kph); os: 4.7784e5(kph); or: 2.584e-2(AU); 
Time: 1.0000e1(hours), Distance to sun: 1.0027e0(AU), System energy: 4.6511e2(PPJ)
Sun  loc:-1.0027e0,-7.168e-3(AU); rv: 0.0000e0, 0.0000e0(kph); av: 2.7369e3,-3.8603e5(kph); os: 0.0000e0(kph); or: 0.0000e0(AU); 
Earthloc: 0.0000e0, 0.0000e0(AU); rv:-7.6025e2, 1.0723e5(kph); av: 0.0000e0, 0.0000e0(kph); os: 1.0723e5(kph); or: 1.0027e0(AU); 
Moon loc: 2.572e-3, 1.340e-4(AU); rv:-5.7049e1, 2.0031e3(kph); av:-2.0538e2, 7.2111e3(kph); os: 2.0039e3(kph); or: 2.575e-3(AU); 
Ap8CMloc: 2.377e-2,-1.667e-2(AU); rv: 3.9142e5,-2.7409e5(kph); av: 1.4091e6,-9.8673e5(kph); os: 4.7784e5(kph); or: 2.904e-2(AU); 
Time: 1.1000e1(hours), Distance to sun: 1.0027e0(AU), System energy: 4.6511e2(PPJ)
Sun  loc:-1.0027e0,-7.885e-3(AU); rv: 0.0000e0, 0.0000e0(kph); av: 3.0106e3,-3.8602e5(kph); os: 0.0000e0(kph); or: 0.0000e0(AU); 
Earthloc: 0.0000e0, 0.0000e0(AU); rv:-8.3627e2, 1.0723e5(kph); av: 0.0000e0, 0.0000e0(kph); os: 1.0723e5(kph); or: 1.0027e0(AU); 
Moon loc: 2.571e-3, 1.474e-4(AU); rv:-6.2742e1, 2.0028e3(kph); av:-2.2587e2, 7.2099e3(kph); os: 2.0037e3(kph); or: 2.575e-3(AU); 
Ap8CMloc: 2.639e-2,-1.851e-2(AU); rv: 3.9142e5,-2.7409e5(kph); av: 1.4091e6,-9.8672e5(kph); os: 4.7785e5(kph); or: 3.223e-2(AU); 
Time: 1.2000e1(hours), Distance to sun: 1.0027e0(AU), System energy: 4.6511e2(PPJ)
Sun  loc:-1.0027e0,-8.602e-3(AU); rv: 0.0000e0, 0.0000e0(kph); av: 3.2843e3,-3.8602e5(kph); os: 0.0000e0(kph); or: 0.0000e0(AU); 
Earthloc: 0.0000e0, 0.0000e0(AU); rv:-9.1230e2, 1.0723e5(kph); av: 0.0000e0, 0.0000e0(kph); os: 1.0723e5(kph); or: 1.0027e0(AU); 
Moon loc: 2.571e-3, 1.607e-4(AU); rv:-6.8431e1, 2.0024e3(kph); av:-2.4635e2, 7.2086e3(kph); os: 2.0036e3(kph); or: 2.576e-3(AU); 
Ap8CMloc: 2.901e-2,-2.034e-2(AU); rv: 3.9143e5,-2.7409e5(kph); av: 1.4091e6,-9.8672e5(kph); os: 4.7785e5(kph); or: 3.543e-2(AU); 
Time: 1.3000e1(hours), Distance to sun: 1.0027e0(AU), System energy: 4.6511e2(PPJ)
Sun  loc:-1.0026e0,-9.318e-3(AU); rv: 0.0000e0, 0.0000e0(kph); av: 3.5580e3,-3.8602e5(kph); os: 0.0000e0(kph); or: 0.0000e0(AU); 
Earthloc: 0.0000e0, 0.0000e0(AU); rv:-9.8832e2, 1.0723e5(kph); av: 0.0000e0, 0.0000e0(kph); os: 1.0723e5(kph); or: 1.0027e0(AU); 
Moon loc: 2.570e-3, 1.741e-4(AU); rv:-7.4117e1, 2.0020e3(kph); av:-2.6682e2, 7.2071e3(kph); os: 2.0034e3(kph); or: 2.576e-3(AU); 
Ap8CMloc: 3.162e-2,-2.217e-2(AU); rv: 3.9143e5,-2.7409e5(kph); av: 1.4091e6,-9.8671e5(kph); os: 4.7785e5(kph); or: 3.862e-2(AU); 
Time: 1.4000e1(hours), Distance to sun: 1.0027e0(AU), System energy: 4.6511e2(PPJ)
Sun  loc:-1.0026e0,-1.004e-2(AU); rv: 0.0000e0, 0.0000e0(kph); av: 3.8316e3,-3.8602e5(kph); os: 0.0000e0(kph); or: 0.0000e0(AU); 
Earthloc: 0.0000e0, 0.0000e0(AU); rv:-1.0643e3, 1.0723e5(kph); av: 0.0000e0, 0.0000e0(kph); os: 1.0723e5(kph); or: 1.0027e0(AU); 
Moon loc: 2.570e-3, 1.875e-4(AU); rv:-7.9798e1, 2.0015e3(kph); av:-2.8727e2, 7.2056e3(kph); os: 2.0031e3(kph); or: 2.577e-3(AU); 
Ap8CMloc: 3.424e-2,-2.400e-2(AU); rv: 3.9143e5,-2.7408e5(kph); av: 1.4092e6,-9.8671e5(kph); os: 4.7785e5(kph); or: 4.182e-2(AU); 
Time: 1.5000e1(hours), Distance to sun: 1.0027e0(AU), System energy: 4.6511e2(PPJ)
Sun  loc:-1.0026e0,-1.075e-2(AU); rv: 0.0000e0, 0.0000e0(kph); av: 4.1053e3,-3.8601e5(kph); os: 0.0000e0(kph); or: 0.0000e0(AU); 
Earthloc: 0.0000e0, 0.0000e0(AU); rv:-1.1404e3, 1.0723e5(kph); av: 0.0000e0, 0.0000e0(kph); os: 1.0723e5(kph); or: 1.0027e0(AU); 
Moon loc: 2.569e-3, 2.009e-4(AU); rv:-8.5476e1, 2.0011e3(kph); av:-3.0771e2, 7.2039e3(kph); os: 2.0029e3(kph); or: 2.577e-3(AU); 
Ap8CMloc: 3.686e-2,-2.584e-2(AU); rv: 3.9144e5,-2.7408e5(kph); av: 1.4092e6,-9.8670e5(kph); os: 4.7786e5(kph); or: 4.501e-2(AU); 
Time: 1.6000e1(hours), Distance to sun: 1.0027e0(AU), System energy: 4.6511e2(PPJ)
Sun  loc:-1.0026e0,-1.147e-2(AU); rv: 0.0000e0, 0.0000e0(kph); av: 4.3790e3,-3.8601e5(kph); os: 0.0000e0(kph); or: 0.0000e0(AU); 
Earthloc: 0.0000e0, 0.0000e0(AU); rv:-1.2164e3, 1.0723e5(kph); av: 0.0000e0, 0.0000e0(kph); os: 1.0723e5(kph); or: 1.0027e0(AU); 
Moon loc: 2.569e-3, 2.143e-4(AU); rv:-9.1148e1, 2.0006e3(kph); av:-3.2813e2, 7.2021e3(kph); os: 2.0027e3(kph); or: 2.578e-3(AU); 
Ap8CMloc: 3.947e-2,-2.767e-2(AU); rv: 3.9144e5,-2.7408e5(kph); av: 1.4092e6,-9.8669e5(kph); os: 4.7786e5(kph); or: 4.820e-2(AU); 
Time: 1.7000e1(hours), Distance to sun: 1.0027e0(AU), System energy: 4.6511e2(PPJ)
Sun  loc:-1.0026e0,-1.219e-2(AU); rv: 0.0000e0, 0.0000e0(kph); av: 4.6527e3,-3.8601e5(kph); os: 0.0000e0(kph); or: 0.0000e0(AU); 
Earthloc: 0.0000e0, 0.0000e0(AU); rv:-1.2924e3, 1.0722e5(kph); av: 0.0000e0, 0.0000e0(kph); os: 1.0723e5(kph); or: 1.0027e0(AU); 
Moon loc: 2.568e-3, 2.276e-4(AU); rv:-9.6816e1, 2.0001e3(kph); av:-3.4854e2, 7.2002e3(kph); os: 2.0024e3(kph); or: 2.578e-3(AU); 
Ap8CMloc: 4.209e-2,-2.950e-2(AU); rv: 3.9145e5,-2.7408e5(kph); av: 1.4092e6,-9.8669e5(kph); os: 4.7786e5(kph); or: 5.140e-2(AU); 
Time: 1.8000e1(hours), Distance to sun: 1.0027e0(AU), System energy: 4.6511e2(PPJ)
Sun  loc:-1.0026e0,-1.290e-2(AU); rv: 0.0000e0, 0.0000e0(kph); av: 4.9264e3,-3.8600e5(kph); os: 0.0000e0(kph); or: 0.0000e0(AU); 
Earthloc: 0.0000e0, 0.0000e0(AU); rv:-1.3684e3, 1.0722e5(kph); av: 0.0000e0, 0.0000e0(kph); os: 1.0723e5(kph); or: 1.0027e0(AU); 
Moon loc: 2.567e-3, 2.410e-4(AU); rv:-1.0248e2, 1.9995e3(kph); av:-3.6892e2, 7.1982e3(kph); os: 2.0021e3(kph); or: 2.579e-3(AU); 
Ap8CMloc: 4.471e-2,-3.133e-2(AU); rv: 3.9146e5,-2.7408e5(kph); av: 1.4092e6,-9.8668e5(kph); os: 4.7787e5(kph); or: 5.459e-2(AU); 
Time: 1.9000e1(hours), Distance to sun: 1.0027e0(AU), System energy: 4.6511e2(PPJ)
Sun  loc:-1.0026e0,-1.362e-2(AU); rv: 0.0000e0, 0.0000e0(kph); av: 5.2001e3,-3.8600e5(kph); os: 0.0000e0(kph); or: 0.0000e0(AU); 
Earthloc: 0.0000e0, 0.0000e0(AU); rv:-1.4445e3, 1.0722e5(kph); av: 0.0000e0, 0.0000e0(kph); os: 1.0723e5(kph); or: 1.0027e0(AU); 
Moon loc: 2.567e-3, 2.544e-4(AU); rv:-1.0814e2, 1.9989e3(kph); av:-3.8929e2, 7.1961e3(kph); os: 2.0018e3(kph); or: 2.579e-3(AU); 
Ap8CMloc: 4.732e-2,-3.316e-2(AU); rv: 3.9146e5,-2.7407e5(kph); av: 1.4093e6,-9.8667e5(kph); os: 4.7787e5(kph); or: 5.779e-2(AU); 
Time: 2.0000e1(hours), Distance to sun: 1.0027e0(AU), System energy: 4.6511e2(PPJ)
Sun  loc:-1.0026e0,-1.434e-2(AU); rv: 0.0000e0, 0.0000e0(kph); av: 5.4737e3,-3.8600e5(kph); os: 0.0000e0(kph); or: 0.0000e0(AU); 
Earthloc: 0.0000e0, 0.0000e0(AU); rv:-1.5205e3, 1.0722e5(kph); av: 0.0000e0, 0.0000e0(kph); os: 1.0723e5(kph); or: 1.0027e0(AU); 
Moon loc: 2.566e-3, 2.677e-4(AU); rv:-1.1379e2, 1.9983e3(kph); av:-4.0963e2, 7.1938e3(kph); os: 2.0015e3(kph); or: 2.580e-3(AU); 
Ap8CMloc: 4.994e-2,-3.500e-2(AU); rv: 3.9147e5,-2.7407e5(kph); av: 1.4093e6,-9.8666e5(kph); os: 4.7787e5(kph); or: 6.098e-2(AU); 
Time: 2.1000e1(hours), Distance to sun: 1.0027e0(AU), System energy: 4.6511e2(PPJ)
Sun  loc:-1.0026e0,-1.505e-2(AU); rv: 0.0000e0, 0.0000e0(kph); av: 5.7474e3,-3.8599e5(kph); os: 0.0000e0(kph); or: 0.0000e0(AU); 
Earthloc: 0.0000e0, 0.0000e0(AU); rv:-1.5965e3, 1.0722e5(kph); av: 0.0000e0, 0.0000e0(kph); os: 1.0723e5(kph); or: 1.0027e0(AU); 
Moon loc: 2.565e-3, 2.811e-4(AU); rv:-1.1943e2, 1.9976e3(kph); av:-4.2995e2, 7.1914e3(kph); os: 2.0012e3(kph); or: 2.581e-3(AU); 
Ap8CMloc: 5.256e-2,-3.683e-2(AU); rv: 3.9147e5,-2.7407e5(kph); av: 1.4093e6,-9.8665e5(kph); os: 4.7788e5(kph); or: 6.418e-2(AU); 
Time: 2.2000e1(hours), Distance to sun: 1.0027e0(AU), System energy: 4.6511e2(PPJ)
Sun  loc:-1.0026e0,-1.577e-2(AU); rv: 0.0000e0, 0.0000e0(kph); av: 6.0211e3,-3.8599e5(kph); os: 0.0000e0(kph); or: 0.0000e0(AU); 
Earthloc: 0.0000e0, 0.0000e0(AU); rv:-1.6725e3, 1.0722e5(kph); av: 0.0000e0, 0.0000e0(kph); os: 1.0723e5(kph); or: 1.0027e0(AU); 
Moon loc: 2.564e-3, 2.944e-4(AU); rv:-1.2507e2, 1.9969e3(kph); av:-4.5025e2, 7.1890e3(kph); os: 2.0008e3(kph); or: 2.581e-3(AU); 
Ap8CMloc: 5.517e-2,-3.866e-2(AU); rv: 3.9148e5,-2.7407e5(kph); av: 1.4093e6,-9.8664e5(kph); os: 4.7788e5(kph); or: 6.737e-2(AU); 
Time: 2.3000e1(hours), Distance to sun: 1.0027e0(AU), System energy: 4.6511e2(PPJ)
Sun  loc:-1.0026e0,-1.649e-2(AU); rv: 0.0000e0, 0.0000e0(kph); av: 6.2948e3,-3.8598e5(kph); os: 0.0000e0(kph); or: 0.0000e0(AU); 
Earthloc: 0.0000e0, 0.0000e0(AU); rv:-1.7485e3, 1.0722e5(kph); av: 0.0000e0, 0.0000e0(kph); os: 1.0723e5(kph); or: 1.0027e0(AU); 
Moon loc: 2.564e-3, 3.078e-4(AU); rv:-1.3070e2, 1.9962e3(kph); av:-4.7053e2, 7.1864e3(kph); os: 2.0005e3(kph); or: 2.582e-3(AU); 
Ap8CMloc: 5.779e-2,-4.049e-2(AU); rv: 3.9149e5,-2.7406e5(kph); av: 1.4094e6,-9.8663e5(kph); os: 4.7789e5(kph); or: 7.057e-2(AU); 
Time: 2.4000e1(hours), Distance to sun: 1.0027e0(AU), System energy: 4.6511e2(PPJ)
Sun  loc:-1.0025e0,-1.720e-2(AU); rv: 0.0000e0, 0.0000e0(kph); av: 6.5684e3,-3.8598e5(kph); os: 0.0000e0(kph); or: 0.0000e0(AU); 
Earthloc: 0.0000e0, 0.0000e0(AU); rv:-1.8246e3, 1.0722e5(kph); av: 0.0000e0, 0.0000e0(kph); os: 1.0723e5(kph); or: 1.0027e0(AU); 
Moon loc: 2.563e-3, 3.211e-4(AU); rv:-1.3633e2, 1.9955e3(kph); av:-4.9077e2, 7.1837e3(kph); os: 2.0001e3(kph); or: 2.583e-3(AU); 
Ap8CMloc: 6.041e-2,-4.232e-2(AU); rv: 3.9150e5,-2.7406e5(kph); av: 1.4094e6,-9.8662e5(kph); os: 4.7789e5(kph); or: 7.376e-2(AU); 
Time: 2.5000e1(hours), Distance to sun: 1.0027e0(AU), System energy: 4.6511e2(PPJ)
Sun  loc:-1.0025e0,-1.792e-2(AU); rv: 0.0000e0, 0.0000e0(kph); av: 6.8421e3,-3.8598e5(kph); os: 0.0000e0(kph); or: 0.0000e0(AU); 
Earthloc: 0.0000e0, 0.0000e0(AU); rv:-1.9006e3, 1.0722e5(kph); av: 0.0000e0, 0.0000e0(kph); os: 1.0723e5(kph); or: 1.0027e0(AU); 
Moon loc: 2.562e-3, 3.345e-4(AU); rv:-1.4194e2, 1.9947e3(kph); av:-5.1100e2, 7.1809e3(kph); os: 1.9997e3(kph); or: 2.583e-3(AU); 
Ap8CMloc: 6.303e-2,-4.416e-2(AU); rv: 3.9151e5,-2.7406e5(kph); av: 1.4094e6,-9.8661e5(kph); os: 4.7790e5(kph); or: 7.695e-2(AU); 
Time: 2.6000e1(hours), Distance to sun: 1.0027e0(AU), System energy: 4.6511e2(PPJ)
Sun  loc:-1.0025e0,-1.864e-2(AU); rv: 0.0000e0, 0.0000e0(kph); av: 7.1158e3,-3.8597e5(kph); os: 0.0000e0(kph); or: 0.0000e0(AU); 
Earthloc: 0.0000e0, 0.0000e0(AU); rv:-1.9766e3, 1.0721e5(kph); av: 0.0000e0, 0.0000e0(kph); os: 1.0723e5(kph); or: 1.0027e0(AU); 
Moon loc: 2.561e-3, 3.478e-4(AU); rv:-1.4755e2, 1.9939e3(kph); av:-5.3119e2, 7.1779e3(kph); os: 1.9993e3(kph); or: 2.584e-3(AU); 
Ap8CMloc: 6.564e-2,-4.599e-2(AU); rv: 3.9151e5,-2.7406e5(kph); av: 1.4095e6,-9.8660e5(kph); os: 4.7790e5(kph); or: 8.015e-2(AU); 
Time: 2.7000e1(hours), Distance to sun: 1.0027e0(AU), System energy: 4.6511e2(PPJ)
Sun  loc:-1.0025e0,-1.935e-2(AU); rv: 0.0000e0, 0.0000e0(kph); av: 7.3895e3,-3.8597e5(kph); os: 0.0000e0(kph); or: 0.0000e0(AU); 
Earthloc: 0.0000e0, 0.0000e0(AU); rv:-2.0526e3, 1.0721e5(kph); av: 0.0000e0, 0.0000e0(kph); os: 1.0723e5(kph); or: 1.0027e0(AU); 
Moon loc: 2.560e-3, 3.611e-4(AU); rv:-1.5315e2, 1.9930e3(kph); av:-5.5136e2, 7.1749e3(kph); os: 1.9989e3(kph); or: 2.585e-3(AU); 
Ap8CMloc: 6.826e-2,-4.782e-2(AU); rv: 3.9152e5,-2.7405e5(kph); av: 1.4095e6,-9.8659e5(kph); os: 4.7791e5(kph); or: 8.334e-2(AU); 
Time: 2.8000e1(hours), Distance to sun: 1.0027e0(AU), System energy: 4.6511e2(PPJ)
Sun  loc:-1.0025e0,-2.007e-2(AU); rv: 0.0000e0, 0.0000e0(kph); av: 7.6631e3,-3.8596e5(kph); os: 0.0000e0(kph); or: 0.0000e0(AU); 
Earthloc: 0.0000e0, 0.0000e0(AU); rv:-2.1286e3, 1.0721e5(kph); av: 0.0000e0, 0.0000e0(kph); os: 1.0723e5(kph); or: 1.0027e0(AU); 
Moon loc: 2.559e-3, 3.744e-4(AU); rv:-1.5875e2, 1.9922e3(kph); av:-5.7149e2, 7.1718e3(kph); os: 1.9985e3(kph); or: 2.586e-3(AU); 
Ap8CMloc: 7.088e-2,-4.965e-2(AU); rv: 3.9153e5,-2.7405e5(kph); av: 1.4095e6,-9.8658e5(kph); os: 4.7791e5(kph); or: 8.654e-2(AU); 
Time: 2.9000e1(hours), Distance to sun: 1.0027e0(AU), System energy: 4.6511e2(PPJ)
Sun  loc:-1.0025e0,-2.079e-2(AU); rv: 0.0000e0, 0.0000e0(kph); av: 7.9368e3,-3.8596e5(kph); os: 0.0000e0(kph); or: 0.0000e0(AU); 
Earthloc: 0.0000e0, 0.0000e0(AU); rv:-2.2047e3, 1.0721e5(kph); av: 0.0000e0, 0.0000e0(kph); os: 1.0723e5(kph); or: 1.0027e0(AU); 
Moon loc: 2.558e-3, 3.877e-4(AU); rv:-1.6433e2, 1.9912e3(kph); av:-5.9160e2, 7.1685e3(kph); os: 1.9980e3(kph); or: 2.587e-3(AU); 
Ap8CMloc: 7.349e-2,-5.148e-2(AU); rv: 3.9154e5,-2.7405e5(kph); av: 1.4096e6,-9.8657e5(kph); os: 4.7792e5(kph); or: 8.973e-2(AU); 
Time: 3.0000e1(hours), Distance to sun: 1.0027e0(AU), System energy: 4.6511e2(PPJ)
Sun  loc:-1.0025e0,-2.150e-2(AU); rv: 0.0000e0, 0.0000e0(kph); av: 8.2104e3,-3.8595e5(kph); os: 0.0000e0(kph); or: 0.0000e0(AU); 
Earthloc: 0.0000e0, 0.0000e0(AU); rv:-2.2807e3, 1.0721e5(kph); av: 0.0000e0, 0.0000e0(kph); os: 1.0723e5(kph); or: 1.0027e0(AU); 
Moon loc: 2.557e-3, 4.011e-4(AU); rv:-1.6991e2, 1.9903e3(kph); av:-6.1167e2, 7.1651e3(kph); os: 1.9976e3(kph); or: 2.588e-3(AU); 
Ap8CMloc: 7.611e-2,-5.332e-2(AU); rv: 3.9155e5,-2.7404e5(kph); av: 1.4096e6,-9.8655e5(kph); os: 4.7792e5(kph); or: 9.293e-2(AU); 
Time: 3.1000e1(hours), Distance to sun: 1.0027e0(AU), System energy: 4.6511e2(PPJ)
Sun  loc:-1.0024e0,-2.222e-2(AU); rv: 0.0000e0, 0.0000e0(kph); av: 8.4841e3,-3.8594e5(kph); os: 0.0000e0(kph); or: 0.0000e0(AU); 
Earthloc: 0.0000e0, 0.0000e0(AU); rv:-2.3567e3, 1.0721e5(kph); av: 0.0000e0, 0.0000e0(kph); os: 1.0723e5(kph); or: 1.0027e0(AU); 
Moon loc: 2.555e-3, 4.144e-4(AU); rv:-1.7548e2, 1.9893e3(kph); av:-6.3171e2, 7.1616e3(kph); os: 1.9971e3(kph); or: 2.589e-3(AU); 
Ap8CMloc: 7.873e-2,-5.515e-2(AU); rv: 3.9156e5,-2.7404e5(kph); av: 1.4096e6,-9.8654e5(kph); os: 4.7793e5(kph); or: 9.612e-2(AU); 
Time: 3.2000e1(hours), Distance to sun: 1.0027e0(AU), System energy: 4.6511e2(PPJ)
Sun  loc:-1.0024e0,-2.294e-2(AU); rv: 0.0000e0, 0.0000e0(kph); av: 8.7578e3,-3.8594e5(kph); os: 0.0000e0(kph); or: 0.0000e0(AU); 
Earthloc: 0.0000e0, 0.0000e0(AU); rv:-2.4327e3, 1.0721e5(kph); av: 0.0000e0, 0.0000e0(kph); os: 1.0723e5(kph); or: 1.0027e0(AU); 
Moon loc: 2.554e-3, 4.277e-4(AU); rv:-1.8103e2, 1.9883e3(kph); av:-6.5172e2, 7.1581e3(kph); os: 1.9966e3(kph); or: 2.590e-3(AU); 
Ap8CMloc: 8.135e-2,-5.698e-2(AU); rv: 3.9157e5,-2.7404e5(kph); av: 1.4097e6,-9.8653e5(kph); os: 4.7794e5(kph); or: 9.932e-2(AU); 
Time: 3.3000e1(hours), Distance to sun: 1.0027e0(AU), System energy: 4.6511e2(PPJ)
Sun  loc:-1.0024e0,-2.365e-2(AU); rv: 0.0000e0, 0.0000e0(kph); av: 9.0314e3,-3.8593e5(kph); os: 0.0000e0(kph); or: 0.0000e0(AU); 
Earthloc: 0.0000e0, 0.0000e0(AU); rv:-2.5087e3, 1.0720e5(kph); av: 0.0000e0, 0.0000e0(kph); os: 1.0723e5(kph); or: 1.0027e0(AU); 
Moon loc: 2.553e-3, 4.409e-4(AU); rv:-1.8658e2, 1.9873e3(kph); av:-6.7169e2, 7.1544e3(kph); os: 1.9961e3(kph); or: 2.591e-3(AU); 
Ap8CMloc: 8.396e-2,-5.881e-2(AU); rv: 3.9158e5,-2.7403e5(kph); av: 1.4097e6,-9.8651e5(kph); os: 4.7794e5(kph); or: 1.025e-1(AU); 
Time: 3.4000e1(hours), Distance to sun: 1.0027e0(AU), System energy: 4.6511e2(PPJ)
Sun  loc:-1.0024e0,-2.437e-2(AU); rv: 0.0000e0, 0.0000e0(kph); av: 9.3051e3,-3.8593e5(kph); os: 0.0000e0(kph); or: 0.0000e0(AU); 
Earthloc: 0.0000e0, 0.0000e0(AU); rv:-2.5847e3, 1.0720e5(kph); av: 0.0000e0, 0.0000e0(kph); os: 1.0723e5(kph); or: 1.0027e0(AU); 
Moon loc: 2.552e-3, 4.542e-4(AU); rv:-1.9212e2, 1.9863e3(kph); av:-6.9163e2, 7.1505e3(kph); os: 1.9955e3(kph); or: 2.592e-3(AU); 
Ap8CMloc: 8.658e-2,-6.064e-2(AU); rv: 3.9159e5,-2.7403e5(kph); av: 1.4097e6,-9.8650e5(kph); os: 4.7795e5(kph); or: 1.057e-1(AU); 
Time: 3.5000e1(hours), Distance to sun: 1.0027e0(AU), System energy: 4.6511e2(PPJ)
Sun  loc:-1.0024e0,-2.509e-2(AU); rv: 0.0000e0, 0.0000e0(kph); av: 9.5787e3,-3.8592e5(kph); os: 0.0000e0(kph); or: 0.0000e0(AU); 
Earthloc: 0.0000e0, 0.0000e0(AU); rv:-2.6608e3, 1.0720e5(kph); av: 0.0000e0, 0.0000e0(kph); os: 1.0723e5(kph); or: 1.0027e0(AU); 
Moon loc: 2.550e-3, 4.675e-4(AU); rv:-1.9765e2, 1.9852e3(kph); av:-7.1153e2, 7.1466e3(kph); os: 1.9950e3(kph); or: 2.593e-3(AU); 
Ap8CMloc: 8.920e-2,-6.247e-2(AU); rv: 3.9161e5,-2.7402e5(kph); av: 1.4098e6,-9.8649e5(kph); os: 4.7796e5(kph); or: 1.089e-1(AU); 
Time: 3.6000e1(hours), Distance to sun: 1.0027e0(AU), System energy: 4.6511e2(PPJ)
Sun  loc:-1.0024e0,-2.580e-2(AU); rv: 0.0000e0, 0.0000e0(kph); av: 9.8524e3,-3.8591e5(kph); os: 0.0000e0(kph); or: 0.0000e0(AU); 
Earthloc: 0.0000e0, 0.0000e0(AU); rv:-2.7368e3, 1.0720e5(kph); av: 0.0000e0, 0.0000e0(kph); os: 1.0723e5(kph); or: 1.0027e0(AU); 
Moon loc: 2.549e-3, 4.808e-4(AU); rv:-2.0317e2, 1.9841e3(kph); av:-7.3140e2, 7.1426e3(kph); os: 1.9944e3(kph); or: 2.594e-3(AU); 
Ap8CMloc: 9.182e-2,-6.431e-2(AU); rv: 3.9162e5,-2.7402e5(kph); av: 1.4098e6,-9.8647e5(kph); os: 4.7797e5(kph); or: 1.121e-1(AU); 
Time: 3.7000e1(hours), Distance to sun: 1.0027e0(AU), System energy: 4.6511e2(PPJ)
Sun  loc:-1.0023e0,-2.652e-2(AU); rv: 0.0000e0, 0.0000e0(kph); av: 1.0126e4,-3.8591e5(kph); os: 0.0000e0(kph); or: 0.0000e0(AU); 
Earthloc: 0.0000e0, 0.0000e0(AU); rv:-2.8128e3, 1.0720e5(kph); av: 0.0000e0, 0.0000e0(kph); os: 1.0723e5(kph); or: 1.0027e0(AU); 
Moon loc: 2.548e-3, 4.940e-4(AU); rv:-2.0867e2, 1.9829e3(kph); av:-7.5122e2, 7.1385e3(kph); os: 1.9939e3(kph); or: 2.595e-3(AU); 
Ap8CMloc: 9.443e-2,-6.614e-2(AU); rv: 3.9163e5,-2.7402e5(kph); av: 1.4099e6,-9.8646e5(kph); os: 4.7797e5(kph); or: 1.153e-1(AU); 
Time: 3.8000e1(hours), Distance to sun: 1.0027e0(AU), System energy: 4.6511e2(PPJ)
Sun  loc:-1.0023e0,-2.724e-2(AU); rv: 0.0000e0, 0.0000e0(kph); av: 1.0400e4,-3.8590e5(kph); os: 0.0000e0(kph); or: 0.0000e0(AU); 
Earthloc: 0.0000e0, 0.0000e0(AU); rv:-2.8888e3, 1.0719e5(kph); av: 0.0000e0, 0.0000e0(kph); os: 1.0723e5(kph); or: 1.0027e0(AU); 
Moon loc: 2.546e-3, 5.073e-4(AU); rv:-2.1417e2, 1.9817e3(kph); av:-7.7100e2, 7.1342e3(kph); os: 1.9933e3(kph); or: 2.596e-3(AU); 
Ap8CMloc: 9.705e-2,-6.797e-2(AU); rv: 3.9164e5,-2.7401e5(kph); av: 1.4099e6,-9.8644e5(kph); os: 4.7798e5(kph); or: 1.185e-1(AU); 
Time: 3.9000e1(hours), Distance to sun: 1.0027e0(AU), System energy: 4.6511e2(PPJ)
Sun  loc:-1.0023e0,-2.795e-2(AU); rv: 0.0000e0, 0.0000e0(kph); av: 1.0673e4,-3.8589e5(kph); os: 0.0000e0(kph); or: 0.0000e0(AU); 
Earthloc: 0.0000e0, 0.0000e0(AU); rv:-2.9648e3, 1.0719e5(kph); av: 0.0000e0, 0.0000e0(kph); os: 1.0723e5(kph); or: 1.0027e0(AU); 
Moon loc: 2.545e-3, 5.205e-4(AU); rv:-2.1965e2, 1.9805e3(kph); av:-7.9075e2, 7.1299e3(kph); os: 1.9927e3(kph); or: 2.597e-3(AU); 
Ap8CMloc: 9.967e-2,-6.980e-2(AU); rv: 3.9165e5,-2.7401e5(kph); av: 1.4100e6,-9.8643e5(kph); os: 4.7799e5(kph); or: 1.217e-1(AU); 
Time: 4.0000e1(hours), Distance to sun: 1.0027e0(AU), System energy: 4.6511e2(PPJ)
Sun  loc:-1.0023e0,-2.867e-2(AU); rv: 0.0000e0, 0.0000e0(kph); av: 1.0947e4,-3.8588e5(kph); os: 0.0000e0(kph); or: 0.0000e0(AU); 
Earthloc: 0.0000e0, 0.0000e0(AU); rv:-3.0408e3, 1.0719e5(kph); av: 0.0000e0, 0.0000e0(kph); os: 1.0723e5(kph); or: 1.0027e0(AU); 
Moon loc: 2.543e-3, 5.338e-4(AU); rv:-2.2513e2, 1.9793e3(kph); av:-8.1045e2, 7.1254e3(kph); os: 1.9920e3(kph); or: 2.599e-3(AU); 
Ap8CMloc: 1.023e-1,-7.163e-2(AU); rv: 3.9167e5,-2.7400e5(kph); av: 1.4100e6,-9.8641e5(kph); os: 4.7800e5(kph); or: 1.249e-1(AU); 
Time: 4.1000e1(hours), Distance to sun: 1.0027e0(AU), System energy: 4.6511e2(PPJ)
Sun  loc:-1.0023e0,-2.938e-2(AU); rv: 0.0000e0, 0.0000e0(kph); av: 1.1221e4,-3.8588e5(kph); os: 0.0000e0(kph); or: 0.0000e0(AU); 
Earthloc: 0.0000e0, 0.0000e0(AU); rv:-3.1168e3, 1.0719e5(kph); av: 0.0000e0, 0.0000e0(kph); os: 1.0723e5(kph); or: 1.0027e0(AU); 
Moon loc: 2.542e-3, 5.470e-4(AU); rv:-2.3059e2, 1.9780e3(kph); av:-8.3011e2, 7.1209e3(kph); os: 1.9914e3(kph); or: 2.600e-3(AU); 
Ap8CMloc: 1.049e-1,-7.346e-2(AU); rv: 3.9168e5,-2.7400e5(kph); av: 1.4101e6,-9.8639e5(kph); os: 4.7800e5(kph); or: 1.281e-1(AU); 
Time: 4.2000e1(hours), Distance to sun: 1.0027e0(AU), System energy: 4.6511e2(PPJ)
Sun  loc:-1.0022e0,-3.010e-2(AU); rv: 0.0000e0, 0.0000e0(kph); av: 1.1494e4,-3.8587e5(kph); os: 0.0000e0(kph); or: 0.0000e0(AU); 
Earthloc: 0.0000e0, 0.0000e0(AU); rv:-3.1928e3, 1.0719e5(kph); av: 0.0000e0, 0.0000e0(kph); os: 1.0723e5(kph); or: 1.0027e0(AU); 
Moon loc: 2.540e-3, 5.602e-4(AU); rv:-2.3604e2, 1.9767e3(kph); av:-8.4973e2, 7.1162e3(kph); os: 1.9908e3(kph); or: 2.601e-3(AU); 
Ap8CMloc: 1.075e-1,-7.530e-2(AU); rv: 3.9169e5,-2.7399e5(kph); av: 1.4101e6,-9.8638e5(kph); os: 4.7801e5(kph); or: 1.313e-1(AU); 
Time: 4.3000e1(hours), Distance to sun: 1.0027e0(AU), System energy: 4.6511e2(PPJ)
Sun  loc:-1.0022e0,-3.082e-2(AU); rv: 0.0000e0, 0.0000e0(kph); av: 1.1768e4,-3.8586e5(kph); os: 0.0000e0(kph); or: 0.0000e0(AU); 
Earthloc: 0.0000e0, 0.0000e0(AU); rv:-3.2688e3, 1.0718e5(kph); av: 0.0000e0, 0.0000e0(kph); os: 1.0723e5(kph); or: 1.0027e0(AU); 
Moon loc: 2.539e-3, 5.734e-4(AU); rv:-2.4147e2, 1.9754e3(kph); av:-8.6930e2, 7.1114e3(kph); os: 1.9901e3(kph); or: 2.603e-3(AU); 
Ap8CMloc: 1.101e-1,-7.713e-2(AU); rv: 3.9171e5,-2.7399e5(kph); av: 1.4101e6,-9.8636e5(kph); os: 4.7802e5(kph); or: 1.345e-1(AU); 
Time: 4.4000e1(hours), Distance to sun: 1.0027e0(AU), System energy: 4.6511e2(PPJ)
Sun  loc:-1.0022e0,-3.153e-2(AU); rv: 0.0000e0, 0.0000e0(kph); av: 1.2041e4,-3.8585e5(kph); os: 0.0000e0(kph); or: 0.0000e0(AU); 
Earthloc: 0.0000e0, 0.0000e0(AU); rv:-3.3449e3, 1.0718e5(kph); av: 0.0000e0, 0.0000e0(kph); os: 1.0723e5(kph); or: 1.0027e0(AU); 
Moon loc: 2.537e-3, 5.866e-4(AU); rv:-2.4690e2, 1.9740e3(kph); av:-8.8883e2, 7.1066e3(kph); os: 1.9894e3(kph); or: 2.604e-3(AU); 
Ap8CMloc: 1.128e-1,-7.896e-2(AU); rv: 3.9172e5,-2.7398e5(kph); av: 1.4102e6,-9.8634e5(kph); os: 4.7803e5(kph); or: 1.377e-1(AU); 
Time: 4.5000e1(hours), Distance to sun: 1.0027e0(AU), System energy: 4.6511e2(PPJ)
Sun  loc:-1.0022e0,-3.225e-2(AU); rv: 0.0000e0, 0.0000e0(kph); av: 1.2315e4,-3.8584e5(kph); os: 0.0000e0(kph); or: 0.0000e0(AU); 
Earthloc: 0.0000e0, 0.0000e0(AU); rv:-3.4209e3, 1.0718e5(kph); av: 0.0000e0, 0.0000e0(kph); os: 1.0723e5(kph); or: 1.0027e0(AU); 
Moon loc: 2.535e-3, 5.998e-4(AU); rv:-2.5231e2, 1.9727e3(kph); av:-9.0831e2, 7.1016e3(kph); os: 1.9887e3(kph); or: 2.605e-3(AU); 
Ap8CMloc: 1.154e-1,-8.079e-2(AU); rv: 3.9174e5,-2.7398e5(kph); av: 1.4103e6,-9.8632e5(kph); os: 4.7804e5(kph); or: 1.409e-1(AU); 
Time: 4.6000e1(hours), Distance to sun: 1.0027e0(AU), System energy: 4.6511e2(PPJ)
Sun  loc:-1.0022e0,-3.297e-2(AU); rv: 0.0000e0, 0.0000e0(kph); av: 1.2589e4,-3.8583e5(kph); os: 0.0000e0(kph); or: 0.0000e0(AU); 
Earthloc: 0.0000e0, 0.0000e0(AU); rv:-3.4969e3, 1.0718e5(kph); av: 0.0000e0, 0.0000e0(kph); os: 1.0723e5(kph); or: 1.0027e0(AU); 
Moon loc: 2.534e-3, 6.130e-4(AU); rv:-2.5771e2, 1.9713e3(kph); av:-9.2774e2, 7.0965e3(kph); os: 1.9880e3(kph); or: 2.607e-3(AU); 
Ap8CMloc: 1.180e-1,-8.262e-2(AU); rv: 3.9175e5,-2.7397e5(kph); av: 1.4103e6,-9.8630e5(kph); os: 4.7805e5(kph); or: 1.440e-1(AU); 
Time: 4.7000e1(hours), Distance to sun: 1.0027e0(AU), System energy: 4.6511e2(PPJ)
Sun  loc:-1.0021e0,-3.368e-2(AU); rv: 0.0000e0, 0.0000e0(kph); av: 1.2862e4,-3.8583e5(kph); os: 0.0000e0(kph); or: 0.0000e0(AU); 
Earthloc: 0.0000e0, 0.0000e0(AU); rv:-3.5729e3, 1.0717e5(kph); av: 0.0000e0, 0.0000e0(kph); os: 1.0723e5(kph); or: 1.0027e0(AU); 
Moon loc: 2.532e-3, 6.262e-4(AU); rv:-2.6309e2, 1.9698e3(kph); av:-9.4713e2, 7.0914e3(kph); os: 1.9873e3(kph); or: 2.608e-3(AU); 
Ap8CMloc: 1.206e-1,-8.445e-2(AU); rv: 3.9177e5,-2.7397e5(kph); av: 1.4104e6,-9.8629e5(kph); os: 4.7806e5(kph); or: 1.472e-1(AU); 
Time: 4.8000e1(hours), Distance to sun: 1.0027e0(AU), System energy: 4.6511e2(PPJ)
Sun  loc:-1.0021e0,-3.440e-2(AU); rv: 0.0000e0, 0.0000e0(kph); av: 1.3136e4,-3.8582e5(kph); os: 0.0000e0(kph); or: 0.0000e0(AU); 
Earthloc: 0.0000e0, 0.0000e0(AU); rv:-3.6489e3, 1.0717e5(kph); av: 0.0000e0, 0.0000e0(kph); os: 1.0723e5(kph); or: 1.0027e0(AU); 
Moon loc: 2.530e-3, 6.393e-4(AU); rv:-2.6846e2, 1.9684e3(kph); av:-9.6646e2, 7.0861e3(kph); os: 1.9866e3(kph); or: 2.610e-3(AU); 
Ap8CMloc: 1.232e-1,-8.628e-2(AU); rv: 3.9178e5,-2.7396e5(kph); av: 1.4104e6,-9.8627e5(kph); os: 4.7807e5(kph); or: 1.504e-1(AU); 
Time: 4.9000e1(hours), Distance to sun: 1.0027e0(AU), System energy: 4.6511e2(PPJ)
Sun  loc:-1.0021e0,-3.512e-2(AU); rv: 0.0000e0, 0.0000e0(kph); av: 1.3410e4,-3.8581e5(kph); os: 0.0000e0(kph); or: 0.0000e0(AU); 
Earthloc: 0.0000e0, 0.0000e0(AU); rv:-3.7249e3, 1.0717e5(kph); av: 0.0000e0, 0.0000e0(kph); os: 1.0723e5(kph); or: 1.0027e0(AU); 
Moon loc: 2.528e-3, 6.525e-4(AU); rv:-2.7382e2, 1.9669e3(kph); av:-9.8575e2, 7.0807e3(kph); os: 1.9858e3(kph); or: 2.611e-3(AU); 
Ap8CMloc: 1.259e-1,-8.812e-2(AU); rv: 3.9180e5,-2.7396e5(kph); av: 1.4105e6,-9.8625e5(kph); os: 4.7808e5(kph); or: 1.536e-1(AU); 
Time: 5.0000e1(hours), Distance to sun: 1.0027e0(AU), System energy: 4.6511e2(PPJ)
Sun  loc:-1.0021e0,-3.583e-2(AU); rv: 0.0000e0, 0.0000e0(kph); av: 1.3683e4,-3.8580e5(kph); os: 0.0000e0(kph); or: 0.0000e0(AU); 
Earthloc: 0.0000e0, 0.0000e0(AU); rv:-3.8009e3, 1.0717e5(kph); av: 0.0000e0, 0.0000e0(kph); os: 1.0723e5(kph); or: 1.0027e0(AU); 
Moon loc: 2.526e-3, 6.656e-4(AU); rv:-2.7916e2, 1.9653e3(kph); av:-1.0050e3, 7.0752e3(kph); os: 1.9851e3(kph); or: 2.613e-3(AU); 
Ap8CMloc: 1.285e-1,-8.995e-2(AU); rv: 3.9181e5,-2.7395e5(kph); av: 1.4105e6,-9.8623e5(kph); os: 4.7809e5(kph); or: 1.568e-1(AU); 
Time: 5.1000e1(hours), Distance to sun: 1.0027e0(AU), System energy: 4.6511e2(PPJ)
Sun  loc:-1.0020e0,-3.655e-2(AU); rv: 0.0000e0, 0.0000e0(kph); av: 1.3957e4,-3.8579e5(kph); os: 0.0000e0(kph); or: 0.0000e0(AU); 
Earthloc: 0.0000e0, 0.0000e0(AU); rv:-3.8769e3, 1.0716e5(kph); av: 0.0000e0, 0.0000e0(kph); os: 1.0723e5(kph); or: 1.0027e0(AU); 
Moon loc: 2.525e-3, 6.787e-4(AU); rv:-2.8449e2, 1.9638e3(kph); av:-1.0242e3, 7.0696e3(kph); os: 1.9843e3(kph); or: 2.614e-3(AU); 
Ap8CMloc: 1.311e-1,-9.178e-2(AU); rv: 3.9183e5,-2.7395e5(kph); av: 1.4106e6,-9.8621e5(kph); os: 4.7810e5(kph); or: 1.600e-1(AU); 
Time: 5.2000e1(hours), Distance to sun: 1.0027e0(AU), System energy: 4.6511e2(PPJ)
Sun  loc:-1.0020e0,-3.727e-2(AU); rv: 0.0000e0, 0.0000e0(kph); av: 1.4230e4,-3.8578e5(kph); os: 0.0000e0(kph); or: 0.0000e0(AU); 
Earthloc: 0.0000e0, 0.0000e0(AU); rv:-3.9529e3, 1.0716e5(kph); av: 0.0000e0, 0.0000e0(kph); os: 1.0723e5(kph); or: 1.0027e0(AU); 
Moon loc: 2.523e-3, 6.919e-4(AU); rv:-2.8981e2, 1.9622e3(kph); av:-1.0433e3, 7.0639e3(kph); os: 1.9835e3(kph); or: 2.616e-3(AU); 
Ap8CMloc: 1.337e-1,-9.361e-2(AU); rv: 3.9185e5,-2.7394e5(kph); av: 1.4106e6,-9.8619e5(kph); os: 4.7811e5(kph); or: 1.632e-1(AU); 
Time: 5.3000e1(hours), Distance to sun: 1.0027e0(AU), System energy: 4.6511e2(PPJ)
Sun  loc:-1.0020e0,-3.798e-2(AU); rv: 0.0000e0, 0.0000e0(kph); av: 1.4504e4,-3.8577e5(kph); os: 0.0000e0(kph); or: 0.0000e0(AU); 
Earthloc: 0.0000e0, 0.0000e0(AU); rv:-4.0289e3, 1.0716e5(kph); av: 0.0000e0, 0.0000e0(kph); os: 1.0723e5(kph); or: 1.0027e0(AU); 
Moon loc: 2.521e-3, 7.050e-4(AU); rv:-2.9511e2, 1.9606e3(kph); av:-1.0624e3, 7.0582e3(kph); os: 1.9827e3(kph); or: 2.617e-3(AU); 
Ap8CMloc: 1.363e-1,-9.544e-2(AU); rv: 3.9186e5,-2.7394e5(kph); av: 1.4107e6,-9.8617e5(kph); os: 4.7812e5(kph); or: 1.664e-1(AU); 
Time: 5.4000e1(hours), Distance to sun: 1.0027e0(AU), System energy: 4.6511e2(PPJ)
Sun  loc:-1.0019e0,-3.870e-2(AU); rv: 0.0000e0, 0.0000e0(kph); av: 1.4778e4,-3.8576e5(kph); os: 0.0000e0(kph); or: 0.0000e0(AU); 
Earthloc: 0.0000e0, 0.0000e0(AU); rv:-4.1049e3, 1.0716e5(kph); av: 0.0000e0, 0.0000e0(kph); os: 1.0723e5(kph); or: 1.0027e0(AU); 
Moon loc: 2.519e-3, 7.181e-4(AU); rv:-3.0039e2, 1.9590e3(kph); av:-1.0814e3, 7.0523e3(kph); os: 1.9819e3(kph); or: 2.619e-3(AU); 
Ap8CMloc: 1.390e-1,-9.727e-2(AU); rv: 3.9188e5,-2.7393e5(kph); av: 1.4108e6,-9.8615e5(kph); os: 4.7813e5(kph); or: 1.696e-1(AU); 
Time: 5.5000e1(hours), Distance to sun: 1.0027e0(AU), System energy: 4.6511e2(PPJ)
Sun  loc:-1.0019e0,-3.941e-2(AU); rv: 0.0000e0, 0.0000e0(kph); av: 1.5051e4,-3.8575e5(kph); os: 0.0000e0(kph); or: 0.0000e0(AU); 
Earthloc: 0.0000e0, 0.0000e0(AU); rv:-4.1809e3, 1.0715e5(kph); av: 0.0000e0, 0.0000e0(kph); os: 1.0723e5(kph); or: 1.0027e0(AU); 
Moon loc: 2.517e-3, 7.312e-4(AU); rv:-3.0566e2, 1.9573e3(kph); av:-1.1004e3, 7.0463e3(kph); os: 1.9810e3(kph); or: 2.621e-3(AU); 
Ap8CMloc: 1.416e-1,-9.910e-2(AU); rv: 3.9190e5,-2.7392e5(kph); av: 1.4108e6,-9.8613e5(kph); os: 4.7814e5(kph); or: 1.728e-1(AU); 
Time: 5.6000e1(hours), Distance to sun: 1.0027e0(AU), System energy: 4.6511e2(PPJ)
Sun  loc:-1.0019e0,-4.013e-2(AU); rv: 0.0000e0, 0.0000e0(kph); av: 1.5325e4,-3.8574e5(kph); os: 0.0000e0(kph); or: 0.0000e0(AU); 
Earthloc: 0.0000e0, 0.0000e0(AU); rv:-4.2569e3, 1.0715e5(kph); av: 0.0000e0, 0.0000e0(kph); os: 1.0723e5(kph); or: 1.0027e0(AU); 
Moon loc: 2.515e-3, 7.443e-4(AU); rv:-3.1092e2, 1.9556e3(kph); av:-1.1193e3, 7.0403e3(kph); os: 1.9802e3(kph); or: 2.622e-3(AU); 
Ap8CMloc: 1.442e-1,-1.009e-1(AU); rv: 3.9191e5,-2.7392e5(kph); av: 1.4109e6,-9.8610e5(kph); os: 4.7815e5(kph); or: 1.760e-1(AU); 
Time: 5.7000e1(hours), Distance to sun: 1.0027e0(AU), System energy: 4.6511e2(PPJ)
Sun  loc:-1.0019e0,-4.085e-2(AU); rv: 0.0000e0, 0.0000e0(kph); av: 1.5598e4,-3.8573e5(kph); os: 0.0000e0(kph); or: 0.0000e0(AU); 
Earthloc: 0.0000e0, 0.0000e0(AU); rv:-4.3329e3, 1.0715e5(kph); av: 0.0000e0, 0.0000e0(kph); os: 1.0723e5(kph); or: 1.0027e0(AU); 
Moon loc: 2.513e-3, 7.573e-4(AU); rv:-3.1616e2, 1.9539e3(kph); av:-1.1382e3, 7.0341e3(kph); os: 1.9793e3(kph); or: 2.624e-3(AU); 
Ap8CMloc: 1.468e-1,-1.028e-1(AU); rv: 3.9193e5,-2.7391e5(kph); av: 1.4110e6,-9.8608e5(kph); os: 4.7816e5(kph); or: 1.792e-1(AU); 
Time: 5.8000e1(hours), Distance to sun: 1.0027e0(AU), System energy: 4.6511e2(PPJ)
Sun  loc:-1.0018e0,-4.156e-2(AU); rv: 0.0000e0, 0.0000e0(kph); av: 1.5872e4,-3.8572e5(kph); os: 0.0000e0(kph); or: 0.0000e0(AU); 
Earthloc: 0.0000e0, 0.0000e0(AU); rv:-4.4089e3, 1.0714e5(kph); av: 0.0000e0, 0.0000e0(kph); os: 1.0723e5(kph); or: 1.0027e0(AU); 
Moon loc: 2.510e-3, 7.704e-4(AU); rv:-3.2138e2, 1.9522e3(kph); av:-1.1570e3, 7.0278e3(kph); os: 1.9785e3(kph); or: 2.626e-3(AU); 
Ap8CMloc: 1.494e-1,-1.046e-1(AU); rv: 3.9195e5,-2.7391e5(kph); av: 1.4110e6,-9.8606e5(kph); os: 4.7817e5(kph); or: 1.824e-1(AU); 
Time: 5.9000e1(hours), Distance to sun: 1.0027e0(AU), System energy: 4.6511e2(PPJ)
Sun  loc:-1.0018e0,-4.228e-2(AU); rv: 0.0000e0, 0.0000e0(kph); av: 1.6146e4,-3.8571e5(kph); os: 0.0000e0(kph); or: 0.0000e0(AU); 
Earthloc: 0.0000e0, 0.0000e0(AU); rv:-4.4849e3, 1.0714e5(kph); av: 0.0000e0, 0.0000e0(kph); os: 1.0723e5(kph); or: 1.0027e0(AU); 
Moon loc: 2.508e-3, 7.834e-4(AU); rv:-3.2659e2, 1.9504e3(kph); av:-1.1757e3, 7.0215e3(kph); os: 1.9776e3(kph); or: 2.628e-3(AU); 
Ap8CMloc: 1.521e-1,-1.064e-1(AU); rv: 3.9197e5,-2.7390e5(kph); av: 1.4111e6,-9.8604e5(kph); os: 4.7818e5(kph); or: 1.856e-1(AU); 
Time: 6.0000e1(hours), Distance to sun: 1.0027e0(AU), System energy: 4.6511e2(PPJ)
Sun  loc:-1.0018e0,-4.300e-2(AU); rv: 0.0000e0, 0.0000e0(kph); av: 1.6419e4,-3.8569e5(kph); os: 0.0000e0(kph); or: 0.0000e0(AU); 
Earthloc: 0.0000e0, 0.0000e0(AU); rv:-4.5609e3, 1.0714e5(kph); av: 0.0000e0, 0.0000e0(kph); os: 1.0723e5(kph); or: 1.0027e0(AU); 
Moon loc: 2.506e-3, 7.965e-4(AU); rv:-3.3178e2, 1.9486e3(kph); av:-1.1944e3, 7.0150e3(kph); os: 1.9767e3(kph); or: 2.630e-3(AU); 
Ap8CMloc: 1.547e-1,-1.083e-1(AU); rv: 3.9199e5,-2.7389e5(kph); av: 1.4112e6,-9.8601e5(kph); os: 4.7820e5(kph); or: 1.888e-1(AU); 
Time: 6.1000e1(hours), Distance to sun: 1.0027e0(AU), System energy: 4.6511e2(PPJ)
Sun  loc:-1.0017e0,-4.371e-2(AU); rv: 0.0000e0, 0.0000e0(kph); av: 1.6693e4,-3.8568e5(kph); os: 0.0000e0(kph); or: 0.0000e0(AU); 
Earthloc: 0.0000e0, 0.0000e0(AU); rv:-4.6368e3, 1.0713e5(kph); av: 0.0000e0, 0.0000e0(kph); os: 1.0723e5(kph); or: 1.0027e0(AU); 
Moon loc: 2.504e-3, 8.095e-4(AU); rv:-3.3695e2, 1.9468e3(kph); av:-1.2130e3, 7.0085e3(kph); os: 1.9757e3(kph); or: 2.631e-3(AU); 
Ap8CMloc: 1.573e-1,-1.101e-1(AU); rv: 3.9201e5,-2.7389e5(kph); av: 1.4112e6,-9.8599e5(kph); os: 4.7821e5(kph); or: 1.920e-1(AU); 
Time: 6.2000e1(hours), Distance to sun: 1.0027e0(AU), System energy: 4.6511e2(PPJ)
Sun  loc:-1.0017e0,-4.443e-2(AU); rv: 0.0000e0, 0.0000e0(kph); av: 1.6966e4,-3.8567e5(kph); os: 0.0000e0(kph); or: 0.0000e0(AU); 
Earthloc: 0.0000e0, 0.0000e0(AU); rv:-4.7128e3, 1.0713e5(kph); av: 0.0000e0, 0.0000e0(kph); os: 1.0723e5(kph); or: 1.0027e0(AU); 
Moon loc: 2.502e-3, 8.225e-4(AU); rv:-3.4211e2, 1.9450e3(kph); av:-1.2316e3, 7.0018e3(kph); os: 1.9748e3(kph); or: 2.633e-3(AU); 
Ap8CMloc: 1.599e-1,-1.119e-1(AU); rv: 3.9203e5,-2.7388e5(kph); av: 1.4113e6,-9.8597e5(kph); os: 4.7822e5(kph); or: 1.952e-1(AU); 
Time: 6.3000e1(hours), Distance to sun: 1.0027e0(AU), System energy: 4.6511e2(PPJ)
Sun  loc:-1.0017e0,-4.514e-2(AU); rv: 0.0000e0, 0.0000e0(kph); av: 1.7240e4,-3.8566e5(kph); os: 0.0000e0(kph); or: 0.0000e0(AU); 
Earthloc: 0.0000e0, 0.0000e0(AU); rv:-4.7888e3, 1.0713e5(kph); av: 0.0000e0, 0.0000e0(kph); os: 1.0723e5(kph); or: 1.0027e0(AU); 
Moon loc: 2.499e-3, 8.355e-4(AU); rv:-3.4725e2, 1.9431e3(kph); av:-1.2501e3, 6.9951e3(kph); os: 1.9739e3(kph); or: 2.635e-3(AU); 
Ap8CMloc: 1.625e-1,-1.137e-1(AU); rv: 3.9205e5,-2.7387e5(kph); av: 1.4114e6,-9.8594e5(kph); os: 4.7823e5(kph); or: 1.984e-1(AU); 
Time: 6.4000e1(hours), Distance to sun: 1.0027e0(AU), System energy: 4.6511e2(PPJ)
Sun  loc:-1.0016e0,-4.586e-2(AU); rv: 0.0000e0, 0.0000e0(kph); av: 1.7513e4,-3.8565e5(kph); os: 0.0000e0(kph); or: 0.0000e0(AU); 
Earthloc: 0.0000e0, 0.0000e0(AU); rv:-4.8648e3, 1.0712e5(kph); av: 0.0000e0, 0.0000e0(kph); os: 1.0723e5(kph); or: 1.0027e0(AU); 
Moon loc: 2.497e-3, 8.485e-4(AU); rv:-3.5237e2, 1.9412e3(kph); av:-1.2685e3, 6.9883e3(kph); os: 1.9729e3(kph); or: 2.637e-3(AU); 
Ap8CMloc: 1.652e-1,-1.156e-1(AU); rv: 3.9207e5,-2.7387e5(kph); av: 1.4114e6,-9.8592e5(kph); os: 4.7824e5(kph); or: 2.016e-1(AU); 
Time: 6.5000e1(hours), Distance to sun: 1.0027e0(AU), System energy: 4.6511e2(PPJ)
Sun  loc:-1.0016e0,-4.658e-2(AU); rv: 0.0000e0, 0.0000e0(kph); av: 1.7787e4,-3.8564e5(kph); os: 0.0000e0(kph); or: 0.0000e0(AU); 
Earthloc: 0.0000e0, 0.0000e0(AU); rv:-4.9408e3, 1.0712e5(kph); av: 0.0000e0, 0.0000e0(kph); os: 1.0723e5(kph); or: 1.0027e0(AU); 
Moon loc: 2.495e-3, 8.614e-4(AU); rv:-3.5748e2, 1.9393e3(kph); av:-1.2869e3, 6.9814e3(kph); os: 1.9720e3(kph); or: 2.639e-3(AU); 
Ap8CMloc: 1.678e-1,-1.174e-1(AU); rv: 3.9209e5,-2.7386e5(kph); av: 1.4115e6,-9.8590e5(kph); os: 4.7826e5(kph); or: 2.048e-1(AU); 
Time: 6.6000e1(hours), Distance to sun: 1.0027e0(AU), System energy: 4.6511e2(PPJ)
Sun  loc:-1.0016e0,-4.729e-2(AU); rv: 0.0000e0, 0.0000e0(kph); av: 1.8060e4,-3.8562e5(kph); os: 0.0000e0(kph); or: 0.0000e0(AU); 
Earthloc: 0.0000e0, 0.0000e0(AU); rv:-5.0168e3, 1.0712e5(kph); av: 0.0000e0, 0.0000e0(kph); os: 1.0723e5(kph); or: 1.0027e0(AU); 
Moon loc: 2.492e-3, 8.744e-4(AU); rv:-3.6257e2, 1.9373e3(kph); av:-1.3053e3, 6.9744e3(kph); os: 1.9710e3(kph); or: 2.641e-3(AU); 
Ap8CMloc: 1.704e-1,-1.192e-1(AU); rv: 3.9211e5,-2.7385e5(kph); av: 1.4116e6,-9.8587e5(kph); os: 4.7827e5(kph); or: 2.080e-1(AU); 
Time: 6.7000e1(hours), Distance to sun: 1.0027e0(AU), System energy: 4.6511e2(PPJ)
Sun  loc:-1.0015e0,-4.801e-2(AU); rv: 0.0000e0, 0.0000e0(kph); av: 1.8334e4,-3.8561e5(kph); os: 0.0000e0(kph); or: 0.0000e0(AU); 
Earthloc: 0.0000e0, 0.0000e0(AU); rv:-5.0928e3, 1.0711e5(kph); av: 0.0000e0, 0.0000e0(kph); os: 1.0724e5(kph); or: 1.0027e0(AU); 
Moon loc: 2.490e-3, 8.873e-4(AU); rv:-3.6764e2, 1.9354e3(kph); av:-1.3235e3, 6.9673e3(kph); os: 1.9700e3(kph); or: 2.643e-3(AU); 
Ap8CMloc: 1.730e-1,-1.211e-1(AU); rv: 3.9213e5,-2.7385e5(kph); av: 1.4117e6,-9.8585e5(kph); os: 4.7828e5(kph); or: 2.112e-1(AU); 
Time: 6.8000e1(hours), Distance to sun: 1.0027e0(AU), System energy: 4.6511e2(PPJ)
Sun  loc:-1.0015e0,-4.872e-2(AU); rv: 0.0000e0, 0.0000e0(kph); av: 1.8607e4,-3.8560e5(kph); os: 0.0000e0(kph); or: 0.0000e0(AU); 
Earthloc: 0.0000e0, 0.0000e0(AU); rv:-5.1687e3, 1.0711e5(kph); av: 0.0000e0, 0.0000e0(kph); os: 1.0724e5(kph); or: 1.0027e0(AU); 
Moon loc: 2.487e-3, 9.003e-4(AU); rv:-3.7270e2, 1.9334e3(kph); av:-1.3417e3, 6.9601e3(kph); os: 1.9690e3(kph); or: 2.645e-3(AU); 
Ap8CMloc: 1.756e-1,-1.229e-1(AU); rv: 3.9215e5,-2.7384e5(kph); av: 1.4117e6,-9.8582e5(kph); os: 4.7830e5(kph); or: 2.144e-1(AU); 
Time: 6.9000e1(hours), Distance to sun: 1.0027e0(AU), System energy: 4.6511e2(PPJ)
Sun  loc:-1.0015e0,-4.944e-2(AU); rv: 0.0000e0, 0.0000e0(kph); av: 1.8881e4,-3.8558e5(kph); os: 0.0000e0(kph); or: 0.0000e0(AU); 
Earthloc: 0.0000e0, 0.0000e0(AU); rv:-5.2447e3, 1.0711e5(kph); av: 0.0000e0, 0.0000e0(kph); os: 1.0724e5(kph); or: 1.0027e0(AU); 
Moon loc: 2.485e-3, 9.132e-4(AU); rv:-3.7773e2, 1.9314e3(kph); av:-1.3598e3, 6.9529e3(kph); os: 1.9679e3(kph); or: 2.647e-3(AU); 
Ap8CMloc: 1.783e-1,-1.247e-1(AU); rv: 3.9217e5,-2.7383e5(kph); av: 1.4118e6,-9.8580e5(kph); os: 4.7831e5(kph); or: 2.176e-1(AU); 
Time: 7.0000e1(hours), Distance to sun: 1.0027e0(AU), System energy: 4.6511e2(PPJ)
Sun  loc:-1.0014e0,-5.016e-2(AU); rv: 0.0000e0, 0.0000e0(kph); av: 1.9155e4,-3.8557e5(kph); os: 0.0000e0(kph); or: 0.0000e0(AU); 
Earthloc: 0.0000e0, 0.0000e0(AU); rv:-5.3207e3, 1.0710e5(kph); av: 0.0000e0, 0.0000e0(kph); os: 1.0724e5(kph); or: 1.0027e0(AU); 
Moon loc: 2.482e-3, 9.261e-4(AU); rv:-3.8275e2, 1.9293e3(kph); av:-1.3779e3, 6.9455e3(kph); os: 1.9669e3(kph); or: 2.649e-3(AU); 
Ap8CMloc: 1.809e-1,-1.266e-1(AU); rv: 3.9219e5,-2.7382e5(kph); av: 1.4119e6,-9.8577e5(kph); os: 4.7832e5(kph); or: 2.208e-1(AU); 
Time: 7.1000e1(hours), Distance to sun: 1.0027e0(AU), System energy: 4.6511e2(PPJ)
Sun  loc:-1.0014e0,-5.087e-2(AU); rv: 0.0000e0, 0.0000e0(kph); av: 1.9428e4,-3.8556e5(kph); os: 0.0000e0(kph); or: 0.0000e0(AU); 
Earthloc: 0.0000e0, 0.0000e0(AU); rv:-5.3967e3, 1.0710e5(kph); av: 0.0000e0, 0.0000e0(kph); os: 1.0724e5(kph); or: 1.0027e0(AU); 
Moon loc: 2.480e-3, 9.390e-4(AU); rv:-3.8775e2, 1.9273e3(kph); av:-1.3959e3, 6.9381e3(kph); os: 1.9659e3(kph); or: 2.651e-3(AU); 
Ap8CMloc: 1.835e-1,-1.284e-1(AU); rv: 3.9221e5,-2.7382e5(kph); av: 1.4120e6,-9.8574e5(kph); os: 4.7834e5(kph); or: 2.240e-1(AU); 
Time: 7.2000e1(hours), Distance to sun: 1.0027e0(AU), System energy: 4.6511e2(PPJ)
Sun  loc:-1.0014e0,-5.159e-2(AU); rv: 0.0000e0, 0.0000e0(kph); av: 1.9702e4,-3.8554e5(kph); os: 0.0000e0(kph); or: 0.0000e0(AU); 
Earthloc: 0.0000e0, 0.0000e0(AU); rv:-5.4727e3, 1.0710e5(kph); av: 0.0000e0, 0.0000e0(kph); os: 1.0724e5(kph); or: 1.0027e0(AU); 
Moon loc: 2.477e-3, 9.519e-4(AU); rv:-3.9273e2, 1.9252e3(kph); av:-1.4138e3, 6.9306e3(kph); os: 1.9648e3(kph); or: 2.654e-3(AU); 
Ap8CMloc: 1.861e-1,-1.302e-1(AU); rv: 3.9223e5,-2.7381e5(kph); av: 1.4120e6,-9.8572e5(kph); os: 4.7835e5(kph); or: 2.272e-1(AU); 
Final position::
  S:("Sun  ", "☉", ( 19.891000000e29,  10.3972643248e1, 17.810630774e-1,  80.319363351e-5, 20.669654241e-6))
  E:("Earth", "⊕", ( 97.220000000e22,  14.980323678e10, 77.1743605768e8, -15.2017991536e2, 29.7488371634e3))
  M:("Moon ", "☾", ( 73.476730900e21,  15.017379322e10, 78.5983093428e8, -16.2927148811e2, 30.2836051429e3))
  8:("Ap8CM", "8", ( 58.0900000000e2,  17.764703946e10,-11.7639014820e9,  10.7433072253e4,-46.3095864649e3))
0.92user 0.49system 0:01.41elapsed 99%CPU (0avgtext+0avgdata 2150400maxresident)k
0inputs+0outputs (0major+134811minor)pagefaults 0swaps
