OPT1: 2; OPT2: 3; 
DB - orbit period OF mean OF apollo8cm: +1.72004804156298e  +8; 
System:((Sun  , Earth, Moon , Ap8CM), Apollo 8, -32.3537400000e6, )
System:((("Sun  ", "☉", ( 19.891000000e29,   0.0000000000e0,  0.0000000000e0,   0.0000000000e0,  0.0000000000e0)), ("Earth", "⊕", ( 97.220000000e22,  15.000000000e10,  0.0000000000e0,   0.0000000000e0, 29.7866029765e3)), ("Moon ", "☾", ( 73.476730900e21,  15.038500000e10,  0.0000000000e0,   0.0000000000e0, 30.3434619934e3)), ("Ap8CM", "8", ( 58.0900000000e2,  15.000656275e10,  0.0000000000e0,   0.0000000000e0, 29.9199260584e3))), "Apollo 8")
Initial position::
  S:("Sun  ", "☉", ( 19.891000000e29,   0.0000000000e0,  0.0000000000e0,   0.0000000000e0,  0.0000000000e0))
  E:("Earth", "⊕", ( 97.220000000e22,  15.000000000e10,  0.0000000000e0,   0.0000000000e0, 29.7866029765e3))
  M:("Moon ", "☾", ( 73.476730900e21,  15.038500000e10,  0.0000000000e0,   0.0000000000e0, 30.3434619934e3))
  8:("Ap8CM", "8", ( 58.0900000000e2,  15.000656275e10,  0.0000000000e0,   0.0000000000e0, 29.9199260584e3))
Parameter: step size =  4.167e-3; days
Parameter: report period =  7.0000e0; days
Parameter: mission stop time =  2.7322e1; days
IVP Order-2: solar system:
  t interval: [ 0.0000e0 …  2.3606e6]
  y₀ = V 0.0000e0, 0.0000e0, 1.500e11, 0.0000e0, 1.504e11, 0.0000e0, 1.500e11, 0.0000e0
  dy₀/dt = V 0.0000e0, 0.0000e0, 0.0000e0, 2.9787e4, 0.0000e0, 3.0343e4, 0.0000e0, 2.9920e4
  y₀ = V 0.0000e0, 0.0000e0, 1.500e11, 0.0000e0, 1.504e11, 0.0000e0, 1.500e11, 0.0000e0
  dy₀/dt = V 0.0000e0, 0.0000e0, 0.0000e0, 2.9787e4, 0.0000e0, 3.0343e4, 0.0000e0, 2.9920e4
  d²y₀/dt² = V 3.100e-9, 0.0000e0,-5.866e-3, 0.0000e0,-6.307e-3, 0.0000e0,-1.5121e0, 0.0000e0


Reference point: Earth
Time: 0.0000e0(days), Distance to sun: 1.0027e0(AU), System energy: 4.6511e2(PPJ)
Sun  loc:-1.0027e0, 0.0000e0(AU); rv: 0.0000e0, 0.0000e0(kph); av: 0.0000e0,-3.8603e5(kph); os: 0.0000e0(kph); or: 0.0000e0(AU); 
Earthloc: 0.0000e0, 0.0000e0(AU); rv: 0.0000e0, 1.0723e5(kph); av: 0.0000e0, 0.0000e0(kph); os: 1.0723e5(kph); or: 1.0027e0(AU); 
Moon loc: 2.574e-3, 0.0000e0(AU); rv: 0.0000e0, 2.0047e3(kph); av: 0.0000e0, 7.2169e3(kph); os: 2.0047e3(kph); or: 2.574e-3(AU); 
Ap8CMloc: 4.387e-5, 0.0000e0(AU); rv: 0.0000e0, 4.7996e2(kph); av: 0.0000e0, 1.7279e3(kph); os: 4.7996e2(kph); or: 4.387e-5(AU); 
Time: 7.0002e0(days), Distance to sun: 1.0027e0(AU), System energy: 4.6508e2(PPJ)
Sun  loc:-9.955e-1,-1.201e-1(AU); rv: 0.0000e0, 0.0000e0(kph); av: 4.5917e4,-3.8335e5(kph); os: 0.0000e0(kph); or: 0.0000e0(AU); 
Earthloc: 0.0000e0, 0.0000e0(AU); rv:-1.2755e4, 1.0649e5(kph); av: 0.0000e0, 0.0000e0(kph); os: 1.0725e5(kph); or: 1.0027e0(AU); 
Moon loc: 2.093e-3, 2.105e-3(AU); rv:-7.7078e2, 1.6483e3(kph); av:-2.7748e3, 5.9339e3(kph); os: 1.8196e3(kph); or: 2.968e-3(AU); 
Ap8CMloc: 4.378e-1,-3.045e-1(AU); rv: 3.9441e5,-2.7180e5(kph); av: 1.4199e6,-9.7848e5(kph); os: 4.7900e5(kph); or: 5.333e-1(AU); 
Time: 1.4000e1(days), Distance to sun: 1.0029e0(AU), System energy: 4.6497e2(PPJ)
Sun  loc:-9.741e-1,-2.386e-1(AU); rv: 0.0000e0, 0.0000e0(kph); av: 9.1293e4,-3.7521e5(kph); os: 0.0000e0(kph); or: 0.0000e0(AU); 
Earthloc: 0.0000e0, 0.0000e0(AU); rv:-2.5359e4, 1.0422e5(kph); av: 0.0000e0, 0.0000e0(kph); os: 1.0726e5(kph); or: 1.0029e0(AU); 
Moon loc: 1.052e-3, 3.643e-3(AU); rv:-1.0161e3, 1.1060e3(kph); av:-3.6578e3, 3.9815e3(kph); os: 1.5018e3(kph); or: 3.792e-3(AU); 
Ap8CMloc: 8.850e-1,-6.082e-1(AU); rv: 4.0237e5,-2.6878e5(kph); av: 1.4485e6,-9.6760e5(kph); os: 4.8388e5(kph); or: 1.0738e0(AU); 
Time: 2.1001e1(days), Distance to sun: 1.0031e0(AU), System energy: 4.6479e2(PPJ)
Sun  loc:-9.387e-1,-3.537e-1(AU); rv: 0.0000e0, 0.0000e0(kph); av: 1.3540e5,-3.6164e5(kph); os: 0.0000e0(kph); or: 0.0000e0(AU); 
Earthloc: 0.0000e0, 0.0000e0(AU); rv:-3.7611e4, 1.0046e5(kph); av: 0.0000e0, 0.0000e0(kph); os: 1.0727e5(kph); or: 1.0031e0(AU); 
Moon loc:-9.795e-5, 4.641e-3(AU); rv:-1.0088e3, 6.9202e2(kph); av:-3.6316e3, 2.4913e3(kph); os: 1.2233e3(kph); or: 4.642e-3(AU); 
Ap8CMloc: 1.3421e0,-9.077e-1(AU); rv: 4.1178e5,-2.6438e5(kph); av: 1.4824e6,-9.5178e5(kph); os: 4.8935e5(kph); or: 1.6202e0(AU); 
Final position::
  S:("Sun  ", "☉", ( 19.891000000e29,  84.7729293716e2, 13.3511231763e2,  70.498156545e-4, 16.842733291e-4))
  E:("Earth", "⊕", ( 97.220000000e22,  13.391282228e10, 67.8121065975e9, -13.3921483665e3, 26.6138911916e3))
  M:("Moon ", "☾", ( 73.476730900e21,  13.375076516e10, 68.5890654577e9, -13.6497863209e3, 26.7276549435e3))
  8:("Ap8CM", "8", ( 58.0900000000e2,  39.782332378e10,-10.771832798e10,  10.3451338752e4,-45.4107549559e3))
1.73user 0.60system 0:02.34elapsed 99%CPU (0avgtext+0avgdata 2355200maxresident)k
0inputs+0outputs (0major+147639minor)pagefaults 0swaps
