OPT1: 3; OPT2: 5; 
DB - orbit period OF mean OF apollo8cm: +1.72004804156298e  +8; 
System:((Sun  , Earth, Moon , Ap8CM), Apollo 8, -32.3537400000e6, )
System:((("Sun  ", "☉", ( 19.891000000e29,   0.0000000000e0,  0.0000000000e0,   0.0000000000e0,  0.0000000000e0)), ("Earth", "⊕", ( 97.220000000e22,  15.000000000e10,  0.0000000000e0,   0.0000000000e0, 29.7866029765e3)), ("Moon ", "☾", ( 73.476730900e21,  15.038500000e10,  0.0000000000e0,   0.0000000000e0, 30.3434619934e3)), ("Ap8CM", "8", ( 58.0900000000e2,  15.000656275e10,  0.0000000000e0,   0.0000000000e0, 29.9199260584e3))), "Apollo 8")
Initial position::
  S:("Sun  ", "☉", ( 19.891000000e29,   0.0000000000e0,  0.0000000000e0,   0.0000000000e0,  0.0000000000e0))
  E:("Earth", "⊕", ( 97.220000000e22,  15.000000000e10,  0.0000000000e0,   0.0000000000e0, 29.7866029765e3))
  M:("Moon ", "☾", ( 73.476730900e21,  15.038500000e10,  0.0000000000e0,   0.0000000000e0, 30.3434619934e3))
  8:("Ap8CM", "8", ( 58.0900000000e2,  15.000656275e10,  0.0000000000e0,   0.0000000000e0, 29.9199260584e3))
Parameter: step size =  1.000e-1; hours
Parameter: report period =  1.0000e0; hours
Parameter: mission stop time =  7.2000e1; hours
IVP Order-2: solar system:
  t interval: [ 0.0000e0 …  2.5920e5]
  y₀ = V 0.0000e0, 0.0000e0, 1.500e11, 0.0000e0, 1.504e11, 0.0000e0, 1.500e11, 0.0000e0
  dy₀/dt = V 0.0000e0, 0.0000e0, 0.0000e0, 2.9787e4, 0.0000e0, 3.0343e4, 0.0000e0, 2.9920e4
  y₀ = V 0.0000e0, 0.0000e0, 1.500e11, 0.0000e0, 1.504e11, 0.0000e0, 1.500e11, 0.0000e0
  dy₀/dt = V 0.0000e0, 0.0000e0, 0.0000e0, 2.9787e4, 0.0000e0, 3.0343e4, 0.0000e0, 2.9920e4
  d²y₀/dt² = V 3.100e-9, 0.0000e0,-5.866e-3, 0.0000e0,-6.307e-3, 0.0000e0,-1.5121e0, 0.0000e0


Reference point: Earth
IVP order-1: adams bashforth
  t interval: [ 0.0000e0 …  2.5920e5]
  y₀ = V 0.0000e0, 0.0000e0, 1.500e11, 0.0000e0, 1.504e11, 0.0000e0, 1.500e11, 0.0000e0, 0.0000e0, 0.0000e0, 0.0000e0, 2.9787e4, 0.0000e0, 3.0343e4, 0.0000e0, 2.9920e4
  dy₀/dt = V 0.0000e0, 0.0000e0, 0.0000e0, 2.9787e4, 0.0000e0, 3.0343e4, 0.0000e0, 2.9920e4, 3.100e-9, 0.0000e0,-5.866e-3, 0.0000e0,-6.307e-3, 0.0000e0,-1.5121e0, 0.0000e0


Time: 0.0000e0(hours), Distance to sun: 1.0027e0(AU), System energy: 4.6511e2(PPJ)
Sun  loc:-1.0027e0, 0.0000e0(AU); rv: 0.0000e0, 0.0000e0(kph); av: 0.0000e0,-3.8603e5(kph); os: 0.0000e0(kph); or: 0.0000e0(AU); 
Earthloc: 0.0000e0, 0.0000e0(AU); rv: 0.0000e0, 1.0723e5(kph); av: 0.0000e0, 0.0000e0(kph); os: 1.0723e5(kph); or: 1.0027e0(AU); 
Moon loc: 2.574e-3, 0.0000e0(AU); rv: 0.0000e0, 2.0047e3(kph); av: 0.0000e0, 7.2169e3(kph); os: 2.0047e3(kph); or: 2.574e-3(AU); 
Ap8CMloc: 4.387e-5, 0.0000e0(AU); rv: 0.0000e0, 4.7996e2(kph); av: 0.0000e0, 1.7279e3(kph); os: 4.7996e2(kph); or: 4.387e-5(AU); 
Time: 1.0000e0(hours), Distance to sun: 1.0027e0(AU), System energy: 4.6511e2(PPJ)
Sun  loc:-1.0027e0,-7.168e-4(AU); rv: 0.0000e0, 0.0000e0(kph); av: 2.7369e2,-3.8603e5(kph); os: 0.0000e0(kph); or: 0.0000e0(AU); 
Earthloc: 0.0000e0, 0.0000e0(AU); rv:-7.6025e1, 1.0723e5(kph); av: 0.0000e0, 0.0000e0(kph); os: 1.0723e5(kph); or: 1.0027e0(AU); 
Moon loc: 2.574e-3, 1.340e-5(AU); rv:-5.7100e0, 2.0047e3(kph); av:-2.0556e1, 7.2168e3(kph); os: 2.0047e3(kph); or: 2.574e-3(AU); 
Ap8CMloc:-7.110e-4,-2.841e-4(AU); rv:-3.5092e5,-1.4194e5(kph); av:-1.2633e6,-5.1100e5(kph); os: 3.7854e5(kph); or: 7.657e-4(AU); 
Time: 2.0000e0(hours), Distance to sun: 1.0027e0(AU), System energy: 4.6511e2(PPJ)
Sun  loc:-1.0027e0,-1.434e-3(AU); rv: 0.0000e0, 0.0000e0(kph); av: 5.4738e2,-3.8603e5(kph); os: 0.0000e0(kph); or: 0.0000e0(AU); 
Earthloc: 0.0000e0, 0.0000e0(AU); rv:-1.5205e2, 1.0723e5(kph); av: 0.0000e0, 0.0000e0(kph); os: 1.0723e5(kph); or: 1.0027e0(AU); 
Moon loc: 2.573e-3, 2.680e-5(AU); rv:-1.1420e1, 2.0046e3(kph); av:-4.1111e1, 7.2167e3(kph); os: 2.0047e3(kph); or: 2.574e-3(AU); 
Ap8CMloc:-3.058e-3,-1.233e-3(AU); rv:-3.5090e5,-1.4194e5(kph); av:-1.2633e6,-5.1098e5(kph); os: 3.7852e5(kph); or: 3.297e-3(AU); 
Time: 3.0000e0(hours), Distance to sun: 1.0027e0(AU), System energy: 4.6511e2(PPJ)
Sun  loc:-1.0027e0,-2.150e-3(AU); rv: 0.0000e0, 0.0000e0(kph); av: 8.2107e2,-3.8603e5(kph); os: 0.0000e0(kph); or: 0.0000e0(AU); 
Earthloc: 0.0000e0, 0.0000e0(AU); rv:-2.2808e2, 1.0723e5(kph); av: 0.0000e0, 0.0000e0(kph); os: 1.0723e5(kph); or: 1.0027e0(AU); 
Moon loc: 2.573e-3, 4.020e-5(AU); rv:-1.7129e1, 2.0045e3(kph); av:-6.1664e1, 7.2164e3(kph); os: 2.0046e3(kph); or: 2.574e-3(AU); 
Ap8CMloc:-5.403e-3,-2.182e-3(AU); rv:-3.5090e5,-1.4194e5(kph); av:-1.2633e6,-5.1098e5(kph); os: 3.7852e5(kph); or: 5.827e-3(AU); 
Time: 4.0000e0(hours), Distance to sun: 1.0027e0(AU), System energy: 4.6511e2(PPJ)
Sun  loc:-1.0027e0,-2.867e-3(AU); rv: 0.0000e0, 0.0000e0(kph); av: 1.0948e3,-3.8603e5(kph); os: 0.0000e0(kph); or: 0.0000e0(AU); 
Earthloc: 0.0000e0, 0.0000e0(AU); rv:-3.0410e2, 1.0723e5(kph); av: 0.0000e0, 0.0000e0(kph); os: 1.0723e5(kph); or: 1.0027e0(AU); 
Moon loc: 2.573e-3, 5.360e-5(AU); rv:-2.2837e1, 2.0044e3(kph); av:-8.2213e1, 7.2160e3(kph); os: 2.0046e3(kph); or: 2.574e-3(AU); 
Ap8CMloc:-7.749e-3,-3.130e-3(AU); rv:-3.5090e5,-1.4194e5(kph); av:-1.2633e6,-5.1097e5(kph); os: 3.7852e5(kph); or: 8.357e-3(AU); 
Time: 5.0000e0(hours), Distance to sun: 1.0027e0(AU), System energy: 4.6511e2(PPJ)
Sun  loc:-1.0027e0,-3.584e-3(AU); rv: 0.0000e0, 0.0000e0(kph); av: 1.3685e3,-3.8603e5(kph); os: 0.0000e0(kph); or: 0.0000e0(AU); 
Earthloc: 0.0000e0, 0.0000e0(AU); rv:-3.8013e2, 1.0723e5(kph); av: 0.0000e0, 0.0000e0(kph); os: 1.0723e5(kph); or: 1.0027e0(AU); 
Moon loc: 2.573e-3, 6.700e-5(AU); rv:-2.8544e1, 2.0043e3(kph); av:-1.0276e2, 7.2154e3(kph); os: 2.0045e3(kph); or: 2.574e-3(AU); 
Ap8CMloc:-1.009e-2,-4.079e-3(AU); rv:-3.5091e5,-1.4194e5(kph); av:-1.2633e6,-5.1097e5(kph); os: 3.7852e5(kph); or: 1.089e-2(AU); 
Time: 6.0000e0(hours), Distance to sun: 1.0027e0(AU), System energy: 4.6511e2(PPJ)
Sun  loc:-1.0027e0,-4.301e-3(AU); rv: 0.0000e0, 0.0000e0(kph); av: 1.6421e3,-3.8603e5(kph); os: 0.0000e0(kph); or: 0.0000e0(AU); 
Earthloc: 0.0000e0, 0.0000e0(AU); rv:-4.5615e2, 1.0723e5(kph); av: 0.0000e0, 0.0000e0(kph); os: 1.0723e5(kph); or: 1.0027e0(AU); 
Moon loc: 2.573e-3, 8.040e-5(AU); rv:-3.4249e1, 2.0041e3(kph); av:-1.2330e2, 7.2148e3(kph); os: 2.0044e3(kph); or: 2.574e-3(AU); 
Ap8CMloc:-1.244e-2,-5.028e-3(AU); rv:-3.5091e5,-1.4194e5(kph); av:-1.2633e6,-5.1097e5(kph); os: 3.7853e5(kph); or: 1.342e-2(AU); 
Time: 7.0000e0(hours), Distance to sun: 1.0027e0(AU), System energy: 4.6511e2(PPJ)
Sun  loc:-1.0027e0,-5.018e-3(AU); rv: 0.0000e0, 0.0000e0(kph); av: 1.9158e3,-3.8603e5(kph); os: 0.0000e0(kph); or: 0.0000e0(AU); 
Earthloc: 0.0000e0, 0.0000e0(AU); rv:-5.3218e2, 1.0723e5(kph); av: 0.0000e0, 0.0000e0(kph); os: 1.0723e5(kph); or: 1.0027e0(AU); 
Moon loc: 2.573e-3, 9.379e-5(AU); rv:-3.9953e1, 2.0039e3(kph); av:-1.4383e2, 7.2140e3(kph); os: 2.0043e3(kph); or: 2.574e-3(AU); 
Ap8CMloc:-1.479e-2,-5.977e-3(AU); rv:-3.5091e5,-1.4194e5(kph); av:-1.2633e6,-5.1097e5(kph); os: 3.7853e5(kph); or: 1.595e-2(AU); 
Time: 8.0000e0(hours), Distance to sun: 1.0027e0(AU), System energy: 4.6511e2(PPJ)
Sun  loc:-1.0027e0,-5.734e-3(AU); rv: 0.0000e0, 0.0000e0(kph); av: 2.1895e3,-3.8603e5(kph); os: 0.0000e0(kph); or: 0.0000e0(AU); 
Earthloc: 0.0000e0, 0.0000e0(AU); rv:-6.0820e2, 1.0723e5(kph); av: 0.0000e0, 0.0000e0(kph); os: 1.0723e5(kph); or: 1.0027e0(AU); 
Moon loc: 2.572e-3, 1.072e-4(AU); rv:-4.5654e1, 2.0037e3(kph); av:-1.6435e2, 7.2132e3(kph); os: 2.0042e3(kph); or: 2.575e-3(AU); 
Ap8CMloc:-1.713e-2,-6.926e-3(AU); rv:-3.5091e5,-1.4194e5(kph); av:-1.2633e6,-5.1097e5(kph); os: 3.7853e5(kph); or: 1.848e-2(AU); 
Time: 9.0000e0(hours), Distance to sun: 1.0027e0(AU), System energy: 4.6511e2(PPJ)
Sun  loc:-1.0027e0,-6.451e-3(AU); rv: 0.0000e0, 0.0000e0(kph); av: 2.4632e3,-3.8603e5(kph); os: 0.0000e0(kph); or: 0.0000e0(AU); 
Earthloc: 0.0000e0, 0.0000e0(AU); rv:-6.8423e2, 1.0723e5(kph); av: 0.0000e0, 0.0000e0(kph); os: 1.0723e5(kph); or: 1.0027e0(AU); 
Moon loc: 2.572e-3, 1.206e-4(AU); rv:-5.1352e1, 2.0034e3(kph); av:-1.8487e2, 7.2122e3(kph); os: 2.0040e3(kph); or: 2.575e-3(AU); 
Ap8CMloc:-1.948e-2,-7.874e-3(AU); rv:-3.5092e5,-1.4193e5(kph); av:-1.2633e6,-5.1097e5(kph); os: 3.7853e5(kph); or: 2.101e-2(AU); 
Time: 1.0000e1(hours), Distance to sun: 1.0027e0(AU), System energy: 4.6511e2(PPJ)
Sun  loc:-1.0027e0,-7.168e-3(AU); rv: 0.0000e0, 0.0000e0(kph); av: 2.7369e3,-3.8602e5(kph); os: 0.0000e0(kph); or: 0.0000e0(AU); 
Earthloc: 0.0000e0, 0.0000e0(AU); rv:-7.6025e2, 1.0723e5(kph); av: 0.0000e0, 0.0000e0(kph); os: 1.0723e5(kph); or: 1.0027e0(AU); 
Moon loc: 2.572e-3, 1.340e-4(AU); rv:-5.7048e1, 2.0031e3(kph); av:-2.0537e2, 7.2111e3(kph); os: 2.0039e3(kph); or: 2.575e-3(AU); 
Ap8CMloc:-2.182e-2,-8.823e-3(AU); rv:-3.5092e5,-1.4193e5(kph); av:-1.2633e6,-5.1096e5(kph); os: 3.7854e5(kph); or: 2.354e-2(AU); 
Time: 1.1000e1(hours), Distance to sun: 1.0027e0(AU), System energy: 4.6511e2(PPJ)
Sun  loc:-1.0027e0,-7.885e-3(AU); rv: 0.0000e0, 0.0000e0(kph); av: 3.0106e3,-3.8602e5(kph); os: 0.0000e0(kph); or: 0.0000e0(AU); 
Earthloc: 0.0000e0, 0.0000e0(AU); rv:-8.3627e2, 1.0723e5(kph); av: 0.0000e0, 0.0000e0(kph); os: 1.0723e5(kph); or: 1.0027e0(AU); 
Moon loc: 2.571e-3, 1.474e-4(AU); rv:-6.2741e1, 2.0027e3(kph); av:-2.2587e2, 7.2099e3(kph); os: 2.0037e3(kph); or: 2.575e-3(AU); 
Ap8CMloc:-2.417e-2,-9.772e-3(AU); rv:-3.5092e5,-1.4193e5(kph); av:-1.2633e6,-5.1096e5(kph); os: 3.7854e5(kph); or: 2.607e-2(AU); 
Time: 1.2000e1(hours), Distance to sun: 1.0027e0(AU), System energy: 4.6511e2(PPJ)
Sun  loc:-1.0027e0,-8.602e-3(AU); rv: 0.0000e0, 0.0000e0(kph); av: 3.2843e3,-3.8602e5(kph); os: 0.0000e0(kph); or: 0.0000e0(AU); 
Earthloc: 0.0000e0, 0.0000e0(AU); rv:-9.1230e2, 1.0723e5(kph); av: 0.0000e0, 0.0000e0(kph); os: 1.0723e5(kph); or: 1.0027e0(AU); 
Moon loc: 2.571e-3, 1.607e-4(AU); rv:-6.8431e1, 2.0024e3(kph); av:-2.4635e2, 7.2085e3(kph); os: 2.0035e3(kph); or: 2.576e-3(AU); 
Ap8CMloc:-2.651e-2,-1.072e-2(AU); rv:-3.5093e5,-1.4193e5(kph); av:-1.2633e6,-5.1096e5(kph); os: 3.7854e5(kph); or: 2.860e-2(AU); 
Time: 1.3000e1(hours), Distance to sun: 1.0027e0(AU), System energy: 4.6511e2(PPJ)
Sun  loc:-1.0026e0,-9.318e-3(AU); rv: 0.0000e0, 0.0000e0(kph); av: 3.5580e3,-3.8602e5(kph); os: 0.0000e0(kph); or: 0.0000e0(AU); 
Earthloc: 0.0000e0, 0.0000e0(AU); rv:-9.8832e2, 1.0723e5(kph); av: 0.0000e0, 0.0000e0(kph); os: 1.0723e5(kph); or: 1.0027e0(AU); 
Moon loc: 2.570e-3, 1.741e-4(AU); rv:-7.4116e1, 2.0020e3(kph); av:-2.6682e2, 7.2071e3(kph); os: 2.0033e3(kph); or: 2.576e-3(AU); 
Ap8CMloc:-2.886e-2,-1.167e-2(AU); rv:-3.5093e5,-1.4193e5(kph); av:-1.2634e6,-5.1095e5(kph); os: 3.7855e5(kph); or: 3.113e-2(AU); 
Time: 1.4000e1(hours), Distance to sun: 1.0027e0(AU), System energy: 4.6511e2(PPJ)
Sun  loc:-1.0026e0,-1.004e-2(AU); rv: 0.0000e0, 0.0000e0(kph); av: 3.8316e3,-3.8602e5(kph); os: 0.0000e0(kph); or: 0.0000e0(AU); 
Earthloc: 0.0000e0, 0.0000e0(AU); rv:-1.0643e3, 1.0723e5(kph); av: 0.0000e0, 0.0000e0(kph); os: 1.0723e5(kph); or: 1.0027e0(AU); 
Moon loc: 2.570e-3, 1.875e-4(AU); rv:-7.9798e1, 2.0015e3(kph); av:-2.8727e2, 7.2055e3(kph); os: 2.0031e3(kph); or: 2.577e-3(AU); 
Ap8CMloc:-3.121e-2,-1.262e-2(AU); rv:-3.5094e5,-1.4193e5(kph); av:-1.2634e6,-5.1095e5(kph); os: 3.7855e5(kph); or: 3.366e-2(AU); 
Time: 1.5000e1(hours), Distance to sun: 1.0027e0(AU), System energy: 4.6511e2(PPJ)
Sun  loc:-1.0026e0,-1.075e-2(AU); rv: 0.0000e0, 0.0000e0(kph); av: 4.1053e3,-3.8601e5(kph); os: 0.0000e0(kph); or: 0.0000e0(AU); 
Earthloc: 0.0000e0, 0.0000e0(AU); rv:-1.1404e3, 1.0723e5(kph); av: 0.0000e0, 0.0000e0(kph); os: 1.0723e5(kph); or: 1.0027e0(AU); 
Moon loc: 2.569e-3, 2.009e-4(AU); rv:-8.5475e1, 2.0011e3(kph); av:-3.0771e2, 7.2038e3(kph); os: 2.0029e3(kph); or: 2.577e-3(AU); 
Ap8CMloc:-3.355e-2,-1.357e-2(AU); rv:-3.5094e5,-1.4193e5(kph); av:-1.2634e6,-5.1095e5(kph); os: 3.7856e5(kph); or: 3.619e-2(AU); 
Time: 1.6000e1(hours), Distance to sun: 1.0027e0(AU), System energy: 4.6511e2(PPJ)
Sun  loc:-1.0026e0,-1.147e-2(AU); rv: 0.0000e0, 0.0000e0(kph); av: 4.3790e3,-3.8601e5(kph); os: 0.0000e0(kph); or: 0.0000e0(AU); 
Earthloc: 0.0000e0, 0.0000e0(AU); rv:-1.2164e3, 1.0723e5(kph); av: 0.0000e0, 0.0000e0(kph); os: 1.0723e5(kph); or: 1.0027e0(AU); 
Moon loc: 2.569e-3, 2.143e-4(AU); rv:-9.1148e1, 2.0006e3(kph); av:-3.2813e2, 7.2020e3(kph); os: 2.0026e3(kph); or: 2.578e-3(AU); 
Ap8CMloc:-3.590e-2,-1.452e-2(AU); rv:-3.5095e5,-1.4193e5(kph); av:-1.2634e6,-5.1094e5(kph); os: 3.7856e5(kph); or: 3.872e-2(AU); 
Time: 1.7000e1(hours), Distance to sun: 1.0027e0(AU), System energy: 4.6511e2(PPJ)
Sun  loc:-1.0026e0,-1.219e-2(AU); rv: 0.0000e0, 0.0000e0(kph); av: 4.6527e3,-3.8601e5(kph); os: 0.0000e0(kph); or: 0.0000e0(AU); 
Earthloc: 0.0000e0, 0.0000e0(AU); rv:-1.2924e3, 1.0722e5(kph); av: 0.0000e0, 0.0000e0(kph); os: 1.0723e5(kph); or: 1.0027e0(AU); 
Moon loc: 2.568e-3, 2.276e-4(AU); rv:-9.6815e1, 2.0000e3(kph); av:-3.4854e2, 7.2001e3(kph); os: 2.0024e3(kph); or: 2.578e-3(AU); 
Ap8CMloc:-3.824e-2,-1.546e-2(AU); rv:-3.5096e5,-1.4193e5(kph); av:-1.2634e6,-5.1094e5(kph); os: 3.7857e5(kph); or: 4.125e-2(AU); 
Time: 1.8000e1(hours), Distance to sun: 1.0027e0(AU), System energy: 4.6511e2(PPJ)
Sun  loc:-1.0026e0,-1.290e-2(AU); rv: 0.0000e0, 0.0000e0(kph); av: 4.9264e3,-3.8600e5(kph); os: 0.0000e0(kph); or: 0.0000e0(AU); 
Earthloc: 0.0000e0, 0.0000e0(AU); rv:-1.3684e3, 1.0722e5(kph); av: 0.0000e0, 0.0000e0(kph); os: 1.0723e5(kph); or: 1.0027e0(AU); 
Moon loc: 2.567e-3, 2.410e-4(AU); rv:-1.0248e2, 1.9995e3(kph); av:-3.6892e2, 7.1981e3(kph); os: 2.0021e3(kph); or: 2.579e-3(AU); 
Ap8CMloc:-4.059e-2,-1.641e-2(AU); rv:-3.5096e5,-1.4193e5(kph); av:-1.2635e6,-5.1094e5(kph); os: 3.7857e5(kph); or: 4.378e-2(AU); 
Time: 1.9000e1(hours), Distance to sun: 1.0027e0(AU), System energy: 4.6511e2(PPJ)
Sun  loc:-1.0026e0,-1.362e-2(AU); rv: 0.0000e0, 0.0000e0(kph); av: 5.2001e3,-3.8600e5(kph); os: 0.0000e0(kph); or: 0.0000e0(AU); 
Earthloc: 0.0000e0, 0.0000e0(AU); rv:-1.4445e3, 1.0722e5(kph); av: 0.0000e0, 0.0000e0(kph); os: 1.0723e5(kph); or: 1.0027e0(AU); 
Moon loc: 2.567e-3, 2.544e-4(AU); rv:-1.0813e2, 1.9989e3(kph); av:-3.8928e2, 7.1959e3(kph); os: 2.0018e3(kph); or: 2.579e-3(AU); 
Ap8CMloc:-4.294e-2,-1.736e-2(AU); rv:-3.5097e5,-1.4193e5(kph); av:-1.2635e6,-5.1093e5(kph); os: 3.7858e5(kph); or: 4.631e-2(AU); 
Time: 2.0000e1(hours), Distance to sun: 1.0027e0(AU), System energy: 4.6511e2(PPJ)
Sun  loc:-1.0026e0,-1.434e-2(AU); rv: 0.0000e0, 0.0000e0(kph); av: 5.4737e3,-3.8600e5(kph); os: 0.0000e0(kph); or: 0.0000e0(AU); 
Earthloc: 0.0000e0, 0.0000e0(AU); rv:-1.5205e3, 1.0722e5(kph); av: 0.0000e0, 0.0000e0(kph); os: 1.0723e5(kph); or: 1.0027e0(AU); 
Moon loc: 2.566e-3, 2.677e-4(AU); rv:-1.1379e2, 1.9982e3(kph); av:-4.0963e2, 7.1937e3(kph); os: 2.0015e3(kph); or: 2.580e-3(AU); 
Ap8CMloc:-4.528e-2,-1.831e-2(AU); rv:-3.5098e5,-1.4192e5(kph); av:-1.2635e6,-5.1093e5(kph); os: 3.7859e5(kph); or: 4.884e-2(AU); 
Time: 2.1000e1(hours), Distance to sun: 1.0027e0(AU), System energy: 4.6511e2(PPJ)
Sun  loc:-1.0026e0,-1.505e-2(AU); rv: 0.0000e0, 0.0000e0(kph); av: 5.7474e3,-3.8599e5(kph); os: 0.0000e0(kph); or: 0.0000e0(AU); 
Earthloc: 0.0000e0, 0.0000e0(AU); rv:-1.5965e3, 1.0722e5(kph); av: 0.0000e0, 0.0000e0(kph); os: 1.0723e5(kph); or: 1.0027e0(AU); 
Moon loc: 2.565e-3, 2.811e-4(AU); rv:-1.1943e2, 1.9976e3(kph); av:-4.2995e2, 7.1913e3(kph); os: 2.0012e3(kph); or: 2.581e-3(AU); 
Ap8CMloc:-4.763e-2,-1.926e-2(AU); rv:-3.5099e5,-1.4192e5(kph); av:-1.2635e6,-5.1092e5(kph); os: 3.7859e5(kph); or: 5.138e-2(AU); 
Time: 2.2000e1(hours), Distance to sun: 1.0027e0(AU), System energy: 4.6511e2(PPJ)
Sun  loc:-1.0026e0,-1.577e-2(AU); rv: 0.0000e0, 0.0000e0(kph); av: 6.0211e3,-3.8599e5(kph); os: 0.0000e0(kph); or: 0.0000e0(AU); 
Earthloc: 0.0000e0, 0.0000e0(AU); rv:-1.6725e3, 1.0722e5(kph); av: 0.0000e0, 0.0000e0(kph); os: 1.0723e5(kph); or: 1.0027e0(AU); 
Moon loc: 2.564e-3, 2.944e-4(AU); rv:-1.2507e2, 1.9969e3(kph); av:-4.5025e2, 7.1888e3(kph); os: 2.0008e3(kph); or: 2.581e-3(AU); 
Ap8CMloc:-4.997e-2,-2.021e-2(AU); rv:-3.5099e5,-1.4192e5(kph); av:-1.2636e6,-5.1092e5(kph); os: 3.7860e5(kph); or: 5.391e-2(AU); 
Time: 2.3000e1(hours), Distance to sun: 1.0027e0(AU), System energy: 4.6511e2(PPJ)
Sun  loc:-1.0026e0,-1.649e-2(AU); rv: 0.0000e0, 0.0000e0(kph); av: 6.2948e3,-3.8598e5(kph); os: 0.0000e0(kph); or: 0.0000e0(AU); 
Earthloc: 0.0000e0, 0.0000e0(AU); rv:-1.7485e3, 1.0722e5(kph); av: 0.0000e0, 0.0000e0(kph); os: 1.0723e5(kph); or: 1.0027e0(AU); 
Moon loc: 2.563e-3, 3.078e-4(AU); rv:-1.3070e2, 1.9962e3(kph); av:-4.7052e2, 7.1862e3(kph); os: 2.0005e3(kph); or: 2.582e-3(AU); 
Ap8CMloc:-5.232e-2,-2.116e-2(AU); rv:-3.5100e5,-1.4192e5(kph); av:-1.2636e6,-5.1091e5(kph); os: 3.7861e5(kph); or: 5.644e-2(AU); 
Time: 2.4000e1(hours), Distance to sun: 1.0027e0(AU), System energy: 4.6511e2(PPJ)
Sun  loc:-1.0025e0,-1.720e-2(AU); rv: 0.0000e0, 0.0000e0(kph); av: 6.5684e3,-3.8598e5(kph); os: 0.0000e0(kph); or: 0.0000e0(AU); 
Earthloc: 0.0000e0, 0.0000e0(AU); rv:-1.8246e3, 1.0722e5(kph); av: 0.0000e0, 0.0000e0(kph); os: 1.0723e5(kph); or: 1.0027e0(AU); 
Moon loc: 2.563e-3, 3.211e-4(AU); rv:-1.3632e2, 1.9954e3(kph); av:-4.9077e2, 7.1835e3(kph); os: 2.0001e3(kph); or: 2.583e-3(AU); 
Ap8CMloc:-5.467e-2,-2.211e-2(AU); rv:-3.5101e5,-1.4192e5(kph); av:-1.2636e6,-5.1090e5(kph); os: 3.7862e5(kph); or: 5.897e-2(AU); 
Time: 2.5000e1(hours), Distance to sun: 1.0027e0(AU), System energy: 4.6511e2(PPJ)
Sun  loc:-1.0025e0,-1.792e-2(AU); rv: 0.0000e0, 0.0000e0(kph); av: 6.8421e3,-3.8598e5(kph); os: 0.0000e0(kph); or: 0.0000e0(AU); 
Earthloc: 0.0000e0, 0.0000e0(AU); rv:-1.9006e3, 1.0722e5(kph); av: 0.0000e0, 0.0000e0(kph); os: 1.0723e5(kph); or: 1.0027e0(AU); 
Moon loc: 2.562e-3, 3.345e-4(AU); rv:-1.4194e2, 1.9946e3(kph); av:-5.1099e2, 7.1807e3(kph); os: 1.9997e3(kph); or: 2.583e-3(AU); 
Ap8CMloc:-5.701e-2,-2.305e-2(AU); rv:-3.5102e5,-1.4192e5(kph); av:-1.2637e6,-5.1090e5(kph); os: 3.7862e5(kph); or: 6.150e-2(AU); 
Time: 2.6000e1(hours), Distance to sun: 1.0027e0(AU), System energy: 4.6511e2(PPJ)
Sun  loc:-1.0025e0,-1.864e-2(AU); rv: 0.0000e0, 0.0000e0(kph); av: 7.1158e3,-3.8597e5(kph); os: 0.0000e0(kph); or: 0.0000e0(AU); 
Earthloc: 0.0000e0, 0.0000e0(AU); rv:-1.9766e3, 1.0721e5(kph); av: 0.0000e0, 0.0000e0(kph); os: 1.0723e5(kph); or: 1.0027e0(AU); 
Moon loc: 2.561e-3, 3.478e-4(AU); rv:-1.4755e2, 1.9938e3(kph); av:-5.3118e2, 7.1778e3(kph); os: 1.9993e3(kph); or: 2.584e-3(AU); 
Ap8CMloc:-5.936e-2,-2.400e-2(AU); rv:-3.5103e5,-1.4191e5(kph); av:-1.2637e6,-5.1089e5(kph); os: 3.7863e5(kph); or: 6.403e-2(AU); 
Time: 2.7000e1(hours), Distance to sun: 1.0027e0(AU), System energy: 4.6511e2(PPJ)
Sun  loc:-1.0025e0,-1.935e-2(AU); rv: 0.0000e0, 0.0000e0(kph); av: 7.3895e3,-3.8597e5(kph); os: 0.0000e0(kph); or: 0.0000e0(AU); 
Earthloc: 0.0000e0, 0.0000e0(AU); rv:-2.0526e3, 1.0721e5(kph); av: 0.0000e0, 0.0000e0(kph); os: 1.0723e5(kph); or: 1.0027e0(AU); 
Moon loc: 2.560e-3, 3.611e-4(AU); rv:-1.5315e2, 1.9930e3(kph); av:-5.5135e2, 7.1747e3(kph); os: 1.9989e3(kph); or: 2.585e-3(AU); 
Ap8CMloc:-6.171e-2,-2.495e-2(AU); rv:-3.5104e5,-1.4191e5(kph); av:-1.2638e6,-5.1088e5(kph); os: 3.7864e5(kph); or: 6.656e-2(AU); 
Time: 2.8000e1(hours), Distance to sun: 1.0027e0(AU), System energy: 4.6511e2(PPJ)
Sun  loc:-1.0025e0,-2.007e-2(AU); rv: 0.0000e0, 0.0000e0(kph); av: 7.6631e3,-3.8596e5(kph); os: 0.0000e0(kph); or: 0.0000e0(AU); 
Earthloc: 0.0000e0, 0.0000e0(AU); rv:-2.1286e3, 1.0721e5(kph); av: 0.0000e0, 0.0000e0(kph); os: 1.0723e5(kph); or: 1.0027e0(AU); 
Moon loc: 2.559e-3, 3.744e-4(AU); rv:-1.5875e2, 1.9921e3(kph); av:-5.7148e2, 7.1716e3(kph); os: 1.9984e3(kph); or: 2.586e-3(AU); 
Ap8CMloc:-6.405e-2,-2.590e-2(AU); rv:-3.5105e5,-1.4191e5(kph); av:-1.2638e6,-5.1088e5(kph); os: 3.7865e5(kph); or: 6.909e-2(AU); 
Time: 2.9000e1(hours), Distance to sun: 1.0027e0(AU), System energy: 4.6511e2(PPJ)
Sun  loc:-1.0025e0,-2.079e-2(AU); rv: 0.0000e0, 0.0000e0(kph); av: 7.9368e3,-3.8595e5(kph); os: 0.0000e0(kph); or: 0.0000e0(AU); 
Earthloc: 0.0000e0, 0.0000e0(AU); rv:-2.2047e3, 1.0721e5(kph); av: 0.0000e0, 0.0000e0(kph); os: 1.0723e5(kph); or: 1.0027e0(AU); 
Moon loc: 2.558e-3, 3.877e-4(AU); rv:-1.6433e2, 1.9912e3(kph); av:-5.9159e2, 7.1683e3(kph); os: 1.9980e3(kph); or: 2.587e-3(AU); 
Ap8CMloc:-6.640e-2,-2.685e-2(AU); rv:-3.5107e5,-1.4191e5(kph); av:-1.2638e6,-5.1087e5(kph); os: 3.7866e5(kph); or: 7.162e-2(AU); 
Time: 3.0000e1(hours), Distance to sun: 1.0027e0(AU), System energy: 4.6511e2(PPJ)
Sun  loc:-1.0025e0,-2.150e-2(AU); rv: 0.0000e0, 0.0000e0(kph); av: 8.2104e3,-3.8595e5(kph); os: 0.0000e0(kph); or: 0.0000e0(AU); 
Earthloc: 0.0000e0, 0.0000e0(AU); rv:-2.2807e3, 1.0721e5(kph); av: 0.0000e0, 0.0000e0(kph); os: 1.0723e5(kph); or: 1.0027e0(AU); 
Moon loc: 2.556e-3, 4.010e-4(AU); rv:-1.6991e2, 1.9903e3(kph); av:-6.1166e2, 7.1649e3(kph); os: 1.9975e3(kph); or: 2.588e-3(AU); 
Ap8CMloc:-6.875e-2,-2.780e-2(AU); rv:-3.5108e5,-1.4191e5(kph); av:-1.2639e6,-5.1086e5(kph); os: 3.7867e5(kph); or: 7.415e-2(AU); 
Time: 3.1000e1(hours), Distance to sun: 1.0027e0(AU), System energy: 4.6511e2(PPJ)
Sun  loc:-1.0024e0,-2.222e-2(AU); rv: 0.0000e0, 0.0000e0(kph); av: 8.4841e3,-3.8594e5(kph); os: 0.0000e0(kph); or: 0.0000e0(AU); 
Earthloc: 0.0000e0, 0.0000e0(AU); rv:-2.3567e3, 1.0721e5(kph); av: 0.0000e0, 0.0000e0(kph); os: 1.0723e5(kph); or: 1.0027e0(AU); 
Moon loc: 2.555e-3, 4.143e-4(AU); rv:-1.7547e2, 1.9893e3(kph); av:-6.3170e2, 7.1615e3(kph); os: 1.9970e3(kph); or: 2.589e-3(AU); 
Ap8CMloc:-7.109e-2,-2.875e-2(AU); rv:-3.5109e5,-1.4190e5(kph); av:-1.2639e6,-5.1085e5(kph); os: 3.7868e5(kph); or: 7.669e-2(AU); 
Time: 3.2000e1(hours), Distance to sun: 1.0027e0(AU), System energy: 4.6511e2(PPJ)
Sun  loc:-1.0024e0,-2.294e-2(AU); rv: 0.0000e0, 0.0000e0(kph); av: 8.7578e3,-3.8594e5(kph); os: 0.0000e0(kph); or: 0.0000e0(AU); 
Earthloc: 0.0000e0, 0.0000e0(AU); rv:-2.4327e3, 1.0720e5(kph); av: 0.0000e0, 0.0000e0(kph); os: 1.0723e5(kph); or: 1.0027e0(AU); 
Moon loc: 2.554e-3, 4.276e-4(AU); rv:-1.8103e2, 1.9883e3(kph); av:-6.5171e2, 7.1579e3(kph); os: 1.9965e3(kph); or: 2.590e-3(AU); 
Ap8CMloc:-7.344e-2,-2.969e-2(AU); rv:-3.5110e5,-1.4190e5(kph); av:-1.2640e6,-5.1085e5(kph); os: 3.7869e5(kph); or: 7.922e-2(AU); 
Time: 3.3000e1(hours), Distance to sun: 1.0027e0(AU), System energy: 4.6511e2(PPJ)
Sun  loc:-1.0024e0,-2.365e-2(AU); rv: 0.0000e0, 0.0000e0(kph); av: 9.0314e3,-3.8593e5(kph); os: 0.0000e0(kph); or: 0.0000e0(AU); 
Earthloc: 0.0000e0, 0.0000e0(AU); rv:-2.5087e3, 1.0720e5(kph); av: 0.0000e0, 0.0000e0(kph); os: 1.0723e5(kph); or: 1.0027e0(AU); 
Moon loc: 2.553e-3, 4.409e-4(AU); rv:-1.8658e2, 1.9873e3(kph); av:-6.7168e2, 7.1542e3(kph); os: 1.9960e3(kph); or: 2.591e-3(AU); 
Ap8CMloc:-7.579e-2,-3.064e-2(AU); rv:-3.5112e5,-1.4190e5(kph); av:-1.2640e6,-5.1084e5(kph); os: 3.7870e5(kph); or: 8.175e-2(AU); 
Time: 3.4000e1(hours), Distance to sun: 1.0027e0(AU), System energy: 4.6511e2(PPJ)
Sun  loc:-1.0024e0,-2.437e-2(AU); rv: 0.0000e0, 0.0000e0(kph); av: 9.3051e3,-3.8593e5(kph); os: 0.0000e0(kph); or: 0.0000e0(AU); 
Earthloc: 0.0000e0, 0.0000e0(AU); rv:-2.5847e3, 1.0720e5(kph); av: 0.0000e0, 0.0000e0(kph); os: 1.0723e5(kph); or: 1.0027e0(AU); 
Moon loc: 2.552e-3, 4.542e-4(AU); rv:-1.9212e2, 1.9862e3(kph); av:-6.9162e2, 7.1503e3(kph); os: 1.9955e3(kph); or: 2.592e-3(AU); 
Ap8CMloc:-7.813e-2,-3.159e-2(AU); rv:-3.5113e5,-1.4190e5(kph); av:-1.2641e6,-5.1083e5(kph); os: 3.7872e5(kph); or: 8.428e-2(AU); 
Time: 3.5000e1(hours), Distance to sun: 1.0027e0(AU), System energy: 4.6511e2(PPJ)
Sun  loc:-1.0024e0,-2.509e-2(AU); rv: 0.0000e0, 0.0000e0(kph); av: 9.5787e3,-3.8592e5(kph); os: 0.0000e0(kph); or: 0.0000e0(AU); 
Earthloc: 0.0000e0, 0.0000e0(AU); rv:-2.6608e3, 1.0720e5(kph); av: 0.0000e0, 0.0000e0(kph); os: 1.0723e5(kph); or: 1.0027e0(AU); 
Moon loc: 2.550e-3, 4.675e-4(AU); rv:-1.9764e2, 1.9851e3(kph); av:-7.1152e2, 7.1464e3(kph); os: 1.9949e3(kph); or: 2.593e-3(AU); 
Ap8CMloc:-8.048e-2,-3.254e-2(AU); rv:-3.5114e5,-1.4189e5(kph); av:-1.2641e6,-5.1082e5(kph); os: 3.7873e5(kph); or: 8.681e-2(AU); 
Time: 3.6000e1(hours), Distance to sun: 1.0027e0(AU), System energy: 4.6511e2(PPJ)
Sun  loc:-1.0024e0,-2.580e-2(AU); rv: 0.0000e0, 0.0000e0(kph); av: 9.8524e3,-3.8591e5(kph); os: 0.0000e0(kph); or: 0.0000e0(AU); 
Earthloc: 0.0000e0, 0.0000e0(AU); rv:-2.7368e3, 1.0720e5(kph); av: 0.0000e0, 0.0000e0(kph); os: 1.0723e5(kph); or: 1.0027e0(AU); 
Moon loc: 2.549e-3, 4.808e-4(AU); rv:-2.0316e2, 1.9840e3(kph); av:-7.3138e2, 7.1424e3(kph); os: 1.9944e3(kph); or: 2.594e-3(AU); 
Ap8CMloc:-8.283e-2,-3.349e-2(AU); rv:-3.5116e5,-1.4189e5(kph); av:-1.2642e6,-5.1081e5(kph); os: 3.7874e5(kph); or: 8.934e-2(AU); 
Time: 3.7000e1(hours), Distance to sun: 1.0027e0(AU), System energy: 4.6511e2(PPJ)
Sun  loc:-1.0023e0,-2.652e-2(AU); rv: 0.0000e0, 0.0000e0(kph); av: 1.0126e4,-3.8591e5(kph); os: 0.0000e0(kph); or: 0.0000e0(AU); 
Earthloc: 0.0000e0, 0.0000e0(AU); rv:-2.8128e3, 1.0720e5(kph); av: 0.0000e0, 0.0000e0(kph); os: 1.0723e5(kph); or: 1.0027e0(AU); 
Moon loc: 2.548e-3, 4.940e-4(AU); rv:-2.0867e2, 1.9828e3(kph); av:-7.5120e2, 7.1383e3(kph); os: 1.9938e3(kph); or: 2.595e-3(AU); 
Ap8CMloc:-8.518e-2,-3.444e-2(AU); rv:-3.5117e5,-1.4189e5(kph); av:-1.2642e6,-5.1080e5(kph); os: 3.7875e5(kph); or: 9.187e-2(AU); 
Time: 3.8000e1(hours), Distance to sun: 1.0027e0(AU), System energy: 4.6511e2(PPJ)
Sun  loc:-1.0023e0,-2.724e-2(AU); rv: 0.0000e0, 0.0000e0(kph); av: 1.0400e4,-3.8590e5(kph); os: 0.0000e0(kph); or: 0.0000e0(AU); 
Earthloc: 0.0000e0, 0.0000e0(AU); rv:-2.8888e3, 1.0719e5(kph); av: 0.0000e0, 0.0000e0(kph); os: 1.0723e5(kph); or: 1.0027e0(AU); 
Moon loc: 2.546e-3, 5.073e-4(AU); rv:-2.1416e2, 1.9817e3(kph); av:-7.7099e2, 7.1340e3(kph); os: 1.9932e3(kph); or: 2.596e-3(AU); 
Ap8CMloc:-8.752e-2,-3.539e-2(AU); rv:-3.5119e5,-1.4189e5(kph); av:-1.2643e6,-5.1079e5(kph); os: 3.7877e5(kph); or: 9.441e-2(AU); 
Time: 3.9000e1(hours), Distance to sun: 1.0027e0(AU), System energy: 4.6511e2(PPJ)
Sun  loc:-1.0023e0,-2.795e-2(AU); rv: 0.0000e0, 0.0000e0(kph); av: 1.0673e4,-3.8589e5(kph); os: 0.0000e0(kph); or: 0.0000e0(AU); 
Earthloc: 0.0000e0, 0.0000e0(AU); rv:-2.9648e3, 1.0719e5(kph); av: 0.0000e0, 0.0000e0(kph); os: 1.0723e5(kph); or: 1.0027e0(AU); 
Moon loc: 2.545e-3, 5.205e-4(AU); rv:-2.1965e2, 1.9805e3(kph); av:-7.9073e2, 7.1297e3(kph); os: 1.9926e3(kph); or: 2.597e-3(AU); 
Ap8CMloc:-8.987e-2,-3.633e-2(AU); rv:-3.5120e5,-1.4188e5(kph); av:-1.2643e6,-5.1078e5(kph); os: 3.7878e5(kph); or: 9.694e-2(AU); 
Time: 4.0000e1(hours), Distance to sun: 1.0027e0(AU), System energy: 4.6511e2(PPJ)
Sun  loc:-1.0023e0,-2.867e-2(AU); rv: 0.0000e0, 0.0000e0(kph); av: 1.0947e4,-3.8588e5(kph); os: 0.0000e0(kph); or: 0.0000e0(AU); 
Earthloc: 0.0000e0, 0.0000e0(AU); rv:-3.0408e3, 1.0719e5(kph); av: 0.0000e0, 0.0000e0(kph); os: 1.0723e5(kph); or: 1.0027e0(AU); 
Moon loc: 2.543e-3, 5.337e-4(AU); rv:-2.2512e2, 1.9792e3(kph); av:-8.1043e2, 7.1252e3(kph); os: 1.9920e3(kph); or: 2.599e-3(AU); 
Ap8CMloc:-9.222e-2,-3.728e-2(AU); rv:-3.5122e5,-1.4188e5(kph); av:-1.2644e6,-5.1077e5(kph); os: 3.7880e5(kph); or: 9.947e-2(AU); 
Time: 4.1000e1(hours), Distance to sun: 1.0027e0(AU), System energy: 4.6511e2(PPJ)
Sun  loc:-1.0023e0,-2.938e-2(AU); rv: 0.0000e0, 0.0000e0(kph); av: 1.1221e4,-3.8588e5(kph); os: 0.0000e0(kph); or: 0.0000e0(AU); 
Earthloc: 0.0000e0, 0.0000e0(AU); rv:-3.1168e3, 1.0719e5(kph); av: 0.0000e0, 0.0000e0(kph); os: 1.0723e5(kph); or: 1.0027e0(AU); 
Moon loc: 2.542e-3, 5.470e-4(AU); rv:-2.3058e2, 1.9780e3(kph); av:-8.3009e2, 7.1206e3(kph); os: 1.9914e3(kph); or: 2.600e-3(AU); 
Ap8CMloc:-9.457e-2,-3.823e-2(AU); rv:-3.5124e5,-1.4188e5(kph); av:-1.2645e6,-5.1076e5(kph); os: 3.7881e5(kph); or: 1.020e-1(AU); 
Time: 4.2000e1(hours), Distance to sun: 1.0027e0(AU), System energy: 4.6511e2(PPJ)
Sun  loc:-1.0022e0,-3.010e-2(AU); rv: 0.0000e0, 0.0000e0(kph); av: 1.1494e4,-3.8587e5(kph); os: 0.0000e0(kph); or: 0.0000e0(AU); 
Earthloc: 0.0000e0, 0.0000e0(AU); rv:-3.1928e3, 1.0719e5(kph); av: 0.0000e0, 0.0000e0(kph); os: 1.0723e5(kph); or: 1.0027e0(AU); 
Moon loc: 2.540e-3, 5.602e-4(AU); rv:-2.3603e2, 1.9767e3(kph); av:-8.4971e2, 7.1160e3(kph); os: 1.9907e3(kph); or: 2.601e-3(AU); 
Ap8CMloc:-9.692e-2,-3.918e-2(AU); rv:-3.5126e5,-1.4187e5(kph); av:-1.2645e6,-5.1075e5(kph); os: 3.7883e5(kph); or: 1.045e-1(AU); 
Time: 4.3000e1(hours), Distance to sun: 1.0027e0(AU), System energy: 4.6511e2(PPJ)
Sun  loc:-1.0022e0,-3.082e-2(AU); rv: 0.0000e0, 0.0000e0(kph); av: 1.1768e4,-3.8586e5(kph); os: 0.0000e0(kph); or: 0.0000e0(AU); 
Earthloc: 0.0000e0, 0.0000e0(AU); rv:-3.2689e3, 1.0718e5(kph); av: 0.0000e0, 0.0000e0(kph); os: 1.0723e5(kph); or: 1.0027e0(AU); 
Moon loc: 2.539e-3, 5.734e-4(AU); rv:-2.4147e2, 1.9753e3(kph); av:-8.6928e2, 7.1112e3(kph); os: 1.9900e3(kph); or: 2.603e-3(AU); 
Ap8CMloc:-9.926e-2,-4.013e-2(AU); rv:-3.5127e5,-1.4187e5(kph); av:-1.2646e6,-5.1074e5(kph); os: 3.7884e5(kph); or: 1.071e-1(AU); 
Time: 4.4000e1(hours), Distance to sun: 1.0027e0(AU), System energy: 4.6511e2(PPJ)
Sun  loc:-1.0022e0,-3.153e-2(AU); rv: 0.0000e0, 0.0000e0(kph); av: 1.2041e4,-3.8585e5(kph); os: 0.0000e0(kph); or: 0.0000e0(AU); 
Earthloc: 0.0000e0, 0.0000e0(AU); rv:-3.3449e3, 1.0718e5(kph); av: 0.0000e0, 0.0000e0(kph); os: 1.0723e5(kph); or: 1.0027e0(AU); 
Moon loc: 2.537e-3, 5.866e-4(AU); rv:-2.4689e2, 1.9740e3(kph); av:-8.8881e2, 7.1063e3(kph); os: 1.9894e3(kph); or: 2.604e-3(AU); 
Ap8CMloc:-1.016e-1,-4.108e-2(AU); rv:-3.5129e5,-1.4187e5(kph); av:-1.2647e6,-5.1072e5(kph); os: 3.7886e5(kph); or: 1.096e-1(AU); 
Time: 4.5000e1(hours), Distance to sun: 1.0027e0(AU), System energy: 4.6511e2(PPJ)
Sun  loc:-1.0022e0,-3.225e-2(AU); rv: 0.0000e0, 0.0000e0(kph); av: 1.2315e4,-3.8584e5(kph); os: 0.0000e0(kph); or: 0.0000e0(AU); 
Earthloc: 0.0000e0, 0.0000e0(AU); rv:-3.4209e3, 1.0718e5(kph); av: 0.0000e0, 0.0000e0(kph); os: 1.0723e5(kph); or: 1.0027e0(AU); 
Moon loc: 2.535e-3, 5.998e-4(AU); rv:-2.5230e2, 1.9726e3(kph); av:-9.0829e2, 7.1013e3(kph); os: 1.9887e3(kph); or: 2.605e-3(AU); 
Ap8CMloc:-1.040e-1,-4.202e-2(AU); rv:-3.5131e5,-1.4186e5(kph); av:-1.2647e6,-5.1071e5(kph); os: 3.7887e5(kph); or: 1.121e-1(AU); 
Time: 4.6000e1(hours), Distance to sun: 1.0027e0(AU), System energy: 4.6511e2(PPJ)
Sun  loc:-1.0022e0,-3.297e-2(AU); rv: 0.0000e0, 0.0000e0(kph); av: 1.2589e4,-3.8583e5(kph); os: 0.0000e0(kph); or: 0.0000e0(AU); 
Earthloc: 0.0000e0, 0.0000e0(AU); rv:-3.4969e3, 1.0718e5(kph); av: 0.0000e0, 0.0000e0(kph); os: 1.0723e5(kph); or: 1.0027e0(AU); 
Moon loc: 2.534e-3, 6.130e-4(AU); rv:-2.5770e2, 1.9712e3(kph); av:-9.2772e2, 7.0963e3(kph); os: 1.9880e3(kph); or: 2.607e-3(AU); 
Ap8CMloc:-1.063e-1,-4.297e-2(AU); rv:-3.5133e5,-1.4186e5(kph); av:-1.2648e6,-5.1070e5(kph); os: 3.7889e5(kph); or: 1.147e-1(AU); 
Time: 4.7000e1(hours), Distance to sun: 1.0027e0(AU), System energy: 4.6511e2(PPJ)
Sun  loc:-1.0021e0,-3.368e-2(AU); rv: 0.0000e0, 0.0000e0(kph); av: 1.2862e4,-3.8583e5(kph); os: 0.0000e0(kph); or: 0.0000e0(AU); 
Earthloc: 0.0000e0, 0.0000e0(AU); rv:-3.5729e3, 1.0717e5(kph); av: 0.0000e0, 0.0000e0(kph); os: 1.0723e5(kph); or: 1.0027e0(AU); 
Moon loc: 2.532e-3, 6.261e-4(AU); rv:-2.6308e2, 1.9697e3(kph); av:-9.4710e2, 7.0911e3(kph); os: 1.9872e3(kph); or: 2.608e-3(AU); 
Ap8CMloc:-1.087e-1,-4.392e-2(AU); rv:-3.5135e5,-1.4186e5(kph); av:-1.2649e6,-5.1069e5(kph); os: 3.7891e5(kph); or: 1.172e-1(AU); 
Time: 4.8000e1(hours), Distance to sun: 1.0027e0(AU), System energy: 4.6511e2(PPJ)
Sun  loc:-1.0021e0,-3.440e-2(AU); rv: 0.0000e0, 0.0000e0(kph); av: 1.3136e4,-3.8582e5(kph); os: 0.0000e0(kph); or: 0.0000e0(AU); 
Earthloc: 0.0000e0, 0.0000e0(AU); rv:-3.6489e3, 1.0717e5(kph); av: 0.0000e0, 0.0000e0(kph); os: 1.0723e5(kph); or: 1.0027e0(AU); 
Moon loc: 2.530e-3, 6.393e-4(AU); rv:-2.6846e2, 1.9683e3(kph); av:-9.6644e2, 7.0858e3(kph); os: 1.9865e3(kph); or: 2.610e-3(AU); 
Ap8CMloc:-1.110e-1,-4.487e-2(AU); rv:-3.5137e5,-1.4185e5(kph); av:-1.2649e6,-5.1067e5(kph); os: 3.7893e5(kph); or: 1.197e-1(AU); 
Time: 4.9000e1(hours), Distance to sun: 1.0027e0(AU), System energy: 4.6511e2(PPJ)
Sun  loc:-1.0021e0,-3.512e-2(AU); rv: 0.0000e0, 0.0000e0(kph); av: 1.3410e4,-3.8581e5(kph); os: 0.0000e0(kph); or: 0.0000e0(AU); 
Earthloc: 0.0000e0, 0.0000e0(AU); rv:-3.7249e3, 1.0717e5(kph); av: 0.0000e0, 0.0000e0(kph); os: 1.0723e5(kph); or: 1.0027e0(AU); 
Moon loc: 2.528e-3, 6.524e-4(AU); rv:-2.7381e2, 1.9668e3(kph); av:-9.8573e2, 7.0804e3(kph); os: 1.9857e3(kph); or: 2.611e-3(AU); 
Ap8CMloc:-1.134e-1,-4.582e-2(AU); rv:-3.5139e5,-1.4185e5(kph); av:-1.2650e6,-5.1066e5(kph); os: 3.7894e5(kph); or: 1.223e-1(AU); 
Time: 5.0000e1(hours), Distance to sun: 1.0027e0(AU), System energy: 4.6511e2(PPJ)
Sun  loc:-1.0021e0,-3.583e-2(AU); rv: 0.0000e0, 0.0000e0(kph); av: 1.3683e4,-3.8580e5(kph); os: 0.0000e0(kph); or: 0.0000e0(AU); 
Earthloc: 0.0000e0, 0.0000e0(AU); rv:-3.8009e3, 1.0717e5(kph); av: 0.0000e0, 0.0000e0(kph); os: 1.0723e5(kph); or: 1.0027e0(AU); 
Moon loc: 2.526e-3, 6.656e-4(AU); rv:-2.7916e2, 1.9653e3(kph); av:-1.0050e3, 7.0749e3(kph); os: 1.9850e3(kph); or: 2.613e-3(AU); 
Ap8CMloc:-1.157e-1,-4.677e-2(AU); rv:-3.5141e5,-1.4185e5(kph); av:-1.2651e6,-5.1065e5(kph); os: 3.7896e5(kph); or: 1.248e-1(AU); 
Time: 5.1000e1(hours), Distance to sun: 1.0027e0(AU), System energy: 4.6511e2(PPJ)
Sun  loc:-1.0020e0,-3.655e-2(AU); rv: 0.0000e0, 0.0000e0(kph); av: 1.3957e4,-3.8579e5(kph); os: 0.0000e0(kph); or: 0.0000e0(AU); 
Earthloc: 0.0000e0, 0.0000e0(AU); rv:-3.8769e3, 1.0716e5(kph); av: 0.0000e0, 0.0000e0(kph); os: 1.0723e5(kph); or: 1.0027e0(AU); 
Moon loc: 2.525e-3, 6.787e-4(AU); rv:-2.8449e2, 1.9637e3(kph); av:-1.0241e3, 7.0693e3(kph); os: 1.9842e3(kph); or: 2.614e-3(AU); 
Ap8CMloc:-1.181e-1,-4.771e-2(AU); rv:-3.5144e5,-1.4184e5(kph); av:-1.2652e6,-5.1063e5(kph); os: 3.7898e5(kph); or: 1.273e-1(AU); 
Time: 5.2000e1(hours), Distance to sun: 1.0027e0(AU), System energy: 4.6511e2(PPJ)
Sun  loc:-1.0020e0,-3.727e-2(AU); rv: 0.0000e0, 0.0000e0(kph); av: 1.4230e4,-3.8578e5(kph); os: 0.0000e0(kph); or: 0.0000e0(AU); 
Earthloc: 0.0000e0, 0.0000e0(AU); rv:-3.9529e3, 1.0716e5(kph); av: 0.0000e0, 0.0000e0(kph); os: 1.0723e5(kph); or: 1.0027e0(AU); 
Moon loc: 2.523e-3, 6.918e-4(AU); rv:-2.8980e2, 1.9621e3(kph); av:-1.0433e3, 7.0637e3(kph); os: 1.9834e3(kph); or: 2.616e-3(AU); 
Ap8CMloc:-1.204e-1,-4.866e-2(AU); rv:-3.5146e5,-1.4184e5(kph); av:-1.2653e6,-5.1062e5(kph); os: 3.7900e5(kph); or: 1.299e-1(AU); 
Time: 5.3000e1(hours), Distance to sun: 1.0027e0(AU), System energy: 4.6511e2(PPJ)
Sun  loc:-1.0020e0,-3.798e-2(AU); rv: 0.0000e0, 0.0000e0(kph); av: 1.4504e4,-3.8577e5(kph); os: 0.0000e0(kph); or: 0.0000e0(AU); 
Earthloc: 0.0000e0, 0.0000e0(AU); rv:-4.0289e3, 1.0716e5(kph); av: 0.0000e0, 0.0000e0(kph); os: 1.0723e5(kph); or: 1.0027e0(AU); 
Moon loc: 2.521e-3, 7.050e-4(AU); rv:-2.9510e2, 1.9605e3(kph); av:-1.0624e3, 7.0579e3(kph); os: 1.9826e3(kph); or: 2.617e-3(AU); 
Ap8CMloc:-1.228e-1,-4.961e-2(AU); rv:-3.5148e5,-1.4183e5(kph); av:-1.2653e6,-5.1060e5(kph); os: 3.7902e5(kph); or: 1.324e-1(AU); 
Time: 5.4000e1(hours), Distance to sun: 1.0027e0(AU), System energy: 4.6511e2(PPJ)
Sun  loc:-1.0019e0,-3.870e-2(AU); rv: 0.0000e0, 0.0000e0(kph); av: 1.4778e4,-3.8576e5(kph); os: 0.0000e0(kph); or: 0.0000e0(AU); 
Earthloc: 0.0000e0, 0.0000e0(AU); rv:-4.1049e3, 1.0716e5(kph); av: 0.0000e0, 0.0000e0(kph); os: 1.0723e5(kph); or: 1.0027e0(AU); 
Moon loc: 2.519e-3, 7.181e-4(AU); rv:-3.0038e2, 1.9589e3(kph); av:-1.0814e3, 7.0520e3(kph); os: 1.9818e3(kph); or: 2.619e-3(AU); 
Ap8CMloc:-1.251e-1,-5.056e-2(AU); rv:-3.5151e5,-1.4183e5(kph); av:-1.2654e6,-5.1059e5(kph); os: 3.7904e5(kph); or: 1.349e-1(AU); 
Time: 5.5000e1(hours), Distance to sun: 1.0027e0(AU), System energy: 4.6511e2(PPJ)
Sun  loc:-1.0019e0,-3.941e-2(AU); rv: 0.0000e0, 0.0000e0(kph); av: 1.5051e4,-3.8575e5(kph); os: 0.0000e0(kph); or: 0.0000e0(AU); 
Earthloc: 0.0000e0, 0.0000e0(AU); rv:-4.1809e3, 1.0715e5(kph); av: 0.0000e0, 0.0000e0(kph); os: 1.0723e5(kph); or: 1.0027e0(AU); 
Moon loc: 2.517e-3, 7.311e-4(AU); rv:-3.0565e2, 1.9572e3(kph); av:-1.1004e3, 7.0460e3(kph); os: 1.9809e3(kph); or: 2.621e-3(AU); 
Ap8CMloc:-1.275e-1,-5.151e-2(AU); rv:-3.5153e5,-1.4183e5(kph); av:-1.2655e6,-5.1057e5(kph); os: 3.7906e5(kph); or: 1.375e-1(AU); 
Time: 5.6000e1(hours), Distance to sun: 1.0027e0(AU), System energy: 4.6511e2(PPJ)
Sun  loc:-1.0019e0,-4.013e-2(AU); rv: 0.0000e0, 0.0000e0(kph); av: 1.5325e4,-3.8574e5(kph); os: 0.0000e0(kph); or: 0.0000e0(AU); 
Earthloc: 0.0000e0, 0.0000e0(AU); rv:-4.2569e3, 1.0715e5(kph); av: 0.0000e0, 0.0000e0(kph); os: 1.0723e5(kph); or: 1.0027e0(AU); 
Moon loc: 2.515e-3, 7.442e-4(AU); rv:-3.1091e2, 1.9555e3(kph); av:-1.1193e3, 7.0399e3(kph); os: 1.9801e3(kph); or: 2.622e-3(AU); 
Ap8CMloc:-1.298e-1,-5.245e-2(AU); rv:-3.5155e5,-1.4182e5(kph); av:-1.2656e6,-5.1056e5(kph); os: 3.7908e5(kph); or: 1.400e-1(AU); 
Time: 5.7000e1(hours), Distance to sun: 1.0027e0(AU), System energy: 4.6511e2(PPJ)
Sun  loc:-1.0019e0,-4.085e-2(AU); rv: 0.0000e0, 0.0000e0(kph); av: 1.5598e4,-3.8573e5(kph); os: 0.0000e0(kph); or: 0.0000e0(AU); 
Earthloc: 0.0000e0, 0.0000e0(AU); rv:-4.3329e3, 1.0715e5(kph); av: 0.0000e0, 0.0000e0(kph); os: 1.0723e5(kph); or: 1.0027e0(AU); 
Moon loc: 2.512e-3, 7.573e-4(AU); rv:-3.1615e2, 1.9538e3(kph); av:-1.1381e3, 7.0338e3(kph); os: 1.9792e3(kph); or: 2.624e-3(AU); 
Ap8CMloc:-1.322e-1,-5.340e-2(AU); rv:-3.5158e5,-1.4182e5(kph); av:-1.2657e6,-5.1054e5(kph); os: 3.7910e5(kph); or: 1.425e-1(AU); 
Time: 5.8000e1(hours), Distance to sun: 1.0027e0(AU), System energy: 4.6511e2(PPJ)
Sun  loc:-1.0018e0,-4.156e-2(AU); rv: 0.0000e0, 0.0000e0(kph); av: 1.5872e4,-3.8572e5(kph); os: 0.0000e0(kph); or: 0.0000e0(AU); 
Earthloc: 0.0000e0, 0.0000e0(AU); rv:-4.4089e3, 1.0714e5(kph); av: 0.0000e0, 0.0000e0(kph); os: 1.0723e5(kph); or: 1.0027e0(AU); 
Moon loc: 2.510e-3, 7.703e-4(AU); rv:-3.2137e2, 1.9521e3(kph); av:-1.1569e3, 7.0275e3(kph); os: 1.9784e3(kph); or: 2.626e-3(AU); 
Ap8CMloc:-1.345e-1,-5.435e-2(AU); rv:-3.5161e5,-1.4181e5(kph); av:-1.2658e6,-5.1053e5(kph); os: 3.7913e5(kph); or: 1.451e-1(AU); 
Time: 5.9000e1(hours), Distance to sun: 1.0027e0(AU), System energy: 4.6511e2(PPJ)
Sun  loc:-1.0018e0,-4.228e-2(AU); rv: 0.0000e0, 0.0000e0(kph); av: 1.6146e4,-3.8571e5(kph); os: 0.0000e0(kph); or: 0.0000e0(AU); 
Earthloc: 0.0000e0, 0.0000e0(AU); rv:-4.4849e3, 1.0714e5(kph); av: 0.0000e0, 0.0000e0(kph); os: 1.0723e5(kph); or: 1.0027e0(AU); 
Moon loc: 2.508e-3, 7.834e-4(AU); rv:-3.2658e2, 1.9503e3(kph); av:-1.1757e3, 7.0211e3(kph); os: 1.9775e3(kph); or: 2.628e-3(AU); 
Ap8CMloc:-1.369e-1,-5.530e-2(AU); rv:-3.5163e5,-1.4181e5(kph); av:-1.2659e6,-5.1051e5(kph); os: 3.7915e5(kph); or: 1.476e-1(AU); 
Time: 6.0000e1(hours), Distance to sun: 1.0027e0(AU), System energy: 4.6511e2(PPJ)
Sun  loc:-1.0018e0,-4.300e-2(AU); rv: 0.0000e0, 0.0000e0(kph); av: 1.6419e4,-3.8569e5(kph); os: 0.0000e0(kph); or: 0.0000e0(AU); 
Earthloc: 0.0000e0, 0.0000e0(AU); rv:-4.5609e3, 1.0714e5(kph); av: 0.0000e0, 0.0000e0(kph); os: 1.0723e5(kph); or: 1.0027e0(AU); 
Moon loc: 2.506e-3, 7.964e-4(AU); rv:-3.3177e2, 1.9485e3(kph); av:-1.1944e3, 7.0147e3(kph); os: 1.9766e3(kph); or: 2.629e-3(AU); 
Ap8CMloc:-1.392e-1,-5.625e-2(AU); rv:-3.5166e5,-1.4180e5(kph); av:-1.2660e6,-5.1049e5(kph); os: 3.7917e5(kph); or: 1.501e-1(AU); 
Time: 6.1000e1(hours), Distance to sun: 1.0027e0(AU), System energy: 4.6511e2(PPJ)
Sun  loc:-1.0017e0,-4.371e-2(AU); rv: 0.0000e0, 0.0000e0(kph); av: 1.6693e4,-3.8568e5(kph); os: 0.0000e0(kph); or: 0.0000e0(AU); 
Earthloc: 0.0000e0, 0.0000e0(AU); rv:-4.6368e3, 1.0713e5(kph); av: 0.0000e0, 0.0000e0(kph); os: 1.0723e5(kph); or: 1.0027e0(AU); 
Moon loc: 2.504e-3, 8.094e-4(AU); rv:-3.3694e2, 1.9467e3(kph); av:-1.2130e3, 7.0081e3(kph); os: 1.9757e3(kph); or: 2.631e-3(AU); 
Ap8CMloc:-1.416e-1,-5.719e-2(AU); rv:-3.5169e5,-1.4180e5(kph); av:-1.2661e6,-5.1048e5(kph); os: 3.7920e5(kph); or: 1.527e-1(AU); 
Time: 6.2000e1(hours), Distance to sun: 1.0027e0(AU), System energy: 4.6511e2(PPJ)
Sun  loc:-1.0017e0,-4.443e-2(AU); rv: 0.0000e0, 0.0000e0(kph); av: 1.6966e4,-3.8567e5(kph); os: 0.0000e0(kph); or: 0.0000e0(AU); 
Earthloc: 0.0000e0, 0.0000e0(AU); rv:-4.7128e3, 1.0713e5(kph); av: 0.0000e0, 0.0000e0(kph); os: 1.0723e5(kph); or: 1.0027e0(AU); 
Moon loc: 2.501e-3, 8.224e-4(AU); rv:-3.4210e2, 1.9449e3(kph); av:-1.2316e3, 7.0015e3(kph); os: 1.9747e3(kph); or: 2.633e-3(AU); 
Ap8CMloc:-1.439e-1,-5.814e-2(AU); rv:-3.5171e5,-1.4179e5(kph); av:-1.2662e6,-5.1046e5(kph); os: 3.7922e5(kph); or: 1.552e-1(AU); 
Time: 6.3000e1(hours), Distance to sun: 1.0027e0(AU), System energy: 4.6511e2(PPJ)
Sun  loc:-1.0017e0,-4.514e-2(AU); rv: 0.0000e0, 0.0000e0(kph); av: 1.7240e4,-3.8566e5(kph); os: 0.0000e0(kph); or: 0.0000e0(AU); 
Earthloc: 0.0000e0, 0.0000e0(AU); rv:-4.7888e3, 1.0713e5(kph); av: 0.0000e0, 0.0000e0(kph); os: 1.0723e5(kph); or: 1.0027e0(AU); 
Moon loc: 2.499e-3, 8.354e-4(AU); rv:-3.4724e2, 1.9430e3(kph); av:-1.2501e3, 6.9948e3(kph); os: 1.9738e3(kph); or: 2.635e-3(AU); 
Ap8CMloc:-1.463e-1,-5.909e-2(AU); rv:-3.5174e5,-1.4179e5(kph); av:-1.2663e6,-5.1044e5(kph); os: 3.7925e5(kph); or: 1.577e-1(AU); 
Time: 6.4000e1(hours), Distance to sun: 1.0027e0(AU), System energy: 4.6511e2(PPJ)
Sun  loc:-1.0016e0,-4.586e-2(AU); rv: 0.0000e0, 0.0000e0(kph); av: 1.7513e4,-3.8565e5(kph); os: 0.0000e0(kph); or: 0.0000e0(AU); 
Earthloc: 0.0000e0, 0.0000e0(AU); rv:-4.8648e3, 1.0712e5(kph); av: 0.0000e0, 0.0000e0(kph); os: 1.0723e5(kph); or: 1.0027e0(AU); 
Moon loc: 2.497e-3, 8.484e-4(AU); rv:-3.5236e2, 1.9411e3(kph); av:-1.2685e3, 6.9880e3(kph); os: 1.9728e3(kph); or: 2.637e-3(AU); 
Ap8CMloc:-1.486e-1,-6.004e-2(AU); rv:-3.5177e5,-1.4178e5(kph); av:-1.2664e6,-5.1042e5(kph); os: 3.7927e5(kph); or: 1.603e-1(AU); 
Time: 6.5000e1(hours), Distance to sun: 1.0027e0(AU), System energy: 4.6511e2(PPJ)
Sun  loc:-1.0016e0,-4.658e-2(AU); rv: 0.0000e0, 0.0000e0(kph); av: 1.7787e4,-3.8564e5(kph); os: 0.0000e0(kph); or: 0.0000e0(AU); 
Earthloc: 0.0000e0, 0.0000e0(AU); rv:-4.9408e3, 1.0712e5(kph); av: 0.0000e0, 0.0000e0(kph); os: 1.0723e5(kph); or: 1.0027e0(AU); 
Moon loc: 2.494e-3, 8.614e-4(AU); rv:-3.5747e2, 1.9392e3(kph); av:-1.2869e3, 6.9810e3(kph); os: 1.9719e3(kph); or: 2.639e-3(AU); 
Ap8CMloc:-1.510e-1,-6.098e-2(AU); rv:-3.5180e5,-1.4178e5(kph); av:-1.2665e6,-5.1040e5(kph); os: 3.7930e5(kph); or: 1.628e-1(AU); 
Time: 6.6000e1(hours), Distance to sun: 1.0027e0(AU), System energy: 4.6511e2(PPJ)
Sun  loc:-1.0016e0,-4.729e-2(AU); rv: 0.0000e0, 0.0000e0(kph); av: 1.8060e4,-3.8562e5(kph); os: 0.0000e0(kph); or: 0.0000e0(AU); 
Earthloc: 0.0000e0, 0.0000e0(AU); rv:-5.0168e3, 1.0712e5(kph); av: 0.0000e0, 0.0000e0(kph); os: 1.0723e5(kph); or: 1.0027e0(AU); 
Moon loc: 2.492e-3, 8.743e-4(AU); rv:-3.6256e2, 1.9372e3(kph); av:-1.3052e3, 6.9740e3(kph); os: 1.9709e3(kph); or: 2.641e-3(AU); 
Ap8CMloc:-1.533e-1,-6.193e-2(AU); rv:-3.5183e5,-1.4177e5(kph); av:-1.2666e6,-5.1038e5(kph); os: 3.7932e5(kph); or: 1.653e-1(AU); 
Time: 6.7000e1(hours), Distance to sun: 1.0027e0(AU), System energy: 4.6511e2(PPJ)
Sun  loc:-1.0015e0,-4.801e-2(AU); rv: 0.0000e0, 0.0000e0(kph); av: 1.8334e4,-3.8561e5(kph); os: 0.0000e0(kph); or: 0.0000e0(AU); 
Earthloc: 0.0000e0, 0.0000e0(AU); rv:-5.0928e3, 1.0711e5(kph); av: 0.0000e0, 0.0000e0(kph); os: 1.0723e5(kph); or: 1.0027e0(AU); 
Moon loc: 2.490e-3, 8.873e-4(AU); rv:-3.6763e2, 1.9353e3(kph); av:-1.3235e3, 6.9669e3(kph); os: 1.9699e3(kph); or: 2.643e-3(AU); 
Ap8CMloc:-1.557e-1,-6.288e-2(AU); rv:-3.5186e5,-1.4177e5(kph); av:-1.2667e6,-5.1036e5(kph); os: 3.7935e5(kph); or: 1.679e-1(AU); 
Time: 6.8000e1(hours), Distance to sun: 1.0027e0(AU), System energy: 4.6511e2(PPJ)
Sun  loc:-1.0015e0,-4.872e-2(AU); rv: 0.0000e0, 0.0000e0(kph); av: 1.8607e4,-3.8560e5(kph); os: 0.0000e0(kph); or: 0.0000e0(AU); 
Earthloc: 0.0000e0, 0.0000e0(AU); rv:-5.1687e3, 1.0711e5(kph); av: 0.0000e0, 0.0000e0(kph); os: 1.0723e5(kph); or: 1.0027e0(AU); 
Moon loc: 2.487e-3, 9.002e-4(AU); rv:-3.7268e2, 1.9333e3(kph); av:-1.3417e3, 6.9598e3(kph); os: 1.9689e3(kph); or: 2.645e-3(AU); 
Ap8CMloc:-1.580e-1,-6.383e-2(AU); rv:-3.5190e5,-1.4176e5(kph); av:-1.2668e6,-5.1034e5(kph); os: 3.7938e5(kph); or: 1.704e-1(AU); 
Time: 6.9000e1(hours), Distance to sun: 1.0027e0(AU), System energy: 4.6511e2(PPJ)
Sun  loc:-1.0015e0,-4.944e-2(AU); rv: 0.0000e0, 0.0000e0(kph); av: 1.8881e4,-3.8558e5(kph); os: 0.0000e0(kph); or: 0.0000e0(AU); 
Earthloc: 0.0000e0, 0.0000e0(AU); rv:-5.2447e3, 1.0711e5(kph); av: 0.0000e0, 0.0000e0(kph); os: 1.0724e5(kph); or: 1.0027e0(AU); 
Moon loc: 2.485e-3, 9.131e-4(AU); rv:-3.7772e2, 1.9313e3(kph); av:-1.3598e3, 6.9525e3(kph); os: 1.9678e3(kph); or: 2.647e-3(AU); 
Ap8CMloc:-1.604e-1,-6.478e-2(AU); rv:-3.5193e5,-1.4176e5(kph); av:-1.2669e6,-5.1032e5(kph); os: 3.7941e5(kph); or: 1.730e-1(AU); 
Time: 7.0000e1(hours), Distance to sun: 1.0027e0(AU), System energy: 4.6511e2(PPJ)
Sun  loc:-1.0014e0,-5.016e-2(AU); rv: 0.0000e0, 0.0000e0(kph); av: 1.9155e4,-3.8557e5(kph); os: 0.0000e0(kph); or: 0.0000e0(AU); 
Earthloc: 0.0000e0, 0.0000e0(AU); rv:-5.3207e3, 1.0710e5(kph); av: 0.0000e0, 0.0000e0(kph); os: 1.0724e5(kph); or: 1.0027e0(AU); 
Moon loc: 2.482e-3, 9.260e-4(AU); rv:-3.8274e2, 1.9292e3(kph); av:-1.3778e3, 6.9452e3(kph); os: 1.9668e3(kph); or: 2.649e-3(AU); 
Ap8CMloc:-1.627e-1,-6.572e-2(AU); rv:-3.5196e5,-1.4175e5(kph); av:-1.2671e6,-5.1030e5(kph); os: 3.7943e5(kph); or: 1.755e-1(AU); 
Time: 7.1000e1(hours), Distance to sun: 1.0027e0(AU), System energy: 4.6511e2(PPJ)
Sun  loc:-1.0014e0,-5.087e-2(AU); rv: 0.0000e0, 0.0000e0(kph); av: 1.9428e4,-3.8556e5(kph); os: 0.0000e0(kph); or: 0.0000e0(AU); 
Earthloc: 0.0000e0, 0.0000e0(AU); rv:-5.3967e3, 1.0710e5(kph); av: 0.0000e0, 0.0000e0(kph); os: 1.0724e5(kph); or: 1.0027e0(AU); 
Moon loc: 2.479e-3, 9.389e-4(AU); rv:-3.8773e2, 1.9271e3(kph); av:-1.3958e3, 6.9377e3(kph); os: 1.9658e3(kph); or: 2.651e-3(AU); 
Ap8CMloc:-1.651e-1,-6.667e-2(AU); rv:-3.5199e5,-1.4175e5(kph); av:-1.2672e6,-5.1028e5(kph); os: 3.7946e5(kph); or: 1.780e-1(AU); 
Time: 7.2000e1(hours), Distance to sun: 1.0027e0(AU), System energy: 4.6511e2(PPJ)
Sun  loc:-1.0014e0,-5.159e-2(AU); rv: 0.0000e0, 0.0000e0(kph); av: 1.9702e4,-3.8554e5(kph); os: 0.0000e0(kph); or: 0.0000e0(AU); 
Earthloc: 0.0000e0, 0.0000e0(AU); rv:-5.4727e3, 1.0710e5(kph); av: 0.0000e0, 0.0000e0(kph); os: 1.0724e5(kph); or: 1.0027e0(AU); 
Moon loc: 2.477e-3, 9.518e-4(AU); rv:-3.9272e2, 1.9251e3(kph); av:-1.4138e3, 6.9302e3(kph); os: 1.9647e3(kph); or: 2.653e-3(AU); 
Ap8CMloc:-1.674e-1,-6.762e-2(AU); rv:-3.5203e5,-1.4174e5(kph); av:-1.2673e6,-5.1026e5(kph); os: 3.7949e5(kph); or: 1.806e-1(AU); 
Final position::
  S:("Sun  ", "☉", ( 19.891000000e29,  10.4117079570e1, 17.884919273e-1,  80.319435420e-5, 20.698406102e-6))
  E:("Earth", "⊕", ( 97.220000000e22,  14.980296339e10, 77.1742249083e8, -15.2018156756e2, 29.7487846202e3))
  M:("Moon ", "☾", ( 73.476730900e21,  15.017350058e10, 78.5980933515e8, -16.2926913702e2, 30.2835220163e3))
  8:("Ap8CM", "8", ( 58.0900000000e2,  12.475663589e10,-23.9806546140e8, -99.3059795829e3,-96.2333142458e2))
0.93user 0.52system 0:01.45elapsed 99%CPU (0avgtext+0avgdata 2150400maxresident)k
0inputs+0outputs (0major+134950minor)pagefaults 0swaps
