OPT1: 3; OPT2: 3; 
DB - orbit period OF mean OF apollo8cm: +1.72004804156298e  +8; 
System:((Sun  , Earth, Moon , Ap8CM), Apollo 8, -32.3537400000e6, )
System:((("Sun  ", "☉", ( 19.891000000e29,   0.0000000000e0,  0.0000000000e0,   0.0000000000e0,  0.0000000000e0)), ("Earth", "⊕", ( 97.220000000e22,  15.000000000e10,  0.0000000000e0,   0.0000000000e0, 29.7866029765e3)), ("Moon ", "☾", ( 73.476730900e21,  15.038500000e10,  0.0000000000e0,   0.0000000000e0, 30.3434619934e3)), ("Ap8CM", "8", ( 58.0900000000e2,  15.000656275e10,  0.0000000000e0,   0.0000000000e0, 29.9199260584e3))), "Apollo 8")
Initial position::
  S:("Sun  ", "☉", ( 19.891000000e29,   0.0000000000e0,  0.0000000000e0,   0.0000000000e0,  0.0000000000e0))
  E:("Earth", "⊕", ( 97.220000000e22,  15.000000000e10,  0.0000000000e0,   0.0000000000e0, 29.7866029765e3))
  M:("Moon ", "☾", ( 73.476730900e21,  15.038500000e10,  0.0000000000e0,   0.0000000000e0, 30.3434619934e3))
  8:("Ap8CM", "8", ( 58.0900000000e2,  15.000656275e10,  0.0000000000e0,   0.0000000000e0, 29.9199260584e3))
Parameter: step size =  4.167e-3; days
Parameter: report period =  7.0000e0; days
Parameter: mission stop time =  2.7322e1; days
IVP Order-2: solar system:
  t interval: [ 0.0000e0 …  2.3606e6]
  y₀ = V 0.0000e0, 0.0000e0, 1.500e11, 0.0000e0, 1.504e11, 0.0000e0, 1.500e11, 0.0000e0
  dy₀/dt = V 0.0000e0, 0.0000e0, 0.0000e0, 2.9787e4, 0.0000e0, 3.0343e4, 0.0000e0, 2.9920e4
  y₀ = V 0.0000e0, 0.0000e0, 1.500e11, 0.0000e0, 1.504e11, 0.0000e0, 1.500e11, 0.0000e0
  dy₀/dt = V 0.0000e0, 0.0000e0, 0.0000e0, 2.9787e4, 0.0000e0, 3.0343e4, 0.0000e0, 2.9920e4
  d²y₀/dt² = V 3.100e-9, 0.0000e0,-5.866e-3, 0.0000e0,-6.307e-3, 0.0000e0,-1.5121e0, 0.0000e0


Reference point: Earth
IVP order-1: adams bashforth
  t interval: [ 0.0000e0 …  2.3606e6]
  y₀ = V 0.0000e0, 0.0000e0, 1.500e11, 0.0000e0, 1.504e11, 0.0000e0, 1.500e11, 0.0000e0, 0.0000e0, 0.0000e0, 0.0000e0, 2.9787e4, 0.0000e0, 3.0343e4, 0.0000e0, 2.9920e4
  dy₀/dt = V 0.0000e0, 0.0000e0, 0.0000e0, 2.9787e4, 0.0000e0, 3.0343e4, 0.0000e0, 2.9920e4, 3.100e-9, 0.0000e0,-5.866e-3, 0.0000e0,-6.307e-3, 0.0000e0,-1.5121e0, 0.0000e0


Time: 0.0000e0(days), Distance to sun: 1.0027e0(AU), System energy: 4.6511e2(PPJ)
Sun  loc:-1.0027e0, 0.0000e0(AU); rv: 0.0000e0, 0.0000e0(kph); av: 0.0000e0,-3.8603e5(kph); os: 0.0000e0(kph); or: 0.0000e0(AU); 
Earthloc: 0.0000e0, 0.0000e0(AU); rv: 0.0000e0, 1.0723e5(kph); av: 0.0000e0, 0.0000e0(kph); os: 1.0723e5(kph); or: 1.0027e0(AU); 
Moon loc: 2.574e-3, 0.0000e0(AU); rv: 0.0000e0, 2.0047e3(kph); av: 0.0000e0, 7.2169e3(kph); os: 2.0047e3(kph); or: 2.574e-3(AU); 
Ap8CMloc: 4.387e-5, 0.0000e0(AU); rv: 0.0000e0, 4.7996e2(kph); av: 0.0000e0, 1.7279e3(kph); os: 4.7996e2(kph); or: 4.387e-5(AU); 
Time: 7.0002e0(days), Distance to sun: 1.0027e0(AU), System energy: 4.6508e2(PPJ)
Sun  loc:-9.955e-1,-1.201e-1(AU); rv: 0.0000e0, 0.0000e0(kph); av: 4.5917e4,-3.8335e5(kph); os: 0.0000e0(kph); or: 0.0000e0(AU); 
Earthloc: 0.0000e0, 0.0000e0(AU); rv:-1.2755e4, 1.0649e5(kph); av: 0.0000e0, 0.0000e0(kph); os: 1.0725e5(kph); or: 1.0027e0(AU); 
Moon loc: 2.093e-3, 2.105e-3(AU); rv:-7.7073e2, 1.6481e3(kph); av:-2.7746e3, 5.9331e3(kph); os: 1.8194e3(kph); or: 2.968e-3(AU); 
Ap8CMloc:-3.959e-1,-1.587e-1(AU); rv:-3.6006e5,-1.4093e5(kph); av:-1.2962e6,-5.0736e5(kph); os: 3.8666e5(kph); or: 4.265e-1(AU); 
Time: 1.4000e1(days), Distance to sun: 1.0029e0(AU), System energy: 4.6496e2(PPJ)
Sun  loc:-9.741e-1,-2.386e-1(AU); rv: 0.0000e0, 0.0000e0(kph); av: 9.1293e4,-3.7520e5(kph); os: 0.0000e0(kph); or: 0.0000e0(AU); 
Earthloc: 0.0000e0, 0.0000e0(AU); rv:-2.5359e4, 1.0422e5(kph); av: 0.0000e0, 0.0000e0(kph); os: 1.0726e5(kph); or: 1.0029e0(AU); 
Moon loc: 1.051e-3, 3.642e-3(AU); rv:-1.0160e3, 1.1056e3(kph); av:-3.6576e3, 3.9802e3(kph); os: 1.5015e3(kph); or: 3.791e-3(AU); 
Ap8CMloc:-8.352e-1,-3.088e-1(AU); rv:-4.7436e5,-1.0408e5(kph); av:-1.7077e6,-3.7470e5(kph); os: 4.8565e5(kph); or: 8.905e-1(AU); 
Time: 2.1001e1(days), Distance to sun: 1.0031e0(AU), System energy: 4.6478e2(PPJ)
Sun  loc:-9.387e-1,-3.537e-1(AU); rv: 0.0000e0, 0.0000e0(kph); av: 1.3540e5,-3.6164e5(kph); os: 0.0000e0(kph); or: 0.0000e0(AU); 
Earthloc: 0.0000e0, 0.0000e0(AU); rv:-3.7611e4, 1.0045e5(kph); av: 0.0000e0, 0.0000e0(kph); os: 1.0726e5(kph); or: 1.0031e0(AU); 
Moon loc:-9.812e-5, 4.639e-3(AU); rv:-1.0087e3, 6.9151e2(kph); av:-3.6313e3, 2.4894e3(kph); os: 1.2230e3(kph); or: 4.640e-3(AU); 
Ap8CMloc:-1.0643e0, 1.176e-2(AU); rv:-3.8336e3, 2.9917e5(kph); av:-1.3801e4, 1.0770e6(kph); os: 2.9919e5(kph); or: 1.0643e0(AU); 
Final position::
  S:("Sun  ", "☉", ( 19.891000000e29,  84.7860928552e2, 13.3574194367e2,  70.498761057e-4, 16.845656068e-4))
  E:("Earth", "⊕", ( 97.220000000e22,  13.391031881e10, 67.8109305954e9, -13.3922654188e3, 26.6133477415e3))
  M:("Moon ", "☾", ( 73.476730900e21,  13.374825444e10, 68.5875809068e9, -13.6498740417e3, 26.7269332544e3))
  8:("Ap8CM", "8", ( 58.0900000000e2, -24.0482153747e9, 11.181366941e10, -86.0165310576e2, 10.0547919779e4))
1.70user 0.59system 0:02.29elapsed 99%CPU (0avgtext+0avgdata 2392064maxresident)k
0inputs+0outputs (0major+150066minor)pagefaults 0swaps
