OPT1: 1; OPT2: 6; 
System:((Sun  ,Earth,Moon ,Ap8CM),Apollo 8,-3.23537400000e7,)
Initial position:
  S:("Sun  ","☉",( 1.9891000000e30,( 0.00000000000e0, 0.00000000000e0),( 0.00000000000e0, 0.00000000000e0)))
  E:("Earth","⊕",( 9.7220000000e23,( 1.5000000000e11, 0.00000000000e0),( 0.00000000000e0, 2.97866078294e4)))
  M:("Moon ","☾",( 7.3476730900e22,( 1.5038500000e11, 0.00000000000e0),( 0.00000000000e0, 3.03571562823e4)))
  8:("Ap8CM","8",( 5.80900000000e3,( 1.5000656275e11, 0.00000000000e0),( 0.00000000000e0, 3.29307012406e4)))
Parameter: step size =  2.778e-4; hours
Parameter: report period =  1.0000e0; hours
Parameter: mission stop time =  2.4000e1; hours
IVP Order-2: solar system:
  t interval: [ 0.0000e0 …  8.6400e4]
  y₀ = ( 0.0000e0, 0.0000e0, 1.500e11, 0.0000e0, 1.504e11, 0.0000e0, 1.500e11, 0.0000e0)
  dy₀/dt = ( 0.0000e0, 0.0000e0, 0.0000e0, 2.9787e4, 0.0000e0, 3.0357e4, 0.0000e0, 3.2931e4)
  d²y₀/dt² = ( 3.100e-9, 0.0000e0,-5.866e-3, 0.0000e0,-6.307e-3, 0.0000e0,-1.5121e0, 0.0000e0)


Reference point: Earth
Initial momentum:( 0.0000e0, 3.119e28), Initial energy: 4.651e32
IVP order-1: runga kutta 4th order
  t interval: [ 0.0000e0 …  8.6400e4]
  y₀ = ( 0.0000e0, 0.0000e0, 1.500e11, 0.0000e0, 1.504e11, 0.0000e0, 1.500e11, 0.0000e0, 0.0000e0, 0.0000e0, 0.0000e0, 2.9787e4, 0.0000e0, 3.0357e4, 0.0000e0, 3.2931e4)
  dy₀/dt = ( 0.0000e0, 0.0000e0, 0.0000e0, 2.9787e4, 0.0000e0, 3.0357e4, 0.0000e0, 3.2931e4, 3.100e-9, 0.0000e0,-5.866e-3, 0.0000e0,-6.307e-3, 0.0000e0,-1.5121e0, 0.0000e0)


Time:    0.00hours, Distance to sun:150000.0Mm, Energy:    0.00YJ, Momentum( 0.0000e0, 0.0000e0)Pgm/s
Sun  loc:(-1.5000e5, 0.0000e0)Mm; 
        rel vel:( 0.0000e0, 0.0000e0)kph; abs vel:( 0.0000e0,-3.8603e5)kph; 
        orbit speed: 0.0000e0kph; orbit radius: 0.0000e0Mm; 
Earthloc:( 0.0000e0, 0.0000e0)Mm; 
        rel vel:( 0.0000e0, 1.0723e5)kph; abs vel:( 0.0000e0, 0.0000e0)kph; 
        orbit speed: 1.0723e5kph; orbit radius: 1.5000e5Mm; 
Moon loc:( 3.8500e2, 0.0000e0)Mm; 
        rel vel:( 0.0000e0, 2.0540e3)kph; abs vel:( 0.0000e0, 7.3943e3)kph; 
        orbit speed: 2.0540e3kph; orbit radius: 3.8500e2Mm; 
Ap8CMloc:( 6.5627e0, 0.0000e0)Mm; 
        rel vel:( 0.0000e0, 1.1319e4)kph; abs vel:( 0.0000e0, 4.0747e4)kph; 
        orbit speed: 1.1319e4kph; orbit radius: 6.5627e0Mm; 
Time:    1.00hours, Distance to sun:150000.0Mm, Energy:   -1.12YJ, Momentum( 5.350e-3, 4.3980e0)Pgm/s
Sun  loc:(-1.5000e5,-1.0723e2)Mm; 
        rel vel:( 0.0000e0, 0.0000e0)kph; abs vel:( 2.7369e2,-3.8603e5)kph; 
        orbit speed: 0.0000e0kph; orbit radius: 0.0000e0Mm; 
Earthloc:( 0.0000e0, 0.0000e0)Mm; 
        rel vel:(-7.6025e1, 1.0723e5)kph; abs vel:( 0.0000e0, 0.0000e0)kph; 
        orbit speed: 1.0723e5kph; orbit radius: 1.5000e5Mm; 
Moon loc:( 3.8500e2, 2.0540e0)Mm; 
        rel vel:(-5.7100e0, 2.0540e3)kph; abs vel:(-2.0556e1, 7.3943e3)kph; 
        orbit speed: 2.0540e3kph; orbit radius: 3.8500e2Mm; 
Ap8CMloc:(-1.0758e0, 6.4845e0)Mm; 
        rel vel:(-1.1273e4,-1.8437e3)kph; abs vel:(-4.0582e4,-6.6373e3)kph; 
        orbit speed: 1.1423e4kph; orbit radius: 6.5732e0Mm; 
Time:    2.00hours, Distance to sun:150000.0Mm, Energy:   -5.05YJ, Momentum(-3.167e-2, 0.0000e0)Pgm/s
Sun  loc:(-1.5000e5,-2.1446e2)Mm; 
        rel vel:( 0.0000e0, 0.0000e0)kph; abs vel:( 5.4738e2,-3.8603e5)kph; 
        orbit speed: 0.0000e0kph; orbit radius: 0.0000e0Mm; 
Earthloc:( 0.0000e0, 0.0000e0)Mm; 
        rel vel:(-1.5205e2, 1.0723e5)kph; abs vel:( 0.0000e0, 0.0000e0)kph; 
        orbit speed: 1.0723e5kph; orbit radius: 1.5000e5Mm; 
Moon loc:( 3.8499e2, 4.1079e0)Mm; 
        rel vel:(-1.1420e1, 2.0539e3)kph; abs vel:(-4.1111e1, 7.3941e3)kph; 
        orbit speed: 2.0539e3kph; orbit radius: 3.8501e2Mm; 
Ap8CMloc:(-6.2866e0,-2.0488e0)Mm; 
        rel vel:( 3.4419e3,-1.0701e4)kph; abs vel:( 1.2391e4,-3.8525e4)kph; 
        orbit speed: 1.1241e4kph; orbit radius: 6.6121e0Mm; 
Time:    3.00hours, Distance to sun:150000.0Mm, Energy:  -11.76YJ, Momentum( 3.237e-3, 4.3980e0)Pgm/s
Sun  loc:(-1.5000e5,-3.2170e2)Mm; 
        rel vel:( 0.0000e0, 0.0000e0)kph; abs vel:( 8.2107e2,-3.8603e5)kph; 
        orbit speed: 0.0000e0kph; orbit radius: 0.0000e0Mm; 
Earthloc:( 0.0000e0, 0.0000e0)Mm; 
        rel vel:(-2.2808e2, 1.0723e5)kph; abs vel:( 0.0000e0, 0.0000e0)kph; 
        orbit speed: 1.0723e5kph; orbit radius: 1.5000e5Mm; 
Moon loc:( 3.8497e2, 6.1618e0)Mm; 
        rel vel:(-1.7129e1, 2.0538e3)kph; abs vel:(-6.1663e1, 7.3938e3)kph; 
        orbit speed: 2.0539e3kph; orbit radius: 3.8502e2Mm; 
Ap8CMloc:( 2.7637e0,-6.0384e0)Mm; 
        rel vel:( 1.0143e4, 4.6315e3)kph; abs vel:( 3.6513e4, 1.6673e4)kph; 
        orbit speed: 1.1150e4kph; orbit radius: 6.6408e0Mm; 
Time:    4.00hours, Distance to sun:150000.0Mm, Energy:  -21.28YJ, Momentum(-2.212e-1, 8.7961e0)Pgm/s
Sun  loc:(-1.5000e5,-4.2893e2)Mm; 
        rel vel:( 0.0000e0, 0.0000e0)kph; abs vel:( 1.0948e3,-3.8603e5)kph; 
        orbit speed: 0.0000e0kph; orbit radius: 0.0000e0Mm; 
Earthloc:( 0.0000e0, 0.0000e0)Mm; 
        rel vel:(-3.0410e2, 1.0723e5)kph; abs vel:( 0.0000e0, 0.0000e0)kph; 
        orbit speed: 1.0723e5kph; orbit radius: 1.5000e5Mm; 
Moon loc:( 3.8495e2, 8.2156e0)Mm; 
        rel vel:(-2.2837e1, 2.0537e3)kph; abs vel:(-8.2212e1, 7.3934e3)kph; 
        orbit speed: 2.0538e3kph; orbit radius: 3.8504e2Mm; 
Ap8CMloc:( 5.6683e0, 3.4603e0)Mm; 
        rel vel:(-5.8921e3, 9.6550e3)kph; abs vel:(-2.1212e4, 3.4758e4)kph; 
        orbit speed: 1.1311e4kph; orbit radius: 6.6410e0Mm; 
Time:    5.00hours, Distance to sun:150000.0Mm, Energy:  -33.59YJ, Momentum(-1.525e-1, 1.7592e1)Pgm/s
Sun  loc:(-1.5000e5,-5.3616e2)Mm; 
        rel vel:( 0.0000e0, 0.0000e0)kph; abs vel:( 1.3685e3,-3.8603e5)kph; 
        orbit speed: 0.0000e0kph; orbit radius: 0.0000e0Mm; 
Earthloc:( 0.0000e0, 0.0000e0)Mm; 
        rel vel:(-3.8013e2, 1.0723e5)kph; abs vel:( 0.0000e0, 0.0000e0)kph; 
        orbit speed: 1.0723e5kph; orbit radius: 1.5000e5Mm; 
Moon loc:( 3.8493e2, 1.0269e1)Mm; 
        rel vel:(-2.8543e1, 2.0536e3)kph; abs vel:(-1.0276e2, 7.3928e3)kph; 
        orbit speed: 2.0538e3kph; orbit radius: 3.8507e2Mm; 
Ap8CMloc:(-4.2086e0, 5.1617e0)Mm; 
        rel vel:(-8.7998e3,-7.1268e3)kph; abs vel:(-3.1679e4,-2.5657e4)kph; 
        orbit speed: 1.1324e4kph; orbit radius: 6.6600e0Mm; 
Time:    6.00hours, Distance to sun:150000.0Mm, Energy:  -48.69YJ, Momentum( 2.298e-1, 3.5184e1)Pgm/s
Sun  loc:(-1.5000e5,-6.4339e2)Mm; 
        rel vel:( 0.0000e0, 0.0000e0)kph; abs vel:( 1.6421e3,-3.8603e5)kph; 
        orbit speed: 0.0000e0kph; orbit radius: 0.0000e0Mm; 
Earthloc:( 0.0000e0, 0.0000e0)Mm; 
        rel vel:(-4.5615e2, 1.0723e5)kph; abs vel:( 0.0000e0, 0.0000e0)kph; 
        orbit speed: 1.0723e5kph; orbit radius: 1.5000e5Mm; 
Moon loc:( 3.8490e2, 1.2323e1)Mm; 
        rel vel:(-3.4248e1, 2.0534e3)kph; abs vel:(-1.2329e2, 7.3922e3)kph; 
        orbit speed: 2.0537e3kph; orbit radius: 3.8509e2Mm; 
Ap8CMloc:(-4.7048e0,-4.7750e0)Mm; 
        rel vel:( 7.8937e3,-7.8316e3)kph; abs vel:( 2.8417e4,-2.8194e4)kph; 
        orbit speed: 1.1120e4kph; orbit radius: 6.7034e0Mm; 
Time:    7.00hours, Distance to sun:150000.0Mm, Energy:  -66.60YJ, Momentum( 1.417e-1,-6.1573e1)Pgm/s
Sun  loc:(-1.5000e5,-7.5062e2)Mm; 
        rel vel:( 0.0000e0, 0.0000e0)kph; abs vel:( 1.9158e3,-3.8603e5)kph; 
        orbit speed: 0.0000e0kph; orbit radius: 0.0000e0Mm; 
Earthloc:( 0.0000e0, 0.0000e0)Mm; 
        rel vel:(-5.3218e2, 1.0723e5)kph; abs vel:( 0.0000e0, 0.0000e0)kph; 
        orbit speed: 1.0723e5kph; orbit radius: 1.5000e5Mm; 
Moon loc:( 3.8486e2, 1.4376e1)Mm; 
        rel vel:(-3.9951e1, 2.0532e3)kph; abs vel:(-1.4383e2, 7.3914e3)kph; 
        orbit speed: 2.0536e3kph; orbit radius: 3.8513e2Mm; 
Ap8CMloc:( 5.1514e0,-4.3177e0)Mm; 
        rel vel:( 7.1372e3, 8.5172e3)kph; abs vel:( 2.5694e4, 3.0662e4)kph; 
        orbit speed: 1.1112e4kph; orbit radius: 6.7215e0Mm; 
Time:    8.00hours, Distance to sun:150000.0Mm, Energy:  -87.29YJ, Momentum(-1.783e-1,-9.2359e1)Pgm/s
Sun  loc:(-1.5000e5,-8.5785e2)Mm; 
        rel vel:( 0.0000e0, 0.0000e0)kph; abs vel:( 2.1895e3,-3.8603e5)kph; 
        orbit speed: 0.0000e0kph; orbit radius: 0.0000e0Mm; 
Earthloc:( 0.0000e0, 0.0000e0)Mm; 
        rel vel:(-6.0820e2, 1.0723e5)kph; abs vel:( 0.0000e0, 0.0000e0)kph; 
        orbit speed: 1.0723e5kph; orbit radius: 1.5000e5Mm; 
Moon loc:( 3.8482e2, 1.6429e1)Mm; 
        rel vel:(-4.5652e1, 2.0529e3)kph; abs vel:(-1.6435e2, 7.3905e3)kph; 
        orbit speed: 2.0534e3kph; orbit radius: 3.8517e2Mm; 
Ap8CMloc:( 3.8034e0, 5.5390e0)Mm; 
        rel vel:(-9.2943e3, 6.3909e3)kph; abs vel:(-3.3459e4, 2.3007e4)kph; 
        orbit speed: 1.1279e4kph; orbit radius: 6.7191e0Mm; 
Time:    9.00hours, Distance to sun:150000.0Mm, Energy: -110.79YJ, Momentum(-7.710e-1,-1.2315e2)Pgm/s
Sun  loc:(-1.5000e5,-9.6508e2)Mm; 
        rel vel:( 0.0000e0, 0.0000e0)kph; abs vel:( 2.4632e3,-3.8603e5)kph; 
        orbit speed: 0.0000e0kph; orbit radius: 0.0000e0Mm; 
Earthloc:( 0.0000e0, 0.0000e0)Mm; 
        rel vel:(-6.8423e2, 1.0723e5)kph; abs vel:( 0.0000e0, 0.0000e0)kph; 
        orbit speed: 1.0723e5kph; orbit radius: 1.5000e5Mm; 
Moon loc:( 3.8477e2, 1.8482e1)Mm; 
        rel vel:(-5.1350e1, 2.0526e3)kph; abs vel:(-1.8486e2, 7.3895e3)kph; 
        orbit speed: 2.0533e3kph; orbit radius: 3.8521e2Mm; 
Ap8CMloc:(-5.9303e0, 3.2172e0)Mm; 
        rel vel:(-5.3884e3,-9.8381e3)kph; abs vel:(-1.9398e4,-3.5417e4)kph; 
        orbit speed: 1.1217e4kph; orbit radius: 6.7468e0Mm; 
Time:   10.00hours, Distance to sun:150000.0Mm, Energy: -137.08YJ, Momentum(-7.645e-1,-1.0116e2)Pgm/s
Sun  loc:(-1.5000e5,-1.0723e3)Mm; 
        rel vel:( 0.0000e0, 0.0000e0)kph; abs vel:( 2.7369e3,-3.8603e5)kph; 
        orbit speed: 0.0000e0kph; orbit radius: 0.0000e0Mm; 
Earthloc:( 0.0000e0, 0.0000e0)Mm; 
        rel vel:(-7.6025e2, 1.0723e5)kph; abs vel:( 0.0000e0, 0.0000e0)kph; 
        orbit speed: 1.0723e5kph; orbit radius: 1.5000e5Mm; 
Moon loc:( 3.8471e2, 2.0534e1)Mm; 
        rel vel:(-5.7045e1, 2.0523e3)kph; abs vel:(-2.0536e2, 7.3884e3)kph; 
        orbit speed: 2.0531e3kph; orbit radius: 3.8526e2Mm; 
Ap8CMloc:(-2.8084e0,-6.1825e0)Mm; 
        rel vel:( 1.0026e4,-4.5884e3)kph; abs vel:( 3.6094e4,-1.6518e4)kph; 
        orbit speed: 1.1026e4kph; orbit radius: 6.7905e0Mm; 
Time:   11.00hours, Distance to sun:150000.0Mm, Energy: -166.16YJ, Momentum(-1.4796e0,-2.0671e2)Pgm/s
Sun  loc:(-1.5000e5,-1.1795e3)Mm; 
        rel vel:( 0.0000e0, 0.0000e0)kph; abs vel:( 3.0106e3,-3.8602e5)kph; 
        orbit speed: 0.0000e0kph; orbit radius: 0.0000e0Mm; 
Earthloc:( 0.0000e0, 0.0000e0)Mm; 
        rel vel:(-8.3628e2, 1.0723e5)kph; abs vel:( 0.0000e0, 0.0000e0)kph; 
        orbit speed: 1.0723e5kph; orbit radius: 1.5000e5Mm; 
Moon loc:( 3.8465e2, 2.2586e1)Mm; 
        rel vel:(-6.2737e1, 2.0520e3)kph; abs vel:(-2.2585e2, 7.3871e3)kph; 
        orbit speed: 2.0529e3kph; orbit radius: 3.8532e2Mm; 
Ap8CMloc:( 6.3270e0,-2.4898e0)Mm; 
        rel vel:( 4.0497e3, 1.0312e4)kph; abs vel:( 1.4579e4, 3.7124e4)kph; 
        orbit speed: 1.1079e4kph; orbit radius: 6.7993e0Mm; 
Time:   12.00hours, Distance to sun:150000.0Mm, Energy: -198.04YJ, Momentum(-2.4696e0,-2.0231e2)Pgm/s
Sun  loc:(-1.4999e5,-1.2868e3)Mm; 
        rel vel:( 0.0000e0, 0.0000e0)kph; abs vel:( 3.2843e3,-3.8602e5)kph; 
        orbit speed: 0.0000e0kph; orbit radius: 0.0000e0Mm; 
Earthloc:( 0.0000e0, 0.0000e0)Mm; 
        rel vel:(-9.1230e2, 1.0723e5)kph; abs vel:( 0.0000e0, 0.0000e0)kph; 
        orbit speed: 1.0723e5kph; orbit radius: 1.5000e5Mm; 
Moon loc:( 3.8459e2, 2.4638e1)Mm; 
        rel vel:(-6.8424e1, 2.0516e3)kph; abs vel:(-2.4633e2, 7.3858e3)kph; 
        orbit speed: 2.0527e3kph; orbit radius: 3.8538e2Mm; 
Ap8CMloc:( 2.0271e0, 6.4878e0)Mm; 
        rel vel:(-1.0714e4, 3.3620e3)kph; abs vel:(-3.8572e4, 1.2103e4)kph; 
        orbit speed: 1.1229e4kph; orbit radius: 6.7972e0Mm; 
Time:   13.00hours, Distance to sun:150000.1Mm, Energy: -232.71YJ, Momentum(-2.5083e0,-1.6713e2)Pgm/s
Sun  loc:(-1.4999e5,-1.3940e3)Mm; 
        rel vel:( 0.0000e0, 0.0000e0)kph; abs vel:( 3.5580e3,-3.8602e5)kph; 
        orbit speed: 0.0000e0kph; orbit radius: 0.0000e0Mm; 
Earthloc:( 0.0000e0, 0.0000e0)Mm; 
        rel vel:(-9.8832e2, 1.0723e5)kph; abs vel:( 0.0000e0, 0.0000e0)kph; 
        orbit speed: 1.0723e5kph; orbit radius: 1.5000e5Mm; 
Moon loc:( 3.8452e2, 2.6690e1)Mm; 
        rel vel:(-7.4108e1, 2.0512e3)kph; abs vel:(-2.6679e2, 7.3843e3)kph; 
        orbit speed: 2.0525e3kph; orbit radius: 3.8544e2Mm; 
Ap8CMloc:(-6.6523e0, 1.5554e0)Mm; 
        rel vel:(-2.5797e3,-1.0816e4)kph; abs vel:(-9.2869e3,-3.8938e4)kph; 
        orbit speed: 1.1119e4kph; orbit radius: 6.8317e0Mm; 
Time:   14.00hours, Distance to sun:150000.1Mm, Energy: -270.18YJ, Momentum(-3.2384e0,-1.3634e2)Pgm/s
Sun  loc:(-1.4999e5,-1.5012e3)Mm; 
        rel vel:( 0.0000e0, 0.0000e0)kph; abs vel:( 3.8317e3,-3.8602e5)kph; 
        orbit speed: 0.0000e0kph; orbit radius: 0.0000e0Mm; 
Earthloc:( 0.0000e0, 0.0000e0)Mm; 
        rel vel:(-1.0643e3, 1.0723e5)kph; abs vel:( 0.0000e0, 0.0000e0)kph; 
        orbit speed: 1.0723e5kph; orbit radius: 1.5000e5Mm; 
Moon loc:( 3.8444e2, 2.8741e1)Mm; 
        rel vel:(-7.9788e1, 2.0507e3)kph; abs vel:(-2.8724e2, 7.3827e3)kph; 
        orbit speed: 2.0523e3kph; orbit radius: 3.8551e2Mm; 
Ap8CMloc:(-1.3167e0,-6.7464e0)Mm; 
        rel vel:( 1.0744e4,-2.1213e3)kph; abs vel:( 3.8678e4,-7.6367e3)kph; 
        orbit speed: 1.0951e4kph; orbit radius: 6.8737e0Mm; 
Time:   15.00hours, Distance to sun:150000.1Mm, Energy: -310.44YJ, Momentum(-2.7187e0,-1.4953e2)Pgm/s
Sun  loc:(-1.4999e5,-1.6084e3)Mm; 
        rel vel:( 0.0000e0, 0.0000e0)kph; abs vel:( 4.1053e3,-3.8601e5)kph; 
        orbit speed: 0.0000e0kph; orbit radius: 0.0000e0Mm; 
Earthloc:( 0.0000e0, 0.0000e0)Mm; 
        rel vel:(-1.1404e3, 1.0723e5)kph; abs vel:( 0.0000e0, 0.0000e0)kph; 
        orbit speed: 1.0723e5kph; orbit radius: 1.5000e5Mm; 
Moon loc:( 3.8436e2, 3.0791e1)Mm; 
        rel vel:(-8.5463e1, 2.0503e3)kph; abs vel:(-3.0767e2, 7.3810e3)kph; 
        orbit speed: 2.0520e3kph; orbit radius: 3.8559e2Mm; 
Ap8CMloc:( 6.7791e0,-1.1492e0)Mm; 
        rel vel:( 1.8337e3, 1.0886e4)kph; abs vel:( 6.6012e3, 3.9189e4)kph; 
        orbit speed: 1.1039e4kph; orbit radius: 6.8758e0Mm; 
Time:   16.00hours, Distance to sun:150000.1Mm, Energy: -353.50YJ, Momentum(-1.3100e0,-1.8912e2)Pgm/s
Sun  loc:(-1.4999e5,-1.7157e3)Mm; 
        rel vel:( 0.0000e0, 0.0000e0)kph; abs vel:( 4.3790e3,-3.8601e5)kph; 
        orbit speed: 0.0000e0kph; orbit radius: 0.0000e0Mm; 
Earthloc:( 0.0000e0, 0.0000e0)Mm; 
        rel vel:(-1.2164e3, 1.0723e5)kph; abs vel:( 0.0000e0, 0.0000e0)kph; 
        orbit speed: 1.0723e5kph; orbit radius: 1.5000e5Mm; 
Moon loc:( 3.8427e2, 3.2841e1)Mm; 
        rel vel:(-9.1133e1, 2.0498e3)kph; abs vel:(-3.2808e2, 7.3791e3)kph; 
        orbit speed: 2.0518e3kph; orbit radius: 3.8567e2Mm; 
Ap8CMloc:( 8.276e-1, 6.8246e0)Mm; 
        rel vel:(-1.1087e4, 1.3628e3)kph; abs vel:(-3.9913e4, 4.9060e3)kph; 
        orbit speed: 1.1170e4kph; orbit radius: 6.8746e0Mm; 
Time:   17.00hours, Distance to sun:150000.1Mm, Energy: -399.35YJ, Momentum(-8.203e-1,-1.6713e2)Pgm/s
Sun  loc:(-1.4999e5,-1.8229e3)Mm; 
        rel vel:( 0.0000e0, 0.0000e0)kph; abs vel:( 4.6527e3,-3.8601e5)kph; 
        orbit speed: 0.0000e0kph; orbit radius: 0.0000e0Mm; 
Earthloc:( 0.0000e0, 0.0000e0)Mm; 
        rel vel:(-1.2924e3, 1.0722e5)kph; abs vel:( 0.0000e0, 0.0000e0)kph; 
        orbit speed: 1.0723e5kph; orbit radius: 1.5000e5Mm; 
Moon loc:( 3.8418e2, 3.4891e1)Mm; 
        rel vel:(-9.6797e1, 2.0492e3)kph; abs vel:(-3.4847e2, 7.3772e3)kph; 
        orbit speed: 2.0515e3kph; orbit radius: 3.8576e2Mm; 
Ap8CMloc:(-6.8929e0, 5.340e-1)Mm; 
        rel vel:(-9.0417e2,-1.1000e4)kph; abs vel:(-3.2550e3,-3.9599e4)kph; 
        orbit speed: 1.1037e4kph; orbit radius: 6.9136e0Mm; 
Time:   18.00hours, Distance to sun:150000.1Mm, Energy: -447.99YJ, Momentum(-6.614e-1,-1.5833e2)Pgm/s
Sun  loc:(-1.4999e5,-1.9301e3)Mm; 
        rel vel:( 0.0000e0, 0.0000e0)kph; abs vel:( 4.9264e3,-3.8600e5)kph; 
        orbit speed: 0.0000e0kph; orbit radius: 0.0000e0Mm; 
Earthloc:( 0.0000e0, 0.0000e0)Mm; 
        rel vel:(-1.3684e3, 1.0722e5)kph; abs vel:( 0.0000e0, 0.0000e0)kph; 
        orbit speed: 1.0723e5kph; orbit radius: 1.5000e5Mm; 
Moon loc:( 3.8408e2, 3.6940e1)Mm; 
        rel vel:(-1.0246e2, 2.0486e3)kph; abs vel:(-3.6884e2, 7.3751e3)kph; 
        orbit speed: 2.0512e3kph; orbit radius: 3.8585e2Mm; 
Ap8CMloc:(-4.888e-1,-6.9371e0)Mm; 
        rel vel:( 1.0857e4,-7.8459e2)kph; abs vel:( 3.9086e4,-2.8245e3)kph; 
        orbit speed: 1.0886e4kph; orbit radius: 6.9543e0Mm; 
Time:   19.00hours, Distance to sun:150000.1Mm, Energy: -499.42YJ, Momentum(-1.417e-1,-2.3310e2)Pgm/s
Sun  loc:(-1.4999e5,-2.0373e3)Mm; 
        rel vel:( 0.0000e0, 0.0000e0)kph; abs vel:( 5.2001e3,-3.8600e5)kph; 
        orbit speed: 0.0000e0kph; orbit radius: 0.0000e0Mm; 
Earthloc:( 0.0000e0, 0.0000e0)Mm; 
        rel vel:(-1.4445e3, 1.0722e5)kph; abs vel:( 0.0000e0, 0.0000e0)kph; 
        orbit speed: 1.0723e5kph; orbit radius: 1.5000e5Mm; 
Moon loc:( 3.8397e2, 3.8988e1)Mm; 
        rel vel:(-1.0811e2, 2.0480e3)kph; abs vel:(-3.8919e2, 7.3729e3)kph; 
        orbit speed: 2.0509e3kph; orbit radius: 3.8595e2Mm; 
Ap8CMloc:( 6.9343e0,-4.966e-1)Mm; 
        rel vel:( 7.7068e2, 1.0962e4)kph; abs vel:( 2.7745e3, 3.9462e4)kph; 
        orbit speed: 1.0989e4kph; orbit radius: 6.9520e0Mm; 
Time:   20.00hours, Distance to sun:150000.1Mm, Energy: -553.64YJ, Momentum( 1.975e-1,-1.9351e2)Pgm/s
Sun  loc:(-1.4998e5,-2.1446e3)Mm; 
        rel vel:( 0.0000e0, 0.0000e0)kph; abs vel:( 5.4737e3,-3.8600e5)kph; 
        orbit speed: 0.0000e0kph; orbit radius: 0.0000e0Mm; 
Earthloc:( 0.0000e0, 0.0000e0)Mm; 
        rel vel:(-1.5205e3, 1.0722e5)kph; abs vel:( 0.0000e0, 0.0000e0)kph; 
        orbit speed: 1.0723e5kph; orbit radius: 1.5000e5Mm; 
Moon loc:( 3.8386e2, 4.1036e1)Mm; 
        rel vel:(-1.1376e2, 2.0474e3)kph; abs vel:(-4.0952e2, 7.3706e3)kph; 
        orbit speed: 2.0505e3kph; orbit radius: 3.8605e2Mm; 
Ap8CMloc:( 3.450e-1, 6.9420e0)Mm; 
        rel vel:(-1.1095e4, 5.7147e2)kph; abs vel:(-3.9943e4, 2.0573e3)kph; 
        orbit speed: 1.1110e4kph; orbit radius: 6.9506e0Mm; 
Time:   21.00hours, Distance to sun:150000.1Mm, Energy: -610.66YJ, Momentum(-6.271e-1,-1.7592e2)Pgm/s
Sun  loc:(-1.4998e5,-2.2518e3)Mm; 
        rel vel:( 0.0000e0, 0.0000e0)kph; abs vel:( 5.7474e3,-3.8599e5)kph; 
        orbit speed: 0.0000e0kph; orbit radius: 0.0000e0Mm; 
Earthloc:( 0.0000e0, 0.0000e0)Mm; 
        rel vel:(-1.5965e3, 1.0722e5)kph; abs vel:( 0.0000e0, 0.0000e0)kph; 
        orbit speed: 1.0723e5kph; orbit radius: 1.5000e5Mm; 
Moon loc:( 3.8374e2, 4.3083e1)Mm; 
        rel vel:(-1.1940e2, 2.0467e3)kph; abs vel:(-4.2982e2, 7.3682e3)kph; 
        orbit speed: 2.0502e3kph; orbit radius: 3.8615e2Mm; 
Ap8CMloc:(-6.9880e0, 2.343e-1)Mm; 
        rel vel:(-4.2123e2,-1.0962e4)kph; abs vel:(-1.5164e3,-3.9463e4)kph; 
        orbit speed: 1.0970e4kph; orbit radius: 6.9919e0Mm; 
Time:   22.00hours, Distance to sun:150000.2Mm, Energy: -670.47YJ, Momentum(-9.792e-1,-1.2754e2)Pgm/s
Sun  loc:(-1.4998e5,-2.3590e3)Mm; 
        rel vel:( 0.0000e0, 0.0000e0)kph; abs vel:( 6.0211e3,-3.8599e5)kph; 
        orbit speed: 0.0000e0kph; orbit radius: 0.0000e0Mm; 
Earthloc:( 0.0000e0, 0.0000e0)Mm; 
        rel vel:(-1.6725e3, 1.0722e5)kph; abs vel:( 0.0000e0, 0.0000e0)kph; 
        orbit speed: 1.0723e5kph; orbit radius: 1.5000e5Mm; 
Moon loc:( 3.8362e2, 4.5129e1)Mm; 
        rel vel:(-1.2503e2, 2.0460e3)kph; abs vel:(-4.5010e2, 7.3656e3)kph; 
        orbit speed: 2.0498e3kph; orbit radius: 3.8627e2Mm; 
Ap8CMloc:(-3.752e-1,-7.0229e0)Mm; 
        rel vel:( 1.0808e4,-5.9596e2)kph; abs vel:( 3.8909e4,-2.1454e3)kph; 
        orbit speed: 1.0824e4kph; orbit radius: 7.0329e0Mm; 
Time:   23.00hours, Distance to sun:150000.2Mm, Energy: -733.06YJ, Momentum(-2.2978e0,-1.3194e2)Pgm/s
Sun  loc:(-1.4998e5,-2.4662e3)Mm; 
        rel vel:( 0.0000e0, 0.0000e0)kph; abs vel:( 6.2948e3,-3.8598e5)kph; 
        orbit speed: 0.0000e0kph; orbit radius: 0.0000e0Mm; 
Earthloc:( 0.0000e0, 0.0000e0)Mm; 
        rel vel:(-1.7486e3, 1.0722e5)kph; abs vel:( 0.0000e0, 0.0000e0)kph; 
        orbit speed: 1.0723e5kph; orbit radius: 1.5000e5Mm; 
Moon loc:( 3.8349e2, 4.7175e1)Mm; 
        rel vel:(-1.3065e2, 2.0453e3)kph; abs vel:(-4.7035e2, 7.3630e3)kph; 
        orbit speed: 2.0494e3kph; orbit radius: 3.8638e2Mm; 
Ap8CMloc:( 7.0059e0,-5.653e-1)Mm; 
        rel vel:( 8.6206e2, 1.0894e4)kph; abs vel:( 3.1034e3, 3.9217e4)kph; 
        orbit speed: 1.0928e4kph; orbit radius: 7.0287e0Mm; 
Final position:
Time:   24.00hours, Distance to sun:150000.2Mm, Energy: -798.23YJ, Momentum( 2.405e-1,-1.0555e2)Pgm/s
Sun  loc:(-1.4998e5,-2.5731e3)Mm; 
        rel vel:( 0.0000e0, 0.0000e0)kph; abs vel:( 6.5675e3,-3.8598e5)kph; 
        orbit speed: 0.0000e0kph; orbit radius: 0.0000e0Mm; 
Earthloc:( 0.0000e0, 0.0000e0)Mm; 
        rel vel:(-1.8243e3, 1.0722e5)kph; abs vel:( 0.0000e0, 0.0000e0)kph; 
        orbit speed: 1.0723e5kph; orbit radius: 1.5000e5Mm; 
Moon loc:( 3.8336e2, 4.9213e1)Mm; 
        rel vel:(-1.3625e2, 2.0445e3)kph; abs vel:(-4.9051e2, 7.3602e3)kph; 
        orbit speed: 2.0490e3kph; orbit radius: 3.8651e2Mm; 
Ap8CMloc:( 6.293e-1, 6.9966e0)Mm; 
        rel vel:(-1.1005e4, 1.0082e3)kph; abs vel:(-3.9617e4, 3.6297e3)kph; 
        orbit speed: 1.1051e4kph; orbit radius: 7.0249e0Mm; 
Final position:
  S:("Sun  ","☉",( 1.9891000000e30,( 1.15676735052e1, 6.6219231740e-2),( 2.6780075976e-4, 2.2996279102e-6)))
  E:("Earth","⊕",( 9.7220000000e23,( 1.4997811102e11, 2.57308484151e9),(-5.06754640451e2, 2.97824181977e4)))
  M:("Moon ","☾",( 7.3476730900e22,( 1.5036147159e11, 2.62229756439e9),(-5.44602751247e2, 3.03503373889e4)))
  8:("Ap8CM","8",( 5.80900000000e3,( 1.4997874032e11, 2.58008146731e9),(-3.56365955914e3, 3.00624863542e4)))
12.41user 1.60system 0:14.01elapsed 99%CPU (0avgtext+0avgdata 5173248maxresident)k
0inputs+0outputs (0major+323704minor)pagefaults 0swaps
