OPT1: 1; OPT2: 7; 
Parameter orbit period OF mean OF apollo8cm: +3.64307227890746e  +0 hours 
System:((Sun  ,Earth,Moon ,Ap8CM),Apollo 8,-3.23537e7,)
Initial position:
  S:("Sun  ","☉",( 1.9891e30,( 0.00000e0, 0.00000e0),( 0.00000e0, 0.00000e0)))
  E:("Earth","⊕",( 9.7220e23,( 1.4960e11, 0.00000e0),( 0.00000e0, 2.97866e4)))
  M:("Moon ","☾",( 7.3477e22,( 1.4982e11, 0.00000e0),( 0.00000e0, 3.03572e4)))
  8:("Ap8CM","8",( 5.80900e3,( 1.4961e11, 0.00000e0),( 0.00000e0, 3.29307e4)))
Parameter: step size = .0003; hours
Parameter: report period =  1.00000e0; hours
Parameter: mission stop time =  1.45723e1; hours
IVP Order-2: solar system:
  t interval: [ 0.00000e0 …  5.24602e4]
  y₀ = ( 0.00000e0, 0.00000e0, 1.4960e11, 0.00000e0, 1.4982e11, 0.00000e0, 1.4961e11, 0.00000e0)
  dy₀/dt = ( 0.00000e0, 0.00000e0, 0.00000e0, 2.97866e4, 0.00000e0, 3.03572e4, 0.00000e0, 3.29307e4)
  d²y₀/dt² = ( 3.1172e-9, 0.00000e0,-5.8240e-3, 0.00000e0,-7.3257e-3, 0.00000e0,-1.51209e0, 0.00000e0)


Reference point: Earth
Initial momentum:( 0.00000e0, 3.1189e28), Initial energy: 4.6514e32
Time:    0.00hours, Distance to sun:149601.5Mm, Energy:    0.00YJ, Momentum( 0.00000e0, 0.00000e0)Pgm/s
Sun  loc:(-1.49601e5, 0.00000e0)Mm;  rv:( 0.00000e0, 0.00000e0)kph; av:( 0.00000e0,-3.86034e5)kph;  os: 0.00000e0kph; or: 0.00000e0Mm; 
Earthloc:( 0.00000e0, 0.00000e0)Mm;  rv:( 0.00000e0, 1.07232e5)kph; av:( 0.00000e0, 0.00000e0)kph;  os: 1.07232e5kph; or: 1.49601e5Mm; 
Moon loc:( 2.14355e2, 0.00000e0)Mm;  rv:( 0.00000e0, 2.05397e3)kph; av:( 0.00000e0, 7.39431e3)kph;  os: 2.05397e3kph; or: 2.14355e2Mm; 
Ap8CMloc:( 6.56275e0, 0.00000e0)Mm;  rv:( 0.00000e0, 1.13187e4)kph; av:( 0.00000e0, 4.07475e4)kph;  os: 1.13187e4kph; or: 6.56275e0Mm; 
Time:    1.00hours, Distance to sun:149601.5Mm, Energy:   -0.62YJ, Momentum(-2.7130e-2,-3.07863e1)Pgm/s
Sun  loc:(-1.49601e5,-1.07232e2)Mm;  rv:( 0.00000e0, 0.00000e0)kph; av:( 2.71726e2,-3.86034e5)kph;  os: 0.00000e0kph; or: 0.00000e0Mm; 
Earthloc:( 0.00000e0, 0.00000e0)Mm;  rv:(-7.54793e1, 1.07232e5)kph; av:( 0.00000e0, 0.00000e0)kph;  os: 1.07232e5kph; or: 1.49601e5Mm; 
Moon loc:( 2.14345e2, 2.05395e0)Mm;  rv:(-1.94614e1, 2.05388e3)kph; av:(-7.00611e1, 7.39397e3)kph;  os: 2.05397e3kph; or: 2.14355e2Mm; 
Ap8CMloc:(-1.00386e0, 6.49176e0)Mm;  rv:(-1.11859e4,-1.72034e3)kph; av:(-4.02692e4,-6.19322e3)kph;  os: 1.13174e4kph; or: 6.56892e0Mm; 
Time:    2.00hours, Distance to sun:149601.5Mm, Energy:   -2.63YJ, Momentum( 1.2241e-1,-2.19902e1)Pgm/s
Sun  loc:(-1.49601e5,-2.14465e2)Mm;  rv:( 0.00000e0, 0.00000e0)kph; av:( 5.43451e2,-3.86034e5)kph;  os: 0.00000e0kph; or: 0.00000e0Mm; 
Earthloc:( 0.00000e0, 0.00000e0)Mm;  rv:(-1.50959e2, 1.07232e5)kph; av:( 0.00000e0, 0.00000e0)kph;  os: 1.07232e5kph; or: 1.49601e5Mm; 
Moon loc:( 2.14316e2, 4.10772e0)Mm;  rv:(-3.89210e1, 2.05360e3)kph; av:(-1.40116e2, 7.39294e3)kph;  os: 2.05396e3kph; or: 2.14355e2Mm; 
Ap8CMloc:(-6.28749e0,-1.95950e0)Mm;  rv:( 3.34632e3,-1.07908e4)kph; av:( 1.20467e4,-3.88470e4)kph;  os: 1.12978e4kph; or: 6.58576e0Mm; 
Time:    3.00hours, Distance to sun:149601.5Mm, Energy:   -6.02YJ, Momentum( 6.1219e-2,-1.75922e1)Pgm/s
Sun  loc:(-1.49601e5,-3.21697e2)Mm;  rv:( 0.00000e0, 0.00000e0)kph; av:( 8.15178e2,-3.86034e5)kph;  os: 0.00000e0kph; or: 0.00000e0Mm; 
Earthloc:( 0.00000e0, 0.00000e0)Mm;  rv:(-2.26438e2, 1.07232e5)kph; av:( 0.00000e0, 0.00000e0)kph;  os: 1.07232e5kph; or: 1.49601e5Mm; 
Moon loc:( 2.14267e2, 6.16110e0)Mm;  rv:(-5.83769e1, 2.05312e3)kph; av:(-2.10157e2, 7.39124e3)kph;  os: 2.05395e3kph; or: 2.14356e2Mm; 
Ap8CMloc:( 2.83141e0,-5.96119e0)Mm;  rv:( 1.01942e4, 4.83693e3)kph; av:( 3.66991e4, 1.74129e4)kph;  os: 1.12835e4kph; or: 6.59944e0Mm; 
Time:    4.00hours, Distance to sun:149601.5Mm, Energy:  -10.80YJ, Momentum( 1.8575e-1,-2.19902e1)Pgm/s
Sun  loc:(-1.49601e5,-4.28929e2)Mm;  rv:( 0.00000e0, 0.00000e0)kph; av:( 1.08691e3,-3.86033e5)kph;  os: 0.00000e0kph; or: 0.00000e0Mm; 
Earthloc:( 0.00000e0, 0.00000e0)Mm;  rv:(-3.01918e2, 1.07231e5)kph; av:( 0.00000e0, 0.00000e0)kph;  os: 1.07232e5kph; or: 1.49601e5Mm; 
Moon loc:( 2.14199e2, 8.21392e0)Mm;  rv:(-7.78274e1, 2.05246e3)kph; av:(-2.80179e2, 7.38885e3)kph;  os: 2.05393e3kph; or: 2.14357e2Mm; 
Ap8CMloc:( 5.51621e0, 3.62961e0)Mm;  rv:(-6.20266e3, 9.42897e3)kph; av:(-2.23296e4, 3.39443e4)kph;  os: 1.12862e4kph; or: 6.60323e0Mm; 
Time:    5.00hours, Distance to sun:149601.5Mm, Energy:  -16.96YJ, Momentum( 7.4087e-1,-8.79609e0)Pgm/s
Sun  loc:(-1.49601e5,-5.36161e2)Mm;  rv:( 0.00000e0, 0.00000e0)kph; av:( 1.35863e3,-3.86033e5)kph;  os: 0.00000e0kph; or: 0.00000e0Mm; 
Earthloc:( 0.00000e0, 0.00000e0)Mm;  rv:(-3.77398e2, 1.07231e5)kph; av:( 0.00000e0, 0.00000e0)kph;  os: 1.07232e5kph; or: 1.49601e5Mm; 
Moon loc:( 2.14112e2, 1.02660e1)Mm;  rv:(-9.72705e1, 2.05161e3)kph; av:(-3.50174e2, 7.38579e3)kph;  os: 2.05391e3kph; or: 2.14358e2Mm; 
Ap8CMloc:(-4.35600e0, 4.97556e0)Mm;  rv:(-8.49487e3,-7.41942e3)kph; av:(-3.05815e4,-2.67099e4)kph;  os: 1.12788e4kph; or: 6.61294e0Mm; 
Time:    6.00hours, Distance to sun:149601.5Mm, Energy:  -24.50YJ, Momentum( 1.22623e0,-8.79609e0)Pgm/s
Sun  loc:(-1.49600e5,-6.43392e2)Mm;  rv:( 0.00000e0, 0.00000e0)kph; av:( 1.63036e3,-3.86032e5)kph;  os: 0.00000e0kph; or: 0.00000e0Mm; 
Earthloc:( 0.00000e0, 0.00000e0)Mm;  rv:(-4.52879e2, 1.07231e5)kph; av:( 0.00000e0, 0.00000e0)kph;  os: 1.07232e5kph; or: 1.49601e5Mm; 
Moon loc:( 2.14005e2, 1.23171e1)Mm;  rv:(-1.16704e2, 2.05057e3)kph; av:(-4.20136e2, 7.38204e3)kph;  os: 2.05388e3kph; or: 2.14359e2Mm; 
Ap8CMloc:(-4.37632e0,-4.98148e0)Mm;  rv:( 8.44847e3,-7.44003e3)kph; av:( 3.04145e4,-2.67841e4)kph;  os: 1.12575e4kph; or: 6.63078e0Mm; 
Time:    7.00hours, Distance to sun:149601.5Mm, Energy:  -33.42YJ, Momentum( 6.7002e-1,-1.75922e1)Pgm/s
Sun  loc:(-1.49600e5,-7.50624e2)Mm;  rv:( 0.00000e0, 0.00000e0)kph; av:( 1.90210e3,-3.86031e5)kph;  os: 0.00000e0kph; or: 0.00000e0Mm; 
Earthloc:( 0.00000e0, 0.00000e0)Mm;  rv:(-5.28360e2, 1.07231e5)kph; av:( 0.00000e0, 0.00000e0)kph;  os: 1.07232e5kph; or: 1.49602e5Mm; 
Moon loc:( 2.13878e2, 1.43671e1)Mm;  rv:(-1.36127e2, 2.04934e3)kph; av:(-4.90059e2, 7.37761e3)kph;  os: 2.05385e3kph; or: 2.14360e2Mm; 
Ap8CMloc:( 5.49481e0,-3.72874e0)Mm;  rv:( 6.31797e3, 9.30832e3)kph; av:( 2.27447e4, 3.35099e4)kph;  os: 1.12500e4kph; or: 6.64051e0Mm; 
Time:    8.00hours, Distance to sun:149601.5Mm, Energy:  -43.72YJ, Momentum( 2.6412e-1,-6.59707e1)Pgm/s
Sun  loc:(-1.49599e5,-8.57855e2)Mm;  rv:( 0.00000e0, 0.00000e0)kph; av:( 2.17383e3,-3.86030e5)kph;  os: 0.00000e0kph; or: 0.00000e0Mm; 
Earthloc:( 0.00000e0, 0.00000e0)Mm;  rv:(-6.03842e2, 1.07230e5)kph; av:( 0.00000e0, 0.00000e0)kph;  os: 1.07232e5kph; or: 1.49602e5Mm; 
Moon loc:( 2.13732e2, 1.64157e1)Mm;  rv:(-1.55538e2, 2.04792e3)kph; av:(-5.59935e2, 7.37250e3)kph;  os: 2.05381e3kph; or: 2.14362e2Mm; 
Ap8CMloc:( 3.02660e0, 5.91473e0)Mm;  rv:(-1.00155e4, 5.12976e3)kph; av:(-3.60560e4, 1.84671e4)kph;  os: 1.12528e4kph; or: 6.64412e0Mm; 
Time:    9.00hours, Distance to sun:149601.5Mm, Energy:  -55.41YJ, Momentum( 1.41733e0,-2.19902e1)Pgm/s
Sun  loc:(-1.49598e5,-9.65085e2)Mm;  rv:( 0.00000e0, 0.00000e0)kph; av:( 2.44557e3,-3.86028e5)kph;  os: 0.00000e0kph; or: 0.00000e0Mm; 
Earthloc:( 0.00000e0, 0.00000e0)Mm;  rv:(-6.79325e2, 1.07230e5)kph; av:( 0.00000e0, 0.00000e0)kph;  os: 1.07232e5kph; or: 1.49602e5Mm; 
Moon loc:( 2.13567e2, 1.84629e1)Mm;  rv:(-1.74933e2, 2.04631e3)kph; av:(-6.29759e2, 7.36671e3)kph;  os: 2.05377e3kph; or: 2.14364e2Mm; 
Ap8CMloc:(-6.24843e0, 2.29699e0)Mm;  rv:(-3.89260e3,-1.05440e4)kph; av:(-1.40134e4,-3.79583e4)kph;  os: 1.12396e4kph; or: 6.65725e0Mm; 
Time:   10.00hours, Distance to sun:149601.5Mm, Energy:  -68.48YJ, Momentum( 4.8535e-1,-6.15727e1)Pgm/s
Sun  loc:(-1.49598e5,-1.07232e3)Mm;  rv:( 0.00000e0, 0.00000e0)kph; av:( 2.71731e3,-3.86027e5)kph;  os: 0.00000e0kph; or: 0.00000e0Mm; 
Earthloc:( 0.00000e0, 0.00000e0)Mm;  rv:(-7.54808e2, 1.07230e5)kph; av:( 0.00000e0, 0.00000e0)kph;  os: 1.07232e5kph; or: 1.49602e5Mm; 
Moon loc:( 2.13383e2, 2.05083e1)Mm;  rv:(-1.94312e2, 2.04451e3)kph; av:(-6.99524e2, 7.36024e3)kph;  os: 2.05373e3kph; or: 2.14366e2Mm; 
Ap8CMloc:(-1.57751e0,-6.48507e0)Mm;  rv:( 1.08996e4,-2.66151e3)kph; av:( 3.92386e4,-9.58145e3)kph;  os: 1.12199e4kph; or: 6.67418e0Mm; 
Time:   11.00hours, Distance to sun:149601.6Mm, Energy:  -82.93YJ, Momentum( 1.59343e0,-2.63883e1)Pgm/s
Sun  loc:(-1.49597e5,-1.17955e3)Mm;  rv:( 0.00000e0, 0.00000e0)kph; av:( 2.98905e3,-3.86025e5)kph;  os: 0.00000e0kph; or: 0.00000e0Mm; 
Earthloc:( 0.00000e0, 0.00000e0)Mm;  rv:(-8.30292e2, 1.07229e5)kph; av:( 0.00000e0, 0.00000e0)kph;  os: 1.07232e5kph; or: 1.49602e5Mm; 
Moon loc:( 2.13179e2, 2.25518e1)Mm;  rv:(-2.13673e2, 2.04253e3)kph; av:(-7.69223e2, 7.35310e3)kph;  os: 2.05367e3kph; or: 2.14368e2Mm; 
Ap8CMloc:( 6.62444e0,-8.6416e-1)Mm;  rv:( 1.45083e3, 1.11237e4)kph; av:( 5.22299e3, 4.00455e4)kph;  os: 1.12180e4kph; or: 6.68057e0Mm; 
Time:   12.00hours, Distance to sun:149601.6Mm, Energy:  -98.77YJ, Momentum( 1.92413e0, 1.31941e2)Pgm/s
Sun  loc:(-1.49596e5,-1.28678e3)Mm;  rv:( 0.00000e0, 0.00000e0)kph; av:( 3.26080e3,-3.86024e5)kph;  os: 0.00000e0kph; or: 0.00000e0Mm; 
Earthloc:( 0.00000e0, 0.00000e0)Mm;  rv:(-9.05777e2, 1.07229e5)kph; av:( 0.00000e0, 0.00000e0)kph;  os: 1.07233e5kph; or: 1.49602e5Mm; 
Moon loc:( 2.12955e2, 2.45933e1)Mm;  rv:(-2.33014e2, 2.04035e3)kph; av:(-8.38849e2, 7.34527e3)kph;  os: 2.05362e3kph; or: 2.14371e2Mm; 
Ap8CMloc:( 1.4416e-1, 6.68400e0)Mm;  rv:(-1.12156e4, 2.49521e2)kph; av:(-4.03760e4, 8.98276e2)kph;  os: 1.12183e4kph; or: 6.68555e0Mm; 
Time:   13.00hours, Distance to sun:149601.6Mm, Energy: -115.98YJ, Momentum( 3.59918e0, 1.23145e2)Pgm/s
Sun  loc:(-1.49595e5,-1.39400e3)Mm;  rv:( 0.00000e0, 0.00000e0)kph; av:( 3.53255e3,-3.86022e5)kph;  os: 0.00000e0kph; or: 0.00000e0Mm; 
Earthloc:( 0.00000e0, 0.00000e0)Mm;  rv:(-9.81264e2, 1.07228e5)kph; av:( 0.00000e0, 0.00000e0)kph;  os: 1.07233e5kph; or: 1.49602e5Mm; 
Moon loc:( 2.12713e2, 2.66325e1)Mm;  rv:(-2.52332e2, 2.03799e3)kph; av:(-9.08397e2, 7.33677e3)kph;  os: 2.05355e3kph; or: 2.14373e2Mm; 
Ap8CMloc:(-6.67826e0,-5.5387e-1)Mm;  rv:( 9.09900e2,-1.11639e4)kph; av:( 3.27564e3,-4.01901e4)kph;  os: 1.12009e4kph; or: 6.70119e0Mm; 
Time:   14.00hours, Distance to sun:149601.6Mm, Energy: -134.58YJ, Momentum( 1.93705e0, 6.59707e1)Pgm/s
Sun  loc:(-1.49594e5,-1.50123e3)Mm;  rv:( 0.00000e0, 0.00000e0)kph; av:( 3.80430e3,-3.86020e5)kph;  os: 0.00000e0kph; or: 0.00000e0Mm; 
Earthloc:( 0.00000e0, 0.00000e0)Mm;  rv:(-1.05675e3, 1.07228e5)kph; av:( 0.00000e0, 0.00000e0)kph;  os: 1.07233e5kph; or: 1.49602e5Mm; 
Moon loc:( 2.12451e2, 2.86692e1)Mm;  rv:(-2.71627e2, 2.03544e3)kph; av:(-9.77859e2, 7.32760e3)kph;  os: 2.05349e3kph; or: 2.14376e2Mm; 
Ap8CMloc:( 1.20216e0,-6.60757e0)Mm;  rv:( 1.10052e4, 1.99580e3)kph; av:( 3.96189e4, 7.18489e3)kph;  os: 1.11848e4kph; or: 6.71604e0Mm; 
Final position:
Time:   14.57hours, Distance to sun:149601.6Mm, Energy: -145.84YJ, Momentum( 2.82609e0, 6.15727e1)Pgm/s
Sun  loc:(-1.49593e5,-1.56259e3)Mm;  rv:( 0.00000e0, 0.00000e0)kph; av:( 3.95981e3,-3.86018e5)kph;  os: 0.00000e0kph; or: 0.00000e0Mm; 
Earthloc:( 0.00000e0, 0.00000e0)Mm;  rv:(-1.09995e3, 1.07227e5)kph; av:( 0.00000e0, 0.00000e0)kph;  os: 1.07233e5kph; or: 1.49602e5Mm; 
Moon loc:( 2.12292e2, 2.98335e1)Mm;  rv:(-2.82657e2, 2.03390e3)kph; av:(-1.01757e3, 7.32204e3)kph;  os: 2.05345e3kph; or: 2.14378e2Mm; 
Ap8CMloc:( 6.08442e0,-2.85091e0)Mm;  rv:( 4.74576e3, 1.01276e4)kph; av:( 1.70847e4, 3.64595e4)kph;  os: 1.11844e4kph; or: 6.71922e0Mm; 
Final position:
  S:("Sun  ","☉",( 1.9891e30,( 4.28922e0, 1.4952e-2),( 1.6352e-4, 8.5507e-7)))
  E:("Earth","⊕",( 9.7220e23,( 1.4959e11, 1.56259e9),(-3.05541e2, 2.97854e4)))
  M:("Moon ","☾",( 7.3477e22,( 1.4981e11, 1.59242e9),(-3.84057e2, 3.03503e4)))
  8:("Ap8CM","8",( 5.80900e3,( 1.4960e11, 1.55974e9),( 1.01273e3, 3.25986e4)))
8.90user 1.44system 0:10.42elapsed 99%CPU (0avgtext+0avgdata 4026368maxresident)k
0inputs+0outputs (0major+252221minor)pagefaults 0swaps
