OPT1: 4; OPT2: 6; 
Parameter orbit period OF mean OF apollo8cm: +3.64307227890746e  +0 hours 
System:((Sun  ,Earth,Moon ,Ap8CM),Apollo 8,-3.23537e7,)
Initial position:
  S:("Sun  ","☉",( 1.9891e30,( 0.00000e0, 0.00000e0),( 0.00000e0, 0.00000e0)))
  E:("Earth","⊕",( 9.7220e23,( 1.4960e11, 0.00000e0),( 0.00000e0, 2.97866e4)))
  M:("Moon ","☾",( 7.3477e22,( 1.4982e11, 0.00000e0),( 0.00000e0, 3.03572e4)))
  8:("Ap8CM","8",( 5.80900e3,( 1.4961e11, 0.00000e0),( 0.00000e0, 3.29307e4)))
Parameter: step size = .0003; hours
Parameter: report period =  1.00000e0; hours
Parameter: mission stop time =  2.40000e1; hours
IVP Order-2: solar system:
  t interval: [ 0.00000e0 …  8.64000e4]
  y₀ = ( 0.00000e0, 0.00000e0, 1.4960e11, 0.00000e0, 1.4982e11, 0.00000e0, 1.4961e11, 0.00000e0)
  dy₀/dt = ( 0.00000e0, 0.00000e0, 0.00000e0, 2.97866e4, 0.00000e0, 3.03572e4, 0.00000e0, 3.29307e4)
  d²y₀/dt² = ( 3.1172e-9, 0.00000e0,-5.8240e-3, 0.00000e0,-7.3257e-3, 0.00000e0,-1.51209e0, 0.00000e0)


Reference point: Earth
Initial momentum:( 0.00000e0, 3.1189e28), Initial energy: 4.6514e32
Time:    0.00hours, Distance to sun:149601.5Mm, Energy:    0.00YJ, Momentum( 2.4728e-6, 0.00000e0)Pgm/s
Sun  loc:(-1.49601e5,-5.9573e-2)Mm;  rv:( 0.00000e0, 0.00000e0)kph; av:( 1.5096e-1,-3.86034e5)kph;  os: 0.00000e0kph; or: 0.00000e0Mm; 
Earthloc:( 0.00000e0, 0.00000e0)Mm;  rv:(-4.1933e-2, 1.07232e5)kph; av:( 0.00000e0, 0.00000e0)kph;  os: 1.07232e5kph; or: 1.49601e5Mm; 
Moon loc:( 2.14355e2, 1.1411e-3)Mm;  rv:(-1.0812e-2, 2.05397e3)kph; av:(-3.8923e-2, 7.39431e3)kph;  os: 2.05397e3kph; or: 2.14355e2Mm; 
Ap8CMloc:( 6.56275e0, 6.2882e-3)Mm;  rv:(-1.08451e1, 1.13187e4)kph; av:(-3.90425e1, 4.07475e4)kph;  os: 1.13187e4kph; or: 6.56275e0Mm; 
Time:    1.00hours, Distance to sun:149601.5Mm, Energy:   -0.56YJ, Momentum( 2.1188e-2,-8.79609e0)Pgm/s
Sun  loc:(-1.49601e5,-1.07232e2)Mm;  rv:( 0.00000e0, 0.00000e0)kph; av:( 2.71724e2,-3.86034e5)kph;  os: 0.00000e0kph; or: 0.00000e0Mm; 
Earthloc:( 0.00000e0, 0.00000e0)Mm;  rv:(-7.54790e1, 1.07232e5)kph; av:( 0.00000e0, 0.00000e0)kph;  os: 1.07232e5kph; or: 1.49601e5Mm; 
Moon loc:( 2.14345e2, 2.05394e0)Mm;  rv:(-1.94613e1, 2.05388e3)kph; av:(-7.00608e1, 7.39397e3)kph;  os: 2.05397e3kph; or: 2.14355e2Mm; 
Ap8CMloc:(-1.00716e0, 6.48969e0)Mm;  rv:(-1.11881e4,-1.72374e3)kph; av:(-4.02771e4,-6.20546e3)kph;  os: 1.13201e4kph; or: 6.56737e0Mm; 
Time:    2.00hours, Distance to sun:149601.5Mm, Energy:   -2.50YJ, Momentum( 1.2890e-2, 1.31941e1)Pgm/s
Sun  loc:(-1.49601e5,-2.14464e2)Mm;  rv:( 0.00000e0, 0.00000e0)kph; av:( 5.43449e2,-3.86034e5)kph;  os: 0.00000e0kph; or: 0.00000e0Mm; 
Earthloc:( 0.00000e0, 0.00000e0)Mm;  rv:(-1.50958e2, 1.07232e5)kph; av:( 0.00000e0, 0.00000e0)kph;  os: 1.07232e5kph; or: 1.49601e5Mm; 
Moon loc:( 2.14316e2, 4.10770e0)Mm;  rv:(-3.89208e1, 2.05360e3)kph; av:(-1.40115e2, 7.39294e3)kph;  os: 2.05396e3kph; or: 2.14355e2Mm; 
Ap8CMloc:(-6.28616e0,-1.96539e0)Mm;  rv:( 3.35090e3,-1.07886e4)kph; av:( 1.20633e4,-3.88388e4)kph;  os: 1.12970e4kph; or: 6.58624e0Mm; 
Time:    3.00hours, Distance to sun:149601.5Mm, Energy:   -5.82YJ, Momentum( 3.4254e-1, 4.39805e0)Pgm/s
Sun  loc:(-1.49601e5,-3.21695e2)Mm;  rv:( 0.00000e0, 0.00000e0)kph; av:( 8.15174e2,-3.86034e5)kph;  os: 0.00000e0kph; or: 0.00000e0Mm; 
Earthloc:( 0.00000e0, 0.00000e0)Mm;  rv:(-2.26437e2, 1.07232e5)kph; av:( 0.00000e0, 0.00000e0)kph;  os: 1.07232e5kph; or: 1.49601e5Mm; 
Moon loc:( 2.14267e2, 6.16107e0)Mm;  rv:(-5.83767e1, 2.05312e3)kph; av:(-2.10156e2, 7.39124e3)kph;  os: 2.05395e3kph; or: 2.14356e2Mm; 
Ap8CMloc:( 2.83344e0,-5.96181e0)Mm;  rv:( 1.01915e4, 4.83694e3)kph; av:( 3.66893e4, 1.74130e4)kph;  os: 1.12811e4kph; or: 6.60088e0Mm; 
Time:    4.00hours, Distance to sun:149601.5Mm, Energy:  -10.53YJ, Momentum( 7.1081e-1,-8.79609e0)Pgm/s
Sun  loc:(-1.49601e5,-4.28927e2)Mm;  rv:( 0.00000e0, 0.00000e0)kph; av:( 1.08690e3,-3.86033e5)kph;  os: 0.00000e0kph; or: 0.00000e0Mm; 
Earthloc:( 0.00000e0, 0.00000e0)Mm;  rv:(-3.01917e2, 1.07231e5)kph; av:( 0.00000e0, 0.00000e0)kph;  os: 1.07232e5kph; or: 1.49601e5Mm; 
Moon loc:( 2.14199e2, 8.21388e0)Mm;  rv:(-7.78270e1, 2.05246e3)kph; av:(-2.80177e2, 7.38885e3)kph;  os: 2.05393e3kph; or: 2.14357e2Mm; 
Ap8CMloc:( 5.51536e0, 3.62932e0)Mm;  rv:(-6.20347e3, 9.43023e3)kph; av:(-2.23325e4, 3.39488e4)kph;  os: 1.12877e4kph; or: 6.60236e0Mm; 
Time:    5.00hours, Distance to sun:149601.5Mm, Energy:  -16.62YJ, Momentum( 8.7401e-1,-4.83785e1)Pgm/s
Sun  loc:(-1.49601e5,-5.36158e2)Mm;  rv:( 0.00000e0, 0.00000e0)kph; av:( 1.35863e3,-3.86033e5)kph;  os: 0.00000e0kph; or: 0.00000e0Mm; 
Earthloc:( 0.00000e0, 0.00000e0)Mm;  rv:(-3.77397e2, 1.07231e5)kph; av:( 0.00000e0, 0.00000e0)kph;  os: 1.07232e5kph; or: 1.49601e5Mm; 
Moon loc:( 2.14112e2, 1.02659e1)Mm;  rv:(-9.72700e1, 2.05161e3)kph; av:(-3.50172e2, 7.38579e3)kph;  os: 2.05391e3kph; or: 2.14358e2Mm; 
Ap8CMloc:(-4.35892e0, 4.97142e0)Mm;  rv:(-8.49382e3,-7.42373e3)kph; av:(-3.05777e4,-2.67254e4)kph;  os: 1.12808e4kph; or: 6.61175e0Mm; 
Time:    6.00hours, Distance to sun:149601.5Mm, Energy:  -24.10YJ, Momentum( 5.4118e-1,-4.83785e1)Pgm/s
Sun  loc:(-1.49600e5,-6.43389e2)Mm;  rv:( 0.00000e0, 0.00000e0)kph; av:( 1.63036e3,-3.86032e5)kph;  os: 0.00000e0kph; or: 0.00000e0Mm; 
Earthloc:( 0.00000e0, 0.00000e0)Mm;  rv:(-4.52877e2, 1.07231e5)kph; av:( 0.00000e0, 0.00000e0)kph;  os: 1.07232e5kph; or: 1.49601e5Mm; 
Moon loc:( 2.14005e2, 1.23170e1)Mm;  rv:(-1.16704e2, 2.05057e3)kph; av:(-4.20134e2, 7.38204e3)kph;  os: 2.05388e3kph; or: 2.14359e2Mm; 
Ap8CMloc:(-4.37348e0,-4.98559e0)Mm;  rv:( 8.44943e3,-7.43583e3)kph; av:( 3.04180e4,-2.67690e4)kph;  os: 1.12554e4kph; or: 6.63200e0Mm; 
Time:    7.00hours, Distance to sun:149601.5Mm, Energy:  -32.95YJ, Momentum( 7.0224e-1,-3.07863e1)Pgm/s
Sun  loc:(-1.49600e5,-7.50620e2)Mm;  rv:( 0.00000e0, 0.00000e0)kph; av:( 1.90209e3,-3.86031e5)kph;  os: 0.00000e0kph; or: 0.00000e0Mm; 
Earthloc:( 0.00000e0, 0.00000e0)Mm;  rv:(-5.28358e2, 1.07231e5)kph; av:( 0.00000e0, 0.00000e0)kph;  os: 1.07232e5kph; or: 1.49602e5Mm; 
Moon loc:( 2.13878e2, 1.43670e1)Mm;  rv:(-1.36127e2, 2.04934e3)kph; av:(-4.90056e2, 7.37761e3)kph;  os: 2.05385e3kph; or: 2.14360e2Mm; 
Ap8CMloc:( 5.49557e0,-3.72922e0)Mm;  rv:( 6.31741e3, 9.30685e3)kph; av:( 2.27427e4, 3.35047e4)kph;  os: 1.12484e4kph; or: 6.64142e0Mm; 
Time:    8.00hours, Distance to sun:149601.5Mm, Energy:  -43.19YJ, Momentum( 7.8167e-1,-2.63883e1)Pgm/s
Sun  loc:(-1.49599e5,-8.57851e2)Mm;  rv:( 0.00000e0, 0.00000e0)kph; av:( 2.17382e3,-3.86030e5)kph;  os: 0.00000e0kph; or: 0.00000e0Mm; 
Earthloc:( 0.00000e0, 0.00000e0)Mm;  rv:(-6.03839e2, 1.07230e5)kph; av:( 0.00000e0, 0.00000e0)kph;  os: 1.07232e5kph; or: 1.49602e5Mm; 
Moon loc:( 2.13732e2, 1.64156e1)Mm;  rv:(-1.55537e2, 2.04792e3)kph; av:(-5.59933e2, 7.37250e3)kph;  os: 2.05382e3kph; or: 2.14362e2Mm; 
Ap8CMloc:( 3.02491e0, 5.91399e0)Mm;  rv:(-1.00180e4, 5.13037e3)kph; av:(-3.60646e4, 1.84693e4)kph;  os: 1.12552e4kph; or: 6.64269e0Mm; 
Time:    9.00hours, Distance to sun:149601.5Mm, Energy:  -54.81YJ, Momentum( 9.8139e-1,-4.83785e1)Pgm/s
Sun  loc:(-1.49598e5,-9.65081e2)Mm;  rv:( 0.00000e0, 0.00000e0)kph; av:( 2.44556e3,-3.86028e5)kph;  os: 0.00000e0kph; or: 0.00000e0Mm; 
Earthloc:( 0.00000e0, 0.00000e0)Mm;  rv:(-6.79321e2, 1.07230e5)kph; av:( 0.00000e0, 0.00000e0)kph;  os: 1.07232e5kph; or: 1.49602e5Mm; 
Moon loc:( 2.13567e2, 1.84628e1)Mm;  rv:(-1.74932e2, 2.04631e3)kph; av:(-6.29756e2, 7.36671e3)kph;  os: 2.05377e3kph; or: 2.14364e2Mm; 
Ap8CMloc:(-6.24984e0, 2.29156e0)Mm;  rv:(-3.88894e3,-1.05463e4)kph; av:(-1.40002e4,-3.79667e4)kph;  os: 1.12405e4kph; or: 6.65671e0Mm; 
Time:   10.00hours, Distance to sun:149601.5Mm, Energy:  -67.82YJ, Momentum( 7.4734e-1,-2.19902e1)Pgm/s
Sun  loc:(-1.49598e5,-1.07231e3)Mm;  rv:( 0.00000e0, 0.00000e0)kph; av:( 2.71730e3,-3.86027e5)kph;  os: 0.00000e0kph; or: 0.00000e0Mm; 
Earthloc:( 0.00000e0, 0.00000e0)Mm;  rv:(-7.54804e2, 1.07230e5)kph; av:( 0.00000e0, 0.00000e0)kph;  os: 1.07232e5kph; or: 1.49602e5Mm; 
Moon loc:( 2.13383e2, 2.05082e1)Mm;  rv:(-1.94311e2, 2.04451e3)kph; av:(-6.99521e2, 7.36025e3)kph;  os: 2.05373e3kph; or: 2.14366e2Mm; 
Ap8CMloc:(-1.57473e0,-6.48737e0)Mm;  rv:( 1.08976e4,-2.65876e3)kph; av:( 3.92312e4,-9.57153e3)kph;  os: 1.12172e4kph; or: 6.67576e0Mm; 
Time:   11.00hours, Distance to sun:149601.6Mm, Energy:  -82.20YJ, Momentum( 1.08233e0,-8.79609e0)Pgm/s
Sun  loc:(-1.49597e5,-1.17954e3)Mm;  rv:( 0.00000e0, 0.00000e0)kph; av:( 2.98904e3,-3.86025e5)kph;  os: 0.00000e0kph; or: 0.00000e0Mm; 
Earthloc:( 0.00000e0, 0.00000e0)Mm;  rv:(-8.30288e2, 1.07229e5)kph; av:( 0.00000e0, 0.00000e0)kph;  os: 1.07232e5kph; or: 1.49602e5Mm; 
Moon loc:( 2.13179e2, 2.25517e1)Mm;  rv:(-2.13672e2, 2.04253e3)kph; av:(-7.69219e2, 7.35310e3)kph;  os: 2.05367e3kph; or: 2.14368e2Mm; 
Ap8CMloc:( 6.62455e0,-8.6497e-1)Mm;  rv:( 1.45202e3, 1.11232e4)kph; av:( 5.22727e3, 4.00436e4)kph;  os: 1.12176e4kph; or: 6.68078e0Mm; 
Time:   12.00hours, Distance to sun:149601.6Mm, Energy:  -97.97YJ, Momentum( 1.15962e0, 4.83785e1)Pgm/s
Sun  loc:(-1.49596e5,-1.28677e3)Mm;  rv:( 0.00000e0, 0.00000e0)kph; av:( 3.26078e3,-3.86024e5)kph;  os: 0.00000e0kph; or: 0.00000e0Mm; 
Earthloc:( 0.00000e0, 0.00000e0)Mm;  rv:(-9.05773e2, 1.07229e5)kph; av:( 0.00000e0, 0.00000e0)kph;  os: 1.07233e5kph; or: 1.49602e5Mm; 
Moon loc:( 2.12955e2, 2.45932e1)Mm;  rv:(-2.33013e2, 2.04035e3)kph; av:(-8.38845e2, 7.34528e3)kph;  os: 2.05362e3kph; or: 2.14371e2Mm; 
Ap8CMloc:( 1.4182e-1, 6.68243e0)Mm;  rv:(-1.12183e4, 2.48274e2)kph; av:(-4.03859e4, 8.93786e2)kph;  os: 1.12211e4kph; or: 6.68393e0Mm; 
Time:   13.00hours, Distance to sun:149601.6Mm, Energy: -115.12YJ, Momentum( 1.09092e0, 5.27766e1)Pgm/s
Sun  loc:(-1.49595e5,-1.39400e3)Mm;  rv:( 0.00000e0, 0.00000e0)kph; av:( 3.53253e3,-3.86022e5)kph;  os: 0.00000e0kph; or: 0.00000e0Mm; 
Earthloc:( 0.00000e0, 0.00000e0)Mm;  rv:(-9.81259e2, 1.07228e5)kph; av:( 0.00000e0, 0.00000e0)kph;  os: 1.07233e5kph; or: 1.49602e5Mm; 
Moon loc:( 2.12713e2, 2.66324e1)Mm;  rv:(-2.52331e2, 2.03799e3)kph; av:(-9.08393e2, 7.33678e3)kph;  os: 2.05355e3kph; or: 2.14373e2Mm; 
Ap8CMloc:(-6.67795e0,-5.5941e-1)Mm;  rv:( 9.13822e2,-1.11634e4)kph; av:( 3.28976e3,-4.01881e4)kph;  os: 1.12007e4kph; or: 6.70134e0Mm; 
Time:   14.00hours, Distance to sun:149601.6Mm, Energy: -133.65YJ, Momentum( 1.03510e0, 9.67570e1)Pgm/s
Sun  loc:(-1.49594e5,-1.50123e3)Mm;  rv:( 0.00000e0, 0.00000e0)kph; av:( 3.80429e3,-3.86020e5)kph;  os: 0.00000e0kph; or: 0.00000e0Mm; 
Earthloc:( 0.00000e0, 0.00000e0)Mm;  rv:(-1.05675e3, 1.07228e5)kph; av:( 0.00000e0, 0.00000e0)kph;  os: 1.07233e5kph; or: 1.49602e5Mm; 
Moon loc:( 2.12451e2, 2.86691e1)Mm;  rv:(-2.71626e2, 2.03544e3)kph; av:(-9.77855e2, 7.32760e3)kph;  os: 2.05349e3kph; or: 2.14376e2Mm; 
Ap8CMloc:( 1.20406e0,-6.60887e0)Mm;  rv:( 1.10025e4, 1.99594e3)kph; av:( 3.96090e4, 7.18539e3)kph;  os: 1.11821e4kph; or: 6.71765e0Mm; 
Time:   15.00hours, Distance to sun:149601.6Mm, Energy: -153.56YJ, Momentum( 1.13386e0, 9.67570e1)Pgm/s
Sun  loc:(-1.49593e5,-1.60845e3)Mm;  rv:( 0.00000e0, 0.00000e0)kph; av:( 4.07604e3,-3.86017e5)kph;  os: 0.00000e0kph; or: 0.00000e0Mm; 
Earthloc:( 0.00000e0, 0.00000e0)Mm;  rv:(-1.13223e3, 1.07227e5)kph; av:( 0.00000e0, 0.00000e0)kph;  os: 1.07233e5kph; or: 1.49602e5Mm; 
Moon loc:( 2.12169e2, 3.07032e1)Mm;  rv:(-2.90896e2, 2.03271e3)kph; av:(-1.04722e3, 7.31775e3)kph;  os: 2.05342e3kph; or: 2.14379e2Mm; 
Ap8CMloc:( 6.46958e0, 1.81658e0)Mm;  rv:(-3.02441e3, 1.07706e4)kph; av:(-1.08879e4, 3.87742e4)kph;  os: 1.11872e4kph; or: 6.71978e0Mm; 
Time:   16.00hours, Distance to sun:149601.6Mm, Energy: -174.85YJ, Momentum( 1.17251e0, 4.83785e1)Pgm/s
Sun  loc:(-1.49592e5,-1.71568e3)Mm;  rv:( 0.00000e0, 0.00000e0)kph; av:( 4.34781e3,-3.86015e5)kph;  os: 0.00000e0kph; or: 0.00000e0Mm; 
Earthloc:( 0.00000e0, 0.00000e0)Mm;  rv:(-1.20772e3, 1.07226e5)kph; av:( 0.00000e0, 0.00000e0)kph;  os: 1.07233e5kph; or: 1.49602e5Mm; 
Moon loc:( 2.11869e2, 3.27345e1)Mm;  rv:(-3.10138e2, 2.02978e3)kph; av:(-1.11650e3, 7.30722e3)kph;  os: 2.05334e3kph; or: 2.14383e2Mm; 
Ap8CMloc:(-2.41663e0, 6.27662e0)Mm;  rv:(-1.04439e4,-4.00592e3)kph; av:(-3.75979e4,-1.44213e4)kph;  os: 1.11858e4kph; or: 6.72578e0Mm; 
Time:   17.00hours, Distance to sun:149601.7Mm, Energy: -197.52YJ, Momentum( 1.63639e0, 7.03687e1)Pgm/s
Sun  loc:(-1.49591e5,-1.82291e3)Mm;  rv:( 0.00000e0, 0.00000e0)kph; av:( 4.61957e3,-3.86013e5)kph;  os: 0.00000e0kph; or: 0.00000e0Mm; 
Earthloc:( 0.00000e0, 0.00000e0)Mm;  rv:(-1.28322e3, 1.07226e5)kph; av:( 0.00000e0, 0.00000e0)kph;  os: 1.07233e5kph; or: 1.49602e5Mm; 
Moon loc:( 2.11549e2, 3.47627e1)Mm;  rv:(-3.29351e2, 2.02667e3)kph; av:(-1.18566e3, 7.29602e3)kph;  os: 2.05326e3kph; or: 2.14386e2Mm; 
Ap8CMloc:(-6.05588e0,-2.97019e0)Mm;  rv:( 4.89731e3,-1.00307e4)kph; av:( 1.76303e4,-3.61105e4)kph;  os: 1.11624e4kph; or: 6.74505e0Mm; 
Time:   18.00hours, Distance to sun:149601.7Mm, Energy: -221.57YJ, Momentum( 1.09523e0, 1.49534e2)Pgm/s
Sun  loc:(-1.49589e5,-1.93013e3)Mm;  rv:( 0.00000e0, 0.00000e0)kph; av:( 4.89135e3,-3.86010e5)kph;  os: 0.00000e0kph; or: 0.00000e0Mm; 
Earthloc:( 0.00000e0, 0.00000e0)Mm;  rv:(-1.35871e3, 1.07225e5)kph; av:( 0.00000e0, 0.00000e0)kph;  os: 1.07234e5kph; or: 1.49602e5Mm; 
Moon loc:( 2.11210e2, 3.67877e1)Mm;  rv:(-3.48533e2, 2.02338e3)kph; av:(-1.25472e3, 7.28415e3)kph;  os: 2.05317e3kph; or: 2.14390e2Mm; 
Ap8CMloc:( 3.45632e0,-5.80742e0)Mm;  rv:( 9.58314e3, 5.69806e3)kph; av:( 3.44993e4, 2.05130e4)kph;  os: 1.11492e4kph; or: 6.75813e0Mm; 
Time:   19.00hours, Distance to sun:149601.7Mm, Energy: -247.00YJ, Momentum( 4.5096e-1, 1.67126e2)Pgm/s
Sun  loc:(-1.49588e5,-2.03736e3)Mm;  rv:( 0.00000e0, 0.00000e0)kph; av:( 5.16313e3,-3.86007e5)kph;  os: 0.00000e0kph; or: 0.00000e0Mm; 
Earthloc:( 0.00000e0, 0.00000e0)Mm;  rv:(-1.43420e3, 1.07224e5)kph; av:( 0.00000e0, 0.00000e0)kph;  os: 1.07234e5kph; or: 1.49602e5Mm; 
Moon loc:( 2.10852e2, 3.88094e1)Mm;  rv:(-3.67682e2, 2.01989e3)kph; av:(-1.32366e3, 7.27161e3)kph;  os: 2.05308e3kph; or: 2.14394e2Mm; 
Ap8CMloc:( 5.51609e0, 3.90572e0)Mm;  rv:(-6.44588e3, 9.10592e3)kph; av:(-2.32052e4, 3.27813e4)kph;  os: 1.11565e4kph; or: 6.75884e0Mm; 
Time:   20.00hours, Distance to sun:149601.7Mm, Energy: -273.81YJ, Momentum(-2.4053e-1, 2.24300e2)Pgm/s
Sun  loc:(-1.49586e5,-2.14458e3)Mm;  rv:( 0.00000e0, 0.00000e0)kph; av:( 5.43491e3,-3.86004e5)kph;  os: 0.00000e0kph; or: 0.00000e0Mm; 
Earthloc:( 0.00000e0, 0.00000e0)Mm;  rv:(-1.50970e3, 1.07223e5)kph; av:( 0.00000e0, 0.00000e0)kph;  os: 1.07234e5kph; or: 1.49602e5Mm; 
Moon loc:( 2.10475e2, 4.08275e1)Mm;  rv:(-3.86797e2, 2.01622e3)kph; av:(-1.39247e3, 7.25840e3)kph;  os: 2.05299e3kph; or: 2.14398e2Mm; 
Ap8CMloc:(-4.33439e0, 5.19768e0)Mm;  rv:(-8.57430e3,-7.12792e3)kph; av:(-3.08675e4,-2.56605e4)kph;  os: 1.11502e4kph; or: 6.76778e0Mm; 
Time:   21.00hours, Distance to sun:149601.8Mm, Energy: -302.00YJ, Momentum(-2.8346e-1, 1.89116e2)Pgm/s
Sun  loc:(-1.49585e5,-2.25180e3)Mm;  rv:( 0.00000e0, 0.00000e0)kph; av:( 5.70670e3,-3.86001e5)kph;  os: 0.00000e0kph; or: 0.00000e0Mm; 
Earthloc:( 0.00000e0, 0.00000e0)Mm;  rv:(-1.58519e3, 1.07223e5)kph; av:( 0.00000e0, 0.00000e0)kph;  os: 1.07234e5kph; or: 1.49602e5Mm; 
Moon loc:( 2.10078e2, 4.28418e1)Mm;  rv:(-4.05875e2, 2.01237e3)kph; av:(-1.46115e3, 7.24452e3)kph;  os: 2.05289e3kph; or: 2.14402e2Mm; 
Ap8CMloc:(-4.88398e0,-4.71368e0)Mm;  rv:( 7.71337e3,-8.01807e3)kph; av:( 2.77681e4,-2.88651e4)kph;  os: 1.11259e4kph; or: 6.78764e0Mm; 
Time:   22.00hours, Distance to sun:149601.8Mm, Energy: -331.57YJ, Momentum(-1.40015e0, 1.84718e2)Pgm/s
Sun  loc:(-1.49583e5,-2.35903e3)Mm;  rv:( 0.00000e0, 0.00000e0)kph; av:( 5.97850e3,-3.85998e5)kph;  os: 0.00000e0kph; or: 0.00000e0Mm; 
Earthloc:( 0.00000e0, 0.00000e0)Mm;  rv:(-1.66069e3, 1.07222e5)kph; av:( 0.00000e0, 0.00000e0)kph;  os: 1.07235e5kph; or: 1.49602e5Mm; 
Moon loc:( 2.09663e2, 4.48521e1)Mm;  rv:(-4.24915e2, 2.00833e3)kph; av:(-1.52970e3, 7.22997e3)kph;  os: 2.05279e3kph; or: 2.14407e2Mm; 
Ap8CMloc:( 5.03229e0,-4.56993e0)Mm;  rv:( 7.47572e3, 8.22908e3)kph; av:( 2.69126e4, 2.96247e4)kph;  os: 1.11177e4kph; or: 6.79766e0Mm; 
Time:   23.00hours, Distance to sun:149601.8Mm, Energy: -362.51YJ, Momentum(-2.60277e0, 1.40737e2)Pgm/s
Sun  loc:(-1.49582e5,-2.46625e3)Mm;  rv:( 0.00000e0, 0.00000e0)kph; av:( 6.25030e3,-3.85995e5)kph;  os: 0.00000e0kph; or: 0.00000e0Mm; 
Earthloc:( 0.00000e0, 0.00000e0)Mm;  rv:(-1.73620e3, 1.07221e5)kph; av:( 0.00000e0, 0.00000e0)kph;  os: 1.07235e5kph; or: 1.49602e5Mm; 
Moon loc:( 2.09229e2, 4.68584e1)Mm;  rv:(-4.43916e2, 2.00410e3)kph; av:(-1.59810e3, 7.21476e3)kph;  os: 2.05268e3kph; or: 2.14412e2Mm; 
Ap8CMloc:( 4.23205e0, 5.32008e0)Mm;  rv:(-8.70452e3, 6.92859e3)kph; av:(-3.13363e4, 2.49429e4)kph;  os: 1.11254e4kph; or: 6.79805e0Mm; 
Time:   24.00hours, Distance to sun:149601.9Mm, Energy: -394.83YJ, Momentum(-2.36225e0, 1.05553e2)Pgm/s
Sun  loc:(-1.49580e5,-2.57347e3)Mm;  rv:( 0.00000e0, 0.00000e0)kph; av:( 6.52212e3,-3.85991e5)kph;  os: 0.00000e0kph; or: 0.00000e0Mm; 
Earthloc:( 0.00000e0, 0.00000e0)Mm;  rv:(-1.81170e3, 1.07220e5)kph; av:( 0.00000e0, 0.00000e0)kph;  os: 1.07235e5kph; or: 1.49602e5Mm; 
Moon loc:( 2.08775e2, 4.88603e1)Mm;  rv:(-4.62875e2, 1.99969e3)kph; av:(-1.66635e3, 7.19889e3)kph;  os: 2.05256e3kph; or: 2.14416e2Mm; 
Ap8CMloc:(-5.59028e0, 3.88825e0)Mm;  rv:(-6.36216e3,-9.11392e3)kph; av:(-2.29038e4,-3.28101e4)kph;  os: 1.11149e4kph; or: 6.80953e0Mm; 
Final position:
  S:("Sun  ","☉",( 1.9891e30,( 1.16345e1, 6.6796e-2),( 2.6931e-4, 2.3193e-6)))
  E:("Earth","⊕",( 9.7220e23,( 1.4958e11, 2.57347e9),(-5.03249e2, 2.97833e4)))
  M:("Moon ","☾",( 7.3477e22,( 1.4979e11, 2.62233e9),(-6.31826e2, 3.03387e4)))
  8:("Ap8CM","8",( 5.80900e3,( 1.4957e11, 2.57735e9),(-2.27052e3, 2.72516e4)))
13.20user 1.71system 0:14.92elapsed 99%CPU (0avgtext+0avgdata 5058560maxresident)k
0inputs+0outputs (0major+316550minor)pagefaults 0swaps
